[0.031s] Invoking command in '/home/tayya/cpp_pkg/build/cpp_package': CMAKE_PREFIX_PATH=${CMAKE_PREFIX_PATH}:/opt/ros/humble /usr/bin/cmake --build /home/tayya/cpp_pkg/build/cpp_package -- -j8 -l8
[0.081s] -- Found ament_cmake: 1.3.11 (/opt/ros/humble/share/ament_cmake/cmake)
[0.361s] -- Found rclcpp: 16.0.11 (/opt/ros/humble/share/rclcpp/cmake)
[0.443s] -- Found rosidl_generator_c: 3.1.6 (/opt/ros/humble/share/rosidl_generator_c/cmake)
[0.453s] -- Found rosidl_adapter: 3.1.6 (/opt/ros/humble/share/rosidl_adapter/cmake)
[0.470s] -- Found rosidl_generator_cpp: 3.1.6 (/opt/ros/humble/share/rosidl_generator_cpp/cmake)
[0.494s] -- Using all available rosidl_typesupport_c: rosidl_typesupport_fastrtps_c;rosidl_typesupport_introspection_c
[0.528s] -- Using all available rosidl_typesupport_cpp: rosidl_typesupport_fastrtps_cpp;rosidl_typesupport_introspection_cpp
[0.617s] -- Found rmw_implementation_cmake: 6.1.2 (/opt/ros/humble/share/rmw_implementation_cmake/cmake)
[0.622s] -- Found rmw_fastrtps_cpp: 6.2.7 (/opt/ros/humble/share/rmw_fastrtps_cpp/cmake)
[0.786s] -- Found OpenSSL: /usr/lib/x86_64-linux-gnu/libcrypto.so (found version "3.0.2")  
[0.843s] -- Found FastRTPS: /opt/ros/humble/include  
[0.926s] -- Using RMW implementation 'rmw_fastrtps_cpp' as default
[0.943s] -- Looking for pthread.h
[1.079s] -- Looking for pthread.h - found
[1.079s] -- Performing Test CMAKE_HAVE_LIBC_PTHREAD
[1.231s] -- Performing Test CMAKE_HAVE_LIBC_PTHREAD - Success
[1.234s] -- Found Threads: TRUE  
[1.481s] -- Configuring done
[1.497s] -- Generating done
[1.505s] -- Build files have been written to: /home/tayya/cpp_pkg/build/cpp_package
[1.552s] [35m[1mConsolidate compiler generated dependencies of target cpp_try[0m
[1.572s] [ 50%] [32mBuilding CXX object CMakeFiles/cpp_try.dir/src/cpp_try.cpp.o[0m
[1.636s] [100%] [32m[1mLinking CXX executable cpp_try[0m
[1.768s] [100%] Built target cpp_try
[1.788s] Invoked command in '/home/tayya/cpp_pkg/build/cpp_package' returned '0': CMAKE_PREFIX_PATH=${CMAKE_PREFIX_PATH}:/opt/ros/humble /usr/bin/cmake --build /home/tayya/cpp_pkg/build/cpp_package -- -j8 -l8
[1.808s] Invoking command in '/home/tayya/cpp_pkg/build/cpp_package': CMAKE_PREFIX_PATH=${CMAKE_PREFIX_PATH}:/opt/ros/humble /usr/bin/cmake --install /home/tayya/cpp_pkg/build/cpp_package
[1.822s] -- Install configuration: ""
[1.822s] -- Installing: /home/tayya/cpp_pkg/install/cpp_package/lib/cpp_package/cpp_try
[1.823s] -- Set runtime path of "/home/tayya/cpp_pkg/install/cpp_package/lib/cpp_package/cpp_try" to ""
[1.823s] -- Up-to-date: /home/tayya/cpp_pkg/install/cpp_package/share/ament_index/resource_index/package_run_dependencies/cpp_package
[1.823s] -- Up-to-date: /home/tayya/cpp_pkg/install/cpp_package/share/ament_index/resource_index/parent_prefix_path/cpp_package
[1.824s] -- Up-to-date: /home/tayya/cpp_pkg/install/cpp_package/share/cpp_package/environment/ament_prefix_path.sh
[1.824s] -- Installing: /home/tayya/cpp_pkg/install/cpp_package/share/cpp_package/environment/ament_prefix_path.dsv
[1.824s] -- Up-to-date: /home/tayya/cpp_pkg/install/cpp_package/share/cpp_package/environment/path.sh
[1.824s] -- Installing: /home/tayya/cpp_pkg/install/cpp_package/share/cpp_package/environment/path.dsv
[1.824s] -- Up-to-date: /home/tayya/cpp_pkg/install/cpp_package/share/cpp_package/local_setup.bash
[1.825s] -- Up-to-date: /home/tayya/cpp_pkg/install/cpp_package/share/cpp_package/local_setup.sh
[1.825s] -- Up-to-date: /home/tayya/cpp_pkg/install/cpp_package/share/cpp_package/local_setup.zsh
[1.825s] -- Installing: /home/tayya/cpp_pkg/install/cpp_package/share/cpp_package/local_setup.dsv
[1.825s] -- Installing: /home/tayya/cpp_pkg/install/cpp_package/share/cpp_package/package.dsv
[1.825s] -- Up-to-date: /home/tayya/cpp_pkg/install/cpp_package/share/ament_index/resource_index/packages/cpp_package
[1.825s] -- Up-to-date: /home/tayya/cpp_pkg/install/cpp_package/share/cpp_package/cmake/cpp_packageConfig.cmake
[1.826s] -- Up-to-date: /home/tayya/cpp_pkg/install/cpp_package/share/cpp_package/cmake/cpp_packageConfig-version.cmake
[1.826s] -- Up-to-date: /home/tayya/cpp_pkg/install/cpp_package/share/cpp_package/package.xml
[1.829s] Invoked command in '/home/tayya/cpp_pkg/build/cpp_package' returned '0': CMAKE_PREFIX_PATH=${CMAKE_PREFIX_PATH}:/opt/ros/humble /usr/bin/cmake --install /home/tayya/cpp_pkg/build/cpp_package
