[31mCMake Error at CMakeLists.txt:34 (add_executable):
  add_executable cannot create target "service_class" because another target
  with the same name already exists.  The existing target is an executable
  created in source directory "/home/tayya/cpp_pkg/src/cpp_package".  See
  documentation for policy CMP0002 for more details.

[0m
[0mCMake Deprecation Warning at /opt/ros/humble/share/rosidl_cmake/cmake/rosidl_target_interfaces.cmake:32 (message):
  Use rosidl_get_typesupport_target() and target_link_libraries() instead of
  rosidl_target_interfaces()
Call Stack (most recent call first):
  CMakeLists.txt:38 (rosidl_target_interfaces)

[0m
[31mCMake Error at CMakeLists.txt:34 (add_executable):
  add_executable cannot create target "client_class" because another target
  with the same name already exists.  The existing target is an executable
  created in source directory "/home/tayya/cpp_pkg/src/cpp_package".  See
  documentation for policy CMP0002 for more details.

[0m
[0mCMake Deprecation Warning at /opt/ros/humble/share/rosidl_cmake/cmake/rosidl_target_interfaces.cmake:32 (message):
  Use rosidl_get_typesupport_target() and target_link_libraries() instead of
  rosidl_target_interfaces()
Call Stack (most recent call first):
  CMakeLists.txt:38 (rosidl_target_interfaces)

[0m
gmake: *** [Makefile:1075: cmake_check_build_system] Error 1
