[0.033s] Invoking command in '/home/tayya/cpp_pkg/build/cpp_package': CMAKE_PREFIX_PATH=${CMAKE_PREFIX_PATH}:/opt/ros/humble /usr/bin/cmake --build /home/tayya/cpp_pkg/build/cpp_package -- -j8 -l8
[0.089s] -- Found ament_cmake: 1.3.11 (/opt/ros/humble/share/ament_cmake/cmake)
[0.366s] -- Found rclcpp: 16.0.11 (/opt/ros/humble/share/rclcpp/cmake)
[0.424s] -- Found rosidl_generator_c: 3.1.6 (/opt/ros/humble/share/rosidl_generator_c/cmake)
[0.430s] -- Found rosidl_adapter: 3.1.6 (/opt/ros/humble/share/rosidl_adapter/cmake)
[0.443s] -- Found rosidl_generator_cpp: 3.1.6 (/opt/ros/humble/share/rosidl_generator_cpp/cmake)
[0.464s] -- Using all available rosidl_typesupport_c: rosidl_typesupport_fastrtps_c;rosidl_typesupport_introspection_c
[0.489s] -- Using all available rosidl_typesupport_cpp: rosidl_typesupport_fastrtps_cpp;rosidl_typesupport_introspection_cpp
[0.558s] -- Found rmw_implementation_cmake: 6.1.2 (/opt/ros/humble/share/rmw_implementation_cmake/cmake)
[0.562s] -- Found rmw_fastrtps_cpp: 6.2.7 (/opt/ros/humble/share/rmw_fastrtps_cpp/cmake)
[0.767s] -- Using RMW implementation 'rmw_fastrtps_cpp' as default
[0.873s] -- Found example_interfaces: 0.9.3 (/opt/ros/humble/share/example_interfaces/cmake)
[0.952s] -- Found rosidl_default_generators: 1.2.0 (/opt/ros/humble/share/rosidl_default_generators/cmake)
[1.536s] -- Found ament_cmake_ros: 0.10.0 (/opt/ros/humble/share/ament_cmake_ros/cmake)
[2.401s] -- Using all available rosidl_typesupport_c: rosidl_typesupport_fastrtps_c;rosidl_typesupport_introspection_c
[2.717s] -- Using all available rosidl_typesupport_cpp: rosidl_typesupport_fastrtps_cpp;rosidl_typesupport_introspection_cpp
[2.771s] -- Found python_cmake_module: 0.10.0 (/opt/ros/humble/share/python_cmake_module/cmake)
[2.820s] -- Using PYTHON_EXECUTABLE: /usr/bin/python3
[2.820s] -- Using PYTHON_INCLUDE_DIRS: /usr/include/python3.10
[2.821s] -- Using PYTHON_LIBRARIES: /usr/lib/x86_64-linux-gnu/libpython3.10.so
[2.924s] [31mCMake Error at CMakeLists.txt:34 (add_executable):
[2.924s]   add_executable cannot create target "service_class" because another target
[2.924s]   with the same name already exists.  The existing target is an executable
[2.924s]   created in source directory "/home/tayya/cpp_pkg/src/cpp_package".  See
[2.925s]   documentation for policy CMP0002 for more details.
[2.925s] 
[2.925s] [0m
[2.933s] [0mCMake Deprecation Warning at /opt/ros/humble/share/rosidl_cmake/cmake/rosidl_target_interfaces.cmake:32 (message):
[2.933s]   Use rosidl_get_typesupport_target() and target_link_libraries() instead of
[2.933s]   rosidl_target_interfaces()
[2.933s] Call Stack (most recent call first):
[2.933s]   CMakeLists.txt:38 (rosidl_target_interfaces)
[2.933s] 
[2.934s] [0m
[2.934s] [31mCMake Error at CMakeLists.txt:34 (add_executable):
[2.934s]   add_executable cannot create target "client_class" because another target
[2.934s]   with the same name already exists.  The existing target is an executable
[2.934s]   created in source directory "/home/tayya/cpp_pkg/src/cpp_package".  See
[2.934s]   documentation for policy CMP0002 for more details.
[2.934s] 
[2.934s] [0m
[2.942s] [0mCMake Deprecation Warning at /opt/ros/humble/share/rosidl_cmake/cmake/rosidl_target_interfaces.cmake:32 (message):
[2.942s]   Use rosidl_get_typesupport_target() and target_link_libraries() instead of
[2.943s]   rosidl_target_interfaces()
[2.943s] Call Stack (most recent call first):
[2.943s]   CMakeLists.txt:38 (rosidl_target_interfaces)
[2.943s] 
[2.943s] [0m
[2.959s] -- Configuring incomplete, errors occurred!
[2.959s] See also "/home/tayya/cpp_pkg/build/cpp_package/CMakeFiles/CMakeOutput.log".
[2.981s] gmake: *** [Makefile:1075: cmake_check_build_system] Error 1
[2.985s] Invoked command in '/home/tayya/cpp_pkg/build/cpp_package' returned '2': CMAKE_PREFIX_PATH=${CMAKE_PREFIX_PATH}:/opt/ros/humble /usr/bin/cmake --build /home/tayya/cpp_pkg/build/cpp_package -- -j8 -l8
