[0.021s] Invoking command in '/home/tayya/cpp_pkg/build/cpp_package': CMAKE_PREFIX_PATH=${CMAKE_PREFIX_PATH}:/opt/ros/humble /usr/bin/cmake --build /home/tayya/cpp_pkg/build/cpp_package -- -j8 -l8
[0.079s] -- Found ament_cmake: 1.3.11 (/opt/ros/humble/share/ament_cmake/cmake)
[0.347s] -- Found rclcpp: 16.0.11 (/opt/ros/humble/share/rclcpp/cmake)
[0.405s] -- Found rosidl_generator_c: 3.1.6 (/opt/ros/humble/share/rosidl_generator_c/cmake)
[0.410s] -- Found rosidl_adapter: 3.1.6 (/opt/ros/humble/share/rosidl_adapter/cmake)
[0.422s] -- Found rosidl_generator_cpp: 3.1.6 (/opt/ros/humble/share/rosidl_generator_cpp/cmake)
[0.442s] -- Using all available rosidl_typesupport_c: rosidl_typesupport_fastrtps_c;rosidl_typesupport_introspection_c
[0.468s] -- Using all available rosidl_typesupport_cpp: rosidl_typesupport_fastrtps_cpp;rosidl_typesupport_introspection_cpp
[0.536s] -- Found rmw_implementation_cmake: 6.1.2 (/opt/ros/humble/share/rmw_implementation_cmake/cmake)
[0.539s] -- Found rmw_fastrtps_cpp: 6.2.7 (/opt/ros/humble/share/rmw_fastrtps_cpp/cmake)
[0.740s] -- Using RMW implementation 'rmw_fastrtps_cpp' as default
[0.845s] -- Found example_interfaces: 0.9.3 (/opt/ros/humble/share/example_interfaces/cmake)
[0.924s] -- Found rosidl_default_generators: 1.2.0 (/opt/ros/humble/share/rosidl_default_generators/cmake)
[1.492s] -- Found ament_cmake_ros: 0.10.0 (/opt/ros/humble/share/ament_cmake_ros/cmake)
[2.245s] -- Using all available rosidl_typesupport_c: rosidl_typesupport_fastrtps_c;rosidl_typesupport_introspection_c
[2.548s] -- Using all available rosidl_typesupport_cpp: rosidl_typesupport_fastrtps_cpp;rosidl_typesupport_introspection_cpp
[2.609s] -- Found python_cmake_module: 0.10.0 (/opt/ros/humble/share/python_cmake_module/cmake)
[2.664s] -- Using PYTHON_EXECUTABLE: /usr/bin/python3
[2.664s] -- Using PYTHON_INCLUDE_DIRS: /usr/include/python3.10
[2.664s] -- Using PYTHON_LIBRARIES: /usr/lib/x86_64-linux-gnu/libpython3.10.so
[2.760s] [0mCMake Deprecation Warning at /opt/ros/humble/share/rosidl_cmake/cmake/rosidl_target_interfaces.cmake:32 (message):
[2.760s]   Use rosidl_get_typesupport_target() and target_link_libraries() instead of
[2.761s]   rosidl_target_interfaces()
[2.761s] Call Stack (most recent call first):
[2.761s]   CMakeLists.txt:38 (rosidl_target_interfaces)
[2.761s] 
[2.761s] [0m
[2.769s] [0mCMake Deprecation Warning at /opt/ros/humble/share/rosidl_cmake/cmake/rosidl_target_interfaces.cmake:32 (message):
[2.769s]   Use rosidl_get_typesupport_target() and target_link_libraries() instead of
[2.769s]   rosidl_target_interfaces()
[2.769s] Call Stack (most recent call first):
[2.769s]   CMakeLists.txt:38 (rosidl_target_interfaces)
[2.769s] 
[2.769s] [0m
[2.784s] -- Configuring done
[2.920s] -- Generating done
[2.980s] -- Build files have been written to: /home/tayya/cpp_pkg/build/cpp_package
[3.044s] [35m[1mConsolidate compiler generated dependencies of target cpp_package__rosidl_generator_c[0m
[3.045s] [35m[1mConsolidate compiler generated dependencies of target cpp_try[0m
[3.047s] [35m[1mConsolidate compiler generated dependencies of target subscriber[0m
[3.047s] [35m[1mConsolidate compiler generated dependencies of target publisher[0m
[3.048s] [35m[1mConsolidate compiler generated dependencies of target service[0m
[3.056s] [35m[1mConsolidate compiler generated dependencies of target cpp_try2[0m
[3.078s] [  2%] Built target cpp_package__cpp
[3.084s] [  4%] [32mBuilding C object CMakeFiles/cpp_package__rosidl_generator_c.dir/rosidl_generator_c/cpp_package/srv/detail/capital_full_name__functions.c.o[0m
[3.103s] [ 12%] Built target subscriber
[3.103s] [ 12%] Built target service
[3.103s] [ 17%] Built target publisher
[3.113s] [35m[1mConsolidate compiler generated dependencies of target client[0m
[3.122s] [ 21%] Built target cpp_try
[3.122s] [ 25%] Built target cpp_try2
[3.123s] [ 25%] Built target ament_cmake_python_copy_cpp_package
[3.131s] [35m[1mConsolidate compiler generated dependencies of target cpp_package__rosidl_typesupport_cpp[0m
[3.140s] [35m[1mConsolidate compiler generated dependencies of target cpp_package__rosidl_typesupport_introspection_cpp[0m
[3.140s] [35m[1mConsolidate compiler generated dependencies of target cpp_package__rosidl_typesupport_fastrtps_cpp[0m
[3.169s] [ 29%] Built target client
[3.169s] [ 31%] [32mBuilding CXX object CMakeFiles/cpp_package__rosidl_typesupport_cpp.dir/rosidl_typesupport_cpp/cpp_package/srv/capital_full_name__type_support.cpp.o[0m
[3.177s] [ 34%] [32mBuilding CXX object CMakeFiles/cpp_package__rosidl_typesupport_fastrtps_cpp.dir/rosidl_typesupport_fastrtps_cpp/cpp_package/srv/detail/dds_fastrtps/capital_full_name__type_support.cpp.o[0m
[3.179s] [ 36%] [32mBuilding CXX object CMakeFiles/cpp_package__rosidl_typesupport_introspection_cpp.dir/rosidl_typesupport_introspection_cpp/cpp_package/srv/detail/capital_full_name__type_support.cpp.o[0m
[3.292s] [ 38%] [32m[1mLinking C shared library libcpp_package__rosidl_generator_c.so[0m
[3.405s] [ 40%] Built target cpp_package__rosidl_generator_c
[3.436s] [35m[1mConsolidate compiler generated dependencies of target cpp_package__rosidl_typesupport_introspection_c[0m
[3.437s] [35m[1mConsolidate compiler generated dependencies of target cpp_package__rosidl_typesupport_c[0m
[3.441s] [35m[1mConsolidate compiler generated dependencies of target cpp_package__rosidl_typesupport_fastrtps_c[0m
[3.478s] [ 44%] [32mBuilding C object CMakeFiles/cpp_package__rosidl_typesupport_introspection_c.dir/rosidl_typesupport_introspection_c/cpp_package/srv/detail/capital_full_name__type_support.c.o[0m
[3.478s] [ 44%] [32mBuilding CXX object CMakeFiles/cpp_package__rosidl_typesupport_c.dir/rosidl_typesupport_c/cpp_package/srv/capital_full_name__type_support.cpp.o[0m
[3.493s] [ 46%] [32mBuilding CXX object CMakeFiles/cpp_package__rosidl_typesupport_fastrtps_c.dir/rosidl_typesupport_fastrtps_c/cpp_package/srv/detail/capital_full_name__type_support_c.cpp.o[0m
[3.582s] [ 48%] [32m[1mLinking CXX shared library libcpp_package__rosidl_typesupport_c.so[0m
[3.658s] [ 51%] [32m[1mLinking C shared library libcpp_package__rosidl_typesupport_introspection_c.so[0m
[3.735s] [ 53%] Built target cpp_package__rosidl_typesupport_c
[3.761s] [ 55%] Built target cpp_package__rosidl_typesupport_introspection_c
[4.049s] [ 57%] [32m[1mLinking CXX shared library libcpp_package__rosidl_typesupport_cpp.so[0m
[4.097s] running egg_info
[4.099s] writing cpp_package.egg-info/PKG-INFO
[4.100s] writing dependency_links to cpp_package.egg-info/dependency_links.txt
[4.100s] writing top-level names to cpp_package.egg-info/top_level.txt
[4.109s] reading manifest file 'cpp_package.egg-info/SOURCES.txt'
[4.111s] writing manifest file 'cpp_package.egg-info/SOURCES.txt'
[4.140s] [ 59%] Built target cpp_package__rosidl_typesupport_cpp
[4.185s] [ 59%] Built target ament_cmake_python_build_cpp_package_egg
[4.437s] [ 61%] [32m[1mLinking CXX shared library libcpp_package__rosidl_typesupport_fastrtps_c.so[0m
[4.472s] [ 63%] [32m[1mLinking CXX shared library libcpp_package__rosidl_typesupport_introspection_cpp.so[0m
[4.522s] [ 65%] [32m[1mLinking CXX shared library libcpp_package__rosidl_typesupport_fastrtps_cpp.so[0m
[4.614s] [ 68%] Built target cpp_package__rosidl_typesupport_fastrtps_c
[4.624s] [ 70%] Built target cpp_package__rosidl_typesupport_introspection_cpp
[4.693s] [ 72%] Built target cpp_package__rosidl_typesupport_fastrtps_cpp
[4.729s] [ 72%] Built target cpp_package
[4.749s] [35m[1mConsolidate compiler generated dependencies of target service_class[0m
[4.749s] [35m[1mConsolidate compiler generated dependencies of target client_class[0m
[4.769s] [ 76%] Built target cpp_package__py
[4.769s] [ 76%] [32mBuilding CXX object CMakeFiles/client_class.dir/src/client_class.cpp.o[0m
[4.769s] [ 78%] [32mBuilding CXX object CMakeFiles/service_class.dir/src/service_class.cpp.o[0m
[4.789s] [35m[1mConsolidate compiler generated dependencies of target cpp_package__rosidl_generator_py[0m
[4.806s] [ 80%] [32m[1mLinking CXX executable client_class[0m
[4.812s] [ 82%] [32mBuilding C object CMakeFiles/cpp_package__rosidl_generator_py.dir/rosidl_generator_py/cpp_package/srv/_capital_full_name_s.c.o[0m
[4.968s] /usr/bin/ld: /usr/lib/gcc/x86_64-linux-gnu/11/../../../x86_64-linux-gnu/Scrt1.o: in function `_start':
[4.968s] (.text+0x1b): undefined reference to `main'
[4.972s] collect2: error: ld returned 1 exit status
[4.975s] gmake[2]: *** [CMakeFiles/client_class.dir/build.make:191: client_class] Error 1
[4.976s] gmake[1]: *** [CMakeFiles/Makefile2:792: CMakeFiles/client_class.dir/all] Error 2
[4.976s] gmake[1]: *** Waiting for unfinished jobs....
[5.041s] [ 85%] [32m[1mLinking C shared library rosidl_generator_py/cpp_package/libcpp_package__rosidl_generator_py.so[0m
[5.121s] [ 85%] Built target cpp_package__rosidl_generator_py
[5.226s] [01m[K/home/tayya/cpp_pkg/src/cpp_package/src/service_class.cpp:2:10:[m[K [01;31m[Kfatal error: [m[Kcpp_package/srv/CapitalFullName.srv: No such file or directory
[5.227s]     2 | #include [01;31m[K"cpp_package/srv/CapitalFullName.srv"[m[K
[5.227s]       |          [01;31m[K^~~~~~~~~~~~~~~~~~~~~~~~~~~~~~~~~~~~~[m[K
[5.227s] compilation terminated.
[5.231s] gmake[2]: *** [CMakeFiles/service_class.dir/build.make:76: CMakeFiles/service_class.dir/src/service_class.cpp.o] Error 1
[5.231s] gmake[1]: *** [CMakeFiles/Makefile2:764: CMakeFiles/service_class.dir/all] Error 2
[5.231s] gmake: *** [Makefile:146: all] Error 2
[5.236s] Invoked command in '/home/tayya/cpp_pkg/build/cpp_package' returned '2': CMAKE_PREFIX_PATH=${CMAKE_PREFIX_PATH}:/opt/ros/humble /usr/bin/cmake --build /home/tayya/cpp_pkg/build/cpp_package -- -j8 -l8
