[0.038s] Invoking command in '/home/tayya/cpp_pkg/build/cpp_package': CMAKE_PREFIX_PATH=${CMAKE_PREFIX_PATH}:/opt/ros/humble /usr/bin/cmake --build /home/tayya/cpp_pkg/build/cpp_package -- -j8 -l8
[0.201s] [35m[1mConsolidate compiler generated dependencies of target subscriber[0m
[0.212s] [  2%] Built target cpp_package__cpp
[0.239s] [  6%] Built target cpp_try
[0.250s] [  8%] [32mBuilding CXX object CMakeFiles/cpp_try2.dir/src/cpp_try2.cpp.o[0m
[0.260s] [ 14%] Built target cpp_package__rosidl_generator_c
[0.297s] [ 19%] Built target publisher
[0.303s] [ 19%] Built target ament_cmake_python_copy_cpp_package
[0.318s] [ 23%] Built target service
[0.336s] [ 27%] Built target client
[0.355s] [ 31%] Built target subscriber
[0.408s] [ 38%] Built target cpp_package__rosidl_typesupport_fastrtps_cpp
[0.408s] [ 44%] Built target cpp_package__rosidl_typesupport_introspection_c
[0.410s] [ 51%] Built target cpp_package__rosidl_typesupport_cpp
[0.411s] [ 57%] Built target cpp_package__rosidl_typesupport_c
[0.453s] [ 63%] Built target cpp_package__rosidl_typesupport_introspection_cpp
[0.455s] [ 70%] Built target cpp_package__rosidl_typesupport_fastrtps_c
[0.518s] [ 74%] Built target service_class
[0.527s] [ 74%] Built target cpp_package
[0.535s] [ 78%] Built target client_class
[0.596s] [ 80%] Built target cpp_package__py
[0.660s] [ 85%] Built target cpp_package__rosidl_generator_py
[0.744s] [ 89%] Built target cpp_package__rosidl_typesupport_introspection_c__pyext
[0.775s] [ 93%] Built target cpp_package__rosidl_typesupport_c__pyext
[0.782s] [ 97%] Built target cpp_package__rosidl_typesupport_fastrtps_c__pyext
[1.201s] running egg_info
[1.204s] writing cpp_package.egg-info/PKG-INFO
[1.204s] writing dependency_links to cpp_package.egg-info/dependency_links.txt
[1.205s] writing top-level names to cpp_package.egg-info/top_level.txt
[1.212s] reading manifest file 'cpp_package.egg-info/SOURCES.txt'
[1.215s] writing manifest file 'cpp_package.egg-info/SOURCES.txt'
[1.293s] [ 97%] Built target ament_cmake_python_build_cpp_package_egg
[6.349s] [01m[K/home/tayya/cpp_pkg/src/cpp_package/src/cpp_try2.cpp:[m[K In constructor ‘[01m[KMinimalSubscriber::MinimalSubscriber()[m[K’:
[6.349s] [01m[K/home/tayya/cpp_pkg/src/cpp_package/src/cpp_try2.cpp:10:42:[m[K [01;31m[Kerror: [m[Kconversion from ‘[01m[Kconst char [6][m[K’ to non-scalar type ‘[01m[Kstd_msgs::msg::String[m[K’ {aka ‘[01m[Kstd_msgs::msg::String_<std::allocator<void> >[m[K’} requested
[6.350s]    10 |             std_msgs::msg::String comm = [01;31m[K"START"[m[K;
[6.350s]       |                                          [01;31m[K^~~~~~~[m[K
[6.350s] In file included from [01m[K/opt/ros/humble/include/rclcpp/rclcpp/logging.hpp:24[m[K,
[6.351s]                  from [01m[K/opt/ros/humble/include/rclcpp/rclcpp/client.hpp:40[m[K,
[6.351s]                  from [01m[K/opt/ros/humble/include/rclcpp/rclcpp/callback_group.hpp:24[m[K,
[6.351s]                  from [01m[K/opt/ros/humble/include/rclcpp/rclcpp/any_executable.hpp:20[m[K,
[6.351s]                  from [01m[K/opt/ros/humble/include/rclcpp/rclcpp/memory_strategy.hpp:25[m[K,
[6.352s]                  from [01m[K/opt/ros/humble/include/rclcpp/rclcpp/memory_strategies.hpp:18[m[K,
[6.352s]                  from [01m[K/opt/ros/humble/include/rclcpp/rclcpp/executor_options.hpp:20[m[K,
[6.352s]                  from [01m[K/opt/ros/humble/include/rclcpp/rclcpp/executor.hpp:37[m[K,
[6.352s]                  from [01m[K/opt/ros/humble/include/rclcpp/rclcpp/executors/multi_threaded_executor.hpp:25[m[K,
[6.353s]                  from [01m[K/opt/ros/humble/include/rclcpp/rclcpp/executors.hpp:21[m[K,
[6.353s]                  from [01m[K/opt/ros/humble/include/rclcpp/rclcpp/rclcpp.hpp:155[m[K,
[6.353s]                  from [01m[K/home/tayya/cpp_pkg/src/cpp_package/src/cpp_try2.cpp:2[m[K:
[6.353s] [01m[K/home/tayya/cpp_pkg/src/cpp_package/src/cpp_try2.cpp:11:56:[m[K [01;31m[Kerror: [m[K‘[01m[Kusing String = struct std_msgs::msg::String_<std::allocator<void> >[m[K’ {aka ‘[01m[Kstruct std_msgs::msg::String_<std::allocator<void> >[m[K’} has no member named ‘[01m[Kc_str[m[K’
[6.354s]    11 |             RCLCPP_INFO(this->get_logger(), "%s" ,comm.[01;31m[Kc_str[m[K());
[6.354s]       |                                                        [01;31m[K^~~~~[m[K
[12.077s] gmake[2]: *** [CMakeFiles/cpp_try2.dir/build.make:76: CMakeFiles/cpp_try2.dir/src/cpp_try2.cpp.o] Error 1
[12.077s] gmake[1]: *** [CMakeFiles/Makefile2:632: CMakeFiles/cpp_try2.dir/all] Error 2
[12.077s] gmake: *** [Makefile:146: all] Error 2
[12.082s] Invoked command in '/home/tayya/cpp_pkg/build/cpp_package' returned '2': CMAKE_PREFIX_PATH=${CMAKE_PREFIX_PATH}:/opt/ros/humble /usr/bin/cmake --build /home/tayya/cpp_pkg/build/cpp_package -- -j8 -l8
