-- Found ament_cmake: 1.3.11 (/opt/ros/humble/share/ament_cmake/cmake)
-- Found rclcpp: 16.0.11 (/opt/ros/humble/share/rclcpp/cmake)
-- Found rosidl_generator_c: 3.1.6 (/opt/ros/humble/share/rosidl_generator_c/cmake)
-- Found rosidl_adapter: 3.1.6 (/opt/ros/humble/share/rosidl_adapter/cmake)
-- Found rosidl_generator_cpp: 3.1.6 (/opt/ros/humble/share/rosidl_generator_cpp/cmake)
-- Using all available rosidl_typesupport_c: rosidl_typesupport_fastrtps_c;rosidl_typesupport_introspection_c
-- Using all available rosidl_typesupport_cpp: rosidl_typesupport_fastrtps_cpp;rosidl_typesupport_introspection_cpp
-- Found rmw_implementation_cmake: 6.1.2 (/opt/ros/humble/share/rmw_implementation_cmake/cmake)
-- Found rmw_fastrtps_cpp: 6.2.7 (/opt/ros/humble/share/rmw_fastrtps_cpp/cmake)
-- Using RMW implementation 'rmw_fastrtps_cpp' as default
-- Found example_interfaces: 0.9.3 (/opt/ros/humble/share/example_interfaces/cmake)
-- Configuring done
-- Generating done
-- Build files have been written to: /home/tayya/cpp_pkg/build/cpp_package
[35m[1mConsolidate compiler generated dependencies of target cpp_try[0m
[35m[1mConsolidate compiler generated dependencies of target publisher[0m
[35m[1mConsolidate compiler generated dependencies of target cpp_try2[0m
[35m[1mConsolidate compiler generated dependencies of target subscriber[0m
[ 25%] Built target publisher
[ 50%] Built target cpp_try2
[ 75%] Built target cpp_try
[100%] Built target subscriber
-- Install configuration: ""
-- Installing: /home/tayya/cpp_pkg/install/cpp_package/lib/cpp_package/cpp_try
-- Set runtime path of "/home/tayya/cpp_pkg/install/cpp_package/lib/cpp_package/cpp_try" to ""
-- Installing: /home/tayya/cpp_pkg/install/cpp_package/lib/cpp_package/cpp_try2
-- Set runtime path of "/home/tayya/cpp_pkg/install/cpp_package/lib/cpp_package/cpp_try2" to ""
-- Installing: /home/tayya/cpp_pkg/install/cpp_package/lib/cpp_package/publisher
-- Set runtime path of "/home/tayya/cpp_pkg/install/cpp_package/lib/cpp_package/publisher" to ""
-- Installing: /home/tayya/cpp_pkg/install/cpp_package/lib/cpp_package/subscriber
-- Set runtime path of "/home/tayya/cpp_pkg/install/cpp_package/lib/cpp_package/subscriber" to ""
-- Installing: /home/tayya/cpp_pkg/install/cpp_package/share/ament_index/resource_index/package_run_dependencies/cpp_package
-- Installing: /home/tayya/cpp_pkg/install/cpp_package/share/ament_index/resource_index/parent_prefix_path/cpp_package
-- Up-to-date: /home/tayya/cpp_pkg/install/cpp_package/share/cpp_package/environment/ament_prefix_path.sh
-- Installing: /home/tayya/cpp_pkg/install/cpp_package/share/cpp_package/environment/ament_prefix_path.dsv
-- Up-to-date: /home/tayya/cpp_pkg/install/cpp_package/share/cpp_package/environment/path.sh
-- Installing: /home/tayya/cpp_pkg/install/cpp_package/share/cpp_package/environment/path.dsv
-- Up-to-date: /home/tayya/cpp_pkg/install/cpp_package/share/cpp_package/local_setup.bash
-- Installing: /home/tayya/cpp_pkg/install/cpp_package/share/cpp_package/local_setup.sh
-- Up-to-date: /home/tayya/cpp_pkg/install/cpp_package/share/cpp_package/local_setup.zsh
-- Installing: /home/tayya/cpp_pkg/install/cpp_package/share/cpp_package/local_setup.dsv
-- Installing: /home/tayya/cpp_pkg/install/cpp_package/share/cpp_package/package.dsv
-- Up-to-date: /home/tayya/cpp_pkg/install/cpp_package/share/ament_index/resource_index/packages/cpp_package
-- Installing: /home/tayya/cpp_pkg/install/cpp_package/share/cpp_package/cmake/cpp_packageConfig.cmake
-- Up-to-date: /home/tayya/cpp_pkg/install/cpp_package/share/cpp_package/cmake/cpp_packageConfig-version.cmake
-- Installing: /home/tayya/cpp_pkg/install/cpp_package/share/cpp_package/package.xml
