[  2%] Built target cpp_package__cpp
[  8%] Built target cpp_package__rosidl_generator_c
[ 12%] Built target publisher
[ 12%] Built target ament_cmake_python_copy_cpp_package
[ 17%] Built target subscriber
[ 21%] Built target cpp_try2
[ 25%] Built target cpp_try
[ 29%] Built target service
[ 31%] [32m[1mLinking CXX executable client_class[0m
[35m[1mConsolidate compiler generated dependencies of target cpp_package__rosidl_typesupport_c[0m
[ 36%] Built target client
[ 38%] [32mBuilding CXX object CMakeFiles/service_class.dir/src/service_class.cpp.o[0m
[ 44%] Built target cpp_package__rosidl_typesupport_cpp
[ 51%] Built target cpp_package__rosidl_typesupport_introspection_c
[ 57%] Built target cpp_package__rosidl_typesupport_fastrtps_cpp
[ 63%] Built target cpp_package__rosidl_typesupport_fastrtps_c
[ 70%] Built target cpp_package__rosidl_typesupport_c
[ 76%] Built target cpp_package__rosidl_typesupport_introspection_cpp
[ 76%] Built target cpp_package
[ 78%] Built target cpp_package__py
[ 80%] [32mBuilding C object CMakeFiles/cpp_package__rosidl_generator_py.dir/rosidl_generator_py/cpp_package/srv/_capital_full_name_s.c.o[0m
[ 82%] [32m[1mLinking C shared library rosidl_generator_py/cpp_package/libcpp_package__rosidl_generator_py.so[0m
running egg_info
writing cpp_package.egg-info/PKG-INFO
writing dependency_links to cpp_package.egg-info/dependency_links.txt
writing top-level names to cpp_package.egg-info/top_level.txt
reading manifest file 'cpp_package.egg-info/SOURCES.txt'
writing manifest file 'cpp_package.egg-info/SOURCES.txt'
[ 82%] Built target ament_cmake_python_build_cpp_package_egg
[ 82%] Built target cpp_package__rosidl_generator_py
