[0.033s] Invoking command in '/home/tayya/cpp_pkg/build/cpp_package': CMAKE_PREFIX_PATH=${CMAKE_PREFIX_PATH}:/opt/ros/humble /usr/bin/cmake --build /home/tayya/cpp_pkg/build/cpp_package -- -j8 -l8
[0.096s] -- Found ament_cmake: 1.3.11 (/opt/ros/humble/share/ament_cmake/cmake)
[0.441s] -- Found rclcpp: 16.0.11 (/opt/ros/humble/share/rclcpp/cmake)
[0.500s] -- Found rosidl_generator_c: 3.1.6 (/opt/ros/humble/share/rosidl_generator_c/cmake)
[0.506s] -- Found rosidl_adapter: 3.1.6 (/opt/ros/humble/share/rosidl_adapter/cmake)
[0.518s] -- Found rosidl_generator_cpp: 3.1.6 (/opt/ros/humble/share/rosidl_generator_cpp/cmake)
[0.540s] -- Using all available rosidl_typesupport_c: rosidl_typesupport_fastrtps_c;rosidl_typesupport_introspection_c
[0.569s] -- Using all available rosidl_typesupport_cpp: rosidl_typesupport_fastrtps_cpp;rosidl_typesupport_introspection_cpp
[0.640s] -- Found rmw_implementation_cmake: 6.1.2 (/opt/ros/humble/share/rmw_implementation_cmake/cmake)
[0.643s] -- Found rmw_fastrtps_cpp: 6.2.7 (/opt/ros/humble/share/rmw_fastrtps_cpp/cmake)
[0.850s] -- Using RMW implementation 'rmw_fastrtps_cpp' as default
[0.956s] -- Found example_interfaces: 0.9.3 (/opt/ros/humble/share/example_interfaces/cmake)
[1.039s] -- Found rosidl_default_generators: 1.2.0 (/opt/ros/humble/share/rosidl_default_generators/cmake)
[1.579s] -- Found ament_cmake_ros: 0.10.0 (/opt/ros/humble/share/ament_cmake_ros/cmake)
[2.224s] -- Using all available rosidl_typesupport_c: rosidl_typesupport_fastrtps_c;rosidl_typesupport_introspection_c
[2.526s] -- Using all available rosidl_typesupport_cpp: rosidl_typesupport_fastrtps_cpp;rosidl_typesupport_introspection_cpp
[2.577s] -- Found python_cmake_module: 0.10.0 (/opt/ros/humble/share/python_cmake_module/cmake)
[2.628s] -- Using PYTHON_EXECUTABLE: /usr/bin/python3
[2.629s] -- Using PYTHON_INCLUDE_DIRS: /usr/include/python3.10
[2.629s] -- Using PYTHON_LIBRARIES: /usr/lib/x86_64-linux-gnu/libpython3.10.so
[2.663s] [0mCMake Deprecation Warning at /opt/ros/humble/share/rosidl_cmake/cmake/rosidl_target_interfaces.cmake:32 (message):
[2.663s]   Use rosidl_get_typesupport_target() and target_link_libraries() instead of
[2.663s]   rosidl_target_interfaces()
[2.663s] Call Stack (most recent call first):
[2.663s]   CMakeLists.txt:36 (rosidl_target_interfaces)
[2.663s] 
[2.663s] [0m
[2.673s] -- Configuring done
[2.768s] -- Generating done
[2.809s] -- Build files have been written to: /home/tayya/cpp_pkg/build/cpp_package
[2.884s] [35m[1mConsolidate compiler generated dependencies of target cpp_package__rosidl_generator_c[0m
[2.884s] [35m[1mConsolidate compiler generated dependencies of target cpp_try[0m
[2.885s] [35m[1mConsolidate compiler generated dependencies of target publisher[0m
[2.888s] [35m[1mConsolidate compiler generated dependencies of target subscriber[0m
[2.896s] [35m[1mConsolidate compiler generated dependencies of target cpp_try2[0m
[2.915s] [35m[1mConsolidate compiler generated dependencies of target service[0m
[2.919s] [  2%] Built target cpp_package__cpp
[2.933s] [  9%] Built target cpp_package__rosidl_generator_c
[2.943s] [  9%] Built target ament_cmake_python_copy_cpp_package
[2.956s] [ 13%] Built target cpp_try
[2.957s] [ 16%] [34m[1mGenerating C++ type support dispatch for ROS interfaces[0m
[2.970s] [ 20%] Built target subscriber
[2.971s] [ 23%] [34m[1mGenerating C++ type support for eProsima Fast-RTPS[0m
[2.986s] [ 27%] Built target publisher
[2.987s] [ 30%] [32mBuilding CXX object CMakeFiles/service.dir/src/service.cpp.o[0m
[2.992s] [ 32%] [34m[1mGenerating C introspection for ROS interfaces[0m
[2.993s] [ 34%] [34m[1mGenerating C type support dispatch for ROS interfaces[0m
[3.020s] [ 37%] [34m[1mGenerating C++ introspection for ROS interfaces[0m
[3.036s] [ 41%] Built target cpp_try2
[3.098s] [ 44%] [34m[1mGenerating C type support for eProsima Fast-RTPS[0m
[4.140s] [ 46%] [32mBuilding CXX object CMakeFiles/cpp_package__rosidl_typesupport_c.dir/rosidl_typesupport_c/cpp_package/srv/say_name__type_support.cpp.o[0m
[4.184s] [ 48%] [32mBuilding CXX object CMakeFiles/cpp_package__rosidl_typesupport_introspection_cpp.dir/rosidl_typesupport_introspection_cpp/cpp_package/srv/detail/say_name__type_support.cpp.o[0m
[4.223s] running egg_info
[4.227s] writing cpp_package.egg-info/PKG-INFO
[4.229s] writing dependency_links to cpp_package.egg-info/dependency_links.txt
[4.231s] writing top-level names to cpp_package.egg-info/top_level.txt
[4.240s] reading manifest file 'cpp_package.egg-info/SOURCES.txt'
[4.250s] [ 51%] [32mBuilding CXX object CMakeFiles/cpp_package__rosidl_typesupport_cpp.dir/rosidl_typesupport_cpp/cpp_package/srv/say_name__type_support.cpp.o[0m
[4.264s] writing manifest file 'cpp_package.egg-info/SOURCES.txt'
[4.264s] [ 53%] [32m[1mLinking CXX shared library libcpp_package__rosidl_typesupport_c.so[0m
[4.318s] [01m[K/home/tayya/cpp_pkg/src/cpp_package/src/service.cpp:2:10:[m[K [01;31m[Kfatal error: [m[Kexample_interfaces/srv/add_two_ints.hpp: No such file or directory
[4.318s]     2 | #include [01;31m[K"example_interfaces/srv/add_two_ints.hpp"[m[K
[4.318s]       |          [01;31m[K^~~~~~~~~~~~~~~~~~~~~~~~~~~~~~~~~~~~~~~~~[m[K
[4.319s] compilation terminated.
[4.333s] gmake[2]: *** [CMakeFiles/service.dir/build.make:76: CMakeFiles/service.dir/src/service.cpp.o] Error 1
[4.333s] gmake[1]: *** [CMakeFiles/Makefile2:706: CMakeFiles/service.dir/all] Error 2
[4.333s] gmake[1]: *** Waiting for unfinished jobs....
[4.361s] [ 53%] Built target ament_cmake_python_build_cpp_package_egg
[4.418s] [ 53%] Built target cpp_package__rosidl_typesupport_c
[4.440s] [ 55%] [32mBuilding C object CMakeFiles/cpp_package__rosidl_typesupport_introspection_c.dir/rosidl_typesupport_introspection_c/cpp_package/srv/detail/say_name__type_support.c.o[0m
[4.465s] [ 58%] [32mBuilding CXX object CMakeFiles/cpp_package__rosidl_typesupport_fastrtps_cpp.dir/rosidl_typesupport_fastrtps_cpp/cpp_package/srv/detail/dds_fastrtps/say_name__type_support.cpp.o[0m
[4.478s] [ 60%] [32mBuilding CXX object CMakeFiles/cpp_package__rosidl_typesupport_fastrtps_c.dir/rosidl_typesupport_fastrtps_c/cpp_package/srv/detail/say_name__type_support_c.cpp.o[0m
[4.553s] [ 62%] [32m[1mLinking C shared library libcpp_package__rosidl_typesupport_introspection_c.so[0m
[4.626s] [ 62%] Built target cpp_package__rosidl_typesupport_introspection_c
[5.197s] [ 65%] [32m[1mLinking CXX shared library libcpp_package__rosidl_typesupport_cpp.so[0m
[5.296s] [ 65%] Built target cpp_package__rosidl_typesupport_cpp
[5.337s] [ 67%] [32m[1mLinking CXX shared library libcpp_package__rosidl_typesupport_introspection_cpp.so[0m
[5.485s] [ 67%] Built target cpp_package__rosidl_typesupport_introspection_cpp
[5.523s] [ 69%] [32m[1mLinking CXX shared library libcpp_package__rosidl_typesupport_fastrtps_c.so[0m
[5.621s] [ 72%] [32m[1mLinking CXX shared library libcpp_package__rosidl_typesupport_fastrtps_cpp.so[0m
[5.689s] [ 72%] Built target cpp_package__rosidl_typesupport_fastrtps_c
[5.794s] [ 72%] Built target cpp_package__rosidl_typesupport_fastrtps_cpp
[5.796s] gmake: *** [Makefile:146: all] Error 2
[5.800s] Invoked command in '/home/tayya/cpp_pkg/build/cpp_package' returned '2': CMAKE_PREFIX_PATH=${CMAKE_PREFIX_PATH}:/opt/ros/humble /usr/bin/cmake --build /home/tayya/cpp_pkg/build/cpp_package -- -j8 -l8
