-- Found ament_cmake: 1.3.11 (/opt/ros/humble/share/ament_cmake/cmake)
-- Found rclcpp: 16.0.11 (/opt/ros/humble/share/rclcpp/cmake)
-- Found rosidl_generator_c: 3.1.6 (/opt/ros/humble/share/rosidl_generator_c/cmake)
-- Found rosidl_adapter: 3.1.6 (/opt/ros/humble/share/rosidl_adapter/cmake)
-- Found rosidl_generator_cpp: 3.1.6 (/opt/ros/humble/share/rosidl_generator_cpp/cmake)
-- Using all available rosidl_typesupport_c: rosidl_typesupport_fastrtps_c;rosidl_typesupport_introspection_c
-- Using all available rosidl_typesupport_cpp: rosidl_typesupport_fastrtps_cpp;rosidl_typesupport_introspection_cpp
-- Found rmw_implementation_cmake: 6.1.2 (/opt/ros/humble/share/rmw_implementation_cmake/cmake)
-- Found rmw_fastrtps_cpp: 6.2.7 (/opt/ros/humble/share/rmw_fastrtps_cpp/cmake)
-- Using RMW implementation 'rmw_fastrtps_cpp' as default
-- Configuring done
-- Generating done
-- Build files have been written to: /home/tayya/cpp_pkg/build/cpp_package
[35m[1mConsolidate compiler generated dependencies of target cpp_try[0m
[35m[1mConsolidate compiler generated dependencies of target publisher[0m
[35m[1mConsolidate compiler generated dependencies of target service[0m
[35m[1mConsolidate compiler generated dependencies of target cpp_try2[0m
[35m[1mConsolidate compiler generated dependencies of target subscriber[0m
[ 10%] [32mBuilding CXX object CMakeFiles/subscriber.dir/src/subscriber.cpp.o[0m
[ 30%] [32mBuilding CXX object CMakeFiles/cpp_try.dir/src/cpp_try.cpp.o[0m
[ 40%] [32mBuilding CXX object CMakeFiles/publisher.dir/src/publisher.cpp.o[0m
[ 40%] [32mBuilding CXX object CMakeFiles/service.dir/src/service.cpp.o[0m
[ 50%] [32mBuilding CXX object CMakeFiles/cpp_try2.dir/src/cpp_try2.cpp.o[0m
[ 60%] [32m[1mLinking CXX executable cpp_try[0m
[ 70%] [32m[1mLinking CXX executable publisher[0m
[ 70%] Built target cpp_try
[ 70%] Built target publisher
[ 80%] [32m[1mLinking CXX executable subscriber[0m
[ 90%] [32m[1mLinking CXX executable cpp_try2[0m
[ 90%] Built target subscriber
[ 90%] Built target cpp_try2
