-- Found ament_cmake: 1.3.11 (/opt/ros/humble/share/ament_cmake/cmake)
-- Found rclcpp: 16.0.11 (/opt/ros/humble/share/rclcpp/cmake)
-- Found rosidl_generator_c: 3.1.6 (/opt/ros/humble/share/rosidl_generator_c/cmake)
-- Found rosidl_adapter: 3.1.6 (/opt/ros/humble/share/rosidl_adapter/cmake)
-- Found rosidl_generator_cpp: 3.1.6 (/opt/ros/humble/share/rosidl_generator_cpp/cmake)
-- Using all available rosidl_typesupport_c: rosidl_typesupport_fastrtps_c;rosidl_typesupport_introspection_c
-- Using all available rosidl_typesupport_cpp: rosidl_typesupport_fastrtps_cpp;rosidl_typesupport_introspection_cpp
-- Found rmw_implementation_cmake: 6.1.2 (/opt/ros/humble/share/rmw_implementation_cmake/cmake)
-- Found rmw_fastrtps_cpp: 6.2.7 (/opt/ros/humble/share/rmw_fastrtps_cpp/cmake)
-- Using RMW implementation 'rmw_fastrtps_cpp' as default
-- Found example_interfaces: 0.9.3 (/opt/ros/humble/share/example_interfaces/cmake)
-- Found rosidl_default_generators: 1.2.0 (/opt/ros/humble/share/rosidl_default_generators/cmake)
-- Found ament_cmake_ros: 0.10.0 (/opt/ros/humble/share/ament_cmake_ros/cmake)
-- Using all available rosidl_typesupport_c: rosidl_typesupport_fastrtps_c;rosidl_typesupport_introspection_c
-- Using all available rosidl_typesupport_cpp: rosidl_typesupport_fastrtps_cpp;rosidl_typesupport_introspection_cpp
-- Found python_cmake_module: 0.10.0 (/opt/ros/humble/share/python_cmake_module/cmake)
-- Using PYTHON_EXECUTABLE: /usr/bin/python3
-- Using PYTHON_INCLUDE_DIRS: /usr/include/python3.10
-- Using PYTHON_LIBRARIES: /usr/lib/x86_64-linux-gnu/libpython3.10.so
-- Found ament_lint_auto: 0.12.11 (/opt/ros/humble/share/ament_lint_auto/cmake)
-- Added test 'copyright' to check source files copyright and LICENSE
-- Added test 'cppcheck' to perform static code analysis on C / C++ code
-- Configured cppcheck include dirs: $<BUILD_INTERFACE:/home/tayya/cpp_pkg/src/cpp_package/include>
-- Configured cppcheck exclude dirs and/or files: 
-- Added test 'cpplint' to check C / C++ code against the Google style
-- Configured cpplint exclude dirs and/or files: 
-- Added test 'lint_cmake' to check CMake code style
-- Added test 'uncrustify' to check C / C++ code style
-- Configured uncrustify additional arguments: 
-- Added test 'xmllint' to check XML markup files
-- Configuring done
-- Generating done
-- Build files have been written to: /home/tayya/cpp_pkg/build/cpp_package
[  2%] [34m[1mGenerating C code for ROS interfaces[0m
[35m[1mConsolidate compiler generated dependencies of target cpp_try2[0m
[35m[1mConsolidate compiler generated dependencies of target cpp_try[0m
[35m[1mConsolidate compiler generated dependencies of target publisher[0m
[35m[1mConsolidate compiler generated dependencies of target service[0m
[35m[1mConsolidate compiler generated dependencies of target subscriber[0m
[  4%] [34m[1mGenerating C++ code for ROS interfaces[0m
[  6%] [32mBuilding CXX object CMakeFiles/cpp_try2.dir/src/cpp_try2.cpp.o[0m
[  8%] Built target ament_cmake_python_copy_cpp_package
[ 10%] [32mBuilding CXX object CMakeFiles/publisher.dir/src/publisher.cpp.o[0m
[ 12%] [32mBuilding CXX object CMakeFiles/service.dir/src/service.cpp.o[0m
[  8%] [32mBuilding CXX object CMakeFiles/cpp_try.dir/src/cpp_try.cpp.o[0m
[ 14%] [32mBuilding CXX object CMakeFiles/subscriber.dir/src/subscriber.cpp.o[0m
[35m[1mConsolidate compiler generated dependencies of target client[0m
[ 17%] [32mBuilding CXX object CMakeFiles/client.dir/src/client.cpp.o[0m
[ 17%] Built target cpp_package__cpp
[ 19%] [32mBuilding C object CMakeFiles/cpp_package__rosidl_generator_c.dir/rosidl_generator_c/cpp_package/srv/detail/capital_full_name__functions.c.o[0m
[ 21%] [32mBuilding CXX object CMakeFiles/service_class.dir/src/service_class.cpp.o[0m
[ 23%] [32m[1mLinking CXX executable service_class[0m
[ 25%] [32m[1mLinking C shared library libcpp_package__rosidl_generator_c.so[0m
[ 25%] Built target cpp_package__rosidl_generator_c
[ 27%] [32mBuilding CXX object CMakeFiles/client_class.dir/src/client_class.cpp.o[0m
[ 29%] [32m[1mLinking CXX executable client_class[0m
[ 31%] [32m[1mLinking CXX executable service[0m
[ 31%] Built target service
[ 34%] [32m[1mLinking CXX executable client[0m
[ 34%] Built target client
[ 36%] [32m[1mLinking CXX executable cpp_try[0m
[ 38%] [32m[1mLinking CXX executable publisher[0m
[ 38%] Built target cpp_try
[ 38%] Built target publisher
[ 40%] [32m[1mLinking CXX executable subscriber[0m
[ 42%] [32m[1mLinking CXX executable cpp_try2[0m
[ 42%] Built target subscriber
[ 42%] Built target cpp_try2
