[0.027s] Invoking command in '/home/tayya/cpp_pkg/build/cpp_package': CMAKE_PREFIX_PATH=${CMAKE_PREFIX_PATH}:/opt/ros/humble /usr/bin/cmake --build /home/tayya/cpp_pkg/build/cpp_package -- -j8 -l8
[0.138s] [35m[1mConsolidate compiler generated dependencies of target service[0m
[0.170s] [ 20%] Built target cpp_try2
[0.174s] [ 40%] Built target publisher
[0.177s] [ 60%] Built target cpp_try
[0.180s] [ 80%] Built target subscriber
[0.191s] [ 90%] [32mBuilding CXX object CMakeFiles/service.dir/src/service.cpp.o[0m
[7.802s] [100%] [32m[1mLinking CXX executable service[0m
[8.184s] [100%] Built target service
[8.210s] Invoked command in '/home/tayya/cpp_pkg/build/cpp_package' returned '0': CMAKE_PREFIX_PATH=${CMAKE_PREFIX_PATH}:/opt/ros/humble /usr/bin/cmake --build /home/tayya/cpp_pkg/build/cpp_package -- -j8 -l8
[8.230s] Invoking command in '/home/tayya/cpp_pkg/build/cpp_package': CMAKE_PREFIX_PATH=${CMAKE_PREFIX_PATH}:/opt/ros/humble /usr/bin/cmake --install /home/tayya/cpp_pkg/build/cpp_package
[8.247s] -- Install configuration: ""
[8.248s] -- Installing: /home/tayya/cpp_pkg/install/cpp_package/lib/cpp_package/cpp_try
[8.251s] -- Set runtime path of "/home/tayya/cpp_pkg/install/cpp_package/lib/cpp_package/cpp_try" to ""
[8.251s] -- Installing: /home/tayya/cpp_pkg/install/cpp_package/lib/cpp_package/cpp_try2
[8.260s] -- Set runtime path of "/home/tayya/cpp_pkg/install/cpp_package/lib/cpp_package/cpp_try2" to ""
[8.260s] -- Installing: /home/tayya/cpp_pkg/install/cpp_package/lib/cpp_package/publisher
[8.262s] -- Set runtime path of "/home/tayya/cpp_pkg/install/cpp_package/lib/cpp_package/publisher" to ""
[8.263s] -- Installing: /home/tayya/cpp_pkg/install/cpp_package/lib/cpp_package/subscriber
[8.271s] -- Set runtime path of "/home/tayya/cpp_pkg/install/cpp_package/lib/cpp_package/subscriber" to ""
[8.272s] -- Installing: /home/tayya/cpp_pkg/install/cpp_package/lib/cpp_package/service
[8.273s] -- Set runtime path of "/home/tayya/cpp_pkg/install/cpp_package/lib/cpp_package/service" to ""
[8.274s] -- Up-to-date: /home/tayya/cpp_pkg/install/cpp_package/share/ament_index/resource_index/package_run_dependencies/cpp_package
[8.274s] -- Installing: /home/tayya/cpp_pkg/install/cpp_package/share/ament_index/resource_index/parent_prefix_path/cpp_package
[8.274s] -- Up-to-date: /home/tayya/cpp_pkg/install/cpp_package/share/cpp_package/environment/ament_prefix_path.sh
[8.274s] -- Installing: /home/tayya/cpp_pkg/install/cpp_package/share/cpp_package/environment/ament_prefix_path.dsv
[8.275s] -- Up-to-date: /home/tayya/cpp_pkg/install/cpp_package/share/cpp_package/environment/path.sh
[8.275s] -- Installing: /home/tayya/cpp_pkg/install/cpp_package/share/cpp_package/environment/path.dsv
[8.275s] -- Up-to-date: /home/tayya/cpp_pkg/install/cpp_package/share/cpp_package/local_setup.bash
[8.275s] -- Up-to-date: /home/tayya/cpp_pkg/install/cpp_package/share/cpp_package/local_setup.sh
[8.275s] -- Up-to-date: /home/tayya/cpp_pkg/install/cpp_package/share/cpp_package/local_setup.zsh
[8.276s] -- Installing: /home/tayya/cpp_pkg/install/cpp_package/share/cpp_package/local_setup.dsv
[8.276s] -- Installing: /home/tayya/cpp_pkg/install/cpp_package/share/cpp_package/package.dsv
[8.276s] -- Up-to-date: /home/tayya/cpp_pkg/install/cpp_package/share/ament_index/resource_index/packages/cpp_package
[8.277s] -- Up-to-date: /home/tayya/cpp_pkg/install/cpp_package/share/cpp_package/cmake/cpp_packageConfig.cmake
[8.277s] -- Up-to-date: /home/tayya/cpp_pkg/install/cpp_package/share/cpp_package/cmake/cpp_packageConfig-version.cmake
[8.277s] -- Up-to-date: /home/tayya/cpp_pkg/install/cpp_package/share/cpp_package/package.xml
[8.281s] Invoked command in '/home/tayya/cpp_pkg/build/cpp_package' returned '0': CMAKE_PREFIX_PATH=${CMAKE_PREFIX_PATH}:/opt/ros/humble /usr/bin/cmake --install /home/tayya/cpp_pkg/build/cpp_package
