[35m[1mConsolidate compiler generated dependencies of target cpp_try2[0m
[  2%] Built target cpp_package__cpp
[  8%] Built target cpp_package__rosidl_generator_c
[ 12%] Built target publisher
[ 17%] Built target subscriber
[ 21%] Built target service
[ 25%] Built target cpp_try
[ 25%] Built target ament_cmake_python_copy_cpp_package
[ 27%] [32mBuilding CXX object CMakeFiles/cpp_try2.dir/src/cpp_try2.cpp.o[0m
[ 34%] Built target cpp_package__rosidl_typesupport_cpp
[ 38%] Built target client
[ 44%] Built target cpp_package__rosidl_typesupport_c
[ 51%] Built target cpp_package__rosidl_typesupport_introspection_c
[ 57%] Built target cpp_package__rosidl_typesupport_fastrtps_c
[ 63%] Built target cpp_package__rosidl_typesupport_fastrtps_cpp
[ 70%] Built target cpp_package__rosidl_typesupport_introspection_cpp
[ 74%] Built target service_class
[ 78%] Built target client_class
[ 78%] Built target cpp_package
[ 80%] Built target cpp_package__py
[ 85%] Built target cpp_package__rosidl_generator_py
[ 89%] Built target cpp_package__rosidl_typesupport_introspection_c__pyext
[ 93%] Built target cpp_package__rosidl_typesupport_fastrtps_c__pyext
[ 97%] Built target cpp_package__rosidl_typesupport_c__pyext
running egg_info
writing cpp_package.egg-info/PKG-INFO
writing dependency_links to cpp_package.egg-info/dependency_links.txt
writing top-level names to cpp_package.egg-info/top_level.txt
reading manifest file 'cpp_package.egg-info/SOURCES.txt'
writing manifest file 'cpp_package.egg-info/SOURCES.txt'
[ 97%] Built target ament_cmake_python_build_cpp_package_egg
