[0.020s] Invoking command in '/home/tayya/cpp_pkg/build/cpp_package': CMAKE_PREFIX_PATH=${CMAKE_PREFIX_PATH}:/opt/ros/humble /usr/bin/cmake --build /home/tayya/cpp_pkg/build/cpp_package -- -j8 -l8
[0.050s] -- Found ament_cmake: 1.3.11 (/opt/ros/humble/share/ament_cmake/cmake)
[0.210s] -- Found rclcpp: 16.0.11 (/opt/ros/humble/share/rclcpp/cmake)
[0.243s] -- Found rosidl_generator_c: 3.1.6 (/opt/ros/humble/share/rosidl_generator_c/cmake)
[0.248s] -- Found rosidl_adapter: 3.1.6 (/opt/ros/humble/share/rosidl_adapter/cmake)
[0.261s] -- Found rosidl_generator_cpp: 3.1.6 (/opt/ros/humble/share/rosidl_generator_cpp/cmake)
[0.279s] -- Using all available rosidl_typesupport_c: rosidl_typesupport_fastrtps_c;rosidl_typesupport_introspection_c
[0.296s] -- Using all available rosidl_typesupport_cpp: rosidl_typesupport_fastrtps_cpp;rosidl_typesupport_introspection_cpp
[0.338s] -- Found rmw_implementation_cmake: 6.1.2 (/opt/ros/humble/share/rmw_implementation_cmake/cmake)
[0.339s] -- Found rmw_fastrtps_cpp: 6.2.7 (/opt/ros/humble/share/rmw_fastrtps_cpp/cmake)
[0.466s] -- Using RMW implementation 'rmw_fastrtps_cpp' as default
[0.622s] -- Configuring done
[0.643s] -- Generating done
[0.654s] -- Build files have been written to: /home/tayya/cpp_pkg/build/cpp_package
[0.688s] [35m[1mConsolidate compiler generated dependencies of target cpp_try2[0m
[0.688s] [35m[1mConsolidate compiler generated dependencies of target cpp_try[0m
[0.693s] [35m[1mConsolidate compiler generated dependencies of target publisher[0m
[0.706s] [ 12%] [32mBuilding CXX object CMakeFiles/subscriber.dir/src/subscriber.cpp.o[0m
[0.716s] [ 37%] Built target cpp_try
[0.718s] [ 50%] [32mBuilding CXX object CMakeFiles/publisher.dir/src/publisher.cpp.o[0m
[0.719s] [ 75%] Built target cpp_try2
[6.365s] [ 87%] [32m[1mLinking CXX executable publisher[0m
[6.604s] [ 87%] Built target publisher
[10.864s] [100%] [32m[1mLinking CXX executable subscriber[0m
[11.388s] [100%] Built target subscriber
[11.403s] Invoked command in '/home/tayya/cpp_pkg/build/cpp_package' returned '0': CMAKE_PREFIX_PATH=${CMAKE_PREFIX_PATH}:/opt/ros/humble /usr/bin/cmake --build /home/tayya/cpp_pkg/build/cpp_package -- -j8 -l8
[11.414s] Invoking command in '/home/tayya/cpp_pkg/build/cpp_package': CMAKE_PREFIX_PATH=${CMAKE_PREFIX_PATH}:/opt/ros/humble /usr/bin/cmake --install /home/tayya/cpp_pkg/build/cpp_package
[11.425s] -- Install configuration: ""
[11.425s] -- Up-to-date: /home/tayya/cpp_pkg/install/cpp_package/lib/cpp_package/cpp_try
[11.425s] -- Up-to-date: /home/tayya/cpp_pkg/install/cpp_package/lib/cpp_package/cpp_try2
[11.426s] -- Installing: /home/tayya/cpp_pkg/install/cpp_package/lib/cpp_package/publisher
[11.427s] -- Set runtime path of "/home/tayya/cpp_pkg/install/cpp_package/lib/cpp_package/publisher" to ""
[11.427s] -- Installing: /home/tayya/cpp_pkg/install/cpp_package/lib/cpp_package/subscriber
[11.431s] -- Set runtime path of "/home/tayya/cpp_pkg/install/cpp_package/lib/cpp_package/subscriber" to ""
[11.431s] -- Up-to-date: /home/tayya/cpp_pkg/install/cpp_package/share/ament_index/resource_index/package_run_dependencies/cpp_package
[11.431s] -- Up-to-date: /home/tayya/cpp_pkg/install/cpp_package/share/ament_index/resource_index/parent_prefix_path/cpp_package
[11.431s] -- Up-to-date: /home/tayya/cpp_pkg/install/cpp_package/share/cpp_package/environment/ament_prefix_path.sh
[11.432s] -- Installing: /home/tayya/cpp_pkg/install/cpp_package/share/cpp_package/environment/ament_prefix_path.dsv
[11.432s] -- Up-to-date: /home/tayya/cpp_pkg/install/cpp_package/share/cpp_package/environment/path.sh
[11.432s] -- Installing: /home/tayya/cpp_pkg/install/cpp_package/share/cpp_package/environment/path.dsv
[11.432s] -- Up-to-date: /home/tayya/cpp_pkg/install/cpp_package/share/cpp_package/local_setup.bash
[11.432s] -- Up-to-date: /home/tayya/cpp_pkg/install/cpp_package/share/cpp_package/local_setup.sh
[11.432s] -- Up-to-date: /home/tayya/cpp_pkg/install/cpp_package/share/cpp_package/local_setup.zsh
[11.432s] -- Installing: /home/tayya/cpp_pkg/install/cpp_package/share/cpp_package/local_setup.dsv
[11.432s] -- Installing: /home/tayya/cpp_pkg/install/cpp_package/share/cpp_package/package.dsv
[11.432s] -- Up-to-date: /home/tayya/cpp_pkg/install/cpp_package/share/ament_index/resource_index/packages/cpp_package
[11.432s] -- Up-to-date: /home/tayya/cpp_pkg/install/cpp_package/share/cpp_package/cmake/cpp_packageConfig.cmake
[11.433s] -- Up-to-date: /home/tayya/cpp_pkg/install/cpp_package/share/cpp_package/cmake/cpp_packageConfig-version.cmake
[11.433s] -- Up-to-date: /home/tayya/cpp_pkg/install/cpp_package/share/cpp_package/package.xml
[11.436s] Invoked command in '/home/tayya/cpp_pkg/build/cpp_package' returned '0': CMAKE_PREFIX_PATH=${CMAKE_PREFIX_PATH}:/opt/ros/humble /usr/bin/cmake --install /home/tayya/cpp_pkg/build/cpp_package
