-- Found ament_cmake: 1.3.11 (/opt/ros/humble/share/ament_cmake/cmake)
-- Found rclcpp: 16.0.11 (/opt/ros/humble/share/rclcpp/cmake)
-- Found rosidl_generator_c: 3.1.6 (/opt/ros/humble/share/rosidl_generator_c/cmake)
-- Found rosidl_adapter: 3.1.6 (/opt/ros/humble/share/rosidl_adapter/cmake)
-- Found rosidl_generator_cpp: 3.1.6 (/opt/ros/humble/share/rosidl_generator_cpp/cmake)
-- Using all available rosidl_typesupport_c: rosidl_typesupport_fastrtps_c;rosidl_typesupport_introspection_c
-- Using all available rosidl_typesupport_cpp: rosidl_typesupport_fastrtps_cpp;rosidl_typesupport_introspection_cpp
-- Found rmw_implementation_cmake: 6.1.2 (/opt/ros/humble/share/rmw_implementation_cmake/cmake)
-- Found rmw_fastrtps_cpp: 6.2.7 (/opt/ros/humble/share/rmw_fastrtps_cpp/cmake)
-- Using RMW implementation 'rmw_fastrtps_cpp' as default
-- Found example_interfaces: 0.9.3 (/opt/ros/humble/share/example_interfaces/cmake)
-- Found rosidl_default_generators: 1.2.0 (/opt/ros/humble/share/rosidl_default_generators/cmake)
[31mCMake Error at CMakeLists.txt:14 (find_package):
  By not providing "Findcpp_package_rosidl_typesupport_cpp.cmake" in
  CMAKE_MODULE_PATH this project has asked CMake to find a package
  configuration file provided by "cpp_package_rosidl_typesupport_cpp", but
  CMake did not find one.

  Could not find a package configuration file provided by
  "cpp_package_rosidl_typesupport_cpp" with any of the following names:

    cpp_package_rosidl_typesupport_cppConfig.cmake
    cpp_package_rosidl_typesupport_cpp-config.cmake

  Add the installation prefix of "cpp_package_rosidl_typesupport_cpp" to
  CMAKE_PREFIX_PATH or set "cpp_package_rosidl_typesupport_cpp_DIR" to a
  directory containing one of the above files.  If
  "cpp_package_rosidl_typesupport_cpp" provides a separate development
  package or SDK, be sure it has been installed.

[0m
-- Configuring incomplete, errors occurred!
See also "/home/tayya/cpp_pkg/build/cpp_package/CMakeFiles/CMakeOutput.log".
gmake: *** [Makefile:431: cmake_check_build_system] Error 1
