[0.029s] Invoking command in '/home/tayya/cpp_pkg/build/cpp_package': CMAKE_PREFIX_PATH=${CMAKE_PREFIX_PATH}:/opt/ros/humble /usr/bin/cmake --build /home/tayya/cpp_pkg/build/cpp_package -- -j8 -l8
[0.079s] -- Found ament_cmake: 1.3.11 (/opt/ros/humble/share/ament_cmake/cmake)
[0.391s] -- Found rclcpp: 16.0.11 (/opt/ros/humble/share/rclcpp/cmake)
[0.458s] -- Found rosidl_generator_c: 3.1.6 (/opt/ros/humble/share/rosidl_generator_c/cmake)
[0.464s] -- Found rosidl_adapter: 3.1.6 (/opt/ros/humble/share/rosidl_adapter/cmake)
[0.478s] -- Found rosidl_generator_cpp: 3.1.6 (/opt/ros/humble/share/rosidl_generator_cpp/cmake)
[0.501s] -- Using all available rosidl_typesupport_c: rosidl_typesupport_fastrtps_c;rosidl_typesupport_introspection_c
[0.531s] -- Using all available rosidl_typesupport_cpp: rosidl_typesupport_fastrtps_cpp;rosidl_typesupport_introspection_cpp
[0.609s] -- Found rmw_implementation_cmake: 6.1.2 (/opt/ros/humble/share/rmw_implementation_cmake/cmake)
[0.612s] -- Found rmw_fastrtps_cpp: 6.2.7 (/opt/ros/humble/share/rmw_fastrtps_cpp/cmake)
[0.842s] -- Using RMW implementation 'rmw_fastrtps_cpp' as default
[1.195s] -- Configuring done
[1.223s] -- Generating done
[1.235s] -- Build files have been written to: /home/tayya/cpp_pkg/build/cpp_package
[1.292s] [35m[1mConsolidate compiler generated dependencies of target cpp_try[0m
[1.316s] [ 25%] [32mBuilding CXX object CMakeFiles/cpp_try2.dir/src/cpp_try2.cpp.o[0m
[1.335s] [ 75%] Built target cpp_try
[1.362s] [100%] [32m[1mLinking CXX executable cpp_try2[0m
[1.472s] /usr/bin/ld: /usr/lib/gcc/x86_64-linux-gnu/11/../../../x86_64-linux-gnu/Scrt1.o: in function `_start':
[1.472s] (.text+0x1b): undefined reference to `main'
[1.475s] collect2: error: ld returned 1 exit status
[1.478s] gmake[2]: *** [CMakeFiles/cpp_try2.dir/build.make:159: cpp_try2] Error 1
[1.478s] gmake[1]: *** [CMakeFiles/Makefile2:165: CMakeFiles/cpp_try2.dir/all] Error 2
[1.479s] gmake: *** [Makefile:146: all] Error 2
[1.483s] Invoked command in '/home/tayya/cpp_pkg/build/cpp_package' returned '2': CMAKE_PREFIX_PATH=${CMAKE_PREFIX_PATH}:/opt/ros/humble /usr/bin/cmake --build /home/tayya/cpp_pkg/build/cpp_package -- -j8 -l8
