[0.026s] Invoking command in '/home/tayya/cpp_pkg/build/cpp_package': CMAKE_PREFIX_PATH=${CMAKE_PREFIX_PATH}:/opt/ros/humble /usr/bin/cmake --build /home/tayya/cpp_pkg/build/cpp_package -- -j8 -l8
[0.075s] -- Found ament_cmake: 1.3.11 (/opt/ros/humble/share/ament_cmake/cmake)
[0.345s] -- Found rclcpp: 16.0.11 (/opt/ros/humble/share/rclcpp/cmake)
[0.403s] -- Found rosidl_generator_c: 3.1.6 (/opt/ros/humble/share/rosidl_generator_c/cmake)
[0.408s] -- Found rosidl_adapter: 3.1.6 (/opt/ros/humble/share/rosidl_adapter/cmake)
[0.421s] -- Found rosidl_generator_cpp: 3.1.6 (/opt/ros/humble/share/rosidl_generator_cpp/cmake)
[0.441s] -- Using all available rosidl_typesupport_c: rosidl_typesupport_fastrtps_c;rosidl_typesupport_introspection_c
[0.467s] -- Using all available rosidl_typesupport_cpp: rosidl_typesupport_fastrtps_cpp;rosidl_typesupport_introspection_cpp
[0.535s] -- Found rmw_implementation_cmake: 6.1.2 (/opt/ros/humble/share/rmw_implementation_cmake/cmake)
[0.538s] -- Found rmw_fastrtps_cpp: 6.2.7 (/opt/ros/humble/share/rmw_fastrtps_cpp/cmake)
[0.742s] -- Using RMW implementation 'rmw_fastrtps_cpp' as default
[0.848s] [31mCMake Error at CMakeLists.txt:15 (add_executable):
[0.849s]   add_executable cannot create target "cpp_try" because another target with
[0.849s]   the same name already exists.  The existing target is an executable created
[0.849s]   in source directory "/home/tayya/cpp_pkg/src/cpp_package".  See
[0.849s]   documentation for policy CMP0002 for more details.
[0.849s] 
[0.850s] [0m
[0.850s] [31mCMake Error at CMakeLists.txt:23 (install):
[0.850s]   install TARGETS given target "cpptry2.cpp" which does not exist.
[0.850s] 
[0.850s] [0m
[0.986s] -- Configuring incomplete, errors occurred!
[0.987s] See also "/home/tayya/cpp_pkg/build/cpp_package/CMakeFiles/CMakeOutput.log".
[0.999s] gmake: *** [Makefile:267: cmake_check_build_system] Error 1
[1.003s] Invoked command in '/home/tayya/cpp_pkg/build/cpp_package' returned '2': CMAKE_PREFIX_PATH=${CMAKE_PREFIX_PATH}:/opt/ros/humble /usr/bin/cmake --build /home/tayya/cpp_pkg/build/cpp_package -- -j8 -l8
