[0.351s] DEBUG:colcon:Command line arguments: ['/usr/bin/colcon', 'build']
[0.351s] DEBUG:colcon:Parsed command line arguments: Namespace(log_base=None, log_level=None, verb_name='build', build_base='build', install_base='install', merge_install=False, symlink_install=False, test_result_base=None, continue_on_error=False, executor='parallel', parallel_workers=8, event_handlers=None, ignore_user_meta=False, metas=['./colcon.meta'], base_paths=['.'], packages_ignore=None, packages_ignore_regex=None, paths=None, packages_up_to=None, packages_up_to_regex=None, packages_above=None, packages_above_and_dependencies=None, packages_above_depth=None, packages_select_by_dep=None, packages_skip_by_dep=None, packages_skip_up_to=None, packages_select_build_failed=False, packages_skip_build_finished=False, packages_select_test_failures=False, packages_skip_test_passed=False, packages_select=None, packages_skip=None, packages_select_regex=None, packages_skip_regex=None, packages_start=None, packages_end=None, allow_overriding=[], cmake_args=None, cmake_target=None, cmake_target_skip_unavailable=False, cmake_clean_cache=False, cmake_clean_first=False, cmake_force_configure=False, ament_cmake_args=None, catkin_cmake_args=None, catkin_skip_building_tests=False, mixin_files=None, mixin=None, verb_parser=<colcon_mixin.mixin.mixin_argument.MixinArgumentDecorator object at 0x78221c44a0e0>, verb_extension=<colcon_core.verb.build.BuildVerb object at 0x78221c449ba0>, main=<bound method BuildVerb.main of <colcon_core.verb.build.BuildVerb object at 0x78221c449ba0>>, mixin_verb=('build',))
[0.951s] Level 1:colcon.colcon_core.package_discovery:discover_packages(colcon_meta) check parameters
[0.951s] Level 1:colcon.colcon_core.package_discovery:discover_packages(recursive) check parameters
[0.952s] Level 1:colcon.colcon_core.package_discovery:discover_packages(ignore) check parameters
[0.952s] Level 1:colcon.colcon_core.package_discovery:discover_packages(path) check parameters
[0.952s] Level 1:colcon.colcon_core.package_discovery:discover_packages(colcon_meta) discover
[0.952s] Level 1:colcon.colcon_core.package_discovery:discover_packages(recursive) discover
[0.952s] INFO:colcon.colcon_core.package_discovery:Crawling recursively for packages in '/home/tayya/cpp_pkg'
[0.952s] Level 1:colcon.colcon_core.package_identification:_identify(.) by extensions ['ignore', 'ignore_ament_install']
[0.953s] Level 1:colcon.colcon_core.package_identification:_identify(.) by extension 'ignore'
[0.953s] Level 1:colcon.colcon_core.package_identification:_identify(.) by extension 'ignore_ament_install'
[0.953s] Level 1:colcon.colcon_core.package_identification:_identify(.) by extensions ['colcon_pkg']
[0.954s] Level 1:colcon.colcon_core.package_identification:_identify(.) by extension 'colcon_pkg'
[0.954s] Level 1:colcon.colcon_core.package_identification:_identify(.) by extensions ['colcon_meta']
[0.954s] Level 1:colcon.colcon_core.package_identification:_identify(.) by extension 'colcon_meta'
[0.954s] Level 1:colcon.colcon_core.package_identification:_identify(.) by extensions ['ros']
[0.954s] Level 1:colcon.colcon_core.package_identification:_identify(.) by extension 'ros'
[0.988s] Level 1:colcon.colcon_core.package_identification:_identify(.) by extensions ['cmake', 'python']
[0.988s] Level 1:colcon.colcon_core.package_identification:_identify(.) by extension 'cmake'
[0.988s] Level 1:colcon.colcon_core.package_identification:_identify(.) by extension 'python'
[0.988s] Level 1:colcon.colcon_core.package_identification:_identify(.) by extensions ['python_setup_py']
[0.988s] Level 1:colcon.colcon_core.package_identification:_identify(.) by extension 'python_setup_py'
[0.989s] Level 1:colcon.colcon_core.package_identification:_identify(build) by extensions ['ignore', 'ignore_ament_install']
[0.989s] Level 1:colcon.colcon_core.package_identification:_identify(build) by extension 'ignore'
[0.989s] Level 1:colcon.colcon_core.package_identification:_identify(build) ignored
[0.989s] Level 1:colcon.colcon_core.package_identification:_identify(install) by extensions ['ignore', 'ignore_ament_install']
[0.990s] Level 1:colcon.colcon_core.package_identification:_identify(install) by extension 'ignore'
[0.990s] Level 1:colcon.colcon_core.package_identification:_identify(install) ignored
[0.990s] Level 1:colcon.colcon_core.package_identification:_identify(log) by extensions ['ignore', 'ignore_ament_install']
[0.990s] Level 1:colcon.colcon_core.package_identification:_identify(log) by extension 'ignore'
[0.991s] Level 1:colcon.colcon_core.package_identification:_identify(log) ignored
[0.991s] Level 1:colcon.colcon_core.package_identification:_identify(src) by extensions ['ignore', 'ignore_ament_install']
[0.991s] Level 1:colcon.colcon_core.package_identification:_identify(src) by extension 'ignore'
[0.991s] Level 1:colcon.colcon_core.package_identification:_identify(src) by extension 'ignore_ament_install'
[0.991s] Level 1:colcon.colcon_core.package_identification:_identify(src) by extensions ['colcon_pkg']
[0.991s] Level 1:colcon.colcon_core.package_identification:_identify(src) by extension 'colcon_pkg'
[0.992s] Level 1:colcon.colcon_core.package_identification:_identify(src) by extensions ['colcon_meta']
[0.992s] Level 1:colcon.colcon_core.package_identification:_identify(src) by extension 'colcon_meta'
[0.992s] Level 1:colcon.colcon_core.package_identification:_identify(src) by extensions ['ros']
[0.992s] Level 1:colcon.colcon_core.package_identification:_identify(src) by extension 'ros'
[0.992s] Level 1:colcon.colcon_core.package_identification:_identify(src) by extensions ['cmake', 'python']
[0.992s] Level 1:colcon.colcon_core.package_identification:_identify(src) by extension 'cmake'
[0.992s] Level 1:colcon.colcon_core.package_identification:_identify(src) by extension 'python'
[0.992s] Level 1:colcon.colcon_core.package_identification:_identify(src) by extensions ['python_setup_py']
[0.993s] Level 1:colcon.colcon_core.package_identification:_identify(src) by extension 'python_setup_py'
[0.993s] Level 1:colcon.colcon_core.package_identification:_identify(src/cpp_package) by extensions ['ignore', 'ignore_ament_install']
[0.994s] Level 1:colcon.colcon_core.package_identification:_identify(src/cpp_package) by extension 'ignore'
[0.994s] Level 1:colcon.colcon_core.package_identification:_identify(src/cpp_package) by extension 'ignore_ament_install'
[0.994s] Level 1:colcon.colcon_core.package_identification:_identify(src/cpp_package) by extensions ['colcon_pkg']
[0.994s] Level 1:colcon.colcon_core.package_identification:_identify(src/cpp_package) by extension 'colcon_pkg'
[0.994s] Level 1:colcon.colcon_core.package_identification:_identify(src/cpp_package) by extensions ['colcon_meta']
[0.994s] Level 1:colcon.colcon_core.package_identification:_identify(src/cpp_package) by extension 'colcon_meta'
[0.994s] Level 1:colcon.colcon_core.package_identification:_identify(src/cpp_package) by extensions ['ros']
[0.995s] Level 1:colcon.colcon_core.package_identification:_identify(src/cpp_package) by extension 'ros'
[1.002s] DEBUG:colcon.colcon_core.package_identification:Package 'src/cpp_package' with type 'ros.ament_cmake' and name 'cpp_package'
[1.002s] Level 1:colcon.colcon_core.package_discovery:discover_packages(recursive) using defaults
[1.002s] Level 1:colcon.colcon_core.package_discovery:discover_packages(ignore) discover
[1.002s] Level 1:colcon.colcon_core.package_discovery:discover_packages(ignore) using defaults
[1.002s] Level 1:colcon.colcon_core.package_discovery:discover_packages(path) discover
[1.003s] Level 1:colcon.colcon_core.package_discovery:discover_packages(path) using defaults
[1.090s] Level 1:colcon.colcon_core.package_discovery:discover_packages(prefix_path) check parameters
[1.091s] Level 1:colcon.colcon_core.package_discovery:discover_packages(prefix_path) discover
[1.098s] DEBUG:colcon.colcon_installed_package_information.package_discovery:Found 1 installed packages in /home/tayya/cpp_pkg/install
[1.100s] DEBUG:colcon.colcon_installed_package_information.package_discovery:Found 1 installed packages in /home/tayya/robot_ws/install
[1.104s] DEBUG:colcon.colcon_installed_package_information.package_discovery:Found 282 installed packages in /opt/ros/humble
[1.109s] Level 1:colcon.colcon_core.package_discovery:discover_packages(prefix_path) using defaults
[1.230s] Level 5:colcon.colcon_core.verb:set package 'cpp_package' build argument 'cmake_args' from command line to 'None'
[1.230s] Level 5:colcon.colcon_core.verb:set package 'cpp_package' build argument 'cmake_target' from command line to 'None'
[1.230s] Level 5:colcon.colcon_core.verb:set package 'cpp_package' build argument 'cmake_target_skip_unavailable' from command line to 'False'
[1.230s] Level 5:colcon.colcon_core.verb:set package 'cpp_package' build argument 'cmake_clean_cache' from command line to 'False'
[1.230s] Level 5:colcon.colcon_core.verb:set package 'cpp_package' build argument 'cmake_clean_first' from command line to 'False'
[1.230s] Level 5:colcon.colcon_core.verb:set package 'cpp_package' build argument 'cmake_force_configure' from command line to 'False'
[1.230s] Level 5:colcon.colcon_core.verb:set package 'cpp_package' build argument 'ament_cmake_args' from command line to 'None'
[1.231s] Level 5:colcon.colcon_core.verb:set package 'cpp_package' build argument 'catkin_cmake_args' from command line to 'None'
[1.231s] Level 5:colcon.colcon_core.verb:set package 'cpp_package' build argument 'catkin_skip_building_tests' from command line to 'False'
[1.231s] DEBUG:colcon.colcon_core.verb:Building package 'cpp_package' with the following arguments: {'ament_cmake_args': None, 'build_base': '/home/tayya/cpp_pkg/build/cpp_package', 'catkin_cmake_args': None, 'catkin_skip_building_tests': False, 'cmake_args': None, 'cmake_clean_cache': False, 'cmake_clean_first': False, 'cmake_force_configure': False, 'cmake_target': None, 'cmake_target_skip_unavailable': False, 'install_base': '/home/tayya/cpp_pkg/install/cpp_package', 'merge_install': False, 'path': '/home/tayya/cpp_pkg/src/cpp_package', 'symlink_install': False, 'test_result_base': None}
[1.231s] INFO:colcon.colcon_core.executor:Executing jobs using 'parallel' executor
[1.234s] DEBUG:colcon.colcon_parallel_executor.executor.parallel:run_until_complete
[1.235s] INFO:colcon.colcon_ros.task.ament_cmake.build:Building ROS package in '/home/tayya/cpp_pkg/src/cpp_package' with build type 'ament_cmake'
[1.235s] INFO:colcon.colcon_cmake.task.cmake.build:Building CMake package in '/home/tayya/cpp_pkg/src/cpp_package'
[1.241s] INFO:colcon.colcon_core.plugin_system:Skipping extension 'colcon_core.shell.bat': Not used on non-Windows systems
[1.241s] INFO:colcon.colcon_core.shell:Skip shell extension 'powershell' for command environment: Not usable outside of PowerShell
[1.241s] DEBUG:colcon.colcon_core.shell:Skip shell extension 'dsv' for command environment
[1.269s] DEBUG:colcon.colcon_core.event_handler.log_command:Invoking command in '/home/tayya/cpp_pkg/build/cpp_package': CMAKE_PREFIX_PATH=${CMAKE_PREFIX_PATH}:/opt/ros/humble /usr/bin/cmake --build /home/tayya/cpp_pkg/build/cpp_package -- -j8 -l8
[15.395s] DEBUG:colcon.colcon_core.event_handler.log_command:Invoked command in '/home/tayya/cpp_pkg/build/cpp_package' returned '0': CMAKE_PREFIX_PATH=${CMAKE_PREFIX_PATH}:/opt/ros/humble /usr/bin/cmake --build /home/tayya/cpp_pkg/build/cpp_package -- -j8 -l8
[15.428s] DEBUG:colcon.colcon_core.event_handler.log_command:Invoking command in '/home/tayya/cpp_pkg/build/cpp_package': CMAKE_PREFIX_PATH=${CMAKE_PREFIX_PATH}:/opt/ros/humble /usr/bin/cmake --install /home/tayya/cpp_pkg/build/cpp_package
[15.457s] Level 1:colcon.colcon_core.environment:create_environment_scripts_only(cpp_package)
[15.459s] DEBUG:colcon.colcon_core.event_handler.log_command:Invoked command in '/home/tayya/cpp_pkg/build/cpp_package' returned '0': CMAKE_PREFIX_PATH=${CMAKE_PREFIX_PATH}:/opt/ros/humble /usr/bin/cmake --install /home/tayya/cpp_pkg/build/cpp_package
[15.466s] Level 1:colcon.colcon_core.environment:checking '/home/tayya/cpp_pkg/install/cpp_package' for CMake module files
[15.467s] Level 1:colcon.colcon_core.environment:checking '/home/tayya/cpp_pkg/install/cpp_package' for CMake config files
[15.468s] Level 1:colcon.colcon_core.shell:create_environment_hook('cpp_package', 'cmake_prefix_path')
[15.469s] INFO:colcon.colcon_core.shell:Creating environment hook '/home/tayya/cpp_pkg/install/cpp_package/share/cpp_package/hook/cmake_prefix_path.ps1'
[15.470s] INFO:colcon.colcon_core.shell:Creating environment descriptor '/home/tayya/cpp_pkg/install/cpp_package/share/cpp_package/hook/cmake_prefix_path.dsv'
[15.472s] INFO:colcon.colcon_core.shell:Creating environment hook '/home/tayya/cpp_pkg/install/cpp_package/share/cpp_package/hook/cmake_prefix_path.sh'
[15.474s] Level 1:colcon.colcon_core.environment:checking '/home/tayya/cpp_pkg/install/cpp_package/lib'
[15.474s] Level 1:colcon.colcon_core.environment:checking '/home/tayya/cpp_pkg/install/cpp_package/bin'
[15.475s] Level 1:colcon.colcon_core.environment:checking '/home/tayya/cpp_pkg/install/cpp_package/lib/pkgconfig/cpp_package.pc'
[15.475s] Level 1:colcon.colcon_core.environment:checking '/home/tayya/cpp_pkg/install/cpp_package/lib/python3.10/site-packages'
[15.476s] Level 1:colcon.colcon_core.environment:checking '/home/tayya/cpp_pkg/install/cpp_package/bin'
[15.477s] INFO:colcon.colcon_core.shell:Creating package script '/home/tayya/cpp_pkg/install/cpp_package/share/cpp_package/package.ps1'
[15.479s] INFO:colcon.colcon_core.shell:Creating package descriptor '/home/tayya/cpp_pkg/install/cpp_package/share/cpp_package/package.dsv'
[15.481s] INFO:colcon.colcon_core.shell:Creating package script '/home/tayya/cpp_pkg/install/cpp_package/share/cpp_package/package.sh'
[15.483s] INFO:colcon.colcon_core.shell:Creating package script '/home/tayya/cpp_pkg/install/cpp_package/share/cpp_package/package.bash'
[15.485s] INFO:colcon.colcon_core.shell:Creating package script '/home/tayya/cpp_pkg/install/cpp_package/share/cpp_package/package.zsh'
[15.487s] Level 1:colcon.colcon_core.environment:create_file_with_runtime_dependencies(/home/tayya/cpp_pkg/install/cpp_package/share/colcon-core/packages/cpp_package)
[15.489s] Level 1:colcon.colcon_core.environment:create_environment_scripts_only(cpp_package)
[15.489s] Level 1:colcon.colcon_core.environment:checking '/home/tayya/cpp_pkg/install/cpp_package' for CMake module files
[15.490s] Level 1:colcon.colcon_core.environment:checking '/home/tayya/cpp_pkg/install/cpp_package' for CMake config files
[15.491s] Level 1:colcon.colcon_core.shell:create_environment_hook('cpp_package', 'cmake_prefix_path')
[15.492s] INFO:colcon.colcon_core.shell:Creating environment hook '/home/tayya/cpp_pkg/install/cpp_package/share/cpp_package/hook/cmake_prefix_path.ps1'
[15.493s] INFO:colcon.colcon_core.shell:Creating environment descriptor '/home/tayya/cpp_pkg/install/cpp_package/share/cpp_package/hook/cmake_prefix_path.dsv'
[15.494s] INFO:colcon.colcon_core.shell:Creating environment hook '/home/tayya/cpp_pkg/install/cpp_package/share/cpp_package/hook/cmake_prefix_path.sh'
[15.495s] Level 1:colcon.colcon_core.environment:checking '/home/tayya/cpp_pkg/install/cpp_package/lib'
[15.496s] Level 1:colcon.colcon_core.environment:checking '/home/tayya/cpp_pkg/install/cpp_package/bin'
[15.496s] Level 1:colcon.colcon_core.environment:checking '/home/tayya/cpp_pkg/install/cpp_package/lib/pkgconfig/cpp_package.pc'
[15.497s] Level 1:colcon.colcon_core.environment:checking '/home/tayya/cpp_pkg/install/cpp_package/lib/python3.10/site-packages'
[15.498s] Level 1:colcon.colcon_core.environment:checking '/home/tayya/cpp_pkg/install/cpp_package/bin'
[15.499s] INFO:colcon.colcon_core.shell:Creating package script '/home/tayya/cpp_pkg/install/cpp_package/share/cpp_package/package.ps1'
[15.500s] INFO:colcon.colcon_core.shell:Creating package descriptor '/home/tayya/cpp_pkg/install/cpp_package/share/cpp_package/package.dsv'
[15.502s] INFO:colcon.colcon_core.shell:Creating package script '/home/tayya/cpp_pkg/install/cpp_package/share/cpp_package/package.sh'
[15.504s] INFO:colcon.colcon_core.shell:Creating package script '/home/tayya/cpp_pkg/install/cpp_package/share/cpp_package/package.bash'
[15.505s] INFO:colcon.colcon_core.shell:Creating package script '/home/tayya/cpp_pkg/install/cpp_package/share/cpp_package/package.zsh'
[15.507s] Level 1:colcon.colcon_core.environment:create_file_with_runtime_dependencies(/home/tayya/cpp_pkg/install/cpp_package/share/colcon-core/packages/cpp_package)
[15.507s] DEBUG:colcon.colcon_parallel_executor.executor.parallel:closing loop
[15.508s] DEBUG:colcon.colcon_parallel_executor.executor.parallel:loop closed
[15.509s] DEBUG:colcon.colcon_parallel_executor.executor.parallel:run_until_complete finished with '0'
[15.509s] DEBUG:colcon.colcon_core.event_reactor:joining thread
[15.525s] INFO:colcon.colcon_core.plugin_system:Skipping extension 'colcon_notification.desktop_notification.terminal_notifier': Not used on non-Darwin systems
[15.526s] INFO:colcon.colcon_core.plugin_system:Skipping extension 'colcon_notification.desktop_notification.win32': Not used on non-Windows systems
[15.526s] INFO:colcon.colcon_notification.desktop_notification:Sending desktop notification using 'notify2'
[15.561s] DEBUG:colcon.colcon_core.event_reactor:joined thread
[15.562s] INFO:colcon.colcon_core.shell:Creating prefix script '/home/tayya/cpp_pkg/install/local_setup.ps1'
[15.566s] INFO:colcon.colcon_core.shell:Creating prefix util module '/home/tayya/cpp_pkg/install/_local_setup_util_ps1.py'
[15.571s] INFO:colcon.colcon_core.shell:Creating prefix chain script '/home/tayya/cpp_pkg/install/setup.ps1'
[15.576s] INFO:colcon.colcon_core.shell:Creating prefix script '/home/tayya/cpp_pkg/install/local_setup.sh'
[15.578s] INFO:colcon.colcon_core.shell:Creating prefix util module '/home/tayya/cpp_pkg/install/_local_setup_util_sh.py'
[15.581s] INFO:colcon.colcon_core.shell:Creating prefix chain script '/home/tayya/cpp_pkg/install/setup.sh'
[15.585s] INFO:colcon.colcon_core.shell:Creating prefix script '/home/tayya/cpp_pkg/install/local_setup.bash'
[15.587s] INFO:colcon.colcon_core.shell:Creating prefix chain script '/home/tayya/cpp_pkg/install/setup.bash'
[15.590s] INFO:colcon.colcon_core.shell:Creating prefix script '/home/tayya/cpp_pkg/install/local_setup.zsh'
[15.592s] INFO:colcon.colcon_core.shell:Creating prefix chain script '/home/tayya/cpp_pkg/install/setup.zsh'
