[0.028s] Invoking command in '/home/tayya/cpp_pkg/build/cpp_package': CMAKE_PREFIX_PATH=${CMAKE_PREFIX_PATH}:/opt/ros/humble /usr/bin/cmake --build /home/tayya/cpp_pkg/build/cpp_package -- -j8 -l8
[0.088s] -- Found ament_cmake: 1.3.11 (/opt/ros/humble/share/ament_cmake/cmake)
[0.371s] -- Found rclcpp: 16.0.11 (/opt/ros/humble/share/rclcpp/cmake)
[0.429s] -- Found rosidl_generator_c: 3.1.6 (/opt/ros/humble/share/rosidl_generator_c/cmake)
[0.435s] -- Found rosidl_adapter: 3.1.6 (/opt/ros/humble/share/rosidl_adapter/cmake)
[0.448s] -- Found rosidl_generator_cpp: 3.1.6 (/opt/ros/humble/share/rosidl_generator_cpp/cmake)
[0.468s] -- Using all available rosidl_typesupport_c: rosidl_typesupport_fastrtps_c;rosidl_typesupport_introspection_c
[0.493s] -- Using all available rosidl_typesupport_cpp: rosidl_typesupport_fastrtps_cpp;rosidl_typesupport_introspection_cpp
[0.562s] -- Found rmw_implementation_cmake: 6.1.2 (/opt/ros/humble/share/rmw_implementation_cmake/cmake)
[0.564s] -- Found rmw_fastrtps_cpp: 6.2.7 (/opt/ros/humble/share/rmw_fastrtps_cpp/cmake)
[0.790s] -- Using RMW implementation 'rmw_fastrtps_cpp' as default
[0.896s] -- Found example_interfaces: 0.9.3 (/opt/ros/humble/share/example_interfaces/cmake)
[0.975s] -- Found rosidl_default_generators: 1.2.0 (/opt/ros/humble/share/rosidl_default_generators/cmake)
[1.552s] -- Found ament_cmake_ros: 0.10.0 (/opt/ros/humble/share/ament_cmake_ros/cmake)
[2.315s] -- Using all available rosidl_typesupport_c: rosidl_typesupport_fastrtps_c;rosidl_typesupport_introspection_c
[2.609s] -- Using all available rosidl_typesupport_cpp: rosidl_typesupport_fastrtps_cpp;rosidl_typesupport_introspection_cpp
[2.659s] -- Found python_cmake_module: 0.10.0 (/opt/ros/humble/share/python_cmake_module/cmake)
[2.707s] -- Using PYTHON_EXECUTABLE: /usr/bin/python3
[2.707s] -- Using PYTHON_INCLUDE_DIRS: /usr/include/python3.10
[2.708s] -- Using PYTHON_LIBRARIES: /usr/lib/x86_64-linux-gnu/libpython3.10.so
[2.803s] -- Found ament_lint_auto: 0.12.11 (/opt/ros/humble/share/ament_lint_auto/cmake)
[2.819s] -- Configuring done
[2.955s] -- Generating done
[3.016s] -- Build files have been written to: /home/tayya/cpp_pkg/build/cpp_package
[3.098s] [35m[1mConsolidate compiler generated dependencies of target cpp_package__rosidl_generator_c[0m
[3.098s] [35m[1mConsolidate compiler generated dependencies of target cpp_try2[0m
[3.098s] [35m[1mConsolidate compiler generated dependencies of target service[0m
[3.099s] [35m[1mConsolidate compiler generated dependencies of target publisher[0m
[3.099s] [35m[1mConsolidate compiler generated dependencies of target subscriber[0m
[3.099s] [35m[1mConsolidate compiler generated dependencies of target cpp_try[0m
[3.138s] [  2%] Built target cpp_package__cpp
[3.138s] [  4%] [32mBuilding CXX object CMakeFiles/cpp_try2.dir/src/cpp_try2.cpp.o[0m
[3.139s] [ 10%] Built target cpp_package__rosidl_generator_c
[3.152s] [ 12%] [32mBuilding CXX object CMakeFiles/subscriber.dir/src/subscriber.cpp.o[0m
[3.153s] [ 14%] [32mBuilding CXX object CMakeFiles/cpp_try.dir/src/cpp_try.cpp.o[0m
[3.157s] [ 17%] [32mBuilding CXX object CMakeFiles/publisher.dir/src/publisher.cpp.o[0m
[3.167s] [ 17%] Built target ament_cmake_python_copy_cpp_package
[3.167s] [ 19%] [32mBuilding CXX object CMakeFiles/service.dir/src/service.cpp.o[0m
[3.188s] [35m[1mConsolidate compiler generated dependencies of target service_class[0m
[3.203s] [35m[1mConsolidate compiler generated dependencies of target client[0m
[3.222s] [35m[1mConsolidate compiler generated dependencies of target client_class[0m
[3.259s] [ 21%] [32mBuilding CXX object CMakeFiles/service_class.dir/src/service_class.cpp.o[0m
[3.283s] [ 23%] [32mBuilding CXX object CMakeFiles/client_class.dir/src/client_class.cpp.o[0m
[3.320s] [ 25%] [32mBuilding CXX object CMakeFiles/client.dir/src/client.cpp.o[0m
[3.353s] [ 27%] [32m[1mLinking CXX executable client_class[0m
[3.787s] /usr/bin/ld: /usr/lib/gcc/x86_64-linux-gnu/11/../../../x86_64-linux-gnu/Scrt1.o: in function `_start':
[3.787s] (.text+0x1b): undefined reference to `main'
[3.790s] collect2: error: ld returned 1 exit status
[3.796s] gmake[2]: *** [CMakeFiles/client_class.dir/build.make:190: client_class] Error 1
[3.796s] gmake[1]: *** [CMakeFiles/Makefile2:788: CMakeFiles/client_class.dir/all] Error 2
[3.796s] gmake[1]: *** Waiting for unfinished jobs....
[4.186s] [01m[K/home/tayya/cpp_pkg/src/cpp_package/src/service_class.cpp:2:10:[m[K [01;31m[Kfatal error: [m[Kcustom_msg_and_srv/srv/capital_full_name.hpp: No such file or directory
[4.187s]     2 | #include [01;31m[K"custom_msg_and_srv/srv/capital_full_name.hpp"[m[K
[4.187s]       |          [01;31m[K^~~~~~~~~~~~~~~~~~~~~~~~~~~~~~~~~~~~~~~~~~~~~~[m[K
[4.187s] compilation terminated.
[4.203s] gmake[2]: *** [CMakeFiles/service_class.dir/build.make:76: CMakeFiles/service_class.dir/src/service_class.cpp.o] Error 1
[4.204s] gmake[1]: *** [CMakeFiles/Makefile2:762: CMakeFiles/service_class.dir/all] Error 2
[16.598s] [ 29%] [32m[1mLinking CXX executable service[0m
[17.196s] [ 29%] Built target service
[17.513s] [ 31%] [32m[1mLinking CXX executable publisher[0m
[17.581s] [ 34%] [32m[1mLinking CXX executable client[0m
[18.065s] [ 34%] Built target client
[18.079s] [ 34%] Built target publisher
[19.800s] [ 36%] [32m[1mLinking CXX executable cpp_try[0m
[20.314s] [ 36%] Built target cpp_try
[27.087s] [ 38%] [32m[1mLinking CXX executable subscriber[0m
[27.989s] [ 38%] Built target subscriber
[28.223s] [ 40%] [32m[1mLinking CXX executable cpp_try2[0m
[29.100s] [ 40%] Built target cpp_try2
[29.102s] gmake: *** [Makefile:146: all] Error 2
[29.107s] Invoked command in '/home/tayya/cpp_pkg/build/cpp_package' returned '2': CMAKE_PREFIX_PATH=${CMAKE_PREFIX_PATH}:/opt/ros/humble /usr/bin/cmake --build /home/tayya/cpp_pkg/build/cpp_package -- -j8 -l8
