[0.025s] Invoking command in '/home/tayya/cpp_pkg/build/cpp_package': CMAKE_PREFIX_PATH=${CMAKE_PREFIX_PATH}:/opt/ros/humble /usr/bin/cmake --build /home/tayya/cpp_pkg/build/cpp_package -- -j8 -l8
[0.099s] -- Found ament_cmake: 1.3.11 (/opt/ros/humble/share/ament_cmake/cmake)
[0.380s] -- Found rclcpp: 16.0.11 (/opt/ros/humble/share/rclcpp/cmake)
[0.438s] -- Found rosidl_generator_c: 3.1.6 (/opt/ros/humble/share/rosidl_generator_c/cmake)
[0.444s] -- Found rosidl_adapter: 3.1.6 (/opt/ros/humble/share/rosidl_adapter/cmake)
[0.456s] -- Found rosidl_generator_cpp: 3.1.6 (/opt/ros/humble/share/rosidl_generator_cpp/cmake)
[0.476s] -- Using all available rosidl_typesupport_c: rosidl_typesupport_fastrtps_c;rosidl_typesupport_introspection_c
[0.501s] -- Using all available rosidl_typesupport_cpp: rosidl_typesupport_fastrtps_cpp;rosidl_typesupport_introspection_cpp
[0.569s] -- Found rmw_implementation_cmake: 6.1.2 (/opt/ros/humble/share/rmw_implementation_cmake/cmake)
[0.572s] -- Found rmw_fastrtps_cpp: 6.2.7 (/opt/ros/humble/share/rmw_fastrtps_cpp/cmake)
[0.781s] -- Using RMW implementation 'rmw_fastrtps_cpp' as default
[0.888s] -- Found example_interfaces: 0.9.3 (/opt/ros/humble/share/example_interfaces/cmake)
[0.968s] -- Found rosidl_default_generators: 1.2.0 (/opt/ros/humble/share/rosidl_default_generators/cmake)
[1.491s] -- Found ament_cmake_ros: 0.10.0 (/opt/ros/humble/share/ament_cmake_ros/cmake)
[2.160s] -- Using all available rosidl_typesupport_c: rosidl_typesupport_fastrtps_c;rosidl_typesupport_introspection_c
[2.427s] -- Using all available rosidl_typesupport_cpp: rosidl_typesupport_fastrtps_cpp;rosidl_typesupport_introspection_cpp
[2.480s] -- Found python_cmake_module: 0.10.0 (/opt/ros/humble/share/python_cmake_module/cmake)
[2.535s] -- Using PYTHON_EXECUTABLE: /usr/bin/python3
[2.535s] -- Using PYTHON_INCLUDE_DIRS: /usr/include/python3.10
[2.535s] -- Using PYTHON_LIBRARIES: /usr/lib/x86_64-linux-gnu/libpython3.10.so
[2.628s] -- Configuring done
[2.792s] -- Generating done
[2.851s] -- Build files have been written to: /home/tayya/cpp_pkg/build/cpp_package
[2.918s] [35m[1mConsolidate compiler generated dependencies of target cpp_package__rosidl_generator_c[0m
[2.920s] [35m[1mConsolidate compiler generated dependencies of target cpp_try2[0m
[2.924s] [35m[1mConsolidate compiler generated dependencies of target service[0m
[2.924s] [35m[1mConsolidate compiler generated dependencies of target cpp_try[0m
[2.933s] [35m[1mConsolidate compiler generated dependencies of target publisher[0m
[2.934s] [35m[1mConsolidate compiler generated dependencies of target subscriber[0m
[2.959s] [  2%] Built target cpp_package__cpp
[2.973s] [  4%] [32mBuilding C object CMakeFiles/cpp_package__rosidl_generator_c.dir/rosidl_generator_c/cpp_package/srv/detail/capital_full_name__functions.c.o[0m
[2.984s] [  8%] Built target service
[2.985s] [ 12%] Built target cpp_try2
[2.995s] [35m[1mConsolidate compiler generated dependencies of target client[0m
[3.015s] [35m[1mConsolidate compiler generated dependencies of target service_class[0m
[3.017s] [ 12%] Built target ament_cmake_python_copy_cpp_package
[3.022s] [ 17%] Built target publisher
[3.030s] [ 21%] Built target cpp_try
[3.043s] [35m[1mConsolidate compiler generated dependencies of target client_class[0m
[3.052s] [ 23%] [32mBuilding CXX object CMakeFiles/service_class.dir/src/service_class.cpp.o[0m
[3.064s] [35m[1mConsolidate compiler generated dependencies of target cpp_package__rosidl_typesupport_cpp[0m
[3.073s] [35m[1mConsolidate compiler generated dependencies of target cpp_package__rosidl_typesupport_introspection_cpp[0m
[3.085s] [ 29%] Built target client
[3.086s] [ 31%] Built target subscriber
[3.100s] [ 34%] [32m[1mLinking CXX executable client_class[0m
[3.106s] [35m[1mConsolidate compiler generated dependencies of target cpp_package__rosidl_typesupport_fastrtps_cpp[0m
[3.133s] [ 36%] [32mBuilding CXX object CMakeFiles/cpp_package__rosidl_typesupport_cpp.dir/rosidl_typesupport_cpp/cpp_package/srv/capital_full_name__type_support.cpp.o[0m
[3.153s] [ 38%] [32mBuilding CXX object CMakeFiles/cpp_package__rosidl_typesupport_introspection_cpp.dir/rosidl_typesupport_introspection_cpp/cpp_package/srv/detail/capital_full_name__type_support.cpp.o[0m
[3.170s] [ 40%] [32mBuilding CXX object CMakeFiles/cpp_package__rosidl_typesupport_fastrtps_cpp.dir/rosidl_typesupport_fastrtps_cpp/cpp_package/srv/detail/dds_fastrtps/capital_full_name__type_support.cpp.o[0m
[3.297s] [ 42%] [32m[1mLinking C shared library libcpp_package__rosidl_generator_c.so[0m
[3.548s] [ 44%] Built target cpp_package__rosidl_generator_c
[3.569s] /usr/bin/ld: /usr/lib/gcc/x86_64-linux-gnu/11/../../../x86_64-linux-gnu/Scrt1.o: in function `_start':
[3.569s] (.text+0x1b): undefined reference to `main'
[3.574s] collect2: error: ld returned 1 exit status
[3.588s] [35m[1mConsolidate compiler generated dependencies of target cpp_package__rosidl_typesupport_fastrtps_c[0m
[3.598s] gmake[2]: *** [CMakeFiles/client_class.dir/build.make:190: client_class] Error 1
[3.600s] gmake[1]: *** [CMakeFiles/Makefile2:788: CMakeFiles/client_class.dir/all] Error 2
[3.601s] gmake[1]: *** Waiting for unfinished jobs....
[3.601s] [35m[1mConsolidate compiler generated dependencies of target cpp_package__rosidl_typesupport_introspection_c[0m
[3.637s] [ 46%] [32mBuilding CXX object CMakeFiles/cpp_package__rosidl_typesupport_fastrtps_c.dir/rosidl_typesupport_fastrtps_c/cpp_package/srv/detail/capital_full_name__type_support_c.cpp.o[0m
[3.637s] [ 48%] [32mBuilding C object CMakeFiles/cpp_package__rosidl_typesupport_introspection_c.dir/rosidl_typesupport_introspection_c/cpp_package/srv/detail/capital_full_name__type_support.c.o[0m
[3.812s] [ 51%] [32m[1mLinking C shared library libcpp_package__rosidl_typesupport_introspection_c.so[0m
[3.931s] [ 53%] Built target cpp_package__rosidl_typesupport_introspection_c
[3.987s] [01m[K/home/tayya/cpp_pkg/src/cpp_package/src/service_class.cpp:2:10:[m[K [01;31m[Kfatal error: [m[Kcustom_msg_and_srv/srv/capital_full_name.hpp: No such file or directory
[3.988s]     2 | #include [01;31m[K"custom_msg_and_srv/srv/capital_full_name.hpp"[m[K
[3.988s]       |          [01;31m[K^~~~~~~~~~~~~~~~~~~~~~~~~~~~~~~~~~~~~~~~~~~~~~[m[K
[3.988s] compilation terminated.
[3.991s] gmake[2]: *** [CMakeFiles/service_class.dir/build.make:76: CMakeFiles/service_class.dir/src/service_class.cpp.o] Error 1
[3.993s] gmake[1]: *** [CMakeFiles/Makefile2:762: CMakeFiles/service_class.dir/all] Error 2
[4.303s] running egg_info
[4.315s] writing cpp_package.egg-info/PKG-INFO
[4.315s] writing dependency_links to cpp_package.egg-info/dependency_links.txt
[4.316s] writing top-level names to cpp_package.egg-info/top_level.txt
[4.328s] reading manifest file 'cpp_package.egg-info/SOURCES.txt'
[4.328s] writing manifest file 'cpp_package.egg-info/SOURCES.txt'
[4.425s] [ 53%] Built target ament_cmake_python_build_cpp_package_egg
[4.448s] [ 55%] [32m[1mLinking CXX shared library libcpp_package__rosidl_typesupport_cpp.so[0m
[4.581s] [ 57%] Built target cpp_package__rosidl_typesupport_cpp
[4.682s] [ 59%] [32m[1mLinking CXX shared library libcpp_package__rosidl_typesupport_introspection_cpp.so[0m
[4.859s] [ 61%] Built target cpp_package__rosidl_typesupport_introspection_cpp
[5.024s] [ 63%] [32m[1mLinking CXX shared library libcpp_package__rosidl_typesupport_fastrtps_cpp.so[0m
[5.150s] [ 65%] [32m[1mLinking CXX shared library libcpp_package__rosidl_typesupport_fastrtps_c.so[0m
[5.287s] [ 68%] Built target cpp_package__rosidl_typesupport_fastrtps_cpp
[5.370s] [ 70%] Built target cpp_package__rosidl_typesupport_fastrtps_c
[5.373s] gmake: *** [Makefile:146: all] Error 2
[5.378s] Invoked command in '/home/tayya/cpp_pkg/build/cpp_package' returned '2': CMAKE_PREFIX_PATH=${CMAKE_PREFIX_PATH}:/opt/ros/humble /usr/bin/cmake --build /home/tayya/cpp_pkg/build/cpp_package -- -j8 -l8
