[35m[1mConsolidate compiler generated dependencies of target service[0m
[ 40%] Built target subscriber
[ 40%] Built target publisher
[ 60%] Built target cpp_try2
[ 80%] Built target cpp_try
[ 90%] [32mBuilding CXX object CMakeFiles/service.dir/src/service.cpp.o[0m
[01m[K/home/tayya/cpp_pkg/src/cpp_package/src/service.cpp:6:27:[m[K [01;31m[Kerror: [m[Kusing-declaration may not name namespace ‘[01m[Kexample_interfaces::srv[m[K’
    6 | using example_interfaces::[01;31m[Ksrv[m[K
      |                           [01;31m[K^~~[m[K
[01m[K/home/tayya/cpp_pkg/src/cpp_package/src/service.cpp:6:30:[m[K [01;31m[Kerror: [m[Kexpected ‘[01m[K;[m[K’ before ‘[01m[Kvoid[m[K’
    6 | using example_interfaces::srv
      |                              [01;31m[K^[m[K
      |                              [32m[K;[m[K
    7 | 
    8 | [32m[Kvoid[m[K add(const std::shared_ptr<AddTwoInts::Request> request,std::shared_ptr<AddTwoInts::Response> response){
      | [32m[K~~~~[m[K                          
[01m[K/home/tayya/cpp_pkg/src/cpp_package/src/service.cpp:8:32:[m[K [01;31m[Kerror: [m[K‘[01m[KAddTwoInts[m[K’ was not declared in this scope; did you mean ‘[01m[Kexample_interfaces::srv::AddTwoInts[m[K’?
    8 | void add(const std::shared_ptr<[01;31m[KAddTwoInts[m[K::Request> request,std::shared_ptr<AddTwoInts::Response> response){
      |                                [01;31m[K^~~~~~~~~~[m[K
      |                                [32m[Kexample_interfaces::srv::AddTwoInts[m[K
In file included from [01m[K/opt/ros/humble/include/example_interfaces/example_interfaces/srv/add_two_ints.hpp:7[m[K,
                 from [01m[K/home/tayya/cpp_pkg/src/cpp_package/src/service.cpp:2[m[K:
[01m[K/opt/ros/humble/include/example_interfaces/example_interfaces/srv/detail/add_two_ints__struct.hpp:265:8:[m[K [01;36m[Knote: [m[K‘[01m[Kexample_interfaces::srv::AddTwoInts[m[K’ declared here
  265 | struct [01;36m[KAddTwoInts[m[K
      |        [01;36m[K^~~~~~~~~~[m[K
[01m[K/home/tayya/cpp_pkg/src/cpp_package/src/service.cpp:8:51:[m[K [01;31m[Kerror: [m[Ktemplate argument 1 is invalid
    8 | void add(const std::shared_ptr<AddTwoInts::Request[01;31m[K>[m[K request,std::shared_ptr<AddTwoInts::Response> response){
      |                                                   [01;31m[K^[m[K
[01m[K/home/tayya/cpp_pkg/src/cpp_package/src/service.cpp:8:32:[m[K [01;31m[Kerror: [m[K‘[01m[KAddTwoInts[m[K’ was not declared in this scope; did you mean ‘[01m[Kexample_interfaces::srv::AddTwoInts[m[K’?
    8 | void add(const std::shared_ptr<[01;31m[KAddTwoInts[m[K::Request> request,std::shared_ptr<AddTwoInts::Response> response){
      |                                [01;31m[K^~~~~~~~~~[m[K
      |                                [32m[Kexample_interfaces::srv::AddTwoInts[m[K
In file included from [01m[K/opt/ros/humble/include/example_interfaces/example_interfaces/srv/add_two_ints.hpp:7[m[K,
                 from [01m[K/home/tayya/cpp_pkg/src/cpp_package/src/service.cpp:2[m[K:
[01m[K/opt/ros/humble/include/example_interfaces/example_interfaces/srv/detail/add_two_ints__struct.hpp:265:8:[m[K [01;36m[Knote: [m[K‘[01m[Kexample_interfaces::srv::AddTwoInts[m[K’ declared here
  265 | struct [01;36m[KAddTwoInts[m[K
      |        [01;36m[K^~~~~~~~~~[m[K
[01m[K/home/tayya/cpp_pkg/src/cpp_package/src/service.cpp:8:51:[m[K [01;31m[Kerror: [m[Ktemplate argument 1 is invalid
    8 | void add(const std::shared_ptr<AddTwoInts::Request[01;31m[K>[m[K request,std::shared_ptr<AddTwoInts::Response> response){
      |                                                   [01;31m[K^[m[K
[01m[K/home/tayya/cpp_pkg/src/cpp_package/src/service.cpp:8:32:[m[K [01;31m[Kerror: [m[K‘[01m[KAddTwoInts[m[K’ was not declared in this scope; did you mean ‘[01m[Kexample_interfaces::srv::AddTwoInts[m[K’?
    8 | void add(const std::shared_ptr<[01;31m[KAddTwoInts[m[K::Request> request,std::shared_ptr<AddTwoInts::Response> response){
      |                                [01;31m[K^~~~~~~~~~[m[K
      |                                [32m[Kexample_interfaces::srv::AddTwoInts[m[K
In file included from [01m[K/opt/ros/humble/include/example_interfaces/example_interfaces/srv/add_two_ints.hpp:7[m[K,
                 from [01m[K/home/tayya/cpp_pkg/src/cpp_package/src/service.cpp:2[m[K:
[01m[K/opt/ros/humble/include/example_interfaces/example_interfaces/srv/detail/add_two_ints__struct.hpp:265:8:[m[K [01;36m[Knote: [m[K‘[01m[Kexample_interfaces::srv::AddTwoInts[m[K’ declared here
  265 | struct [01;36m[KAddTwoInts[m[K
      |        [01;36m[K^~~~~~~~~~[m[K
[01m[K/home/tayya/cpp_pkg/src/cpp_package/src/service.cpp:8:51:[m[K [01;31m[Kerror: [m[Ktemplate argument 1 is invalid
    8 | void add(const std::shared_ptr<AddTwoInts::Request[01;31m[K>[m[K request,std::shared_ptr<AddTwoInts::Response> response){
      |                                                   [01;31m[K^[m[K
[01m[K/home/tayya/cpp_pkg/src/cpp_package/src/service.cpp:8:16:[m[K [01;31m[Kerror: [m[Kinvalid template-id
    8 | void add(const [01;31m[Kstd[m[K::shared_ptr<AddTwoInts::Request> request,std::shared_ptr<AddTwoInts::Response> response){
      |                [01;31m[K^~~[m[K
[01m[K/home/tayya/cpp_pkg/src/cpp_package/src/service.cpp:8:32:[m[K [01;31m[Kerror: [m[K‘[01m[KAddTwoInts[m[K’ was not declared in this scope; did you mean ‘[01m[Kexample_interfaces::srv::AddTwoInts[m[K’?
    8 | void add(const std::shared_ptr<[01;31m[KAddTwoInts[m[K::Request> request,std::shared_ptr<AddTwoInts::Response> response){
      |                                [01;31m[K^~~~~~~~~~[m[K
      |                                [32m[Kexample_interfaces::srv::AddTwoInts[m[K
In file included from [01m[K/opt/ros/humble/include/example_interfaces/example_interfaces/srv/add_two_ints.hpp:7[m[K,
                 from [01m[K/home/tayya/cpp_pkg/src/cpp_package/src/service.cpp:2[m[K:
[01m[K/opt/ros/humble/include/example_interfaces/example_interfaces/srv/detail/add_two_ints__struct.hpp:265:8:[m[K [01;36m[Knote: [m[K‘[01m[Kexample_interfaces::srv::AddTwoInts[m[K’ declared here
  265 | struct [01;36m[KAddTwoInts[m[K
      |        [01;36m[K^~~~~~~~~~[m[K
[01m[K/home/tayya/cpp_pkg/src/cpp_package/src/service.cpp:8:6:[m[K [01;31m[Kerror: [m[Kvariable or field ‘[01m[Kadd[m[K’ declared void
    8 | void [01;31m[Kadd[m[K(const std::shared_ptr<AddTwoInts::Request> request,std::shared_ptr<AddTwoInts::Response> response){
      |      [01;31m[K^~~[m[K
[01m[K/home/tayya/cpp_pkg/src/cpp_package/src/service.cpp:8:10:[m[K [01;31m[Kerror: [m[Kexpected primary-expression before ‘[01m[Kconst[m[K’
    8 | void add([01;31m[Kconst[m[K std::shared_ptr<AddTwoInts::Request> request,std::shared_ptr<AddTwoInts::Response> response){
      |          [01;31m[K^~~~~[m[K
[01m[K/home/tayya/cpp_pkg/src/cpp_package/src/service.cpp:8:77:[m[K [01;31m[Kerror: [m[K‘[01m[KAddTwoInts[m[K’ was not declared in this scope; did you mean ‘[01m[Kexample_interfaces::srv::AddTwoInts[m[K’?
    8 | void add(const std::shared_ptr<AddTwoInts::Request> request,std::shared_ptr<[01;31m[KAddTwoInts[m[K::Response> response){
      |                                                                             [01;31m[K^~~~~~~~~~[m[K
      |                                                                             [32m[Kexample_interfaces::srv::AddTwoInts[m[K
In file included from [01m[K/opt/ros/humble/include/example_interfaces/example_interfaces/srv/add_two_ints.hpp:7[m[K,
                 from [01m[K/home/tayya/cpp_pkg/src/cpp_package/src/service.cpp:2[m[K:
[01m[K/opt/ros/humble/include/example_interfaces/example_interfaces/srv/detail/add_two_ints__struct.hpp:265:8:[m[K [01;36m[Knote: [m[K‘[01m[Kexample_interfaces::srv::AddTwoInts[m[K’ declared here
  265 | struct [01;36m[KAddTwoInts[m[K
      |        [01;36m[K^~~~~~~~~~[m[K
[01m[K/home/tayya/cpp_pkg/src/cpp_package/src/service.cpp:8:97:[m[K [01;31m[Kerror: [m[Ktemplate argument 1 is invalid
    8 | void add(const std::shared_ptr<AddTwoInts::Request> request,std::shared_ptr<AddTwoInts::Response[01;31m[K>[m[K response){
      |                                                                                                 [01;31m[K^[m[K
[01m[K/home/tayya/cpp_pkg/src/cpp_package/src/service.cpp:[m[K In function ‘[01m[Kint main(int, char**)[m[K’:
[01m[K/home/tayya/cpp_pkg/src/cpp_package/src/service.cpp:17:19:[m[K [01;31m[Kerror: [m[K‘[01m[KAddTwoInts[m[K’ was not declared in this scope; did you mean ‘[01m[Kexample_interfaces::srv::AddTwoInts[m[K’?
   17 |   rclcpp::Service<[01;31m[KAddTwoInts[m[K>::SharedPtr service =node->create_service<AddTwoInts>("add_two_ints", &add);
      |                   [01;31m[K^~~~~~~~~~[m[K
      |                   [32m[Kexample_interfaces::srv::AddTwoInts[m[K
In file included from [01m[K/opt/ros/humble/include/example_interfaces/example_interfaces/srv/add_two_ints.hpp:7[m[K,
                 from [01m[K/home/tayya/cpp_pkg/src/cpp_package/src/service.cpp:2[m[K:
[01m[K/opt/ros/humble/include/example_interfaces/example_interfaces/srv/detail/add_two_ints__struct.hpp:265:8:[m[K [01;36m[Knote: [m[K‘[01m[Kexample_interfaces::srv::AddTwoInts[m[K’ declared here
  265 | struct [01;36m[KAddTwoInts[m[K
      |        [01;36m[K^~~~~~~~~~[m[K
[01m[K/home/tayya/cpp_pkg/src/cpp_package/src/service.cpp:17:29:[m[K [01;31m[Kerror: [m[Ktemplate argument 1 is invalid
   17 |   rclcpp::Service<AddTwoInts[01;31m[K>[m[K::SharedPtr service =node->create_service<AddTwoInts>("add_two_ints", &add);
      |                             [01;31m[K^[m[K
[01m[K/home/tayya/cpp_pkg/src/cpp_package/src/service.cpp:17:42:[m[K [01;31m[Kerror: [m[Kexpected initializer before ‘[01m[Kservice[m[K’
   17 |   rclcpp::Service<AddTwoInts>::SharedPtr [01;31m[Kservice[m[K =node->create_service<AddTwoInts>("add_two_ints", &add);
      |                                          [01;31m[K^~~~~~~[m[K
gmake[2]: *** [CMakeFiles/service.dir/build.make:76: CMakeFiles/service.dir/src/service.cpp.o] Error 1
gmake[1]: *** [CMakeFiles/Makefile2:249: CMakeFiles/service.dir/all] Error 2
gmake: *** [Makefile:146: all] Error 2
