[0.026s] Invoking command in '/home/tayya/cpp_pkg/build/cpp_package': CMAKE_PREFIX_PATH=${CMAKE_PREFIX_PATH}:/opt/ros/humble /usr/bin/cmake /home/tayya/cpp_pkg/src/cpp_package -DCMAKE_INSTALL_PREFIX=/home/tayya/cpp_pkg/install/cpp_package
[0.198s] -- The C compiler identification is GNU 11.4.0
[0.337s] -- The CXX compiler identification is GNU 11.4.0
[0.356s] -- Detecting C compiler ABI info
[0.512s] -- Detecting C compiler ABI info - done
[0.534s] -- Check for working C compiler: /usr/bin/cc - skipped
[0.535s] -- Detecting C compile features
[0.537s] -- Detecting C compile features - done
[0.544s] -- Detecting CXX compiler ABI info
[0.721s] -- Detecting CXX compiler ABI info - done
[0.742s] -- Check for working CXX compiler: /usr/bin/c++ - skipped
[0.743s] -- Detecting CXX compile features
[0.744s] -- Detecting CXX compile features - done
[0.759s] -- Found ament_cmake: 1.3.11 (/opt/ros/humble/share/ament_cmake/cmake)
[1.150s] -- Found Python3: /usr/bin/python3 (found version "3.10.12") found components: Interpreter 
[1.364s] -- Found rclcpp: 16.0.11 (/opt/ros/humble/share/rclcpp/cmake)
[1.456s] -- Found rosidl_generator_c: 3.1.6 (/opt/ros/humble/share/rosidl_generator_c/cmake)
[1.467s] -- Found rosidl_adapter: 3.1.6 (/opt/ros/humble/share/rosidl_adapter/cmake)
[1.489s] -- Found rosidl_generator_cpp: 3.1.6 (/opt/ros/humble/share/rosidl_generator_cpp/cmake)
[1.525s] -- Using all available rosidl_typesupport_c: rosidl_typesupport_fastrtps_c;rosidl_typesupport_introspection_c
[1.564s] -- Using all available rosidl_typesupport_cpp: rosidl_typesupport_fastrtps_cpp;rosidl_typesupport_introspection_cpp
[1.672s] -- Found rmw_implementation_cmake: 6.1.2 (/opt/ros/humble/share/rmw_implementation_cmake/cmake)
[1.678s] -- Found rmw_fastrtps_cpp: 6.2.7 (/opt/ros/humble/share/rmw_fastrtps_cpp/cmake)
[1.884s] -- Found OpenSSL: /usr/lib/x86_64-linux-gnu/libcrypto.so (found version "3.0.2")  
[1.945s] -- Found FastRTPS: /opt/ros/humble/include  
[2.037s] -- Using RMW implementation 'rmw_fastrtps_cpp' as default
[2.064s] -- Looking for pthread.h
[2.212s] -- Looking for pthread.h - found
[2.213s] -- Performing Test CMAKE_HAVE_LIBC_PTHREAD
[2.371s] -- Performing Test CMAKE_HAVE_LIBC_PTHREAD - Success
[2.375s] -- Found Threads: TRUE  
[2.495s] -- Found example_interfaces: 0.9.3 (/opt/ros/humble/share/example_interfaces/cmake)
[2.588s] -- Found rosidl_default_generators: 1.2.0 (/opt/ros/humble/share/rosidl_default_generators/cmake)
[3.338s] -- Found ament_cmake_ros: 0.10.0 (/opt/ros/humble/share/ament_cmake_ros/cmake)
[4.244s] -- Using all available rosidl_typesupport_c: rosidl_typesupport_fastrtps_c;rosidl_typesupport_introspection_c
[4.575s] -- Using all available rosidl_typesupport_cpp: rosidl_typesupport_fastrtps_cpp;rosidl_typesupport_introspection_cpp
[4.631s] -- Found PythonInterp: /usr/bin/python3 (found suitable version "3.10.12", minimum required is "3.6") 
[4.634s] -- Found python_cmake_module: 0.10.0 (/opt/ros/humble/share/python_cmake_module/cmake)
[4.694s] -- Found PythonLibs: /usr/lib/x86_64-linux-gnu/libpython3.10.so (found suitable version "3.10.12", minimum required is "3.5") 
[4.694s] -- Using PYTHON_EXECUTABLE: /usr/bin/python3
[4.694s] -- Using PYTHON_INCLUDE_DIRS: /usr/include/python3.10
[4.694s] -- Using PYTHON_LIBRARIES: /usr/lib/x86_64-linux-gnu/libpython3.10.so
[4.744s] -- Found PythonExtra: .so  
[4.977s] -- Configuring done
[5.127s] -- Generating done
[5.185s] -- Build files have been written to: /home/tayya/cpp_pkg/build/cpp_package
[5.209s] Invoked command in '/home/tayya/cpp_pkg/build/cpp_package' returned '0': CMAKE_PREFIX_PATH=${CMAKE_PREFIX_PATH}:/opt/ros/humble /usr/bin/cmake /home/tayya/cpp_pkg/src/cpp_package -DCMAKE_INSTALL_PREFIX=/home/tayya/cpp_pkg/install/cpp_package
[5.213s] Invoking command in '/home/tayya/cpp_pkg/build/cpp_package': CMAKE_PREFIX_PATH=${CMAKE_PREFIX_PATH}:/opt/ros/humble /usr/bin/cmake --build /home/tayya/cpp_pkg/build/cpp_package -- -j8 -l8
[5.325s] gmake[2]: Warning: File '/home/tayya/cpp_pkg/src/cpp_package/src/service.cpp' has modification time 9657 s in the future
[5.325s] [  2%] [34m[1mGenerating C code for ROS interfaces[0m
[5.331s] gmake[2]: Warning: File '/home/tayya/cpp_pkg/src/cpp_package/src/subscriber.cpp' has modification time 9868 s in the future
[5.335s] [  4%] [32mBuilding CXX object CMakeFiles/cpp_try.dir/src/cpp_try.cpp.o[0m
[5.338s] [  6%] [34m[1mGenerating C++ code for ROS interfaces[0m
[5.347s] [  8%] [32mBuilding CXX object CMakeFiles/service.dir/src/service.cpp.o[0m
[5.350s] [ 10%] [32mBuilding CXX object CMakeFiles/cpp_try2.dir/src/cpp_try2.cpp.o[0m
[5.357s] [ 10%] Built target ament_cmake_python_copy_cpp_package
[5.367s] [ 14%] [32mBuilding CXX object CMakeFiles/publisher.dir/src/publisher.cpp.o[0m
[5.369s] [ 14%] [32mBuilding CXX object CMakeFiles/subscriber.dir/src/subscriber.cpp.o[0m
[5.489s] [ 17%] [32mBuilding CXX object CMakeFiles/client.dir/src/client.cpp.o[0m
[7.132s] [ 17%] Built target cpp_package__cpp
[7.154s] [ 19%] [32mBuilding C object CMakeFiles/cpp_package__rosidl_generator_c.dir/rosidl_generator_c/cpp_package/srv/detail/capital_full_name__functions.c.o[0m
[7.201s] [ 21%] [34m[1mGenerating C++ type support dispatch for ROS interfaces[0m
[7.570s] [ 23%] [32m[1mLinking C shared library libcpp_package__rosidl_generator_c.so[0m
[7.917s] [ 23%] Built target cpp_package__rosidl_generator_c
[8.014s] [ 25%] [34m[1mGenerating C++ type support for eProsima Fast-RTPS[0m
[8.929s] [ 27%] [32mBuilding CXX object CMakeFiles/cpp_package__rosidl_typesupport_cpp.dir/rosidl_typesupport_cpp/cpp_package/srv/capital_full_name__type_support.cpp.o[0m
[9.994s] [ 29%] [32mBuilding CXX object CMakeFiles/cpp_package__rosidl_typesupport_fastrtps_cpp.dir/rosidl_typesupport_fastrtps_cpp/cpp_package/srv/detail/dds_fastrtps/capital_full_name__type_support.cpp.o[0m
[10.366s] [ 31%] [32m[1mLinking CXX shared library libcpp_package__rosidl_typesupport_cpp.so[0m
[10.711s] [ 31%] Built target cpp_package__rosidl_typesupport_cpp
[10.774s] [ 34%] [34m[1mGenerating C introspection for ROS interfaces[0m
[12.143s] [ 36%] [32m[1mLinking CXX shared library libcpp_package__rosidl_typesupport_fastrtps_cpp.so[0m
[12.543s] [ 36%] Built target cpp_package__rosidl_typesupport_fastrtps_cpp
[12.557s] [ 38%] [32mBuilding C object CMakeFiles/cpp_package__rosidl_typesupport_introspection_c.dir/rosidl_typesupport_introspection_c/cpp_package/srv/detail/capital_full_name__type_support.c.o[0m
[12.590s] [ 40%] [34m[1mGenerating C type support dispatch for ROS interfaces[0m
[12.907s] [ 42%] [32m[1mLinking C shared library libcpp_package__rosidl_typesupport_introspection_c.so[0m
[13.130s] [ 42%] Built target cpp_package__rosidl_typesupport_introspection_c
[13.204s] [ 44%] [34m[1mGenerating C++ introspection for ROS interfaces[0m
[14.224s] [ 46%] [32mBuilding CXX object CMakeFiles/cpp_package__rosidl_typesupport_c.dir/rosidl_typesupport_c/cpp_package/srv/capital_full_name__type_support.cpp.o[0m
[14.469s] [ 48%] [32m[1mLinking CXX shared library libcpp_package__rosidl_typesupport_c.so[0m
[14.666s] [ 48%] Built target cpp_package__rosidl_typesupport_c
[14.793s] [ 51%] [32mBuilding CXX object CMakeFiles/cpp_package__rosidl_typesupport_introspection_cpp.dir/rosidl_typesupport_introspection_cpp/cpp_package/srv/detail/capital_full_name__type_support.cpp.o[0m
[16.225s] running egg_info
[16.229s] creating cpp_package.egg-info
[16.231s] writing cpp_package.egg-info/PKG-INFO
[16.233s] writing dependency_links to cpp_package.egg-info/dependency_links.txt
[16.234s] writing top-level names to cpp_package.egg-info/top_level.txt
[16.236s] writing manifest file 'cpp_package.egg-info/SOURCES.txt'
[16.249s] reading manifest file 'cpp_package.egg-info/SOURCES.txt'
[16.253s] writing manifest file 'cpp_package.egg-info/SOURCES.txt'
[16.379s] [ 51%] Built target ament_cmake_python_build_cpp_package_egg
[16.460s] [ 53%] [32mBuilding CXX object CMakeFiles/service_class.dir/src/service_class.cpp.o[0m
[17.005s] [ 55%] [32m[1mLinking CXX shared library libcpp_package__rosidl_typesupport_introspection_cpp.so[0m
[17.360s] [ 55%] Built target cpp_package__rosidl_typesupport_introspection_cpp
[17.441s] [ 57%] [32mBuilding CXX object CMakeFiles/client_class.dir/src/client_class.cpp.o[0m
[22.069s] [ 59%] [32m[1mLinking CXX executable service[0m
[22.859s] gmake[2]: warning:  Clock skew detected.  Your build may be incomplete.
[22.934s] [ 59%] Built target service
[22.992s] [ 61%] [34m[1mGenerating C type support for eProsima Fast-RTPS[0m
[23.534s] [ 63%] [32m[1mLinking CXX executable client[0m
[24.399s] [ 63%] Built target client
[24.807s] [ 65%] [32mBuilding CXX object CMakeFiles/cpp_package__rosidl_typesupport_fastrtps_c.dir/rosidl_typesupport_fastrtps_c/cpp_package/srv/detail/capital_full_name__type_support_c.cpp.o[0m
[26.596s] [ 68%] [32m[1mLinking CXX shared library libcpp_package__rosidl_typesupport_fastrtps_c.so[0m
[26.942s] [ 68%] Built target cpp_package__rosidl_typesupport_fastrtps_c
[27.024s] [ 68%] Built target cpp_package
[27.125s] [ 70%] [34m[1mGenerating Python code for ROS interfaces[0m
[27.647s] [ 72%] [32m[1mLinking CXX executable cpp_try[0m
[28.505s] [ 72%] Built target cpp_try
[28.598s] [ 74%] [32m[1mLinking CXX executable publisher[0m
[29.416s] [ 74%] Built target cpp_package__py
[29.448s] [ 74%] Built target publisher
[29.486s] [ 76%] [32mBuilding C object CMakeFiles/cpp_package__rosidl_generator_py.dir/rosidl_generator_py/cpp_package/srv/_capital_full_name_s.c.o[0m
[30.030s] [ 78%] [32m[1mLinking C shared library rosidl_generator_py/cpp_package/libcpp_package__rosidl_generator_py.so[0m
[30.190s] [ 78%] Built target cpp_package__rosidl_generator_py
[30.274s] [ 80%] [32mBuilding C object CMakeFiles/cpp_package__rosidl_typesupport_fastrtps_c__pyext.dir/rosidl_generator_py/cpp_package/_cpp_package_s.ep.rosidl_typesupport_fastrtps_c.c.o[0m
[30.288s] [ 82%] [32mBuilding C object CMakeFiles/cpp_package__rosidl_typesupport_introspection_c__pyext.dir/rosidl_generator_py/cpp_package/_cpp_package_s.ep.rosidl_typesupport_introspection_c.c.o[0m
[30.304s] [ 85%] [32mBuilding C object CMakeFiles/cpp_package__rosidl_typesupport_c__pyext.dir/rosidl_generator_py/cpp_package/_cpp_package_s.ep.rosidl_typesupport_c.c.o[0m
[30.741s] [ 87%] [32m[1mLinking C shared library rosidl_generator_py/cpp_package/cpp_package_s__rosidl_typesupport_c.cpython-310-x86_64-linux-gnu.so[0m
[30.769s] [ 89%] [32m[1mLinking C shared library rosidl_generator_py/cpp_package/cpp_package_s__rosidl_typesupport_introspection_c.cpython-310-x86_64-linux-gnu.so[0m
[30.813s] [ 91%] [32m[1mLinking C shared library rosidl_generator_py/cpp_package/cpp_package_s__rosidl_typesupport_fastrtps_c.cpython-310-x86_64-linux-gnu.so[0m
[30.905s] [ 91%] Built target cpp_package__rosidl_typesupport_c__pyext
[30.938s] [ 91%] Built target cpp_package__rosidl_typesupport_introspection_c__pyext
[30.966s] [ 91%] Built target cpp_package__rosidl_typesupport_fastrtps_c__pyext
[33.082s] [ 93%] [32m[1mLinking CXX executable client_class[0m
[33.590s] [ 93%] Built target client_class
[35.643s] [ 95%] [32m[1mLinking CXX executable service_class[0m
[36.137s] [ 95%] Built target service_class
[38.154s] [ 97%] [32m[1mLinking CXX executable subscriber[0m
[38.898s] [100%] [32m[1mLinking CXX executable cpp_try2[0m
[39.290s] gmake[2]: warning:  Clock skew detected.  Your build may be incomplete.
[39.311s] [100%] Built target subscriber
[39.950s] [100%] Built target cpp_try2
[39.979s] Invoked command in '/home/tayya/cpp_pkg/build/cpp_package' returned '0': CMAKE_PREFIX_PATH=${CMAKE_PREFIX_PATH}:/opt/ros/humble /usr/bin/cmake --build /home/tayya/cpp_pkg/build/cpp_package -- -j8 -l8
[39.999s] Invoking command in '/home/tayya/cpp_pkg/build/cpp_package': CMAKE_PREFIX_PATH=${CMAKE_PREFIX_PATH}:/opt/ros/humble /usr/bin/cmake --install /home/tayya/cpp_pkg/build/cpp_package
[40.016s] -- Install configuration: ""
[40.016s] -- Installing: /home/tayya/cpp_pkg/install/cpp_package/share/ament_index/resource_index/rosidl_interfaces/cpp_package
[40.016s] -- Installing: /home/tayya/cpp_pkg/install/cpp_package/include/cpp_package/cpp_package
[40.016s] -- Installing: /home/tayya/cpp_pkg/install/cpp_package/include/cpp_package/cpp_package/msg
[40.016s] -- Installing: /home/tayya/cpp_pkg/install/cpp_package/include/cpp_package/cpp_package/msg/rosidl_generator_c__visibility_control.h
[40.017s] -- Installing: /home/tayya/cpp_pkg/install/cpp_package/include/cpp_package/cpp_package/srv
[40.017s] -- Installing: /home/tayya/cpp_pkg/install/cpp_package/include/cpp_package/cpp_package/srv/detail
[40.017s] -- Installing: /home/tayya/cpp_pkg/install/cpp_package/include/cpp_package/cpp_package/srv/detail/capital_full_name__functions.h
[40.017s] -- Installing: /home/tayya/cpp_pkg/install/cpp_package/include/cpp_package/cpp_package/srv/detail/capital_full_name__struct.h
[40.017s] -- Installing: /home/tayya/cpp_pkg/install/cpp_package/include/cpp_package/cpp_package/srv/detail/capital_full_name__functions.c
[40.017s] -- Installing: /home/tayya/cpp_pkg/install/cpp_package/include/cpp_package/cpp_package/srv/detail/capital_full_name__type_support.h
[40.018s] -- Installing: /home/tayya/cpp_pkg/install/cpp_package/include/cpp_package/cpp_package/srv/capital_full_name.h
[40.018s] -- Installing: /home/tayya/cpp_pkg/install/cpp_package/share/cpp_package/environment/library_path.sh
[40.018s] -- Installing: /home/tayya/cpp_pkg/install/cpp_package/share/cpp_package/environment/library_path.dsv
[40.018s] -- Installing: /home/tayya/cpp_pkg/install/cpp_package/lib/libcpp_package__rosidl_generator_c.so
[40.019s] -- Set runtime path of "/home/tayya/cpp_pkg/install/cpp_package/lib/libcpp_package__rosidl_generator_c.so" to ""
[40.020s] -- Up-to-date: /home/tayya/cpp_pkg/install/cpp_package/include/cpp_package/cpp_package
[40.020s] -- Up-to-date: /home/tayya/cpp_pkg/install/cpp_package/include/cpp_package/cpp_package/msg
[40.020s] -- Installing: /home/tayya/cpp_pkg/install/cpp_package/include/cpp_package/cpp_package/msg/rosidl_typesupport_fastrtps_c__visibility_control.h
[40.020s] -- Up-to-date: /home/tayya/cpp_pkg/install/cpp_package/include/cpp_package/cpp_package/srv
[40.020s] -- Up-to-date: /home/tayya/cpp_pkg/install/cpp_package/include/cpp_package/cpp_package/srv/detail
[40.020s] -- Installing: /home/tayya/cpp_pkg/install/cpp_package/include/cpp_package/cpp_package/srv/detail/capital_full_name__rosidl_typesupport_fastrtps_c.h
[40.021s] -- Installing: /home/tayya/cpp_pkg/install/cpp_package/lib/libcpp_package__rosidl_typesupport_fastrtps_c.so
[40.021s] -- Set runtime path of "/home/tayya/cpp_pkg/install/cpp_package/lib/libcpp_package__rosidl_typesupport_fastrtps_c.so" to ""
[40.021s] -- Up-to-date: /home/tayya/cpp_pkg/install/cpp_package/include/cpp_package/cpp_package
[40.022s] -- Up-to-date: /home/tayya/cpp_pkg/install/cpp_package/include/cpp_package/cpp_package/msg
[40.022s] -- Installing: /home/tayya/cpp_pkg/install/cpp_package/include/cpp_package/cpp_package/msg/rosidl_generator_cpp__visibility_control.hpp
[40.022s] -- Up-to-date: /home/tayya/cpp_pkg/install/cpp_package/include/cpp_package/cpp_package/srv
[40.023s] -- Up-to-date: /home/tayya/cpp_pkg/install/cpp_package/include/cpp_package/cpp_package/srv/detail
[40.023s] -- Installing: /home/tayya/cpp_pkg/install/cpp_package/include/cpp_package/cpp_package/srv/detail/capital_full_name__builder.hpp
[40.023s] -- Installing: /home/tayya/cpp_pkg/install/cpp_package/include/cpp_package/cpp_package/srv/detail/capital_full_name__struct.hpp
[40.023s] -- Installing: /home/tayya/cpp_pkg/install/cpp_package/include/cpp_package/cpp_package/srv/detail/capital_full_name__traits.hpp
[40.023s] -- Installing: /home/tayya/cpp_pkg/install/cpp_package/include/cpp_package/cpp_package/srv/detail/capital_full_name__type_support.hpp
[40.024s] -- Installing: /home/tayya/cpp_pkg/install/cpp_package/include/cpp_package/cpp_package/srv/capital_full_name.hpp
[40.024s] -- Up-to-date: /home/tayya/cpp_pkg/install/cpp_package/include/cpp_package/cpp_package
[40.024s] -- Up-to-date: /home/tayya/cpp_pkg/install/cpp_package/include/cpp_package/cpp_package/msg
[40.024s] -- Installing: /home/tayya/cpp_pkg/install/cpp_package/include/cpp_package/cpp_package/msg/rosidl_typesupport_fastrtps_cpp__visibility_control.h
[40.025s] -- Up-to-date: /home/tayya/cpp_pkg/install/cpp_package/include/cpp_package/cpp_package/srv
[40.025s] -- Up-to-date: /home/tayya/cpp_pkg/install/cpp_package/include/cpp_package/cpp_package/srv/detail
[40.026s] -- Installing: /home/tayya/cpp_pkg/install/cpp_package/include/cpp_package/cpp_package/srv/detail/capital_full_name__rosidl_typesupport_fastrtps_cpp.hpp
[40.026s] -- Installing: /home/tayya/cpp_pkg/install/cpp_package/include/cpp_package/cpp_package/srv/detail/dds_fastrtps
[40.026s] -- Installing: /home/tayya/cpp_pkg/install/cpp_package/lib/libcpp_package__rosidl_typesupport_fastrtps_cpp.so
[40.027s] -- Set runtime path of "/home/tayya/cpp_pkg/install/cpp_package/lib/libcpp_package__rosidl_typesupport_fastrtps_cpp.so" to ""
[40.027s] -- Up-to-date: /home/tayya/cpp_pkg/install/cpp_package/include/cpp_package/cpp_package
[40.027s] -- Up-to-date: /home/tayya/cpp_pkg/install/cpp_package/include/cpp_package/cpp_package/msg
[40.028s] -- Installing: /home/tayya/cpp_pkg/install/cpp_package/include/cpp_package/cpp_package/msg/rosidl_typesupport_introspection_c__visibility_control.h
[40.028s] -- Up-to-date: /home/tayya/cpp_pkg/install/cpp_package/include/cpp_package/cpp_package/srv
[40.028s] -- Up-to-date: /home/tayya/cpp_pkg/install/cpp_package/include/cpp_package/cpp_package/srv/detail
[40.028s] -- Installing: /home/tayya/cpp_pkg/install/cpp_package/include/cpp_package/cpp_package/srv/detail/capital_full_name__rosidl_typesupport_introspection_c.h
[40.029s] -- Installing: /home/tayya/cpp_pkg/install/cpp_package/include/cpp_package/cpp_package/srv/detail/capital_full_name__type_support.c
[40.029s] -- Installing: /home/tayya/cpp_pkg/install/cpp_package/lib/libcpp_package__rosidl_typesupport_introspection_c.so
[40.029s] -- Set runtime path of "/home/tayya/cpp_pkg/install/cpp_package/lib/libcpp_package__rosidl_typesupport_introspection_c.so" to ""
[40.029s] -- Installing: /home/tayya/cpp_pkg/install/cpp_package/lib/libcpp_package__rosidl_typesupport_c.so
[40.030s] -- Set runtime path of "/home/tayya/cpp_pkg/install/cpp_package/lib/libcpp_package__rosidl_typesupport_c.so" to ""
[40.030s] -- Up-to-date: /home/tayya/cpp_pkg/install/cpp_package/include/cpp_package/cpp_package
[40.030s] -- Up-to-date: /home/tayya/cpp_pkg/install/cpp_package/include/cpp_package/cpp_package/srv
[40.030s] -- Up-to-date: /home/tayya/cpp_pkg/install/cpp_package/include/cpp_package/cpp_package/srv/detail
[40.031s] -- Installing: /home/tayya/cpp_pkg/install/cpp_package/include/cpp_package/cpp_package/srv/detail/capital_full_name__rosidl_typesupport_introspection_cpp.hpp
[40.031s] -- Installing: /home/tayya/cpp_pkg/install/cpp_package/include/cpp_package/cpp_package/srv/detail/capital_full_name__type_support.cpp
[40.031s] -- Installing: /home/tayya/cpp_pkg/install/cpp_package/lib/libcpp_package__rosidl_typesupport_introspection_cpp.so
[40.031s] -- Set runtime path of "/home/tayya/cpp_pkg/install/cpp_package/lib/libcpp_package__rosidl_typesupport_introspection_cpp.so" to ""
[40.032s] -- Installing: /home/tayya/cpp_pkg/install/cpp_package/lib/libcpp_package__rosidl_typesupport_cpp.so
[40.032s] -- Set runtime path of "/home/tayya/cpp_pkg/install/cpp_package/lib/libcpp_package__rosidl_typesupport_cpp.so" to ""
[40.032s] -- Installing: /home/tayya/cpp_pkg/install/cpp_package/share/cpp_package/environment/pythonpath.sh
[40.032s] -- Installing: /home/tayya/cpp_pkg/install/cpp_package/share/cpp_package/environment/pythonpath.dsv
[40.033s] -- Installing: /home/tayya/cpp_pkg/install/cpp_package/local/lib/python3.10/dist-packages/cpp_package-0.0.0-py3.10.egg-info
[40.033s] -- Installing: /home/tayya/cpp_pkg/install/cpp_package/local/lib/python3.10/dist-packages/cpp_package-0.0.0-py3.10.egg-info/top_level.txt
[40.033s] -- Installing: /home/tayya/cpp_pkg/install/cpp_package/local/lib/python3.10/dist-packages/cpp_package-0.0.0-py3.10.egg-info/SOURCES.txt
[40.033s] -- Installing: /home/tayya/cpp_pkg/install/cpp_package/local/lib/python3.10/dist-packages/cpp_package-0.0.0-py3.10.egg-info/PKG-INFO
[40.034s] -- Installing: /home/tayya/cpp_pkg/install/cpp_package/local/lib/python3.10/dist-packages/cpp_package-0.0.0-py3.10.egg-info/dependency_links.txt
[40.034s] -- Installing: /home/tayya/cpp_pkg/install/cpp_package/local/lib/python3.10/dist-packages/cpp_package
[40.034s] -- Installing: /home/tayya/cpp_pkg/install/cpp_package/local/lib/python3.10/dist-packages/cpp_package/__init__.py
[40.034s] -- Installing: /home/tayya/cpp_pkg/install/cpp_package/local/lib/python3.10/dist-packages/cpp_package/_cpp_package_s.ep.rosidl_typesupport_fastrtps_c.c
[40.035s] -- Installing: /home/tayya/cpp_pkg/install/cpp_package/local/lib/python3.10/dist-packages/cpp_package/_cpp_package_s.ep.rosidl_typesupport_introspection_c.c
[40.035s] -- Installing: /home/tayya/cpp_pkg/install/cpp_package/local/lib/python3.10/dist-packages/cpp_package/cpp_package_s__rosidl_typesupport_c.cpython-310-x86_64-linux-gnu.so
[40.035s] -- Installing: /home/tayya/cpp_pkg/install/cpp_package/local/lib/python3.10/dist-packages/cpp_package/cpp_package_s__rosidl_typesupport_introspection_c.cpython-310-x86_64-linux-gnu.so
[40.035s] -- Installing: /home/tayya/cpp_pkg/install/cpp_package/local/lib/python3.10/dist-packages/cpp_package/_cpp_package_s.ep.rosidl_typesupport_c.c
[40.035s] -- Installing: /home/tayya/cpp_pkg/install/cpp_package/local/lib/python3.10/dist-packages/cpp_package/libcpp_package__rosidl_generator_py.so
[40.036s] -- Installing: /home/tayya/cpp_pkg/install/cpp_package/local/lib/python3.10/dist-packages/cpp_package/cpp_package_s__rosidl_typesupport_fastrtps_c.cpython-310-x86_64-linux-gnu.so
[40.036s] -- Installing: /home/tayya/cpp_pkg/install/cpp_package/local/lib/python3.10/dist-packages/cpp_package/srv
[40.036s] -- Installing: /home/tayya/cpp_pkg/install/cpp_package/local/lib/python3.10/dist-packages/cpp_package/srv/_capital_full_name_s.c
[40.036s] -- Installing: /home/tayya/cpp_pkg/install/cpp_package/local/lib/python3.10/dist-packages/cpp_package/srv/__init__.py
[40.036s] -- Installing: /home/tayya/cpp_pkg/install/cpp_package/local/lib/python3.10/dist-packages/cpp_package/srv/_capital_full_name.py
[40.113s] Listing '/home/tayya/cpp_pkg/install/cpp_package/local/lib/python3.10/dist-packages/cpp_package'...
[40.113s] Compiling '/home/tayya/cpp_pkg/install/cpp_package/local/lib/python3.10/dist-packages/cpp_package/__init__.py'...
[40.113s] Listing '/home/tayya/cpp_pkg/install/cpp_package/local/lib/python3.10/dist-packages/cpp_package/srv'...
[40.113s] Compiling '/home/tayya/cpp_pkg/install/cpp_package/local/lib/python3.10/dist-packages/cpp_package/srv/__init__.py'...
[40.114s] Compiling '/home/tayya/cpp_pkg/install/cpp_package/local/lib/python3.10/dist-packages/cpp_package/srv/_capital_full_name.py'...
[40.123s] -- Installing: /home/tayya/cpp_pkg/install/cpp_package/local/lib/python3.10/dist-packages/cpp_package/cpp_package_s__rosidl_typesupport_fastrtps_c.cpython-310-x86_64-linux-gnu.so
[40.123s] -- Set runtime path of "/home/tayya/cpp_pkg/install/cpp_package/local/lib/python3.10/dist-packages/cpp_package/cpp_package_s__rosidl_typesupport_fastrtps_c.cpython-310-x86_64-linux-gnu.so" to ""
[40.124s] -- Installing: /home/tayya/cpp_pkg/install/cpp_package/local/lib/python3.10/dist-packages/cpp_package/cpp_package_s__rosidl_typesupport_introspection_c.cpython-310-x86_64-linux-gnu.so
[40.125s] -- Set runtime path of "/home/tayya/cpp_pkg/install/cpp_package/local/lib/python3.10/dist-packages/cpp_package/cpp_package_s__rosidl_typesupport_introspection_c.cpython-310-x86_64-linux-gnu.so" to ""
[40.125s] -- Installing: /home/tayya/cpp_pkg/install/cpp_package/local/lib/python3.10/dist-packages/cpp_package/cpp_package_s__rosidl_typesupport_c.cpython-310-x86_64-linux-gnu.so
[40.126s] -- Set runtime path of "/home/tayya/cpp_pkg/install/cpp_package/local/lib/python3.10/dist-packages/cpp_package/cpp_package_s__rosidl_typesupport_c.cpython-310-x86_64-linux-gnu.so" to ""
[40.126s] -- Installing: /home/tayya/cpp_pkg/install/cpp_package/lib/libcpp_package__rosidl_generator_py.so
[40.127s] -- Set runtime path of "/home/tayya/cpp_pkg/install/cpp_package/lib/libcpp_package__rosidl_generator_py.so" to ""
[40.128s] -- Installing: /home/tayya/cpp_pkg/install/cpp_package/share/cpp_package/srv/CapitalFullName.idl
[40.128s] -- Installing: /home/tayya/cpp_pkg/install/cpp_package/share/cpp_package/srv/CapitalFullName.srv
[40.128s] -- Installing: /home/tayya/cpp_pkg/install/cpp_package/share/cpp_package/srv/CapitalFullName_Request.msg
[40.128s] -- Installing: /home/tayya/cpp_pkg/install/cpp_package/share/cpp_package/srv/CapitalFullName_Response.msg
[40.129s] -- Installing: /home/tayya/cpp_pkg/install/cpp_package/lib/cpp_package/cpp_try
[40.131s] -- Set runtime path of "/home/tayya/cpp_pkg/install/cpp_package/lib/cpp_package/cpp_try" to ""
[40.132s] -- Installing: /home/tayya/cpp_pkg/install/cpp_package/lib/cpp_package/cpp_try2
[40.138s] -- Set runtime path of "/home/tayya/cpp_pkg/install/cpp_package/lib/cpp_package/cpp_try2" to ""
[40.139s] -- Installing: /home/tayya/cpp_pkg/install/cpp_package/lib/cpp_package/subscriber
[40.146s] -- Set runtime path of "/home/tayya/cpp_pkg/install/cpp_package/lib/cpp_package/subscriber" to ""
[40.147s] -- Installing: /home/tayya/cpp_pkg/install/cpp_package/lib/cpp_package/publisher
[40.149s] -- Set runtime path of "/home/tayya/cpp_pkg/install/cpp_package/lib/cpp_package/publisher" to ""
[40.149s] -- Installing: /home/tayya/cpp_pkg/install/cpp_package/lib/cpp_package/service
[40.150s] -- Set runtime path of "/home/tayya/cpp_pkg/install/cpp_package/lib/cpp_package/service" to ""
[40.150s] -- Installing: /home/tayya/cpp_pkg/install/cpp_package/lib/cpp_package/client
[40.152s] -- Set runtime path of "/home/tayya/cpp_pkg/install/cpp_package/lib/cpp_package/client" to ""
[40.152s] -- Installing: /home/tayya/cpp_pkg/install/cpp_package/lib/cpp_package/service_class
[40.154s] -- Set runtime path of "/home/tayya/cpp_pkg/install/cpp_package/lib/cpp_package/service_class" to ""
[40.154s] -- Installing: /home/tayya/cpp_pkg/install/cpp_package/lib/cpp_package/client_class
[40.156s] -- Set runtime path of "/home/tayya/cpp_pkg/install/cpp_package/lib/cpp_package/client_class" to ""
[40.156s] -- Installing: /home/tayya/cpp_pkg/install/cpp_package/share/ament_index/resource_index/package_run_dependencies/cpp_package
[40.156s] -- Installing: /home/tayya/cpp_pkg/install/cpp_package/share/ament_index/resource_index/parent_prefix_path/cpp_package
[40.157s] -- Installing: /home/tayya/cpp_pkg/install/cpp_package/share/cpp_package/environment/ament_prefix_path.sh
[40.157s] -- Installing: /home/tayya/cpp_pkg/install/cpp_package/share/cpp_package/environment/ament_prefix_path.dsv
[40.157s] -- Installing: /home/tayya/cpp_pkg/install/cpp_package/share/cpp_package/environment/path.sh
[40.158s] -- Installing: /home/tayya/cpp_pkg/install/cpp_package/share/cpp_package/environment/path.dsv
[40.158s] -- Installing: /home/tayya/cpp_pkg/install/cpp_package/share/cpp_package/local_setup.bash
[40.159s] -- Installing: /home/tayya/cpp_pkg/install/cpp_package/share/cpp_package/local_setup.sh
[40.159s] -- Installing: /home/tayya/cpp_pkg/install/cpp_package/share/cpp_package/local_setup.zsh
[40.159s] -- Installing: /home/tayya/cpp_pkg/install/cpp_package/share/cpp_package/local_setup.dsv
[40.159s] -- Installing: /home/tayya/cpp_pkg/install/cpp_package/share/cpp_package/package.dsv
[40.160s] -- Installing: /home/tayya/cpp_pkg/install/cpp_package/share/ament_index/resource_index/packages/cpp_package
[40.160s] -- Installing: /home/tayya/cpp_pkg/install/cpp_package/share/cpp_package/cmake/export_cpp_package__rosidl_generator_cExport.cmake
[40.160s] -- Installing: /home/tayya/cpp_pkg/install/cpp_package/share/cpp_package/cmake/export_cpp_package__rosidl_generator_cExport-noconfig.cmake
[40.161s] -- Installing: /home/tayya/cpp_pkg/install/cpp_package/share/cpp_package/cmake/export_cpp_package__rosidl_typesupport_fastrtps_cExport.cmake
[40.161s] -- Installing: /home/tayya/cpp_pkg/install/cpp_package/share/cpp_package/cmake/export_cpp_package__rosidl_typesupport_fastrtps_cExport-noconfig.cmake
[40.161s] -- Installing: /home/tayya/cpp_pkg/install/cpp_package/share/cpp_package/cmake/export_cpp_package__rosidl_generator_cppExport.cmake
[40.161s] -- Installing: /home/tayya/cpp_pkg/install/cpp_package/share/cpp_package/cmake/export_cpp_package__rosidl_typesupport_fastrtps_cppExport.cmake
[40.161s] -- Installing: /home/tayya/cpp_pkg/install/cpp_package/share/cpp_package/cmake/export_cpp_package__rosidl_typesupport_fastrtps_cppExport-noconfig.cmake
[40.162s] -- Installing: /home/tayya/cpp_pkg/install/cpp_package/share/cpp_package/cmake/cpp_package__rosidl_typesupport_introspection_cExport.cmake
[40.162s] -- Installing: /home/tayya/cpp_pkg/install/cpp_package/share/cpp_package/cmake/cpp_package__rosidl_typesupport_introspection_cExport-noconfig.cmake
[40.162s] -- Installing: /home/tayya/cpp_pkg/install/cpp_package/share/cpp_package/cmake/cpp_package__rosidl_typesupport_cExport.cmake
[40.163s] -- Installing: /home/tayya/cpp_pkg/install/cpp_package/share/cpp_package/cmake/cpp_package__rosidl_typesupport_cExport-noconfig.cmake
[40.163s] -- Installing: /home/tayya/cpp_pkg/install/cpp_package/share/cpp_package/cmake/cpp_package__rosidl_typesupport_introspection_cppExport.cmake
[40.164s] -- Installing: /home/tayya/cpp_pkg/install/cpp_package/share/cpp_package/cmake/cpp_package__rosidl_typesupport_introspection_cppExport-noconfig.cmake
[40.164s] -- Installing: /home/tayya/cpp_pkg/install/cpp_package/share/cpp_package/cmake/cpp_package__rosidl_typesupport_cppExport.cmake
[40.164s] -- Installing: /home/tayya/cpp_pkg/install/cpp_package/share/cpp_package/cmake/cpp_package__rosidl_typesupport_cppExport-noconfig.cmake
[40.164s] -- Installing: /home/tayya/cpp_pkg/install/cpp_package/share/cpp_package/cmake/export_cpp_package__rosidl_generator_pyExport.cmake
[40.165s] -- Installing: /home/tayya/cpp_pkg/install/cpp_package/share/cpp_package/cmake/export_cpp_package__rosidl_generator_pyExport-noconfig.cmake
[40.165s] -- Installing: /home/tayya/cpp_pkg/install/cpp_package/share/cpp_package/cmake/rosidl_cmake-extras.cmake
[40.165s] -- Installing: /home/tayya/cpp_pkg/install/cpp_package/share/cpp_package/cmake/ament_cmake_export_dependencies-extras.cmake
[40.166s] -- Installing: /home/tayya/cpp_pkg/install/cpp_package/share/cpp_package/cmake/ament_cmake_export_include_directories-extras.cmake
[40.166s] -- Installing: /home/tayya/cpp_pkg/install/cpp_package/share/cpp_package/cmake/ament_cmake_export_libraries-extras.cmake
[40.166s] -- Installing: /home/tayya/cpp_pkg/install/cpp_package/share/cpp_package/cmake/ament_cmake_export_targets-extras.cmake
[40.167s] -- Installing: /home/tayya/cpp_pkg/install/cpp_package/share/cpp_package/cmake/rosidl_cmake_export_typesupport_targets-extras.cmake
[40.167s] -- Installing: /home/tayya/cpp_pkg/install/cpp_package/share/cpp_package/cmake/rosidl_cmake_export_typesupport_libraries-extras.cmake
[40.167s] -- Installing: /home/tayya/cpp_pkg/install/cpp_package/share/cpp_package/cmake/cpp_packageConfig.cmake
[40.167s] -- Installing: /home/tayya/cpp_pkg/install/cpp_package/share/cpp_package/cmake/cpp_packageConfig-version.cmake
[40.168s] -- Installing: /home/tayya/cpp_pkg/install/cpp_package/share/cpp_package/package.xml
[40.173s] Invoked command in '/home/tayya/cpp_pkg/build/cpp_package' returned '0': CMAKE_PREFIX_PATH=${CMAKE_PREFIX_PATH}:/opt/ros/humble /usr/bin/cmake --install /home/tayya/cpp_pkg/build/cpp_package
