[0.039s] Invoking command in '/home/tayya/cpp_pkg/build/cpp_package': CMAKE_PREFIX_PATH=${CMAKE_PREFIX_PATH}:/opt/ros/humble /usr/bin/cmake --build /home/tayya/cpp_pkg/build/cpp_package -- -j8 -l8
[0.192s] [  2%] Built target cpp_package__cpp
[0.205s] [  8%] Built target cpp_package__rosidl_generator_c
[0.212s] [ 12%] Built target cpp_try2
[0.218s] [ 17%] Built target cpp_try
[0.223s] [ 21%] Built target subscriber
[0.232s] [ 27%] Built target service
[0.233s] [ 29%] Built target publisher
[0.276s] [ 29%] Built target ament_cmake_python_copy_cpp_package
[0.295s] [ 36%] Built target cpp_package__rosidl_typesupport_cpp
[0.309s] [ 44%] Built target client
[0.316s] [ 46%] Built target cpp_package__rosidl_typesupport_fastrtps_c
[0.316s] [ 59%] Built target cpp_package__rosidl_typesupport_fastrtps_cpp
[0.316s] [ 59%] Built target cpp_package__rosidl_typesupport_introspection_c
[0.322s] [ 65%] Built target cpp_package__rosidl_typesupport_c
[0.327s] [ 72%] Built target cpp_package__rosidl_typesupport_introspection_cpp
[0.376s] [ 72%] Built target cpp_package
[0.418s] [35m[1mConsolidate compiler generated dependencies of target service_class[0m
[0.428s] [ 74%] Built target cpp_package__py
[0.441s] [ 76%] [32m[1mLinking CXX executable client_class[0m
[0.479s] [ 78%] [32mBuilding CXX object CMakeFiles/service_class.dir/src/service_class.cpp.o[0m
[0.485s] [ 82%] Built target cpp_package__rosidl_generator_py
[0.563s] [ 87%] Built target cpp_package__rosidl_typesupport_c__pyext
[0.569s] [ 91%] Built target cpp_package__rosidl_typesupport_fastrtps_c__pyext
[0.574s] [ 95%] Built target cpp_package__rosidl_typesupport_introspection_c__pyext
[0.696s] /usr/bin/ld: /usr/lib/gcc/x86_64-linux-gnu/11/../../../x86_64-linux-gnu/Scrt1.o: in function `_start':
[0.696s] (.text+0x1b): undefined reference to `main'
[0.701s] collect2: error: ld returned 1 exit status
[0.704s] gmake[2]: *** [CMakeFiles/client_class.dir/build.make:191: client_class] Error 1
[0.705s] gmake[1]: *** [CMakeFiles/Makefile2:792: CMakeFiles/client_class.dir/all] Error 2
[0.705s] gmake[1]: *** Waiting for unfinished jobs....
[1.049s] running egg_info
[1.051s] writing cpp_package.egg-info/PKG-INFO
[1.051s] writing dependency_links to cpp_package.egg-info/dependency_links.txt
[1.052s] writing top-level names to cpp_package.egg-info/top_level.txt
[1.058s] reading manifest file 'cpp_package.egg-info/SOURCES.txt'
[1.060s] writing manifest file 'cpp_package.egg-info/SOURCES.txt'
[1.127s] [ 95%] Built target ament_cmake_python_build_cpp_package_egg
[9.090s] [ 97%] [32m[1mLinking CXX executable service_class[0m
[9.322s] /usr/bin/ld: /usr/lib/gcc/x86_64-linux-gnu/11/../../../x86_64-linux-gnu/Scrt1.o: in function `_start':
[9.322s] (.text+0x1b): undefined reference to `main'
[9.334s] collect2: error: ld returned 1 exit status
[9.337s] gmake[2]: *** [CMakeFiles/service_class.dir/build.make:191: service_class] Error 1
[9.337s] gmake[1]: *** [CMakeFiles/Makefile2:764: CMakeFiles/service_class.dir/all] Error 2
[9.337s] gmake: *** [Makefile:146: all] Error 2
[9.342s] Invoked command in '/home/tayya/cpp_pkg/build/cpp_package' returned '2': CMAKE_PREFIX_PATH=${CMAKE_PREFIX_PATH}:/opt/ros/humble /usr/bin/cmake --build /home/tayya/cpp_pkg/build/cpp_package -- -j8 -l8
