[0.028s] Invoking command in '/home/tayya/cpp_pkg/build/cpp_package': CMAKE_PREFIX_PATH=${CMAKE_PREFIX_PATH}:/opt/ros/humble /usr/bin/cmake --build /home/tayya/cpp_pkg/build/cpp_package -- -j8 -l8
[0.082s] -- Found ament_cmake: 1.3.11 (/opt/ros/humble/share/ament_cmake/cmake)
[0.366s] -- Found rclcpp: 16.0.11 (/opt/ros/humble/share/rclcpp/cmake)
[0.427s] -- Found rosidl_generator_c: 3.1.6 (/opt/ros/humble/share/rosidl_generator_c/cmake)
[0.432s] -- Found rosidl_adapter: 3.1.6 (/opt/ros/humble/share/rosidl_adapter/cmake)
[0.446s] -- Found rosidl_generator_cpp: 3.1.6 (/opt/ros/humble/share/rosidl_generator_cpp/cmake)
[0.468s] -- Using all available rosidl_typesupport_c: rosidl_typesupport_fastrtps_c;rosidl_typesupport_introspection_c
[0.494s] -- Using all available rosidl_typesupport_cpp: rosidl_typesupport_fastrtps_cpp;rosidl_typesupport_introspection_cpp
[0.566s] -- Found rmw_implementation_cmake: 6.1.2 (/opt/ros/humble/share/rmw_implementation_cmake/cmake)
[0.569s] -- Found rmw_fastrtps_cpp: 6.2.7 (/opt/ros/humble/share/rmw_fastrtps_cpp/cmake)
[0.777s] -- Using RMW implementation 'rmw_fastrtps_cpp' as default
[0.888s] -- Found example_interfaces: 0.9.3 (/opt/ros/humble/share/example_interfaces/cmake)
[1.128s] -- Configuring done
[1.176s] -- Generating done
[1.198s] -- Build files have been written to: /home/tayya/cpp_pkg/build/cpp_package
[1.249s] [35m[1mConsolidate compiler generated dependencies of target cpp_try[0m
[1.250s] [35m[1mConsolidate compiler generated dependencies of target subscriber[0m
[1.256s] [35m[1mConsolidate compiler generated dependencies of target cpp_try2[0m
[1.258s] [35m[1mConsolidate compiler generated dependencies of target publisher[0m
[1.278s] [ 10%] [32mBuilding CXX object CMakeFiles/service.dir/src/service.cpp.o[0m
[1.296s] [ 20%] [32mBuilding CXX object CMakeFiles/cpp_try.dir/src/cpp_try.cpp.o[0m
[1.298s] [ 30%] [32mBuilding CXX object CMakeFiles/subscriber.dir/src/subscriber.cpp.o[0m
[1.306s] [ 40%] [32mBuilding CXX object CMakeFiles/cpp_try2.dir/src/cpp_try2.cpp.o[0m
[1.310s] [ 50%] [32mBuilding CXX object CMakeFiles/publisher.dir/src/publisher.cpp.o[0m
[10.803s] [01m[K/home/tayya/cpp_pkg/src/cpp_package/src/service.cpp:8:32:[m[K [01;31m[Kerror: [m[K‘[01m[KRequest[m[K’ was not declared in this scope
[10.803s]     8 | void add(const std::shared_ptr<[01;31m[KRequest[m[K>request , std::shared_ptr<Response> response){
[10.804s]       |                                [01;31m[K^~~~~~~[m[K
[10.804s] [01m[K/home/tayya/cpp_pkg/src/cpp_package/src/service.cpp:8:39:[m[K [01;31m[Kerror: [m[Ktemplate argument 1 is invalid
[10.804s]     8 | void add(const std::shared_ptr<Request[01;31m[K>[m[Krequest , std::shared_ptr<Response> response){
[10.805s]       |                                       [01;31m[K^[m[K
[10.816s] [01m[K/home/tayya/cpp_pkg/src/cpp_package/src/service.cpp:8:66:[m[K [01;31m[Kerror: [m[K‘[01m[KResponse[m[K’ was not declared in this scope
[10.817s]     8 | void add(const std::shared_ptr<Request>request , std::shared_ptr<[01;31m[KResponse[m[K> response){
[10.817s]       |                                                                  [01;31m[K^~~~~~~~[m[K
[10.818s] [01m[K/home/tayya/cpp_pkg/src/cpp_package/src/service.cpp:8:74:[m[K [01;31m[Kerror: [m[Ktemplate argument 1 is invalid
[10.818s]     8 | void add(const std::shared_ptr<Request>request , std::shared_ptr<Response[01;31m[K>[m[K response){
[10.819s]       |                                                                          [01;31m[K^[m[K
[10.819s] [01m[K/home/tayya/cpp_pkg/src/cpp_package/src/service.cpp:[m[K In function ‘[01m[Kvoid add(int, int)[m[K’:
[10.819s] [01m[K/home/tayya/cpp_pkg/src/cpp_package/src/service.cpp:9:13:[m[K [01;31m[Kerror: [m[Kbase operand of ‘[01m[K->[m[K’ is not a pointer
[10.820s]     9 |     response[01;31m[K->[m[Ksum  = request->a + request->b;
[10.820s]       |             [01;31m[K^~[m[K
[10.821s] [01m[K/home/tayya/cpp_pkg/src/cpp_package/src/service.cpp:9:29:[m[K [01;31m[Kerror: [m[Kbase operand of ‘[01m[K->[m[K’ is not a pointer
[10.821s]     9 |     response->sum  = request[01;31m[K->[m[Ka + request->b;
[10.821s]       |                             [01;31m[K^~[m[K
[10.822s] [01m[K/home/tayya/cpp_pkg/src/cpp_package/src/service.cpp:9:42:[m[K [01;31m[Kerror: [m[Kbase operand of ‘[01m[K->[m[K’ is not a pointer
[10.822s]     9 |     response->sum  = request->a + request[01;31m[K->[m[Kb;
[10.822s]       |                                          [01;31m[K^~[m[K
[10.823s] In file included from [01m[K/opt/ros/humble/include/rclcpp/rclcpp/logging.hpp:24[m[K,
[10.823s]                  from [01m[K/opt/ros/humble/include/rclcpp/rclcpp/client.hpp:40[m[K,
[10.823s]                  from [01m[K/opt/ros/humble/include/rclcpp/rclcpp/callback_group.hpp:24[m[K,
[10.824s]                  from [01m[K/opt/ros/humble/include/rclcpp/rclcpp/any_executable.hpp:20[m[K,
[10.825s]                  from [01m[K/opt/ros/humble/include/rclcpp/rclcpp/memory_strategy.hpp:25[m[K,
[10.825s]                  from [01m[K/opt/ros/humble/include/rclcpp/rclcpp/memory_strategies.hpp:18[m[K,
[10.825s]                  from [01m[K/opt/ros/humble/include/rclcpp/rclcpp/executor_options.hpp:20[m[K,
[10.826s]                  from [01m[K/opt/ros/humble/include/rclcpp/rclcpp/executor.hpp:37[m[K,
[10.826s]                  from [01m[K/opt/ros/humble/include/rclcpp/rclcpp/executors/multi_threaded_executor.hpp:25[m[K,
[10.826s]                  from [01m[K/opt/ros/humble/include/rclcpp/rclcpp/executors.hpp:21[m[K,
[10.827s]                  from [01m[K/opt/ros/humble/include/rclcpp/rclcpp/rclcpp.hpp:155[m[K,
[10.827s]                  from [01m[K/home/tayya/cpp_pkg/src/cpp_package/src/service.cpp:1[m[K:
[10.827s] [01m[K/home/tayya/cpp_pkg/src/cpp_package/src/service.cpp:10:93:[m[K [01;31m[Kerror: [m[Kbase operand of ‘[01m[K->[m[K’ is not a pointer
[10.829s]    10 |     RCLCPP_INFO(rclcpp::get_logger("rclcpp"), "Incoming request\na: %ld" " b: %ld" , request[01;31m[K->[m[Ka, request->b);
[10.829s]       |                                                                                             [01;31m[K^~[m[K
[10.830s] [01m[K/home/tayya/cpp_pkg/src/cpp_package/src/service.cpp:10:105:[m[K [01;31m[Kerror: [m[Kbase operand of ‘[01m[K->[m[K’ is not a pointer
[10.830s]    10 |     RCLCPP_INFO(rclcpp::get_logger("rclcpp"), "Incoming request\na: %ld" " b: %ld" , request->a, request[01;31m[K->[m[Kb);
[10.831s]       |                                                                                                         [01;31m[K^~[m[K
[10.831s] [01m[K/home/tayya/cpp_pkg/src/cpp_package/src/service.cpp:11:98:[m[K [01;31m[Kerror: [m[Kbase operand of ‘[01m[K->[m[K’ is not a pointer
[10.831s]    11 |     RCLCPP_INFO(rclcpp::get_logger("rclcpp"), "sending back response: [%ld]", (long int) response[01;31m[K->[m[Ksum);
[10.832s]       |                                                                                                  [01;31m[K^~[m[K
[10.909s] [01m[K/home/tayya/cpp_pkg/src/cpp_package/src/service.cpp:[m[K In function ‘[01m[Kint main(int, char**)[m[K’:
[10.909s] [01m[K/home/tayya/cpp_pkg/src/cpp_package/src/service.cpp:14:14:[m[K [01;35m[Kwarning: [m[Kunused parameter ‘[01m[Kargc[m[K’ [[01;35m[K]8;;https://gcc.gnu.org/onlinedocs/gcc/Warning-Options.html#index-Wunused-parameter-Wunused-parameter]8;;[m[K]
[10.909s]    14 | int main([01;35m[Kint argc[m[K, char **argv){
[10.910s]       |          [01;35m[K~~~~^~~~[m[K
[10.910s] [01m[K/home/tayya/cpp_pkg/src/cpp_package/src/service.cpp:14:27:[m[K [01;35m[Kwarning: [m[Kunused parameter ‘[01m[Kargv[m[K’ [[01;35m[K]8;;https://gcc.gnu.org/onlinedocs/gcc/Warning-Options.html#index-Wunused-parameter-Wunused-parameter]8;;[m[K]
[10.910s]    14 | int main(int argc, [01;35m[Kchar **argv[m[K){
[10.911s]       |                    [01;35m[K~~~~~~~^~~~[m[K
[12.022s] In file included from [01m[K/opt/ros/humble/include/rclcpp/rclcpp/service.hpp:36[m[K,
[12.023s]                  from [01m[K/opt/ros/humble/include/rclcpp/rclcpp/callback_group.hpp:28[m[K,
[12.023s]                  from [01m[K/opt/ros/humble/include/rclcpp/rclcpp/any_executable.hpp:20[m[K,
[12.023s]                  from [01m[K/opt/ros/humble/include/rclcpp/rclcpp/memory_strategy.hpp:25[m[K,
[12.023s]                  from [01m[K/opt/ros/humble/include/rclcpp/rclcpp/memory_strategies.hpp:18[m[K,
[12.024s]                  from [01m[K/opt/ros/humble/include/rclcpp/rclcpp/executor_options.hpp:20[m[K,
[12.024s]                  from [01m[K/opt/ros/humble/include/rclcpp/rclcpp/executor.hpp:37[m[K,
[12.024s]                  from [01m[K/opt/ros/humble/include/rclcpp/rclcpp/executors/multi_threaded_executor.hpp:25[m[K,
[12.025s]                  from [01m[K/opt/ros/humble/include/rclcpp/rclcpp/executors.hpp:21[m[K,
[12.025s]                  from [01m[K/opt/ros/humble/include/rclcpp/rclcpp/rclcpp.hpp:155[m[K,
[12.025s]                  from [01m[K/home/tayya/cpp_pkg/src/cpp_package/src/service.cpp:1[m[K:
[12.033s] /opt/ros/humble/include/rclcpp/rclcpp/any_service_callback.hpp: In instantiation of ‘[01m[Kvoid rclcpp::AnyServiceCallback<ServiceT>::set(CallbackT&&) [with CallbackT = void (*)(int, int); typename std::enable_if<rclcpp::detail::can_be_nullptr<CallbackT>::value, int>::type <anonymous> = 0; ServiceT = example_interfaces::srv::AddTwoInts][m[K’:
[12.034s] [01m[K/opt/ros/humble/include/rclcpp/rclcpp/create_service.hpp:43:27:[m[K   required from ‘[01m[Ktypename rclcpp::Service<ServiceT>::SharedPtr rclcpp::create_service(std::shared_ptr<rclcpp::node_interfaces::NodeBaseInterface>, std::shared_ptr<rclcpp::node_interfaces::NodeServicesInterface>, const string&, CallbackT&&, const rmw_qos_profile_t&, rclcpp::CallbackGroup::SharedPtr) [with ServiceT = example_interfaces::srv::AddTwoInts; CallbackT = void (*)(int, int); typename rclcpp::Service<ServiceT>::SharedPtr = std::shared_ptr<rclcpp::Service<example_interfaces::srv::AddTwoInts> >; std::string = std::__cxx11::basic_string<char>; rmw_qos_profile_t = rmw_qos_profile_s; rclcpp::CallbackGroup::SharedPtr = std::shared_ptr<rclcpp::CallbackGroup>][m[K’
[12.034s] [01m[K/opt/ros/humble/include/rclcpp/rclcpp/node_impl.hpp:147:53:[m[K   required from ‘[01m[Ktypename rclcpp::Service<ServiceT>::SharedPtr rclcpp::Node::create_service(const string&, CallbackT&&, const rmw_qos_profile_t&, rclcpp::CallbackGroup::SharedPtr) [with ServiceT = example_interfaces::srv::AddTwoInts; CallbackT = void (*)(int, int); typename rclcpp::Service<ServiceT>::SharedPtr = std::shared_ptr<rclcpp::Service<example_interfaces::srv::AddTwoInts> >; std::string = std::__cxx11::basic_string<char>; rmw_qos_profile_t = rmw_qos_profile_s; rclcpp::CallbackGroup::SharedPtr = std::shared_ptr<rclcpp::CallbackGroup>][m[K’
[12.037s] [01m[K/home/tayya/cpp_pkg/src/cpp_package/src/service.cpp:16:111:[m[K   required from here
[12.037s] [01m[K/opt/ros/humble/include/rclcpp/rclcpp/any_service_callback.hpp:148:17:[m[K [01;31m[Kerror: [m[Kno match for ‘[01m[Koperator=[m[K’ (operand types are ‘[01m[Kstd::variant<std::monostate, std::function<void(std::shared_ptr<example_interfaces::srv::AddTwoInts_Request_<std::allocator<void> > >, std::shared_ptr<example_interfaces::srv::AddTwoInts_Response_<std::allocator<void> > >)>, std::function<void(std::shared_ptr<rmw_request_id_s>, std::shared_ptr<example_interfaces::srv::AddTwoInts_Request_<std::allocator<void> > >, std::shared_ptr<example_interfaces::srv::AddTwoInts_Response_<std::allocator<void> > >)>, std::function<void(std::shared_ptr<rmw_request_id_s>, std::shared_ptr<example_interfaces::srv::AddTwoInts_Request_<std::allocator<void> > >)>, std::function<void(std::shared_ptr<rclcpp::Service<example_interfaces::srv::AddTwoInts> >, std::shared_ptr<rmw_request_id_s>, std::shared_ptr<example_interfaces::srv::AddTwoInts_Request_<std::allocator<void> > >)> >[m[K’ and ‘[01m[Kvoid (*)(int, int)[m[K’)
[12.038s]   148 |       [01;31m[Kcallback_ = std::forward<CallbackT>(callback)[m[K;
[12.038s]       |       [01;31m[K~~~~~~~~~~^~~~~~~~~~~~~~~~~~~~~~~~~~~~~~~~~~~[m[K
[12.038s] In file included from [01m[K/opt/ros/humble/include/rclcpp/rclcpp/client.hpp:28[m[K,
[12.039s]                  from [01m[K/opt/ros/humble/include/rclcpp/rclcpp/callback_group.hpp:24[m[K,
[12.039s]                  from [01m[K/opt/ros/humble/include/rclcpp/rclcpp/any_executable.hpp:20[m[K,
[12.039s]                  from [01m[K/opt/ros/humble/include/rclcpp/rclcpp/memory_strategy.hpp:25[m[K,
[12.040s]                  from [01m[K/opt/ros/humble/include/rclcpp/rclcpp/memory_strategies.hpp:18[m[K,
[12.040s]                  from [01m[K/opt/ros/humble/include/rclcpp/rclcpp/executor_options.hpp:20[m[K,
[12.040s]                  from [01m[K/opt/ros/humble/include/rclcpp/rclcpp/executor.hpp:37[m[K,
[12.040s]                  from [01m[K/opt/ros/humble/include/rclcpp/rclcpp/executors/multi_threaded_executor.hpp:25[m[K,
[12.041s]                  from [01m[K/opt/ros/humble/include/rclcpp/rclcpp/executors.hpp:21[m[K,
[12.041s]                  from [01m[K/opt/ros/humble/include/rclcpp/rclcpp/rclcpp.hpp:155[m[K,
[12.041s]                  from [01m[K/home/tayya/cpp_pkg/src/cpp_package/src/service.cpp:1[m[K:
[12.042s] [01m[K/usr/include/c++/11/variant:1461:9:[m[K [01;36m[Knote: [m[Kcandidate: ‘[01m[Ktemplate<class _Tp> std::enable_if_t<((__exactly_once<std::variant<_Types>::__accepted_type<_Tp&&, typename std::enable_if<__not_self<_Tp&&>, void>::type> > && is_constructible_v<std::variant<_Types>::__accepted_type<_Tp&&, typename std::enable_if<__not_self<_Tp&&>, void>::type>, _Tp>) && is_assignable_v<std::variant<_Types>::__accepted_type<_Tp&&, typename std::enable_if<__not_self<_Tp&&>, void>::type>&, _Tp>), std::variant<_Types>&> std::variant<_Types>::operator=(_Tp&&) [with _Tp = _Tp; _Types = {std::monostate, std::function<void(std::shared_ptr<example_interfaces::srv::AddTwoInts_Request_<std::allocator<void> > >, std::shared_ptr<example_interfaces::srv::AddTwoInts_Response_<std::allocator<void> > >)>, std::function<void(std::shared_ptr<rmw_request_id_s>, std::shared_ptr<example_interfaces::srv::AddTwoInts_Request_<std::allocator<void> > >, std::shared_ptr<example_interfaces::srv::AddTwoInts_Response_<std::allocator<void> > >)>, std::function<void(std::shared_ptr<rmw_request_id_s>, std::shared_ptr<example_interfaces::srv::AddTwoInts_Request_<std::allocator<void> > >)>, std::function<void(std::shared_ptr<rclcpp::Service<example_interfaces::srv::AddTwoInts> >, std::shared_ptr<rmw_request_id_s>, std::shared_ptr<example_interfaces::srv::AddTwoInts_Request_<std::allocator<void> > >)>}][m[K’
[12.042s]  1461 |         [01;36m[Koperator[m[K=(_Tp&& __rhs)
[12.042s]       |         [01;36m[K^~~~~~~~[m[K
[12.042s] [01m[K/usr/include/c++/11/variant:1461:9:[m[K [01;36m[Knote: [m[K  template argument deduction/substitution failed:
[12.043s] /usr/include/c++/11/variant: In substitution of ‘[01m[Ktemplate<class ... _Types> template<class _Tp, class> using __accepted_type = std::variant<_Types>::__to_type<__accepted_index<_Tp> > [with _Tp = void (*&&)(int, int); <template-parameter-2-2> = void; _Types = {std::monostate, std::function<void(std::shared_ptr<example_interfaces::srv::AddTwoInts_Request_<std::allocator<void> > >, std::shared_ptr<example_interfaces::srv::AddTwoInts_Response_<std::allocator<void> > >)>, std::function<void(std::shared_ptr<rmw_request_id_s>, std::shared_ptr<example_interfaces::srv::AddTwoInts_Request_<std::allocator<void> > >, std::shared_ptr<example_interfaces::srv::AddTwoInts_Response_<std::allocator<void> > >)>, std::function<void(std::shared_ptr<rmw_request_id_s>, std::shared_ptr<example_interfaces::srv::AddTwoInts_Request_<std::allocator<void> > >)>, std::function<void(std::shared_ptr<rclcpp::Service<example_interfaces::srv::AddTwoInts> >, std::shared_ptr<rmw_request_id_s>, std::shared_ptr<example_interfaces::srv::AddTwoInts_Request_<std::allocator<void> > >)>}][m[K’:
[12.043s] [01m[K/usr/include/c++/11/variant:1457:14:[m[K   required by substitution of ‘[01m[Ktemplate<class _Tp> std::enable_if_t<((__exactly_once<std::variant<std::monostate, std::function<void(std::shared_ptr<example_interfaces::srv::AddTwoInts_Request_<std::allocator<void> > >, std::shared_ptr<example_interfaces::srv::AddTwoInts_Response_<std::allocator<void> > >)>, std::function<void(std::shared_ptr<rmw_request_id_s>, std::shared_ptr<example_interfaces::srv::AddTwoInts_Request_<std::allocator<void> > >, std::shared_ptr<example_interfaces::srv::AddTwoInts_Response_<std::allocator<void> > >)>, std::function<void(std::shared_ptr<rmw_request_id_s>, std::shared_ptr<example_interfaces::srv::AddTwoInts_Request_<std::allocator<void> > >)>, std::function<void(std::shared_ptr<rclcpp::Service<example_interfaces::srv::AddTwoInts> >, std::shared_ptr<rmw_request_id_s>, std::shared_ptr<example_interfaces::srv::AddTwoInts_Request_<std::allocator<void> > >)> >::__accepted_type<_Tp&&, typename std::enable_if<__not_self<_Tp&&>, void>::type> > && is_constructible_v<std::variant<std::monostate, std::function<void(std::shared_ptr<example_interfaces::srv::AddTwoInts_Request_<std::allocator<void> > >, std::shared_ptr<example_interfaces::srv::AddTwoInts_Response_<std::allocator<void> > >)>, std::function<void(std::shared_ptr<rmw_request_id_s>, std::shared_ptr<example_interfaces::srv::AddTwoInts_Request_<std::allocator<void> > >, std::shared_ptr<example_interfaces::srv::AddTwoInts_Response_<std::allocator<void> > >)>, std::function<void(std::shared_ptr<rmw_request_id_s>, std::shared_ptr<example_interfaces::srv::AddTwoInts_Request_<std::allocator<void> > >)>, std::function<void(std::shared_ptr<rclcpp::Service<example_interfaces::srv::AddTwoInts> >, std::shared_ptr<rmw_request_id_s>, std::shared_ptr<example_interfaces::srv::AddTwoInts_Request_<std::allocator<void> > >)> >::__accepted_type<_Tp&&, typename std::enable_if<__not_self<_Tp&&>, void>::type>, _Tp>) && is_assignable_v<std::variant<std::monostate, std::function<void(std::shared_ptr<example_interfaces::srv::AddTwoInts_Request_<std::allocator<void> > >, std::shared_ptr<example_interfaces::srv::AddTwoInts_Response_<std::allocator<void> > >)>, std::function<void(std::shared_ptr<rmw_request_id_s>, std::shared_ptr<example_interfaces::srv::AddTwoInts_Request_<std::allocator<void> > >, std::shared_ptr<example_interfaces::srv::AddTwoInts_Response_<std::allocator<void> > >)>, std::function<void(std::shared_ptr<rmw_request_id_s>, std::shared_ptr<example_interfaces::srv::AddTwoInts_Request_<std::allocator<void> > >)>, std::function<void(std::shared_ptr<rclcpp::Service<example_interfaces::srv::AddTwoInts> >, std::shared_ptr<rmw_request_id_s>, std::shared_ptr<example_interfaces::srv::AddTwoInts_Request_<std::allocator<void> > >)> >::__accepted_type<_Tp&&, typename std::enable_if<__not_self<_Tp&&>, void>::type>&, _Tp>), std::variant<std::monostate, std::function<void(std::shared_ptr<example_interfaces::srv::AddTwoInts_Request_<std::allocator<void> > >, std::shared_ptr<example_interfaces::srv::AddTwoInts_Response_<std::allocator<void> > >)>, std::function<void(std::shared_ptr<rmw_request_id_s>, std::shared_ptr<example_interfaces::srv::AddTwoInts_Request_<std::allocator<void> > >, std::shared_ptr<example_interfaces::srv::AddTwoInts_Response_<std::allocator<void> > >)>, std::function<void(std::shared_ptr<rmw_request_id_s>, std::shared_ptr<example_interfaces::srv::AddTwoInts_Request_<std::allocator<void> > >)>, std::function<void(std::shared_ptr<rclcpp::Service<example_interfaces::srv::AddTwoInts> >, std::shared_ptr<rmw_request_id_s>, std::shared_ptr<example_interfaces::srv::AddTwoInts_Request_<std::allocator<void> > >)> >&> std::variant<std::monostate, std::function<void(std::shared_ptr<example_interfaces::srv::AddTwoInts_Request_<std::allocator<void> > >, std::shared_ptr<example_interfaces::srv::AddTwoInts_Response_<std::allocator<void> > >)>, std::function<void(std::shared_ptr<rmw_request_id_s>, std::shared_ptr<example_interfaces::srv::AddTwoInts_Request_<std::allocator<void> > >, std::shared_ptr<example_interfaces::srv::AddTwoInts_Response_<std::allocator<void> > >)>, std::function<void(std::shared_ptr<rmw_request_id_s>, std::shared_ptr<example_interfaces::srv::AddTwoInts_Request_<std::allocator<void> > >)>, std::function<void(std::shared_ptr<rclcpp::Service<example_interfaces::srv::AddTwoInts> >, std::shared_ptr<rmw_request_id_s>, std::shared_ptr<example_interfaces::srv::AddTwoInts_Request_<std::allocator<void> > >)> >::operator=<_Tp>(_Tp&&) [with _Tp = void (*)(int, int)][m[K’
[12.044s] [01m[K/opt/ros/humble/include/rclcpp/rclcpp/any_service_callback.hpp:148:17:[m[K   required from ‘[01m[Kvoid rclcpp::AnyServiceCallback<ServiceT>::set(CallbackT&&) [with CallbackT = void (*)(int, int); typename std::enable_if<rclcpp::detail::can_be_nullptr<CallbackT>::value, int>::type <anonymous> = 0; ServiceT = example_interfaces::srv::AddTwoInts][m[K’
[12.044s] [01m[K/opt/ros/humble/include/rclcpp/rclcpp/create_service.hpp:43:27:[m[K   required from ‘[01m[Ktypename rclcpp::Service<ServiceT>::SharedPtr rclcpp::create_service(std::shared_ptr<rclcpp::node_interfaces::NodeBaseInterface>, std::shared_ptr<rclcpp::node_interfaces::NodeServicesInterface>, const string&, CallbackT&&, const rmw_qos_profile_t&, rclcpp::CallbackGroup::SharedPtr) [with ServiceT = example_interfaces::srv::AddTwoInts; CallbackT = void (*)(int, int); typename rclcpp::Service<ServiceT>::SharedPtr = std::shared_ptr<rclcpp::Service<example_interfaces::srv::AddTwoInts> >; std::string = std::__cxx11::basic_string<char>; rmw_qos_profile_t = rmw_qos_profile_s; rclcpp::CallbackGroup::SharedPtr = std::shared_ptr<rclcpp::CallbackGroup>][m[K’
[12.044s] [01m[K/opt/ros/humble/include/rclcpp/rclcpp/node_impl.hpp:147:53:[m[K   required from ‘[01m[Ktypename rclcpp::Service<ServiceT>::SharedPtr rclcpp::Node::create_service(const string&, CallbackT&&, const rmw_qos_profile_t&, rclcpp::CallbackGroup::SharedPtr) [with ServiceT = example_interfaces::srv::AddTwoInts; CallbackT = void (*)(int, int); typename rclcpp::Service<ServiceT>::SharedPtr = std::shared_ptr<rclcpp::Service<example_interfaces::srv::AddTwoInts> >; std::string = std::__cxx11::basic_string<char>; rmw_qos_profile_t = rmw_qos_profile_s; rclcpp::CallbackGroup::SharedPtr = std::shared_ptr<rclcpp::CallbackGroup>][m[K’
[12.044s] [01m[K/home/tayya/cpp_pkg/src/cpp_package/src/service.cpp:16:111:[m[K   required from here
[12.045s] [01m[K/usr/include/c++/11/variant:1375:15:[m[K [01;31m[Kerror: [m[Kno type named ‘[01m[Ktype[m[K’ in ‘[01m[Kstruct std::enable_if<false, void>[m[K’
[12.045s]  1375 |         using [01;31m[K__accepted_type[m[K = __to_type<__accepted_index<_Tp>>;
[12.045s]       |               [01;31m[K^~~~~~~~~~~~~~~[m[K
[12.046s] /opt/ros/humble/include/rclcpp/rclcpp/any_service_callback.hpp: In instantiation of ‘[01m[Kvoid rclcpp::AnyServiceCallback<ServiceT>::set(CallbackT&&) [with CallbackT = void (*)(int, int); typename std::enable_if<rclcpp::detail::can_be_nullptr<CallbackT>::value, int>::type <anonymous> = 0; ServiceT = example_interfaces::srv::AddTwoInts][m[K’:
[12.046s] [01m[K/opt/ros/humble/include/rclcpp/rclcpp/create_service.hpp:43:27:[m[K   required from ‘[01m[Ktypename rclcpp::Service<ServiceT>::SharedPtr rclcpp::create_service(std::shared_ptr<rclcpp::node_interfaces::NodeBaseInterface>, std::shared_ptr<rclcpp::node_interfaces::NodeServicesInterface>, const string&, CallbackT&&, const rmw_qos_profile_t&, rclcpp::CallbackGroup::SharedPtr) [with ServiceT = example_interfaces::srv::AddTwoInts; CallbackT = void (*)(int, int); typename rclcpp::Service<ServiceT>::SharedPtr = std::shared_ptr<rclcpp::Service<example_interfaces::srv::AddTwoInts> >; std::string = std::__cxx11::basic_string<char>; rmw_qos_profile_t = rmw_qos_profile_s; rclcpp::CallbackGroup::SharedPtr = std::shared_ptr<rclcpp::CallbackGroup>][m[K’
[12.046s] [01m[K/opt/ros/humble/include/rclcpp/rclcpp/node_impl.hpp:147:53:[m[K   required from ‘[01m[Ktypename rclcpp::Service<ServiceT>::SharedPtr rclcpp::Node::create_service(const string&, CallbackT&&, const rmw_qos_profile_t&, rclcpp::CallbackGroup::SharedPtr) [with ServiceT = example_interfaces::srv::AddTwoInts; CallbackT = void (*)(int, int); typename rclcpp::Service<ServiceT>::SharedPtr = std::shared_ptr<rclcpp::Service<example_interfaces::srv::AddTwoInts> >; std::string = std::__cxx11::basic_string<char>; rmw_qos_profile_t = rmw_qos_profile_s; rclcpp::CallbackGroup::SharedPtr = std::shared_ptr<rclcpp::CallbackGroup>][m[K’
[12.047s] [01m[K/home/tayya/cpp_pkg/src/cpp_package/src/service.cpp:16:111:[m[K   required from here
[12.047s] [01m[K/usr/include/c++/11/variant:1398:16:[m[K [01;36m[Knote: [m[Kcandidate: ‘[01m[Kstd::variant<_Types>& std::variant<_Types>::operator=(const std::variant<_Types>&) [with _Types = {std::monostate, std::function<void(std::shared_ptr<example_interfaces::srv::AddTwoInts_Request_<std::allocator<void> > >, std::shared_ptr<example_interfaces::srv::AddTwoInts_Response_<std::allocator<void> > >)>, std::function<void(std::shared_ptr<rmw_request_id_s>, std::shared_ptr<example_interfaces::srv::AddTwoInts_Request_<std::allocator<void> > >, std::shared_ptr<example_interfaces::srv::AddTwoInts_Response_<std::allocator<void> > >)>, std::function<void(std::shared_ptr<rmw_request_id_s>, std::shared_ptr<example_interfaces::srv::AddTwoInts_Request_<std::allocator<void> > >)>, std::function<void(std::shared_ptr<rclcpp::Service<example_interfaces::srv::AddTwoInts> >, std::shared_ptr<rmw_request_id_s>, std::shared_ptr<example_interfaces::srv::AddTwoInts_Request_<std::allocator<void> > >)>}][m[K’
[12.047s]  1398 |       variant& [01;36m[Koperator[m[K=(const variant&) = default;
[12.048s]       |                [01;36m[K^~~~~~~~[m[K
[12.048s] [01m[K/usr/include/c++/11/variant:1398:26:[m[K [01;36m[Knote: [m[K  no known conversion for argument 1 from ‘[01m[Kvoid (*)(int, int)[m[K’ to ‘[01m[Kconst std::variant<std::monostate, std::function<void(std::shared_ptr<example_interfaces::srv::AddTwoInts_Request_<std::allocator<void> > >, std::shared_ptr<example_interfaces::srv::AddTwoInts_Response_<std::allocator<void> > >)>, std::function<void(std::shared_ptr<rmw_request_id_s>, std::shared_ptr<example_interfaces::srv::AddTwoInts_Request_<std::allocator<void> > >, std::shared_ptr<example_interfaces::srv::AddTwoInts_Response_<std::allocator<void> > >)>, std::function<void(std::shared_ptr<rmw_request_id_s>, std::shared_ptr<example_interfaces::srv::AddTwoInts_Request_<std::allocator<void> > >)>, std::function<void(std::shared_ptr<rclcpp::Service<example_interfaces::srv::AddTwoInts> >, std::shared_ptr<rmw_request_id_s>, std::shared_ptr<example_interfaces::srv::AddTwoInts_Request_<std::allocator<void> > >)> >&[m[K’
[12.048s]  1398 |       variant& operator=([01;36m[Kconst variant&[m[K) = default;
[12.049s]       |                          [01;36m[K^~~~~~~~~~~~~~[m[K
[12.049s] [01m[K/usr/include/c++/11/variant:1399:16:[m[K [01;36m[Knote: [m[Kcandidate: ‘[01m[Kstd::variant<_Types>& std::variant<_Types>::operator=(std::variant<_Types>&&) [with _Types = {std::monostate, std::function<void(std::shared_ptr<example_interfaces::srv::AddTwoInts_Request_<std::allocator<void> > >, std::shared_ptr<example_interfaces::srv::AddTwoInts_Response_<std::allocator<void> > >)>, std::function<void(std::shared_ptr<rmw_request_id_s>, std::shared_ptr<example_interfaces::srv::AddTwoInts_Request_<std::allocator<void> > >, std::shared_ptr<example_interfaces::srv::AddTwoInts_Response_<std::allocator<void> > >)>, std::function<void(std::shared_ptr<rmw_request_id_s>, std::shared_ptr<example_interfaces::srv::AddTwoInts_Request_<std::allocator<void> > >)>, std::function<void(std::shared_ptr<rclcpp::Service<example_interfaces::srv::AddTwoInts> >, std::shared_ptr<rmw_request_id_s>, std::shared_ptr<example_interfaces::srv::AddTwoInts_Request_<std::allocator<void> > >)>}][m[K’
[12.049s]  1399 |       variant& [01;36m[Koperator[m[K=(variant&&) = default;
[12.052s]       |                [01;36m[K^~~~~~~~[m[K
[12.053s] [01m[K/usr/include/c++/11/variant:1399:26:[m[K [01;36m[Knote: [m[K  no known conversion for argument 1 from ‘[01m[Kvoid (*)(int, int)[m[K’ to ‘[01m[Kstd::variant<std::monostate, std::function<void(std::shared_ptr<example_interfaces::srv::AddTwoInts_Request_<std::allocator<void> > >, std::shared_ptr<example_interfaces::srv::AddTwoInts_Response_<std::allocator<void> > >)>, std::function<void(std::shared_ptr<rmw_request_id_s>, std::shared_ptr<example_interfaces::srv::AddTwoInts_Request_<std::allocator<void> > >, std::shared_ptr<example_interfaces::srv::AddTwoInts_Response_<std::allocator<void> > >)>, std::function<void(std::shared_ptr<rmw_request_id_s>, std::shared_ptr<example_interfaces::srv::AddTwoInts_Request_<std::allocator<void> > >)>, std::function<void(std::shared_ptr<rclcpp::Service<example_interfaces::srv::AddTwoInts> >, std::shared_ptr<rmw_request_id_s>, std::shared_ptr<example_interfaces::srv::AddTwoInts_Request_<std::allocator<void> > >)> >&&[m[K’
[12.053s]  1399 |       variant& operator=([01;36m[Kvariant&&[m[K) = default;
[12.053s]       |                          [01;36m[K^~~~~~~~~[m[K
[13.227s] [ 60%] [32m[1mLinking CXX executable publisher[0m
[13.242s] gmake[2]: *** [CMakeFiles/service.dir/build.make:76: CMakeFiles/service.dir/src/service.cpp.o] Error 1
[13.243s] gmake[1]: *** [CMakeFiles/Makefile2:249: CMakeFiles/service.dir/all] Error 2
[13.244s] gmake[1]: *** Waiting for unfinished jobs....
[13.782s] [ 60%] Built target publisher
[13.883s] [ 70%] [32m[1mLinking CXX executable cpp_try[0m
[14.380s] [ 70%] Built target cpp_try
[21.772s] [ 80%] [32m[1mLinking CXX executable cpp_try2[0m
[22.728s] [ 80%] Built target cpp_try2
[24.968s] [ 90%] [32m[1mLinking CXX executable subscriber[0m
[25.861s] [ 90%] Built target subscriber
[25.863s] gmake: *** [Makefile:146: all] Error 2
[25.867s] Invoked command in '/home/tayya/cpp_pkg/build/cpp_package' returned '2': CMAKE_PREFIX_PATH=${CMAKE_PREFIX_PATH}:/opt/ros/humble /usr/bin/cmake --build /home/tayya/cpp_pkg/build/cpp_package -- -j8 -l8
