[0.029s] Invoking command in '/home/tayya/cpp_pkg/build/cpp_package': CMAKE_PREFIX_PATH=${CMAKE_PREFIX_PATH}:/opt/ros/humble /usr/bin/cmake --build /home/tayya/cpp_pkg/build/cpp_package -- -j8 -l8
[0.199s] [  2%] Built target cpp_package__cpp
[0.245s] [  4%] Built target ament_cmake_python_copy_cpp_package
[0.246s] [  8%] Built target cpp_package__rosidl_generator_c
[0.275s] [ 12%] Built target cpp_try2
[0.288s] [ 17%] Built target publisher
[0.310s] [ 21%] Built target cpp_try
[0.321s] [ 25%] Built target subscriber
[0.322s] [ 29%] Built target service
[0.345s] [ 31%] [32m[1mLinking CXX executable client_class[0m
[0.372s] [ 36%] Built target client
[0.378s] [ 44%] [32mBuilding CXX object CMakeFiles/service_class.dir/src/service_class.cpp.o[0m
[0.379s] [ 44%] Built target cpp_package__rosidl_typesupport_cpp
[0.400s] [ 57%] Built target cpp_package__rosidl_typesupport_introspection_c
[0.403s] [ 57%] Built target cpp_package__rosidl_typesupport_fastrtps_c
[0.426s] [ 63%] Built target cpp_package__rosidl_typesupport_c
[0.443s] [ 70%] Built target cpp_package__rosidl_typesupport_fastrtps_cpp
[0.460s] [ 76%] Built target cpp_package__rosidl_typesupport_introspection_cpp
[0.524s] [ 76%] Built target cpp_package
[0.583s] [ 78%] Built target cpp_package__py
[0.612s] /usr/bin/ld: /usr/lib/gcc/x86_64-linux-gnu/11/../../../x86_64-linux-gnu/Scrt1.o: in function `_start':
[0.612s] (.text+0x1b): undefined reference to `main'
[0.616s] [35m[1mConsolidate compiler generated dependencies of target cpp_package__rosidl_generator_py[0m
[0.617s] collect2: error: ld returned 1 exit status
[0.624s] gmake[2]: *** [CMakeFiles/client_class.dir/build.make:190: client_class] Error 1
[0.627s] gmake[1]: *** [CMakeFiles/Makefile2:788: CMakeFiles/client_class.dir/all] Error 2
[0.627s] gmake[1]: *** Waiting for unfinished jobs....
[0.652s] [ 82%] Built target cpp_package__rosidl_generator_py
[1.033s] [01m[K/home/tayya/cpp_pkg/src/cpp_package/src/service_class.cpp:2:10:[m[K [01;31m[Kfatal error: [m[Kcpp_package/srv/capitalfullname.hpp: No such file or directory
[1.033s]     2 | #include [01;31m[K"cpp_package/srv/capitalfullname.hpp"[m[K
[1.034s]       |          [01;31m[K^~~~~~~~~~~~~~~~~~~~~~~~~~~~~~~~~~~~~[m[K
[1.034s] compilation terminated.
[1.038s] gmake[2]: *** [CMakeFiles/service_class.dir/build.make:76: CMakeFiles/service_class.dir/src/service_class.cpp.o] Error 1
[1.039s] gmake[1]: *** [CMakeFiles/Makefile2:762: CMakeFiles/service_class.dir/all] Error 2
[1.180s] running egg_info
[1.183s] writing cpp_package.egg-info/PKG-INFO
[1.183s] writing dependency_links to cpp_package.egg-info/dependency_links.txt
[1.184s] writing top-level names to cpp_package.egg-info/top_level.txt
[1.190s] reading manifest file 'cpp_package.egg-info/SOURCES.txt'
[1.192s] writing manifest file 'cpp_package.egg-info/SOURCES.txt'
[1.254s] [ 82%] Built target ament_cmake_python_build_cpp_package_egg
[1.257s] gmake: *** [Makefile:146: all] Error 2
[1.261s] Invoked command in '/home/tayya/cpp_pkg/build/cpp_package' returned '2': CMAKE_PREFIX_PATH=${CMAKE_PREFIX_PATH}:/opt/ros/humble /usr/bin/cmake --build /home/tayya/cpp_pkg/build/cpp_package -- -j8 -l8
