[0.024s] Invoking command in '/home/tayya/cpp_pkg/build/cpp_package': CMAKE_PREFIX_PATH=${CMAKE_PREFIX_PATH}:/opt/ros/humble /usr/bin/cmake --build /home/tayya/cpp_pkg/build/cpp_package -- -j8 -l8
[0.075s] -- Found ament_cmake: 1.3.11 (/opt/ros/humble/share/ament_cmake/cmake)
[0.383s] [31mCMake Error at CMakeLists.txt:10 (find_package):
[0.383s]   By not providing "Findrclpp.cmake" in CMAKE_MODULE_PATH this project has
[0.384s]   asked CMake to find a package configuration file provided by "rclpp", but
[0.384s]   CMake did not find one.
[0.384s] 
[0.384s]   Could not find a package configuration file provided by "rclpp" with any of
[0.384s]   the following names:
[0.384s] 
[0.384s]     rclppConfig.cmake
[0.384s]     rclpp-config.cmake
[0.384s] 
[0.385s]   Add the installation prefix of "rclpp" to CMAKE_PREFIX_PATH or set
[0.385s]   "rclpp_DIR" to a directory containing one of the above files.  If "rclpp"
[0.385s]   provides a separate development package or SDK, be sure it has been
[0.385s]   installed.
[0.385s] 
[0.385s] [0m
[0.385s] -- Configuring incomplete, errors occurred!
[0.385s] See also "/home/tayya/cpp_pkg/build/cpp_package/CMakeFiles/CMakeOutput.log".
[0.387s] gmake: *** [Makefile:267: cmake_check_build_system] Error 1
[0.391s] Invoked command in '/home/tayya/cpp_pkg/build/cpp_package' returned '2': CMAKE_PREFIX_PATH=${CMAKE_PREFIX_PATH}:/opt/ros/humble /usr/bin/cmake --build /home/tayya/cpp_pkg/build/cpp_package -- -j8 -l8
