[35m[1mConsolidate compiler generated dependencies of target cpp_package__rosidl_generator_c[0m
[  6%] Built target cpp_package__rosidl_generator_c
[  8%] Built target cpp_package__cpp
[ 12%] Built target publisher
[ 17%] Built target cpp_try
[ 21%] Built target subscriber
[ 25%] Built target cpp_try2
[ 25%] Built target ament_cmake_python_copy_cpp_package
[35m[1mConsolidate compiler generated dependencies of target cpp_package__rosidl_typesupport_cpp[0m
[ 29%] Built target service
[35m[1mConsolidate compiler generated dependencies of target cpp_package__rosidl_typesupport_fastrtps_c[0m
[ 31%] [32mBuilding CXX object CMakeFiles/service_class.dir/src/service_class.cpp.o[0m
[35m[1mConsolidate compiler generated dependencies of target cpp_package__rosidl_typesupport_introspection_c[0m
[35m[1mConsolidate compiler generated dependencies of target cpp_package__rosidl_typesupport_fastrtps_cpp[0m
[ 38%] Built target cpp_package__rosidl_typesupport_cpp
[ 40%] [32m[1mLinking CXX executable client_class[0m
[35m[1mConsolidate compiler generated dependencies of target cpp_package__rosidl_typesupport_c[0m
[ 44%] Built target client
[ 51%] Built target cpp_package__rosidl_typesupport_fastrtps_c
[ 57%] Built target cpp_package__rosidl_typesupport_fastrtps_cpp
[ 61%] [32mBuilding CXX object CMakeFiles/cpp_package__rosidl_typesupport_c.dir/rosidl_typesupport_c/cpp_package/srv/capital_full_name__type_support.cpp.o[0m
[ 65%] Built target cpp_package__rosidl_typesupport_introspection_c
[35m[1mConsolidate compiler generated dependencies of target cpp_package__rosidl_typesupport_introspection_cpp[0m
[ 72%] Built target cpp_package__rosidl_typesupport_introspection_cpp
[ 74%] [32m[1mLinking CXX shared library libcpp_package__rosidl_typesupport_c.so[0m
[ 76%] Built target cpp_package__rosidl_typesupport_c
[ 76%] Built target cpp_package
[ 78%] [34m[1mGenerating Python code for ROS interfaces[0m
running egg_info
writing cpp_package.egg-info/PKG-INFO
writing dependency_links to cpp_package.egg-info/dependency_links.txt
writing top-level names to cpp_package.egg-info/top_level.txt
reading manifest file 'cpp_package.egg-info/SOURCES.txt'
writing manifest file 'cpp_package.egg-info/SOURCES.txt'
[ 78%] Built target ament_cmake_python_build_cpp_package_egg
[ 78%] Built target cpp_package__py
