[0.027s] Invoking command in '/home/tayya/cpp_pkg/build/cpp_package': CMAKE_PREFIX_PATH=${CMAKE_PREFIX_PATH}:/opt/ros/humble /usr/bin/cmake --build /home/tayya/cpp_pkg/build/cpp_package -- -j8 -l8
[0.132s] [35m[1mConsolidate compiler generated dependencies of target cpp_package__rosidl_generator_c[0m
[0.166s] [  6%] Built target cpp_package__rosidl_generator_c
[0.178s] [  8%] Built target cpp_package__cpp
[0.195s] [ 12%] Built target publisher
[0.195s] [ 17%] Built target cpp_try
[0.195s] [ 21%] Built target subscriber
[0.197s] [ 25%] Built target cpp_try2
[0.222s] [ 25%] Built target ament_cmake_python_copy_cpp_package
[0.227s] [35m[1mConsolidate compiler generated dependencies of target cpp_package__rosidl_typesupport_cpp[0m
[0.231s] [ 29%] Built target service
[0.248s] [35m[1mConsolidate compiler generated dependencies of target cpp_package__rosidl_typesupport_fastrtps_c[0m
[0.250s] [ 31%] [32mBuilding CXX object CMakeFiles/service_class.dir/src/service_class.cpp.o[0m
[0.266s] [35m[1mConsolidate compiler generated dependencies of target cpp_package__rosidl_typesupport_introspection_c[0m
[0.269s] [35m[1mConsolidate compiler generated dependencies of target cpp_package__rosidl_typesupport_fastrtps_cpp[0m
[0.270s] [ 38%] Built target cpp_package__rosidl_typesupport_cpp
[0.276s] [ 40%] [32m[1mLinking CXX executable client_class[0m
[0.279s] [35m[1mConsolidate compiler generated dependencies of target cpp_package__rosidl_typesupport_c[0m
[0.290s] [ 44%] Built target client
[0.305s] [ 51%] Built target cpp_package__rosidl_typesupport_fastrtps_c
[0.305s] [ 57%] Built target cpp_package__rosidl_typesupport_fastrtps_cpp
[0.312s] [ 61%] [32mBuilding CXX object CMakeFiles/cpp_package__rosidl_typesupport_c.dir/rosidl_typesupport_c/cpp_package/srv/capital_full_name__type_support.cpp.o[0m
[0.312s] [ 65%] Built target cpp_package__rosidl_typesupport_introspection_c
[0.318s] [35m[1mConsolidate compiler generated dependencies of target cpp_package__rosidl_typesupport_introspection_cpp[0m
[0.349s] [ 72%] Built target cpp_package__rosidl_typesupport_introspection_cpp
[0.386s] [ 74%] [32m[1mLinking CXX shared library libcpp_package__rosidl_typesupport_c.so[0m
[0.485s] [ 76%] Built target cpp_package__rosidl_typesupport_c
[0.534s] [ 76%] Built target cpp_package
[0.535s] /usr/bin/ld: /usr/lib/gcc/x86_64-linux-gnu/11/../../../x86_64-linux-gnu/Scrt1.o: in function `_start':
[0.535s] (.text+0x1b): undefined reference to `main'
[0.541s] collect2: error: ld returned 1 exit status
[0.546s] gmake[2]: *** [CMakeFiles/client_class.dir/build.make:190: client_class] Error 1
[0.546s] gmake[1]: *** [CMakeFiles/Makefile2:788: CMakeFiles/client_class.dir/all] Error 2
[0.546s] gmake[1]: *** Waiting for unfinished jobs....
[0.579s] [ 78%] [34m[1mGenerating Python code for ROS interfaces[0m
[0.933s] [01m[K/home/tayya/cpp_pkg/src/cpp_package/src/service_class.cpp:2:10:[m[K [01;31m[Kfatal error: [m[Kcpp_package/srv/capital_full_name.hpp: No such file or directory
[0.934s]     2 | #include [01;31m[K"cpp_package/srv/capital_full_name.hpp"[m[K
[0.934s]       |          [01;31m[K^~~~~~~~~~~~~~~~~~~~~~~~~~~~~~~~~~~~~~~[m[K
[0.934s] compilation terminated.
[0.951s] gmake[2]: *** [CMakeFiles/service_class.dir/build.make:76: CMakeFiles/service_class.dir/src/service_class.cpp.o] Error 1
[0.952s] gmake[1]: *** [CMakeFiles/Makefile2:762: CMakeFiles/service_class.dir/all] Error 2
[0.982s] running egg_info
[0.985s] writing cpp_package.egg-info/PKG-INFO
[0.986s] writing dependency_links to cpp_package.egg-info/dependency_links.txt
[0.987s] writing top-level names to cpp_package.egg-info/top_level.txt
[0.993s] reading manifest file 'cpp_package.egg-info/SOURCES.txt'
[0.995s] writing manifest file 'cpp_package.egg-info/SOURCES.txt'
[1.060s] [ 78%] Built target ament_cmake_python_build_cpp_package_egg
[1.626s] [ 78%] Built target cpp_package__py
[1.628s] gmake: *** [Makefile:146: all] Error 2
[1.633s] Invoked command in '/home/tayya/cpp_pkg/build/cpp_package' returned '2': CMAKE_PREFIX_PATH=${CMAKE_PREFIX_PATH}:/opt/ros/humble /usr/bin/cmake --build /home/tayya/cpp_pkg/build/cpp_package -- -j8 -l8
