[0.032s] Invoking command in '/home/tayya/cpp_pkg/build/cpp_package': CMAKE_PREFIX_PATH=${CMAKE_PREFIX_PATH}:/opt/ros/humble /usr/bin/cmake --build /home/tayya/cpp_pkg/build/cpp_package -- -j8 -l8
[0.081s] -- Found ament_cmake: 1.3.11 (/opt/ros/humble/share/ament_cmake/cmake)
[0.420s] -- Found rclcpp: 16.0.11 (/opt/ros/humble/share/rclcpp/cmake)
[0.484s] -- Found rosidl_generator_c: 3.1.6 (/opt/ros/humble/share/rosidl_generator_c/cmake)
[0.490s] -- Found rosidl_adapter: 3.1.6 (/opt/ros/humble/share/rosidl_adapter/cmake)
[0.504s] -- Found rosidl_generator_cpp: 3.1.6 (/opt/ros/humble/share/rosidl_generator_cpp/cmake)
[0.526s] -- Using all available rosidl_typesupport_c: rosidl_typesupport_fastrtps_c;rosidl_typesupport_introspection_c
[0.556s] -- Using all available rosidl_typesupport_cpp: rosidl_typesupport_fastrtps_cpp;rosidl_typesupport_introspection_cpp
[0.633s] -- Found rmw_implementation_cmake: 6.1.2 (/opt/ros/humble/share/rmw_implementation_cmake/cmake)
[0.637s] -- Found rmw_fastrtps_cpp: 6.2.7 (/opt/ros/humble/share/rmw_fastrtps_cpp/cmake)
[0.855s] -- Using RMW implementation 'rmw_fastrtps_cpp' as default
[0.996s] -- Found example_interfaces: 0.9.3 (/opt/ros/humble/share/example_interfaces/cmake)
[1.268s] -- Configuring done
[1.314s] -- Generating done
[1.334s] -- Build files have been written to: /home/tayya/cpp_pkg/build/cpp_package
[1.389s] [35m[1mConsolidate compiler generated dependencies of target cpp_try[0m
[1.389s] [35m[1mConsolidate compiler generated dependencies of target publisher[0m
[1.395s] [35m[1mConsolidate compiler generated dependencies of target subscriber[0m
[1.396s] [35m[1mConsolidate compiler generated dependencies of target cpp_try2[0m
[1.420s] [ 10%] [32mBuilding CXX object CMakeFiles/service.dir/src/service.cpp.o[0m
[1.436s] [ 30%] Built target cpp_try
[1.437s] [ 50%] Built target publisher
[1.447s] [ 70%] Built target cpp_try2
[1.452s] [ 90%] Built target subscriber
[1.882s] [01m[K/home/tayya/cpp_pkg/src/cpp_package/src/service.cpp:2:10:[m[K [01;31m[Kfatal error: [m[Kexample_interfaces/srv/add_two_ints.hpp: No such file or directory
[1.882s]     2 | #include [01;31m[K"example_interfaces/srv/add_two_ints.hpp"[m[K
[1.882s]       |          [01;31m[K^~~~~~~~~~~~~~~~~~~~~~~~~~~~~~~~~~~~~~~~~[m[K
[1.882s] compilation terminated.
[1.896s] gmake[2]: *** [CMakeFiles/service.dir/build.make:76: CMakeFiles/service.dir/src/service.cpp.o] Error 1
[1.897s] gmake[1]: *** [CMakeFiles/Makefile2:249: CMakeFiles/service.dir/all] Error 2
[1.897s] gmake: *** [Makefile:146: all] Error 2
[1.901s] Invoked command in '/home/tayya/cpp_pkg/build/cpp_package' returned '2': CMAKE_PREFIX_PATH=${CMAKE_PREFIX_PATH}:/opt/ros/humble /usr/bin/cmake --build /home/tayya/cpp_pkg/build/cpp_package -- -j8 -l8
