[0.451s] DEBUG:colcon:Command line arguments: ['/usr/bin/colcon', 'list', '-p', '--base-paths', '/home/tayya/cpp_pkg']
[0.452s] DEBUG:colcon:Parsed command line arguments: Namespace(log_base=None, log_level=None, verb_name='list', build_base='build', ignore_user_meta=False, metas=['./colcon.meta'], base_paths=['/home/tayya/cpp_pkg'], packages_ignore=None, packages_ignore_regex=None, paths=None, packages_up_to=None, packages_up_to_regex=None, packages_above=None, packages_above_and_dependencies=None, packages_above_depth=None, packages_select_by_dep=None, packages_skip_by_dep=None, packages_skip_up_to=None, packages_select_build_failed=False, packages_skip_build_finished=False, packages_select_test_failures=False, packages_skip_test_passed=False, packages_select=None, packages_skip=None, packages_select_regex=None, packages_skip_regex=None, packages_start=None, packages_end=None, allow_overriding=[], topological_order=False, names_only=False, paths_only=True, topological_graph=False, topological_graph_dot=False, topological_graph_density=False, topological_graph_legend=False, topological_graph_dot_cluster=False, topological_graph_dot_include_skipped=False, mixin_files=None, mixin=None, verb_parser=<colcon_mixin.mixin.mixin_argument.MixinArgumentDecorator object at 0x76d2ebd432b0>, verb_extension=<colcon_package_information.verb.list.ListVerb object at 0x76d2ebd42260>, main=<bound method ListVerb.main of <colcon_package_information.verb.list.ListVerb object at 0x76d2ebd42260>>, mixin_verb=('list',))
[1.220s] Level 1:colcon.colcon_core.package_discovery:discover_packages(colcon_meta) check parameters
[1.221s] Level 1:colcon.colcon_core.package_discovery:discover_packages(recursive) check parameters
[1.221s] Level 1:colcon.colcon_core.package_discovery:discover_packages(ignore) check parameters
[1.222s] Level 1:colcon.colcon_core.package_discovery:discover_packages(path) check parameters
[1.222s] Level 1:colcon.colcon_core.package_discovery:discover_packages(recursive) discover
[1.222s] INFO:colcon.colcon_core.package_discovery:Crawling recursively for packages in '/home/tayya/cpp_pkg'
[1.223s] Level 1:colcon.colcon_core.package_identification:_identify(/home/tayya/cpp_pkg) by extensions ['ignore', 'ignore_ament_install']
[1.223s] Level 1:colcon.colcon_core.package_identification:_identify(/home/tayya/cpp_pkg) by extension 'ignore'
[1.224s] Level 1:colcon.colcon_core.package_identification:_identify(/home/tayya/cpp_pkg) by extension 'ignore_ament_install'
[1.224s] Level 1:colcon.colcon_core.package_identification:_identify(/home/tayya/cpp_pkg) by extensions ['colcon_pkg']
[1.224s] Level 1:colcon.colcon_core.package_identification:_identify(/home/tayya/cpp_pkg) by extension 'colcon_pkg'
[1.225s] Level 1:colcon.colcon_core.package_identification:_identify(/home/tayya/cpp_pkg) by extensions ['colcon_meta']
[1.225s] Level 1:colcon.colcon_core.package_identification:_identify(/home/tayya/cpp_pkg) by extension 'colcon_meta'
[1.225s] Level 1:colcon.colcon_core.package_identification:_identify(/home/tayya/cpp_pkg) by extensions ['ros']
[1.226s] Level 1:colcon.colcon_core.package_identification:_identify(/home/tayya/cpp_pkg) by extension 'ros'
[1.279s] Level 1:colcon.colcon_core.package_identification:_identify(/home/tayya/cpp_pkg) by extensions ['cmake', 'python']
[1.280s] Level 1:colcon.colcon_core.package_identification:_identify(/home/tayya/cpp_pkg) by extension 'cmake'
[1.280s] Level 1:colcon.colcon_core.package_identification:_identify(/home/tayya/cpp_pkg) by extension 'python'
[1.280s] Level 1:colcon.colcon_core.package_identification:_identify(/home/tayya/cpp_pkg) by extensions ['python_setup_py']
[1.280s] Level 1:colcon.colcon_core.package_identification:_identify(/home/tayya/cpp_pkg) by extension 'python_setup_py'
[1.280s] Level 1:colcon.colcon_core.package_identification:_identify(/home/tayya/cpp_pkg/build) by extensions ['ignore', 'ignore_ament_install']
[1.281s] Level 1:colcon.colcon_core.package_identification:_identify(/home/tayya/cpp_pkg/build) by extension 'ignore'
[1.281s] Level 1:colcon.colcon_core.package_identification:_identify(/home/tayya/cpp_pkg/build) ignored
[1.282s] Level 1:colcon.colcon_core.package_identification:_identify(/home/tayya/cpp_pkg/install) by extensions ['ignore', 'ignore_ament_install']
[1.282s] Level 1:colcon.colcon_core.package_identification:_identify(/home/tayya/cpp_pkg/install) by extension 'ignore'
[1.282s] Level 1:colcon.colcon_core.package_identification:_identify(/home/tayya/cpp_pkg/install) ignored
[1.283s] Level 1:colcon.colcon_core.package_identification:_identify(/home/tayya/cpp_pkg/log) by extensions ['ignore', 'ignore_ament_install']
[1.283s] Level 1:colcon.colcon_core.package_identification:_identify(/home/tayya/cpp_pkg/log) by extension 'ignore'
[1.283s] Level 1:colcon.colcon_core.package_identification:_identify(/home/tayya/cpp_pkg/log) ignored
[1.284s] Level 1:colcon.colcon_core.package_identification:_identify(/home/tayya/cpp_pkg/src) by extensions ['ignore', 'ignore_ament_install']
[1.284s] Level 1:colcon.colcon_core.package_identification:_identify(/home/tayya/cpp_pkg/src) by extension 'ignore'
[1.284s] Level 1:colcon.colcon_core.package_identification:_identify(/home/tayya/cpp_pkg/src) by extension 'ignore_ament_install'
[1.285s] Level 1:colcon.colcon_core.package_identification:_identify(/home/tayya/cpp_pkg/src) by extensions ['colcon_pkg']
[1.285s] Level 1:colcon.colcon_core.package_identification:_identify(/home/tayya/cpp_pkg/src) by extension 'colcon_pkg'
[1.285s] Level 1:colcon.colcon_core.package_identification:_identify(/home/tayya/cpp_pkg/src) by extensions ['colcon_meta']
[1.285s] Level 1:colcon.colcon_core.package_identification:_identify(/home/tayya/cpp_pkg/src) by extension 'colcon_meta'
[1.285s] Level 1:colcon.colcon_core.package_identification:_identify(/home/tayya/cpp_pkg/src) by extensions ['ros']
[1.285s] Level 1:colcon.colcon_core.package_identification:_identify(/home/tayya/cpp_pkg/src) by extension 'ros'
[1.286s] Level 1:colcon.colcon_core.package_identification:_identify(/home/tayya/cpp_pkg/src) by extensions ['cmake', 'python']
[1.286s] Level 1:colcon.colcon_core.package_identification:_identify(/home/tayya/cpp_pkg/src) by extension 'cmake'
[1.286s] Level 1:colcon.colcon_core.package_identification:_identify(/home/tayya/cpp_pkg/src) by extension 'python'
[1.286s] Level 1:colcon.colcon_core.package_identification:_identify(/home/tayya/cpp_pkg/src) by extensions ['python_setup_py']
[1.286s] Level 1:colcon.colcon_core.package_identification:_identify(/home/tayya/cpp_pkg/src) by extension 'python_setup_py'
[1.287s] Level 1:colcon.colcon_core.package_identification:_identify(/home/tayya/cpp_pkg/src/cpp_package) by extensions ['ignore', 'ignore_ament_install']
[1.287s] Level 1:colcon.colcon_core.package_identification:_identify(/home/tayya/cpp_pkg/src/cpp_package) by extension 'ignore'
[1.288s] Level 1:colcon.colcon_core.package_identification:_identify(/home/tayya/cpp_pkg/src/cpp_package) by extension 'ignore_ament_install'
[1.288s] Level 1:colcon.colcon_core.package_identification:_identify(/home/tayya/cpp_pkg/src/cpp_package) by extensions ['colcon_pkg']
[1.288s] Level 1:colcon.colcon_core.package_identification:_identify(/home/tayya/cpp_pkg/src/cpp_package) by extension 'colcon_pkg'
[1.289s] Level 1:colcon.colcon_core.package_identification:_identify(/home/tayya/cpp_pkg/src/cpp_package) by extensions ['colcon_meta']
[1.289s] Level 1:colcon.colcon_core.package_identification:_identify(/home/tayya/cpp_pkg/src/cpp_package) by extension 'colcon_meta'
[1.289s] Level 1:colcon.colcon_core.package_identification:_identify(/home/tayya/cpp_pkg/src/cpp_package) by extensions ['ros']
[1.289s] Level 1:colcon.colcon_core.package_identification:_identify(/home/tayya/cpp_pkg/src/cpp_package) by extension 'ros'
[1.301s] DEBUG:colcon.colcon_core.package_identification:Package '/home/tayya/cpp_pkg/src/cpp_package' with type 'ros.ament_cmake' and name 'cpp_package'
[1.301s] Level 1:colcon.colcon_core.package_discovery:discover_packages(recursive) using defaults
