-- Found ament_cmake: 1.3.11 (/opt/ros/humble/share/ament_cmake/cmake)
-- Found rclcpp: 16.0.11 (/opt/ros/humble/share/rclcpp/cmake)
-- Found rosidl_generator_c: 3.1.6 (/opt/ros/humble/share/rosidl_generator_c/cmake)
-- Found rosidl_adapter: 3.1.6 (/opt/ros/humble/share/rosidl_adapter/cmake)
-- Found rosidl_generator_cpp: 3.1.6 (/opt/ros/humble/share/rosidl_generator_cpp/cmake)
-- Using all available rosidl_typesupport_c: rosidl_typesupport_fastrtps_c;rosidl_typesupport_introspection_c
-- Using all available rosidl_typesupport_cpp: rosidl_typesupport_fastrtps_cpp;rosidl_typesupport_introspection_cpp
-- Found rmw_implementation_cmake: 6.1.2 (/opt/ros/humble/share/rmw_implementation_cmake/cmake)
-- Found rmw_fastrtps_cpp: 6.2.7 (/opt/ros/humble/share/rmw_fastrtps_cpp/cmake)
-- Using RMW implementation 'rmw_fastrtps_cpp' as default
-- Found example_interfaces: 0.9.3 (/opt/ros/humble/share/example_interfaces/cmake)
-- Found rosidl_default_generators: 1.2.0 (/opt/ros/humble/share/rosidl_default_generators/cmake)
-- Found ament_cmake_ros: 0.10.0 (/opt/ros/humble/share/ament_cmake_ros/cmake)
-- Using all available rosidl_typesupport_c: rosidl_typesupport_fastrtps_c;rosidl_typesupport_introspection_c
-- Using all available rosidl_typesupport_cpp: rosidl_typesupport_fastrtps_cpp;rosidl_typesupport_introspection_cpp
-- Found python_cmake_module: 0.10.0 (/opt/ros/humble/share/python_cmake_module/cmake)
-- Using PYTHON_EXECUTABLE: /usr/bin/python3
-- Using PYTHON_INCLUDE_DIRS: /usr/include/python3.10
-- Using PYTHON_LIBRARIES: /usr/lib/x86_64-linux-gnu/libpython3.10.so
-- Configuring done
-- Generating done
-- Build files have been written to: /home/tayya/cpp_pkg/build/cpp_package
[35m[1mConsolidate compiler generated dependencies of target cpp_package__rosidl_generator_c[0m
[35m[1mConsolidate compiler generated dependencies of target cpp_try2[0m
[35m[1mConsolidate compiler generated dependencies of target cpp_try[0m
[35m[1mConsolidate compiler generated dependencies of target subscriber[0m
[35m[1mConsolidate compiler generated dependencies of target publisher[0m
[35m[1mConsolidate compiler generated dependencies of target service[0m
[  2%] Built target cpp_package__cpp
[  9%] Built target cpp_package__rosidl_generator_c
[ 13%] Built target cpp_try
[ 18%] Built target cpp_try2
[ 18%] Built target ament_cmake_python_copy_cpp_package
[ 23%] Built target subscriber
[ 27%] Built target publisher
[ 32%] Built target service
[35m[1mConsolidate compiler generated dependencies of target cpp_package__rosidl_typesupport_cpp[0m
[35m[1mConsolidate compiler generated dependencies of target cpp_package__rosidl_typesupport_fastrtps_cpp[0m
[35m[1mConsolidate compiler generated dependencies of target cpp_package__rosidl_typesupport_c[0m
[35m[1mConsolidate compiler generated dependencies of target cpp_package__rosidl_typesupport_fastrtps_c[0m
[35m[1mConsolidate compiler generated dependencies of target cpp_package__rosidl_typesupport_introspection_c[0m
[ 34%] [32mBuilding CXX object CMakeFiles/custom_service.dir/src/custom_service.cpp.o[0m
[35m[1mConsolidate compiler generated dependencies of target cpp_package__rosidl_typesupport_introspection_cpp[0m
[ 41%] Built target cpp_package__rosidl_typesupport_cpp
[ 48%] Built target cpp_package__rosidl_typesupport_c
[ 55%] Built target cpp_package__rosidl_typesupport_fastrtps_c
[ 62%] Built target cpp_package__rosidl_typesupport_fastrtps_cpp
[ 69%] Built target cpp_package__rosidl_typesupport_introspection_c
[ 76%] Built target cpp_package__rosidl_typesupport_introspection_cpp
[ 76%] Built target cpp_package
[ 79%] Built target cpp_package__py
[35m[1mConsolidate compiler generated dependencies of target cpp_package__rosidl_generator_py[0m
[ 83%] Built target cpp_package__rosidl_generator_py
[35m[1mConsolidate compiler generated dependencies of target cpp_package__rosidl_typesupport_fastrtps_c__pyext[0m
[35m[1mConsolidate compiler generated dependencies of target cpp_package__rosidl_typesupport_introspection_c__pyext[0m
[35m[1mConsolidate compiler generated dependencies of target cpp_package__rosidl_typesupport_c__pyext[0m
[ 88%] Built target cpp_package__rosidl_typesupport_fastrtps_c__pyext
[ 93%] Built target cpp_package__rosidl_typesupport_introspection_c__pyext
[ 97%] Built target cpp_package__rosidl_typesupport_c__pyext
running egg_info
writing cpp_package.egg-info/PKG-INFO
writing dependency_links to cpp_package.egg-info/dependency_links.txt
writing top-level names to cpp_package.egg-info/top_level.txt
reading manifest file 'cpp_package.egg-info/SOURCES.txt'
writing manifest file 'cpp_package.egg-info/SOURCES.txt'
[ 97%] Built target ament_cmake_python_build_cpp_package_egg
