[0.231s] DEBUG:colcon:Command line arguments: ['/usr/bin/colcon', 'build']
[0.231s] DEBUG:colcon:Parsed command line arguments: Namespace(log_base=None, log_level=None, verb_name='build', build_base='build', install_base='install', merge_install=False, symlink_install=False, test_result_base=None, continue_on_error=False, executor='parallel', parallel_workers=8, event_handlers=None, ignore_user_meta=False, metas=['./colcon.meta'], base_paths=['.'], packages_ignore=None, packages_ignore_regex=None, paths=None, packages_up_to=None, packages_up_to_regex=None, packages_above=None, packages_above_and_dependencies=None, packages_above_depth=None, packages_select_by_dep=None, packages_skip_by_dep=None, packages_skip_up_to=None, packages_select_build_failed=False, packages_skip_build_finished=False, packages_select_test_failures=False, packages_skip_test_passed=False, packages_select=None, packages_skip=None, packages_select_regex=None, packages_skip_regex=None, packages_start=None, packages_end=None, allow_overriding=[], cmake_args=None, cmake_target=None, cmake_target_skip_unavailable=False, cmake_clean_cache=False, cmake_clean_first=False, cmake_force_configure=False, ament_cmake_args=None, catkin_cmake_args=None, catkin_skip_building_tests=False, mixin_files=None, mixin=None, verb_parser=<colcon_mixin.mixin.mixin_argument.MixinArgumentDecorator object at 0x7240c6346350>, verb_extension=<colcon_core.verb.build.BuildVerb object at 0x7240c6345e10>, main=<bound method BuildVerb.main of <colcon_core.verb.build.BuildVerb object at 0x7240c6345e10>>, mixin_verb=('build',))
[0.689s] Level 1:colcon.colcon_core.package_discovery:discover_packages(colcon_meta) check parameters
[0.689s] Level 1:colcon.colcon_core.package_discovery:discover_packages(recursive) check parameters
[0.689s] Level 1:colcon.colcon_core.package_discovery:discover_packages(ignore) check parameters
[0.689s] Level 1:colcon.colcon_core.package_discovery:discover_packages(path) check parameters
[0.689s] Level 1:colcon.colcon_core.package_discovery:discover_packages(colcon_meta) discover
[0.690s] Level 1:colcon.colcon_core.package_discovery:discover_packages(recursive) discover
[0.690s] INFO:colcon.colcon_core.package_discovery:Crawling recursively for packages in '/home/tayya/cpp_pkg'
[0.690s] Level 1:colcon.colcon_core.package_identification:_identify(.) by extensions ['ignore', 'ignore_ament_install']
[0.690s] Level 1:colcon.colcon_core.package_identification:_identify(.) by extension 'ignore'
[0.690s] Level 1:colcon.colcon_core.package_identification:_identify(.) by extension 'ignore_ament_install'
[0.691s] Level 1:colcon.colcon_core.package_identification:_identify(.) by extensions ['colcon_pkg']
[0.691s] Level 1:colcon.colcon_core.package_identification:_identify(.) by extension 'colcon_pkg'
[0.691s] Level 1:colcon.colcon_core.package_identification:_identify(.) by extensions ['colcon_meta']
[0.691s] Level 1:colcon.colcon_core.package_identification:_identify(.) by extension 'colcon_meta'
[0.691s] Level 1:colcon.colcon_core.package_identification:_identify(.) by extensions ['ros']
[0.691s] Level 1:colcon.colcon_core.package_identification:_identify(.) by extension 'ros'
[0.721s] Level 1:colcon.colcon_core.package_identification:_identify(.) by extensions ['cmake', 'python']
[0.721s] Level 1:colcon.colcon_core.package_identification:_identify(.) by extension 'cmake'
[0.721s] Level 1:colcon.colcon_core.package_identification:_identify(.) by extension 'python'
[0.722s] Level 1:colcon.colcon_core.package_identification:_identify(.) by extensions ['python_setup_py']
[0.722s] Level 1:colcon.colcon_core.package_identification:_identify(.) by extension 'python_setup_py'
[0.722s] Level 1:colcon.colcon_core.package_identification:_identify(build) by extensions ['ignore', 'ignore_ament_install']
[0.722s] Level 1:colcon.colcon_core.package_identification:_identify(build) by extension 'ignore'
[0.722s] Level 1:colcon.colcon_core.package_identification:_identify(build) ignored
[0.723s] Level 1:colcon.colcon_core.package_identification:_identify(install) by extensions ['ignore', 'ignore_ament_install']
[0.723s] Level 1:colcon.colcon_core.package_identification:_identify(install) by extension 'ignore'
[0.723s] Level 1:colcon.colcon_core.package_identification:_identify(install) ignored
[0.723s] Level 1:colcon.colcon_core.package_identification:_identify(log) by extensions ['ignore', 'ignore_ament_install']
[0.724s] Level 1:colcon.colcon_core.package_identification:_identify(log) by extension 'ignore'
[0.724s] Level 1:colcon.colcon_core.package_identification:_identify(log) ignored
[0.724s] Level 1:colcon.colcon_core.package_identification:_identify(src) by extensions ['ignore', 'ignore_ament_install']
[0.724s] Level 1:colcon.colcon_core.package_identification:_identify(src) by extension 'ignore'
[0.725s] Level 1:colcon.colcon_core.package_identification:_identify(src) by extension 'ignore_ament_install'
[0.725s] Level 1:colcon.colcon_core.package_identification:_identify(src) by extensions ['colcon_pkg']
[0.725s] Level 1:colcon.colcon_core.package_identification:_identify(src) by extension 'colcon_pkg'
[0.725s] Level 1:colcon.colcon_core.package_identification:_identify(src) by extensions ['colcon_meta']
[0.725s] Level 1:colcon.colcon_core.package_identification:_identify(src) by extension 'colcon_meta'
[0.725s] Level 1:colcon.colcon_core.package_identification:_identify(src) by extensions ['ros']
[0.725s] Level 1:colcon.colcon_core.package_identification:_identify(src) by extension 'ros'
[0.725s] Level 1:colcon.colcon_core.package_identification:_identify(src) by extensions ['cmake', 'python']
[0.725s] Level 1:colcon.colcon_core.package_identification:_identify(src) by extension 'cmake'
[0.726s] Level 1:colcon.colcon_core.package_identification:_identify(src) by extension 'python'
[0.726s] Level 1:colcon.colcon_core.package_identification:_identify(src) by extensions ['python_setup_py']
[0.726s] Level 1:colcon.colcon_core.package_identification:_identify(src) by extension 'python_setup_py'
[0.726s] Level 1:colcon.colcon_core.package_identification:_identify(src/cpp_package) by extensions ['ignore', 'ignore_ament_install']
[0.726s] Level 1:colcon.colcon_core.package_identification:_identify(src/cpp_package) by extension 'ignore'
[0.726s] Level 1:colcon.colcon_core.package_identification:_identify(src/cpp_package) by extension 'ignore_ament_install'
[0.727s] Level 1:colcon.colcon_core.package_identification:_identify(src/cpp_package) by extensions ['colcon_pkg']
[0.727s] Level 1:colcon.colcon_core.package_identification:_identify(src/cpp_package) by extension 'colcon_pkg'
[0.736s] Level 1:colcon.colcon_core.package_identification:_identify(src/cpp_package) by extensions ['colcon_meta']
[0.736s] Level 1:colcon.colcon_core.package_identification:_identify(src/cpp_package) by extension 'colcon_meta'
[0.736s] Level 1:colcon.colcon_core.package_identification:_identify(src/cpp_package) by extensions ['ros']
[0.736s] Level 1:colcon.colcon_core.package_identification:_identify(src/cpp_package) by extension 'ros'
[0.743s] DEBUG:colcon.colcon_core.package_identification:Package 'src/cpp_package' with type 'ros.ament_cmake' and name 'cpp_package'
[0.743s] Level 1:colcon.colcon_core.package_discovery:discover_packages(recursive) using defaults
[0.744s] Level 1:colcon.colcon_core.package_discovery:discover_packages(ignore) discover
[0.744s] Level 1:colcon.colcon_core.package_discovery:discover_packages(ignore) using defaults
[0.744s] Level 1:colcon.colcon_core.package_discovery:discover_packages(path) discover
[0.744s] Level 1:colcon.colcon_core.package_discovery:discover_packages(path) using defaults
[0.819s] Level 1:colcon.colcon_core.package_discovery:discover_packages(prefix_path) check parameters
[0.820s] Level 1:colcon.colcon_core.package_discovery:discover_packages(prefix_path) discover
[0.824s] DEBUG:colcon.colcon_installed_package_information.package_discovery:Found 1 installed packages in /home/tayya/cpp_pkg/install
[0.825s] DEBUG:colcon.colcon_installed_package_information.package_discovery:Found 1 installed packages in /home/tayya/robot_ws/install
[0.831s] DEBUG:colcon.colcon_installed_package_information.package_discovery:Found 282 installed packages in /opt/ros/humble
[0.837s] Level 1:colcon.colcon_core.package_discovery:discover_packages(prefix_path) using defaults
[0.931s] Level 5:colcon.colcon_core.verb:set package 'cpp_package' build argument 'cmake_args' from command line to 'None'
[0.931s] Level 5:colcon.colcon_core.verb:set package 'cpp_package' build argument 'cmake_target' from command line to 'None'
[0.931s] Level 5:colcon.colcon_core.verb:set package 'cpp_package' build argument 'cmake_target_skip_unavailable' from command line to 'False'
[0.931s] Level 5:colcon.colcon_core.verb:set package 'cpp_package' build argument 'cmake_clean_cache' from command line to 'False'
[0.931s] Level 5:colcon.colcon_core.verb:set package 'cpp_package' build argument 'cmake_clean_first' from command line to 'False'
[0.931s] Level 5:colcon.colcon_core.verb:set package 'cpp_package' build argument 'cmake_force_configure' from command line to 'False'
[0.931s] Level 5:colcon.colcon_core.verb:set package 'cpp_package' build argument 'ament_cmake_args' from command line to 'None'
[0.931s] Level 5:colcon.colcon_core.verb:set package 'cpp_package' build argument 'catkin_cmake_args' from command line to 'None'
[0.931s] Level 5:colcon.colcon_core.verb:set package 'cpp_package' build argument 'catkin_skip_building_tests' from command line to 'False'
[0.931s] DEBUG:colcon.colcon_core.verb:Building package 'cpp_package' with the following arguments: {'ament_cmake_args': None, 'build_base': '/home/tayya/cpp_pkg/build/cpp_package', 'catkin_cmake_args': None, 'catkin_skip_building_tests': False, 'cmake_args': None, 'cmake_clean_cache': False, 'cmake_clean_first': False, 'cmake_force_configure': False, 'cmake_target': None, 'cmake_target_skip_unavailable': False, 'install_base': '/home/tayya/cpp_pkg/install/cpp_package', 'merge_install': False, 'path': '/home/tayya/cpp_pkg/src/cpp_package', 'symlink_install': False, 'test_result_base': None}
[0.932s] INFO:colcon.colcon_core.executor:Executing jobs using 'parallel' executor
[0.934s] DEBUG:colcon.colcon_parallel_executor.executor.parallel:run_until_complete
[0.934s] INFO:colcon.colcon_ros.task.ament_cmake.build:Building ROS package in '/home/tayya/cpp_pkg/src/cpp_package' with build type 'ament_cmake'
[0.935s] INFO:colcon.colcon_cmake.task.cmake.build:Building CMake package in '/home/tayya/cpp_pkg/src/cpp_package'
[0.939s] INFO:colcon.colcon_core.plugin_system:Skipping extension 'colcon_core.shell.bat': Not used on non-Windows systems
[0.939s] INFO:colcon.colcon_core.shell:Skip shell extension 'powershell' for command environment: Not usable outside of PowerShell
[0.939s] DEBUG:colcon.colcon_core.shell:Skip shell extension 'dsv' for command environment
[0.966s] DEBUG:colcon.colcon_core.event_handler.log_command:Invoking command in '/home/tayya/cpp_pkg/build/cpp_package': CMAKE_PREFIX_PATH=${CMAKE_PREFIX_PATH}:/opt/ros/humble /usr/bin/cmake --build /home/tayya/cpp_pkg/build/cpp_package -- -j8 -l8
[11.098s] DEBUG:colcon.colcon_core.event_handler.log_command:Invoked command in '/home/tayya/cpp_pkg/build/cpp_package' returned '0': CMAKE_PREFIX_PATH=${CMAKE_PREFIX_PATH}:/opt/ros/humble /usr/bin/cmake --build /home/tayya/cpp_pkg/build/cpp_package -- -j8 -l8
[11.120s] DEBUG:colcon.colcon_core.event_handler.log_command:Invoking command in '/home/tayya/cpp_pkg/build/cpp_package': CMAKE_PREFIX_PATH=${CMAKE_PREFIX_PATH}:/opt/ros/humble /usr/bin/cmake --install /home/tayya/cpp_pkg/build/cpp_package
[11.250s] Level 1:colcon.colcon_core.environment:create_environment_scripts_only(cpp_package)
[11.254s] DEBUG:colcon.colcon_core.event_handler.log_command:Invoked command in '/home/tayya/cpp_pkg/build/cpp_package' returned '0': CMAKE_PREFIX_PATH=${CMAKE_PREFIX_PATH}:/opt/ros/humble /usr/bin/cmake --install /home/tayya/cpp_pkg/build/cpp_package
[11.260s] Level 1:colcon.colcon_core.environment:checking '/home/tayya/cpp_pkg/install/cpp_package' for CMake module files
[11.262s] Level 1:colcon.colcon_core.environment:checking '/home/tayya/cpp_pkg/install/cpp_package' for CMake config files
[11.264s] Level 1:colcon.colcon_core.shell:create_environment_hook('cpp_package', 'cmake_prefix_path')
[11.265s] INFO:colcon.colcon_core.shell:Creating environment hook '/home/tayya/cpp_pkg/install/cpp_package/share/cpp_package/hook/cmake_prefix_path.ps1'
[11.266s] INFO:colcon.colcon_core.shell:Creating environment descriptor '/home/tayya/cpp_pkg/install/cpp_package/share/cpp_package/hook/cmake_prefix_path.dsv'
[11.267s] INFO:colcon.colcon_core.shell:Creating environment hook '/home/tayya/cpp_pkg/install/cpp_package/share/cpp_package/hook/cmake_prefix_path.sh'
[11.270s] Level 1:colcon.colcon_core.environment:checking '/home/tayya/cpp_pkg/install/cpp_package/lib'
[11.270s] Level 1:colcon.colcon_core.shell:create_environment_hook('cpp_package', 'ld_library_path_lib')
[11.271s] INFO:colcon.colcon_core.shell:Creating environment hook '/home/tayya/cpp_pkg/install/cpp_package/share/cpp_package/hook/ld_library_path_lib.ps1'
[11.273s] INFO:colcon.colcon_core.shell:Creating environment descriptor '/home/tayya/cpp_pkg/install/cpp_package/share/cpp_package/hook/ld_library_path_lib.dsv'
[11.273s] INFO:colcon.colcon_core.shell:Creating environment hook '/home/tayya/cpp_pkg/install/cpp_package/share/cpp_package/hook/ld_library_path_lib.sh'
[11.274s] Level 1:colcon.colcon_core.environment:checking '/home/tayya/cpp_pkg/install/cpp_package/bin'
[11.275s] Level 1:colcon.colcon_core.environment:checking '/home/tayya/cpp_pkg/install/cpp_package/lib/pkgconfig/cpp_package.pc'
[11.275s] Level 1:colcon.colcon_core.environment:checking '/home/tayya/cpp_pkg/install/cpp_package/lib/python3.10/site-packages'
[11.276s] Level 1:colcon.colcon_core.environment:checking '/home/tayya/cpp_pkg/install/cpp_package/bin'
[11.277s] INFO:colcon.colcon_core.shell:Creating package script '/home/tayya/cpp_pkg/install/cpp_package/share/cpp_package/package.ps1'
[11.279s] INFO:colcon.colcon_core.shell:Creating package descriptor '/home/tayya/cpp_pkg/install/cpp_package/share/cpp_package/package.dsv'
[11.281s] INFO:colcon.colcon_core.shell:Creating package script '/home/tayya/cpp_pkg/install/cpp_package/share/cpp_package/package.sh'
[11.283s] INFO:colcon.colcon_core.shell:Creating package script '/home/tayya/cpp_pkg/install/cpp_package/share/cpp_package/package.bash'
[11.285s] INFO:colcon.colcon_core.shell:Creating package script '/home/tayya/cpp_pkg/install/cpp_package/share/cpp_package/package.zsh'
[11.287s] Level 1:colcon.colcon_core.environment:create_file_with_runtime_dependencies(/home/tayya/cpp_pkg/install/cpp_package/share/colcon-core/packages/cpp_package)
[11.288s] Level 1:colcon.colcon_core.environment:create_environment_scripts_only(cpp_package)
[11.289s] Level 1:colcon.colcon_core.environment:checking '/home/tayya/cpp_pkg/install/cpp_package' for CMake module files
[11.290s] Level 1:colcon.colcon_core.environment:checking '/home/tayya/cpp_pkg/install/cpp_package' for CMake config files
[11.292s] Level 1:colcon.colcon_core.shell:create_environment_hook('cpp_package', 'cmake_prefix_path')
[11.292s] INFO:colcon.colcon_core.shell:Creating environment hook '/home/tayya/cpp_pkg/install/cpp_package/share/cpp_package/hook/cmake_prefix_path.ps1'
[11.293s] INFO:colcon.colcon_core.shell:Creating environment descriptor '/home/tayya/cpp_pkg/install/cpp_package/share/cpp_package/hook/cmake_prefix_path.dsv'
[11.294s] INFO:colcon.colcon_core.shell:Creating environment hook '/home/tayya/cpp_pkg/install/cpp_package/share/cpp_package/hook/cmake_prefix_path.sh'
[11.296s] Level 1:colcon.colcon_core.environment:checking '/home/tayya/cpp_pkg/install/cpp_package/lib'
[11.296s] Level 1:colcon.colcon_core.shell:create_environment_hook('cpp_package', 'ld_library_path_lib')
[11.296s] INFO:colcon.colcon_core.shell:Creating environment hook '/home/tayya/cpp_pkg/install/cpp_package/share/cpp_package/hook/ld_library_path_lib.ps1'
[11.297s] INFO:colcon.colcon_core.shell:Creating environment descriptor '/home/tayya/cpp_pkg/install/cpp_package/share/cpp_package/hook/ld_library_path_lib.dsv'
[11.298s] INFO:colcon.colcon_core.shell:Creating environment hook '/home/tayya/cpp_pkg/install/cpp_package/share/cpp_package/hook/ld_library_path_lib.sh'
[11.299s] Level 1:colcon.colcon_core.environment:checking '/home/tayya/cpp_pkg/install/cpp_package/bin'
[11.299s] Level 1:colcon.colcon_core.environment:checking '/home/tayya/cpp_pkg/install/cpp_package/lib/pkgconfig/cpp_package.pc'
[11.300s] Level 1:colcon.colcon_core.environment:checking '/home/tayya/cpp_pkg/install/cpp_package/lib/python3.10/site-packages'
[11.300s] Level 1:colcon.colcon_core.environment:checking '/home/tayya/cpp_pkg/install/cpp_package/bin'
[11.301s] INFO:colcon.colcon_core.shell:Creating package script '/home/tayya/cpp_pkg/install/cpp_package/share/cpp_package/package.ps1'
[11.303s] INFO:colcon.colcon_core.shell:Creating package descriptor '/home/tayya/cpp_pkg/install/cpp_package/share/cpp_package/package.dsv'
[11.304s] INFO:colcon.colcon_core.shell:Creating package script '/home/tayya/cpp_pkg/install/cpp_package/share/cpp_package/package.sh'
[11.305s] INFO:colcon.colcon_core.shell:Creating package script '/home/tayya/cpp_pkg/install/cpp_package/share/cpp_package/package.bash'
[11.305s] INFO:colcon.colcon_core.shell:Creating package script '/home/tayya/cpp_pkg/install/cpp_package/share/cpp_package/package.zsh'
[11.306s] Level 1:colcon.colcon_core.environment:create_file_with_runtime_dependencies(/home/tayya/cpp_pkg/install/cpp_package/share/colcon-core/packages/cpp_package)
[11.307s] DEBUG:colcon.colcon_parallel_executor.executor.parallel:closing loop
[11.307s] DEBUG:colcon.colcon_parallel_executor.executor.parallel:loop closed
[11.308s] DEBUG:colcon.colcon_parallel_executor.executor.parallel:run_until_complete finished with '0'
[11.308s] DEBUG:colcon.colcon_core.event_reactor:joining thread
[11.319s] INFO:colcon.colcon_core.plugin_system:Skipping extension 'colcon_notification.desktop_notification.terminal_notifier': Not used on non-Darwin systems
[11.319s] INFO:colcon.colcon_core.plugin_system:Skipping extension 'colcon_notification.desktop_notification.win32': Not used on non-Windows systems
[11.319s] INFO:colcon.colcon_notification.desktop_notification:Sending desktop notification using 'notify2'
[11.344s] DEBUG:colcon.colcon_core.event_reactor:joined thread
[11.345s] INFO:colcon.colcon_core.shell:Creating prefix script '/home/tayya/cpp_pkg/install/local_setup.ps1'
[11.347s] INFO:colcon.colcon_core.shell:Creating prefix util module '/home/tayya/cpp_pkg/install/_local_setup_util_ps1.py'
[11.352s] INFO:colcon.colcon_core.shell:Creating prefix chain script '/home/tayya/cpp_pkg/install/setup.ps1'
[11.355s] INFO:colcon.colcon_core.shell:Creating prefix script '/home/tayya/cpp_pkg/install/local_setup.sh'
[11.357s] INFO:colcon.colcon_core.shell:Creating prefix util module '/home/tayya/cpp_pkg/install/_local_setup_util_sh.py'
[11.358s] INFO:colcon.colcon_core.shell:Creating prefix chain script '/home/tayya/cpp_pkg/install/setup.sh'
[11.362s] INFO:colcon.colcon_core.shell:Creating prefix script '/home/tayya/cpp_pkg/install/local_setup.bash'
[11.364s] INFO:colcon.colcon_core.shell:Creating prefix chain script '/home/tayya/cpp_pkg/install/setup.bash'
[11.367s] INFO:colcon.colcon_core.shell:Creating prefix script '/home/tayya/cpp_pkg/install/local_setup.zsh'
[11.368s] INFO:colcon.colcon_core.shell:Creating prefix chain script '/home/tayya/cpp_pkg/install/setup.zsh'
