[0.026s] Invoking command in '/home/tayya/cpp_pkg/build/cpp_package': CMAKE_PREFIX_PATH=${CMAKE_PREFIX_PATH}:/opt/ros/humble /usr/bin/cmake --build /home/tayya/cpp_pkg/build/cpp_package -- -j8 -l8
[0.086s] -- Found ament_cmake: 1.3.11 (/opt/ros/humble/share/ament_cmake/cmake)
[0.393s] -- Found rclcpp: 16.0.11 (/opt/ros/humble/share/rclcpp/cmake)
[0.462s] -- Found rosidl_generator_c: 3.1.6 (/opt/ros/humble/share/rosidl_generator_c/cmake)
[0.468s] -- Found rosidl_adapter: 3.1.6 (/opt/ros/humble/share/rosidl_adapter/cmake)
[0.483s] -- Found rosidl_generator_cpp: 3.1.6 (/opt/ros/humble/share/rosidl_generator_cpp/cmake)
[0.506s] -- Using all available rosidl_typesupport_c: rosidl_typesupport_fastrtps_c;rosidl_typesupport_introspection_c
[0.538s] -- Using all available rosidl_typesupport_cpp: rosidl_typesupport_fastrtps_cpp;rosidl_typesupport_introspection_cpp
[0.620s] -- Found rmw_implementation_cmake: 6.1.2 (/opt/ros/humble/share/rmw_implementation_cmake/cmake)
[0.624s] -- Found rmw_fastrtps_cpp: 6.2.7 (/opt/ros/humble/share/rmw_fastrtps_cpp/cmake)
[0.912s] -- Using RMW implementation 'rmw_fastrtps_cpp' as default
[1.026s] -- Found example_interfaces: 0.9.3 (/opt/ros/humble/share/example_interfaces/cmake)
[1.124s] -- Found rosidl_default_generators: 1.2.0 (/opt/ros/humble/share/rosidl_default_generators/cmake)
[1.164s] [31mCMake Error at CMakeLists.txt:14 (find_package):
[1.164s]   By not providing "Findcpp_package_rosidl_typesupport_cpp.cmake" in
[1.164s]   CMAKE_MODULE_PATH this project has asked CMake to find a package
[1.164s]   configuration file provided by "cpp_package_rosidl_typesupport_cpp", but
[1.164s]   CMake did not find one.
[1.164s] 
[1.164s]   Could not find a package configuration file provided by
[1.165s]   "cpp_package_rosidl_typesupport_cpp" with any of the following names:
[1.165s] 
[1.165s]     cpp_package_rosidl_typesupport_cppConfig.cmake
[1.165s]     cpp_package_rosidl_typesupport_cpp-config.cmake
[1.165s] 
[1.165s]   Add the installation prefix of "cpp_package_rosidl_typesupport_cpp" to
[1.165s]   CMAKE_PREFIX_PATH or set "cpp_package_rosidl_typesupport_cpp_DIR" to a
[1.165s]   directory containing one of the above files.  If
[1.166s]   "cpp_package_rosidl_typesupport_cpp" provides a separate development
[1.166s]   package or SDK, be sure it has been installed.
[1.166s] 
[1.166s] [0m
[1.166s] -- Configuring incomplete, errors occurred!
[1.166s] See also "/home/tayya/cpp_pkg/build/cpp_package/CMakeFiles/CMakeOutput.log".
[1.176s] gmake: *** [Makefile:431: cmake_check_build_system] Error 1
[1.180s] Invoked command in '/home/tayya/cpp_pkg/build/cpp_package' returned '2': CMAKE_PREFIX_PATH=${CMAKE_PREFIX_PATH}:/opt/ros/humble /usr/bin/cmake --build /home/tayya/cpp_pkg/build/cpp_package -- -j8 -l8
