[35m[1mConsolidate compiler generated dependencies of target service[0m
[ 20%] Built target publisher
[ 40%] Built target cpp_try2
[ 60%] Built target cpp_try
[ 90%] Built target subscriber
[ 90%] [32mBuilding CXX object CMakeFiles/service.dir/src/service.cpp.o[0m
[100%] [32m[1mLinking CXX executable service[0m
[100%] Built target service
-- Install configuration: ""
-- Up-to-date: /home/tayya/cpp_pkg/install/cpp_package/lib/cpp_package/cpp_try
-- Up-to-date: /home/tayya/cpp_pkg/install/cpp_package/lib/cpp_package/cpp_try2
-- Up-to-date: /home/tayya/cpp_pkg/install/cpp_package/lib/cpp_package/publisher
-- Up-to-date: /home/tayya/cpp_pkg/install/cpp_package/lib/cpp_package/subscriber
-- Installing: /home/tayya/cpp_pkg/install/cpp_package/lib/cpp_package/service
-- Set runtime path of "/home/tayya/cpp_pkg/install/cpp_package/lib/cpp_package/service" to ""
-- Up-to-date: /home/tayya/cpp_pkg/install/cpp_package/share/ament_index/resource_index/package_run_dependencies/cpp_package
-- Up-to-date: /home/tayya/cpp_pkg/install/cpp_package/share/ament_index/resource_index/parent_prefix_path/cpp_package
-- Up-to-date: /home/tayya/cpp_pkg/install/cpp_package/share/cpp_package/environment/ament_prefix_path.sh
-- Up-to-date: /home/tayya/cpp_pkg/install/cpp_package/share/cpp_package/environment/ament_prefix_path.dsv
-- Up-to-date: /home/tayya/cpp_pkg/install/cpp_package/share/cpp_package/environment/path.sh
-- Up-to-date: /home/tayya/cpp_pkg/install/cpp_package/share/cpp_package/environment/path.dsv
-- Up-to-date: /home/tayya/cpp_pkg/install/cpp_package/share/cpp_package/local_setup.bash
-- Up-to-date: /home/tayya/cpp_pkg/install/cpp_package/share/cpp_package/local_setup.sh
-- Up-to-date: /home/tayya/cpp_pkg/install/cpp_package/share/cpp_package/local_setup.zsh
-- Up-to-date: /home/tayya/cpp_pkg/install/cpp_package/share/cpp_package/local_setup.dsv
-- Installing: /home/tayya/cpp_pkg/install/cpp_package/share/cpp_package/package.dsv
-- Up-to-date: /home/tayya/cpp_pkg/install/cpp_package/share/ament_index/resource_index/packages/cpp_package
-- Up-to-date: /home/tayya/cpp_pkg/install/cpp_package/share/cpp_package/cmake/cpp_packageConfig.cmake
-- Up-to-date: /home/tayya/cpp_pkg/install/cpp_package/share/cpp_package/cmake/cpp_packageConfig-version.cmake
-- Up-to-date: /home/tayya/cpp_pkg/install/cpp_package/share/cpp_package/package.xml
