[0.019s] Invoking command in '/home/tayya/cpp_pkg/build/cpp_package': CMAKE_PREFIX_PATH=${CMAKE_PREFIX_PATH}:/opt/ros/humble /usr/bin/cmake --build /home/tayya/cpp_pkg/build/cpp_package -- -j8 -l8
[0.072s] [35m[1mConsolidate compiler generated dependencies of target subscriber[0m
[0.076s] [35m[1mConsolidate compiler generated dependencies of target publisher[0m
[0.097s] [ 25%] Built target cpp_try2
[0.098s] [ 50%] Built target cpp_try
[0.105s] [ 62%] [32mBuilding CXX object CMakeFiles/publisher.dir/src/publisher.cpp.o[0m
[0.108s] [ 87%] Built target subscriber
[5.913s] [100%] [32m[1mLinking CXX executable publisher[0m
[6.136s] [100%] Built target publisher
[6.153s] Invoked command in '/home/tayya/cpp_pkg/build/cpp_package' returned '0': CMAKE_PREFIX_PATH=${CMAKE_PREFIX_PATH}:/opt/ros/humble /usr/bin/cmake --build /home/tayya/cpp_pkg/build/cpp_package -- -j8 -l8
[6.168s] Invoking command in '/home/tayya/cpp_pkg/build/cpp_package': CMAKE_PREFIX_PATH=${CMAKE_PREFIX_PATH}:/opt/ros/humble /usr/bin/cmake --install /home/tayya/cpp_pkg/build/cpp_package
[6.178s] -- Install configuration: ""
[6.178s] -- Up-to-date: /home/tayya/cpp_pkg/install/cpp_package/lib/cpp_package/cpp_try
[6.178s] -- Up-to-date: /home/tayya/cpp_pkg/install/cpp_package/lib/cpp_package/cpp_try2
[6.178s] -- Installing: /home/tayya/cpp_pkg/install/cpp_package/lib/cpp_package/publisher
[6.181s] -- Set runtime path of "/home/tayya/cpp_pkg/install/cpp_package/lib/cpp_package/publisher" to ""
[6.181s] -- Up-to-date: /home/tayya/cpp_pkg/install/cpp_package/lib/cpp_package/subscriber
[6.181s] -- Up-to-date: /home/tayya/cpp_pkg/install/cpp_package/share/ament_index/resource_index/package_run_dependencies/cpp_package
[6.182s] -- Up-to-date: /home/tayya/cpp_pkg/install/cpp_package/share/ament_index/resource_index/parent_prefix_path/cpp_package
[6.182s] -- Up-to-date: /home/tayya/cpp_pkg/install/cpp_package/share/cpp_package/environment/ament_prefix_path.sh
[6.182s] -- Up-to-date: /home/tayya/cpp_pkg/install/cpp_package/share/cpp_package/environment/ament_prefix_path.dsv
[6.182s] -- Up-to-date: /home/tayya/cpp_pkg/install/cpp_package/share/cpp_package/environment/path.sh
[6.182s] -- Up-to-date: /home/tayya/cpp_pkg/install/cpp_package/share/cpp_package/environment/path.dsv
[6.182s] -- Up-to-date: /home/tayya/cpp_pkg/install/cpp_package/share/cpp_package/local_setup.bash
[6.182s] -- Up-to-date: /home/tayya/cpp_pkg/install/cpp_package/share/cpp_package/local_setup.sh
[6.182s] -- Up-to-date: /home/tayya/cpp_pkg/install/cpp_package/share/cpp_package/local_setup.zsh
[6.183s] -- Up-to-date: /home/tayya/cpp_pkg/install/cpp_package/share/cpp_package/local_setup.dsv
[6.183s] -- Installing: /home/tayya/cpp_pkg/install/cpp_package/share/cpp_package/package.dsv
[6.183s] -- Up-to-date: /home/tayya/cpp_pkg/install/cpp_package/share/ament_index/resource_index/packages/cpp_package
[6.183s] -- Up-to-date: /home/tayya/cpp_pkg/install/cpp_package/share/cpp_package/cmake/cpp_packageConfig.cmake
[6.183s] -- Up-to-date: /home/tayya/cpp_pkg/install/cpp_package/share/cpp_package/cmake/cpp_packageConfig-version.cmake
[6.183s] -- Up-to-date: /home/tayya/cpp_pkg/install/cpp_package/share/cpp_package/package.xml
[6.185s] Invoked command in '/home/tayya/cpp_pkg/build/cpp_package' returned '0': CMAKE_PREFIX_PATH=${CMAKE_PREFIX_PATH}:/opt/ros/humble /usr/bin/cmake --install /home/tayya/cpp_pkg/build/cpp_package
