[0.033s] Invoking command in '/home/tayya/cpp_pkg/build/cpp_package': CMAKE_PREFIX_PATH=${CMAKE_PREFIX_PATH}:/opt/ros/humble /usr/bin/cmake --build /home/tayya/cpp_pkg/build/cpp_package -- -j8 -l8
[0.086s] -- Found ament_cmake: 1.3.11 (/opt/ros/humble/share/ament_cmake/cmake)
[0.369s] -- Found rclcpp: 16.0.11 (/opt/ros/humble/share/rclcpp/cmake)
[0.431s] -- Found rosidl_generator_c: 3.1.6 (/opt/ros/humble/share/rosidl_generator_c/cmake)
[0.436s] -- Found rosidl_adapter: 3.1.6 (/opt/ros/humble/share/rosidl_adapter/cmake)
[0.450s] -- Found rosidl_generator_cpp: 3.1.6 (/opt/ros/humble/share/rosidl_generator_cpp/cmake)
[0.472s] -- Using all available rosidl_typesupport_c: rosidl_typesupport_fastrtps_c;rosidl_typesupport_introspection_c
[0.502s] -- Using all available rosidl_typesupport_cpp: rosidl_typesupport_fastrtps_cpp;rosidl_typesupport_introspection_cpp
[0.576s] -- Found rmw_implementation_cmake: 6.1.2 (/opt/ros/humble/share/rmw_implementation_cmake/cmake)
[0.579s] -- Found rmw_fastrtps_cpp: 6.2.7 (/opt/ros/humble/share/rmw_fastrtps_cpp/cmake)
[0.797s] -- Using RMW implementation 'rmw_fastrtps_cpp' as default
[0.907s] -- Found example_interfaces: 0.9.3 (/opt/ros/humble/share/example_interfaces/cmake)
[1.159s] -- Configuring done
[1.208s] -- Generating done
[1.231s] -- Build files have been written to: /home/tayya/cpp_pkg/build/cpp_package
[1.282s] [35m[1mConsolidate compiler generated dependencies of target cpp_try2[0m
[1.290s] [35m[1mConsolidate compiler generated dependencies of target subscriber[0m
[1.290s] [35m[1mConsolidate compiler generated dependencies of target cpp_try[0m
[1.291s] [35m[1mConsolidate compiler generated dependencies of target publisher[0m
[1.291s] [35m[1mConsolidate compiler generated dependencies of target service[0m
[1.314s] [  8%] [32mBuilding CXX object CMakeFiles/client.dir/src/client.cpp.o[0m
[1.336s] [ 41%] Built target cpp_try2
[1.336s] [ 41%] Built target publisher
[1.337s] [ 58%] Built target subscriber
[1.339s] [ 75%] Built target cpp_try
[1.344s] [ 83%] [32mBuilding CXX object CMakeFiles/service.dir/src/service.cpp.o[0m
[1.875s] [01m[K/home/tayya/cpp_pkg/src/cpp_package/src/service.cpp:2:10:[m[K [01;31m[Kfatal error: [m[Kexample_interfaces/srv/add_two_ints.hpp: No such file or directory
[1.875s]     2 | #include [01;31m[K"example_interfaces/srv/add_two_ints.hpp"[m[K
[1.876s]       |          [01;31m[K^~~~~~~~~~~~~~~~~~~~~~~~~~~~~~~~~~~~~~~~~[m[K
[1.876s] compilation terminated.
[1.888s] [01m[K/home/tayya/cpp_pkg/src/cpp_package/src/client.cpp:2:10:[m[K [01;31m[Kfatal error: [m[Kexample_interfaces/srv/add_two_ints.hpp: No such file or directory
[1.889s]     2 | #include [01;31m[K"example_interfaces/srv/add_two_ints.hpp"[m[K
[1.889s]       |          [01;31m[K^~~~~~~~~~~~~~~~~~~~~~~~~~~~~~~~~~~~~~~~~[m[K
[1.889s] compilation terminated.
[1.890s] gmake[2]: *** [CMakeFiles/service.dir/build.make:76: CMakeFiles/service.dir/src/service.cpp.o] Error 1
[1.891s] gmake[1]: *** [CMakeFiles/Makefile2:251: CMakeFiles/service.dir/all] Error 2
[1.891s] gmake[1]: *** Waiting for unfinished jobs....
[1.894s] gmake[2]: *** [CMakeFiles/client.dir/build.make:76: CMakeFiles/client.dir/src/client.cpp.o] Error 1
[1.895s] gmake[1]: *** [CMakeFiles/Makefile2:277: CMakeFiles/client.dir/all] Error 2
[1.895s] gmake: *** [Makefile:146: all] Error 2
[1.901s] Invoked command in '/home/tayya/cpp_pkg/build/cpp_package' returned '2': CMAKE_PREFIX_PATH=${CMAKE_PREFIX_PATH}:/opt/ros/humble /usr/bin/cmake --build /home/tayya/cpp_pkg/build/cpp_package -- -j8 -l8
