[  2%] Built target cpp_package__cpp
[  8%] Built target cpp_package__rosidl_generator_c
[ 12%] Built target service
[ 17%] Built target publisher
[ 21%] Built target subscriber
[ 21%] Built target ament_cmake_python_copy_cpp_package
[ 25%] Built target cpp_try2
[ 29%] Built target cpp_try
[ 36%] Built target cpp_package__rosidl_typesupport_cpp
[ 40%] Built target client
[ 46%] Built target cpp_package__rosidl_typesupport_fastrtps_c
[ 53%] Built target cpp_package__rosidl_typesupport_fastrtps_cpp
[ 59%] Built target cpp_package__rosidl_typesupport_c
[ 65%] Built target cpp_package__rosidl_typesupport_introspection_c
[ 72%] Built target cpp_package__rosidl_typesupport_introspection_cpp
[ 72%] Built target cpp_package
[35m[1mConsolidate compiler generated dependencies of target client_class[0m
[35m[1mConsolidate compiler generated dependencies of target service_class[0m
[ 74%] Built target cpp_package__py
[ 76%] [32mBuilding CXX object CMakeFiles/client_class.dir/src/client_class.cpp.o[0m
[ 80%] Built target service_class
[ 85%] Built target cpp_package__rosidl_generator_py
[ 89%] Built target cpp_package__rosidl_typesupport_introspection_c__pyext
[ 93%] Built target cpp_package__rosidl_typesupport_c__pyext
[ 97%] Built target cpp_package__rosidl_typesupport_fastrtps_c__pyext
running egg_info
writing cpp_package.egg-info/PKG-INFO
writing dependency_links to cpp_package.egg-info/dependency_links.txt
writing top-level names to cpp_package.egg-info/top_level.txt
reading manifest file 'cpp_package.egg-info/SOURCES.txt'
writing manifest file 'cpp_package.egg-info/SOURCES.txt'
[ 97%] Built target ament_cmake_python_build_cpp_package_egg
In file included from [01m[K/usr/include/x86_64-linux-gnu/c++/11/bits/c++allocator.h:33[m[K,
                 from [01m[K/usr/include/c++/11/bits/allocator.h:46[m[K,
                 from [01m[K/usr/include/c++/11/unordered_map:40[m[K,
                 from [01m[K/usr/include/c++/11/functional:61[m[K,
                 from [01m[K/usr/include/c++/11/pstl/glue_algorithm_defs.h:13[m[K,
                 from [01m[K/usr/include/c++/11/algorithm:74[m[K,
                 from [01m[K/home/tayya/cpp_pkg/build/cpp_package/rosidl_generator_cpp/cpp_package/srv/detail/capital_full_name__struct.hpp:8[m[K,
                 from [01m[K/home/tayya/cpp_pkg/build/cpp_package/rosidl_generator_cpp/cpp_package/srv/capital_full_name.hpp:7[m[K,
                 from [01m[K/home/tayya/cpp_pkg/src/cpp_package/src/client_class.cpp:1[m[K:
/usr/include/c++/11/ext/new_allocator.h: In instantiation of ‘[01m[Kvoid __gnu_cxx::new_allocator<_Tp>::construct(_Up*, _Args&& ...) [with _Up = MyClientNode; _Args = {const char (&)[12], std::__cxx11::basic_string<char, std::char_traits<char>, std::allocator<char> >&, std::__cxx11::basic_string<char, std::char_traits<char>, std::allocator<char> >&}; _Tp = MyClientNode][m[K’:
[01m[K/usr/include/c++/11/bits/alloc_traits.h:516:17:[m[K   required from ‘[01m[Kstatic void std::allocator_traits<std::allocator<_Tp1> >::construct(std::allocator_traits<std::allocator<_Tp1> >::allocator_type&, _Up*, _Args&& ...) [with _Up = MyClientNode; _Args = {const char (&)[12], std::__cxx11::basic_string<char, std::char_traits<char>, std::allocator<char> >&, std::__cxx11::basic_string<char, std::char_traits<char>, std::allocator<char> >&}; _Tp = MyClientNode; std::allocator_traits<std::allocator<_Tp1> >::allocator_type = std::allocator<MyClientNode>][m[K’
[01m[K/usr/include/c++/11/bits/shared_ptr_base.h:519:39:[m[K   required from ‘[01m[Kstd::_Sp_counted_ptr_inplace<_Tp, _Alloc, _Lp>::_Sp_counted_ptr_inplace(_Alloc, _Args&& ...) [with _Args = {const char (&)[12], std::__cxx11::basic_string<char, std::char_traits<char>, std::allocator<char> >&, std::__cxx11::basic_string<char, std::char_traits<char>, std::allocator<char> >&}; _Tp = MyClientNode; _Alloc = std::allocator<MyClientNode>; __gnu_cxx::_Lock_policy _Lp = __gnu_cxx::_S_atomic][m[K’
[01m[K/usr/include/c++/11/bits/shared_ptr_base.h:650:16:[m[K   required from ‘[01m[Kstd::__shared_count<_Lp>::__shared_count(_Tp*&, std::_Sp_alloc_shared_tag<_Alloc>, _Args&& ...) [with _Tp = MyClientNode; _Alloc = std::allocator<MyClientNode>; _Args = {const char (&)[12], std::__cxx11::basic_string<char, std::char_traits<char>, std::allocator<char> >&, std::__cxx11::basic_string<char, std::char_traits<char>, std::allocator<char> >&}; __gnu_cxx::_Lock_policy _Lp = __gnu_cxx::_S_atomic][m[K’
[01m[K/usr/include/c++/11/bits/shared_ptr_base.h:1342:14:[m[K   required from ‘[01m[Kstd::__shared_ptr<_Tp, _Lp>::__shared_ptr(std::_Sp_alloc_shared_tag<_Tp>, _Args&& ...) [with _Alloc = std::allocator<MyClientNode>; _Args = {const char (&)[12], std::__cxx11::basic_string<char, std::char_traits<char>, std::allocator<char> >&, std::__cxx11::basic_string<char, std::char_traits<char>, std::allocator<char> >&}; _Tp = MyClientNode; __gnu_cxx::_Lock_policy _Lp = __gnu_cxx::_S_atomic][m[K’
[01m[K/usr/include/c++/11/bits/shared_ptr.h:409:59:[m[K   required from ‘[01m[Kstd::shared_ptr<_Tp>::shared_ptr(std::_Sp_alloc_shared_tag<_Tp>, _Args&& ...) [with _Alloc = std::allocator<MyClientNode>; _Args = {const char (&)[12], std::__cxx11::basic_string<char, std::char_traits<char>, std::allocator<char> >&, std::__cxx11::basic_string<char, std::char_traits<char>, std::allocator<char> >&}; _Tp = MyClientNode][m[K’
[01m[K/usr/include/c++/11/bits/shared_ptr.h:862:14:[m[K   required from ‘[01m[Kstd::shared_ptr<_Tp> std::allocate_shared(const _Alloc&, _Args&& ...) [with _Tp = MyClientNode; _Alloc = std::allocator<MyClientNode>; _Args = {const char (&)[12], std::__cxx11::basic_string<char, std::char_traits<char>, std::allocator<char> >&, std::__cxx11::basic_string<char, std::char_traits<char>, std::allocator<char> >&}][m[K’
[01m[K/usr/include/c++/11/bits/shared_ptr.h:878:39:[m[K   required from ‘[01m[Kstd::shared_ptr<_Tp> std::make_shared(_Args&& ...) [with _Tp = MyClientNode; _Args = {const char (&)[12], std::__cxx11::basic_string<char, std::char_traits<char>, std::allocator<char> >&, std::__cxx11::basic_string<char, std::char_traits<char>, std::allocator<char> >&}][m[K’
[01m[K/home/tayya/cpp_pkg/src/cpp_package/src/client_class.cpp:54:45:[m[K   required from here
[01m[K/usr/include/c++/11/ext/new_allocator.h:162:11:[m[K [01;31m[Kerror: [m[Kno matching function for call to ‘[01m[KMyClientNode::MyClientNode(const char [12], std::__cxx11::basic_string<char>&, std::__cxx11::basic_string<char>&)[m[K’
  162 |         { [01;31m[K::new((void *)__p) _Up(std::forward<_Args>(__args)...)[m[K; }
      |           [01;31m[K^~~~~~~~~~~~~~~~~~~~~~~~~~~~~~~~~~~~~~~~~~~~~~~~~~~~~~[m[K
[01m[K/home/tayya/cpp_pkg/src/cpp_package/src/client_class.cpp:15:9:[m[K [01;36m[Knote: [m[Kcandidate: ‘[01m[KMyClientNode::MyClientNode(const string&, const string&)[m[K’
   15 |         [01;36m[KMyClientNode[m[K(const std::string &passedName, const std::string &passedSurname) : Node("client_node"), name_(passedName), surname_(passedSurname){
      |         [01;36m[K^~~~~~~~~~~~[m[K
[01m[K/home/tayya/cpp_pkg/src/cpp_package/src/client_class.cpp:15:9:[m[K [01;36m[Knote: [m[K  candidate expects 2 arguments, 3 provided
gmake[2]: *** [CMakeFiles/client_class.dir/build.make:76: CMakeFiles/client_class.dir/src/client_class.cpp.o] Error 1
gmake[1]: *** [CMakeFiles/Makefile2:792: CMakeFiles/client_class.dir/all] Error 2
gmake: *** [Makefile:146: all] Error 2
