[0.028s] Invoking command in '/home/tayya/cpp_pkg/build/cpp_package': CMAKE_PREFIX_PATH=${CMAKE_PREFIX_PATH}:/opt/ros/humble /usr/bin/cmake --build /home/tayya/cpp_pkg/build/cpp_package -- -j8 -l8
[0.182s] [  2%] Built target cpp_package__cpp
[0.189s] [  8%] Built target cpp_package__rosidl_generator_c
[0.242s] [ 12%] Built target service
[0.250s] [ 17%] Built target publisher
[0.257s] [ 21%] Built target subscriber
[0.258s] [ 21%] Built target ament_cmake_python_copy_cpp_package
[0.259s] [ 25%] Built target cpp_try2
[0.274s] [ 29%] Built target cpp_try
[0.307s] [ 36%] Built target cpp_package__rosidl_typesupport_cpp
[0.317s] [ 40%] Built target client
[0.336s] [ 46%] Built target cpp_package__rosidl_typesupport_fastrtps_c
[0.342s] [ 53%] Built target cpp_package__rosidl_typesupport_fastrtps_cpp
[0.343s] [ 59%] Built target cpp_package__rosidl_typesupport_c
[0.345s] [ 65%] Built target cpp_package__rosidl_typesupport_introspection_c
[0.353s] [ 72%] Built target cpp_package__rosidl_typesupport_introspection_cpp
[0.397s] [ 72%] Built target cpp_package
[0.423s] [35m[1mConsolidate compiler generated dependencies of target client_class[0m
[0.434s] [35m[1mConsolidate compiler generated dependencies of target service_class[0m
[0.463s] [ 74%] Built target cpp_package__py
[0.481s] [ 76%] [32mBuilding CXX object CMakeFiles/client_class.dir/src/client_class.cpp.o[0m
[0.487s] [ 80%] Built target service_class
[0.518s] [ 85%] Built target cpp_package__rosidl_generator_py
[0.597s] [ 89%] Built target cpp_package__rosidl_typesupport_introspection_c__pyext
[0.597s] [ 93%] Built target cpp_package__rosidl_typesupport_c__pyext
[0.602s] [ 97%] Built target cpp_package__rosidl_typesupport_fastrtps_c__pyext
[0.999s] running egg_info
[1.001s] writing cpp_package.egg-info/PKG-INFO
[1.002s] writing dependency_links to cpp_package.egg-info/dependency_links.txt
[1.003s] writing top-level names to cpp_package.egg-info/top_level.txt
[1.010s] reading manifest file 'cpp_package.egg-info/SOURCES.txt'
[1.012s] writing manifest file 'cpp_package.egg-info/SOURCES.txt'
[1.086s] [ 97%] Built target ament_cmake_python_build_cpp_package_egg
[7.737s] In file included from [01m[K/usr/include/x86_64-linux-gnu/c++/11/bits/c++allocator.h:33[m[K,
[7.737s]                  from [01m[K/usr/include/c++/11/bits/allocator.h:46[m[K,
[7.737s]                  from [01m[K/usr/include/c++/11/unordered_map:40[m[K,
[7.737s]                  from [01m[K/usr/include/c++/11/functional:61[m[K,
[7.737s]                  from [01m[K/usr/include/c++/11/pstl/glue_algorithm_defs.h:13[m[K,
[7.737s]                  from [01m[K/usr/include/c++/11/algorithm:74[m[K,
[7.738s]                  from [01m[K/home/tayya/cpp_pkg/build/cpp_package/rosidl_generator_cpp/cpp_package/srv/detail/capital_full_name__struct.hpp:8[m[K,
[7.738s]                  from [01m[K/home/tayya/cpp_pkg/build/cpp_package/rosidl_generator_cpp/cpp_package/srv/capital_full_name.hpp:7[m[K,
[7.738s]                  from [01m[K/home/tayya/cpp_pkg/src/cpp_package/src/client_class.cpp:1[m[K:
[7.738s] /usr/include/c++/11/ext/new_allocator.h: In instantiation of ‘[01m[Kvoid __gnu_cxx::new_allocator<_Tp>::construct(_Up*, _Args&& ...) [with _Up = MyClientNode; _Args = {const char (&)[12], std::__cxx11::basic_string<char, std::char_traits<char>, std::allocator<char> >&, std::__cxx11::basic_string<char, std::char_traits<char>, std::allocator<char> >&}; _Tp = MyClientNode][m[K’:
[7.738s] [01m[K/usr/include/c++/11/bits/alloc_traits.h:516:17:[m[K   required from ‘[01m[Kstatic void std::allocator_traits<std::allocator<_Tp1> >::construct(std::allocator_traits<std::allocator<_Tp1> >::allocator_type&, _Up*, _Args&& ...) [with _Up = MyClientNode; _Args = {const char (&)[12], std::__cxx11::basic_string<char, std::char_traits<char>, std::allocator<char> >&, std::__cxx11::basic_string<char, std::char_traits<char>, std::allocator<char> >&}; _Tp = MyClientNode; std::allocator_traits<std::allocator<_Tp1> >::allocator_type = std::allocator<MyClientNode>][m[K’
[7.738s] [01m[K/usr/include/c++/11/bits/shared_ptr_base.h:519:39:[m[K   required from ‘[01m[Kstd::_Sp_counted_ptr_inplace<_Tp, _Alloc, _Lp>::_Sp_counted_ptr_inplace(_Alloc, _Args&& ...) [with _Args = {const char (&)[12], std::__cxx11::basic_string<char, std::char_traits<char>, std::allocator<char> >&, std::__cxx11::basic_string<char, std::char_traits<char>, std::allocator<char> >&}; _Tp = MyClientNode; _Alloc = std::allocator<MyClientNode>; __gnu_cxx::_Lock_policy _Lp = __gnu_cxx::_S_atomic][m[K’
[7.738s] [01m[K/usr/include/c++/11/bits/shared_ptr_base.h:650:16:[m[K   required from ‘[01m[Kstd::__shared_count<_Lp>::__shared_count(_Tp*&, std::_Sp_alloc_shared_tag<_Alloc>, _Args&& ...) [with _Tp = MyClientNode; _Alloc = std::allocator<MyClientNode>; _Args = {const char (&)[12], std::__cxx11::basic_string<char, std::char_traits<char>, std::allocator<char> >&, std::__cxx11::basic_string<char, std::char_traits<char>, std::allocator<char> >&}; __gnu_cxx::_Lock_policy _Lp = __gnu_cxx::_S_atomic][m[K’
[7.739s] [01m[K/usr/include/c++/11/bits/shared_ptr_base.h:1342:14:[m[K   required from ‘[01m[Kstd::__shared_ptr<_Tp, _Lp>::__shared_ptr(std::_Sp_alloc_shared_tag<_Tp>, _Args&& ...) [with _Alloc = std::allocator<MyClientNode>; _Args = {const char (&)[12], std::__cxx11::basic_string<char, std::char_traits<char>, std::allocator<char> >&, std::__cxx11::basic_string<char, std::char_traits<char>, std::allocator<char> >&}; _Tp = MyClientNode; __gnu_cxx::_Lock_policy _Lp = __gnu_cxx::_S_atomic][m[K’
[7.739s] [01m[K/usr/include/c++/11/bits/shared_ptr.h:409:59:[m[K   required from ‘[01m[Kstd::shared_ptr<_Tp>::shared_ptr(std::_Sp_alloc_shared_tag<_Tp>, _Args&& ...) [with _Alloc = std::allocator<MyClientNode>; _Args = {const char (&)[12], std::__cxx11::basic_string<char, std::char_traits<char>, std::allocator<char> >&, std::__cxx11::basic_string<char, std::char_traits<char>, std::allocator<char> >&}; _Tp = MyClientNode][m[K’
[7.739s] [01m[K/usr/include/c++/11/bits/shared_ptr.h:862:14:[m[K   required from ‘[01m[Kstd::shared_ptr<_Tp> std::allocate_shared(const _Alloc&, _Args&& ...) [with _Tp = MyClientNode; _Alloc = std::allocator<MyClientNode>; _Args = {const char (&)[12], std::__cxx11::basic_string<char, std::char_traits<char>, std::allocator<char> >&, std::__cxx11::basic_string<char, std::char_traits<char>, std::allocator<char> >&}][m[K’
[7.739s] [01m[K/usr/include/c++/11/bits/shared_ptr.h:878:39:[m[K   required from ‘[01m[Kstd::shared_ptr<_Tp> std::make_shared(_Args&& ...) [with _Tp = MyClientNode; _Args = {const char (&)[12], std::__cxx11::basic_string<char, std::char_traits<char>, std::allocator<char> >&, std::__cxx11::basic_string<char, std::char_traits<char>, std::allocator<char> >&}][m[K’
[7.739s] [01m[K/home/tayya/cpp_pkg/src/cpp_package/src/client_class.cpp:54:45:[m[K   required from here
[7.739s] [01m[K/usr/include/c++/11/ext/new_allocator.h:162:11:[m[K [01;31m[Kerror: [m[Kno matching function for call to ‘[01m[KMyClientNode::MyClientNode(const char [12], std::__cxx11::basic_string<char>&, std::__cxx11::basic_string<char>&)[m[K’
[7.740s]   162 |         { [01;31m[K::new((void *)__p) _Up(std::forward<_Args>(__args)...)[m[K; }
[7.740s]       |           [01;31m[K^~~~~~~~~~~~~~~~~~~~~~~~~~~~~~~~~~~~~~~~~~~~~~~~~~~~~~[m[K
[7.740s] [01m[K/home/tayya/cpp_pkg/src/cpp_package/src/client_class.cpp:15:9:[m[K [01;36m[Knote: [m[Kcandidate: ‘[01m[KMyClientNode::MyClientNode(const string&, const string&)[m[K’
[7.740s]    15 |         [01;36m[KMyClientNode[m[K(const std::string &passedName, const std::string &passedSurname) : Node("client_node"), name_(passedName), surname_(passedSurname){
[7.740s]       |         [01;36m[K^~~~~~~~~~~~[m[K
[7.740s] [01m[K/home/tayya/cpp_pkg/src/cpp_package/src/client_class.cpp:15:9:[m[K [01;36m[Knote: [m[K  candidate expects 2 arguments, 3 provided
[8.074s] gmake[2]: *** [CMakeFiles/client_class.dir/build.make:76: CMakeFiles/client_class.dir/src/client_class.cpp.o] Error 1
[8.075s] gmake[1]: *** [CMakeFiles/Makefile2:792: CMakeFiles/client_class.dir/all] Error 2
[8.075s] gmake: *** [Makefile:146: all] Error 2
[8.080s] Invoked command in '/home/tayya/cpp_pkg/build/cpp_package' returned '2': CMAKE_PREFIX_PATH=${CMAKE_PREFIX_PATH}:/opt/ros/humble /usr/bin/cmake --build /home/tayya/cpp_pkg/build/cpp_package -- -j8 -l8
