[0.026s] Invoking command in '/home/tayya/cpp_pkg/build/cpp_package': CMAKE_PREFIX_PATH=${CMAKE_PREFIX_PATH}:/opt/ros/humble /usr/bin/cmake --build /home/tayya/cpp_pkg/build/cpp_package -- -j8 -l8
[0.117s] [35m[1mConsolidate compiler generated dependencies of target subscriber[0m
[0.121s] [35m[1mConsolidate compiler generated dependencies of target cpp_try[0m
[0.121s] [35m[1mConsolidate compiler generated dependencies of target client[0m
[0.122s] [35m[1mConsolidate compiler generated dependencies of target cpp_try2[0m
[0.122s] [35m[1mConsolidate compiler generated dependencies of target publisher[0m
[0.128s] [35m[1mConsolidate compiler generated dependencies of target service[0m
[0.164s] [ 16%] Built target subscriber
[0.174s] [ 41%] [32mBuilding CXX object CMakeFiles/client.dir/src/client.cpp.o[0m
[0.174s] [ 41%] Built target cpp_try
[0.180s] [ 66%] Built target service
[0.181s] [ 75%] Built target publisher
[0.181s] [ 91%] Built target cpp_try2
[5.772s] [01m[K/home/tayya/cpp_pkg/src/cpp_package/src/client.cpp:[m[K In function ‘[01m[Kint main(int, char**)[m[K’:
[5.772s] [01m[K/home/tayya/cpp_pkg/src/cpp_package/src/client.cpp:17:24:[m[K [01;31m[Kerror: [m[Kinvalid conversion from ‘[01m[Kchar*[m[K’ to ‘[01m[Kexample_interfaces::srv::AddTwoInts_Request_<std::allocator<void> >::_a_type[m[K’ {aka ‘[01m[Klong int[m[K’} [[01;31m[K]8;;https://gcc.gnu.org/onlinedocs/gcc/Warning-Options.html#index-fpermissive-fpermissive]8;;[m[K]
[5.772s]    17 |     request->a = [01;31m[Kargv[1][m[K;
[5.773s]       |                  [01;31m[K~~~~~~^[m[K
[5.773s]       |                        [01;31m[K|[m[K
[5.773s]       |                        [01;31m[Kchar*[m[K
[5.773s] [01m[K/home/tayya/cpp_pkg/src/cpp_package/src/client.cpp:18:24:[m[K [01;31m[Kerror: [m[Kinvalid conversion from ‘[01m[Kchar*[m[K’ to ‘[01m[Kexample_interfaces::srv::AddTwoInts_Request_<std::allocator<void> >::_b_type[m[K’ {aka ‘[01m[Klong int[m[K’} [[01;31m[K]8;;https://gcc.gnu.org/onlinedocs/gcc/Warning-Options.html#index-fpermissive-fpermissive]8;;[m[K]
[5.773s]    18 |     request->b = [01;31m[Kargv[2][m[K;
[5.773s]       |                  [01;31m[K~~~~~~^[m[K
[5.773s]       |                        [01;31m[K|[m[K
[5.774s]       |                        [01;31m[Kchar*[m[K
[7.164s] gmake[2]: *** [CMakeFiles/client.dir/build.make:76: CMakeFiles/client.dir/src/client.cpp.o] Error 1
[7.164s] gmake[1]: *** [CMakeFiles/Makefile2:277: CMakeFiles/client.dir/all] Error 2
[7.165s] gmake: *** [Makefile:146: all] Error 2
[7.169s] Invoked command in '/home/tayya/cpp_pkg/build/cpp_package' returned '2': CMAKE_PREFIX_PATH=${CMAKE_PREFIX_PATH}:/opt/ros/humble /usr/bin/cmake --build /home/tayya/cpp_pkg/build/cpp_package -- -j8 -l8
