[0.028s] Invoking command in '/home/tayya/cpp_pkg/build/cpp_package': CMAKE_PREFIX_PATH=${CMAKE_PREFIX_PATH}:/opt/ros/humble /usr/bin/cmake --build /home/tayya/cpp_pkg/build/cpp_package -- -j8 -l8
[0.154s] [  2%] Built target cpp_package__cpp
[0.176s] [  8%] Built target cpp_package__rosidl_generator_c
[0.202s] [ 12%] Built target subscriber
[0.214s] [ 17%] Built target cpp_try
[0.214s] [ 19%] Built target ament_cmake_python_copy_cpp_package
[0.215s] [ 21%] Built target cpp_try2
[0.222s] [ 25%] Built target publisher
[0.242s] [ 29%] Built target service
[0.263s] [ 34%] Built target client
[0.271s] [ 40%] Built target cpp_package__rosidl_typesupport_cpp
[0.292s] [ 46%] Built target cpp_package__rosidl_typesupport_fastrtps_c
[0.298s] [ 53%] Built target cpp_package__rosidl_typesupport_c
[0.298s] [ 59%] Built target cpp_package__rosidl_typesupport_introspection_cpp
[0.299s] [ 65%] Built target cpp_package__rosidl_typesupport_introspection_c
[0.299s] [ 72%] Built target cpp_package__rosidl_typesupport_fastrtps_cpp
[0.341s] [ 72%] Built target cpp_package
[0.379s] [35m[1mConsolidate compiler generated dependencies of target client_class[0m
[0.389s] [ 74%] Built target cpp_package__py
[0.423s] [ 78%] Built target service_class
[0.431s] [ 80%] [32mBuilding CXX object CMakeFiles/client_class.dir/src/client_class.cpp.o[0m
[0.444s] [ 85%] Built target cpp_package__rosidl_generator_py
[0.515s] [ 89%] Built target cpp_package__rosidl_typesupport_fastrtps_c__pyext
[0.521s] [ 93%] Built target cpp_package__rosidl_typesupport_introspection_c__pyext
[0.521s] [ 97%] Built target cpp_package__rosidl_typesupport_c__pyext
[0.976s] running egg_info
[0.979s] writing cpp_package.egg-info/PKG-INFO
[0.979s] writing dependency_links to cpp_package.egg-info/dependency_links.txt
[0.980s] writing top-level names to cpp_package.egg-info/top_level.txt
[0.987s] reading manifest file 'cpp_package.egg-info/SOURCES.txt'
[0.989s] writing manifest file 'cpp_package.egg-info/SOURCES.txt'
[1.056s] [ 97%] Built target ament_cmake_python_build_cpp_package_egg
[9.333s] [100%] [32m[1mLinking CXX executable client_class[0m
[9.727s] [100%] Built target client_class
[9.755s] Invoked command in '/home/tayya/cpp_pkg/build/cpp_package' returned '0': CMAKE_PREFIX_PATH=${CMAKE_PREFIX_PATH}:/opt/ros/humble /usr/bin/cmake --build /home/tayya/cpp_pkg/build/cpp_package -- -j8 -l8
[9.776s] Invoking command in '/home/tayya/cpp_pkg/build/cpp_package': CMAKE_PREFIX_PATH=${CMAKE_PREFIX_PATH}:/opt/ros/humble /usr/bin/cmake --install /home/tayya/cpp_pkg/build/cpp_package
[9.793s] -- Install configuration: ""
[9.793s] -- Installing: /home/tayya/cpp_pkg/install/cpp_package/share/ament_index/resource_index/rosidl_interfaces/cpp_package
[9.794s] -- Installing: /home/tayya/cpp_pkg/install/cpp_package/include/cpp_package/cpp_package
[9.794s] -- Installing: /home/tayya/cpp_pkg/install/cpp_package/include/cpp_package/cpp_package/msg
[9.794s] -- Installing: /home/tayya/cpp_pkg/install/cpp_package/include/cpp_package/cpp_package/msg/rosidl_generator_c__visibility_control.h
[9.795s] -- Installing: /home/tayya/cpp_pkg/install/cpp_package/include/cpp_package/cpp_package/srv
[9.795s] -- Installing: /home/tayya/cpp_pkg/install/cpp_package/include/cpp_package/cpp_package/srv/detail
[9.795s] -- Installing: /home/tayya/cpp_pkg/install/cpp_package/include/cpp_package/cpp_package/srv/detail/say_name__functions.c
[9.795s] -- Installing: /home/tayya/cpp_pkg/install/cpp_package/include/cpp_package/cpp_package/srv/detail/say_name__functions.h
[9.796s] -- Installing: /home/tayya/cpp_pkg/install/cpp_package/include/cpp_package/cpp_package/srv/detail/capital_full_name__functions.h
[9.796s] -- Installing: /home/tayya/cpp_pkg/install/cpp_package/include/cpp_package/cpp_package/srv/detail/say_name__struct.h
[9.796s] -- Installing: /home/tayya/cpp_pkg/install/cpp_package/include/cpp_package/cpp_package/srv/detail/capital_full_name__struct.h
[9.796s] -- Installing: /home/tayya/cpp_pkg/install/cpp_package/include/cpp_package/cpp_package/srv/detail/capital_full_name__functions.c
[9.797s] -- Installing: /home/tayya/cpp_pkg/install/cpp_package/include/cpp_package/cpp_package/srv/detail/capital_full_name__type_support.h
[9.797s] -- Installing: /home/tayya/cpp_pkg/install/cpp_package/include/cpp_package/cpp_package/srv/detail/say_name__type_support.h
[9.797s] -- Installing: /home/tayya/cpp_pkg/install/cpp_package/include/cpp_package/cpp_package/srv/capital_full_name.h
[9.797s] -- Installing: /home/tayya/cpp_pkg/install/cpp_package/include/cpp_package/cpp_package/srv/say_name.h
[9.797s] -- Installing: /home/tayya/cpp_pkg/install/cpp_package/share/cpp_package/environment/library_path.sh
[9.798s] -- Installing: /home/tayya/cpp_pkg/install/cpp_package/share/cpp_package/environment/library_path.dsv
[9.798s] -- Installing: /home/tayya/cpp_pkg/install/cpp_package/lib/libcpp_package__rosidl_generator_c.so
[9.798s] -- Set runtime path of "/home/tayya/cpp_pkg/install/cpp_package/lib/libcpp_package__rosidl_generator_c.so" to ""
[9.798s] -- Up-to-date: /home/tayya/cpp_pkg/install/cpp_package/include/cpp_package/cpp_package
[9.799s] -- Up-to-date: /home/tayya/cpp_pkg/install/cpp_package/include/cpp_package/cpp_package/msg
[9.799s] -- Installing: /home/tayya/cpp_pkg/install/cpp_package/include/cpp_package/cpp_package/msg/rosidl_typesupport_fastrtps_c__visibility_control.h
[9.799s] -- Up-to-date: /home/tayya/cpp_pkg/install/cpp_package/include/cpp_package/cpp_package/srv
[9.799s] -- Up-to-date: /home/tayya/cpp_pkg/install/cpp_package/include/cpp_package/cpp_package/srv/detail
[9.799s] -- Installing: /home/tayya/cpp_pkg/install/cpp_package/include/cpp_package/cpp_package/srv/detail/capital_full_name__rosidl_typesupport_fastrtps_c.h
[9.800s] -- Installing: /home/tayya/cpp_pkg/install/cpp_package/include/cpp_package/cpp_package/srv/detail/say_name__rosidl_typesupport_fastrtps_c.h
[9.800s] -- Installing: /home/tayya/cpp_pkg/install/cpp_package/lib/libcpp_package__rosidl_typesupport_fastrtps_c.so
[9.801s] -- Set runtime path of "/home/tayya/cpp_pkg/install/cpp_package/lib/libcpp_package__rosidl_typesupport_fastrtps_c.so" to ""
[9.801s] -- Up-to-date: /home/tayya/cpp_pkg/install/cpp_package/include/cpp_package/cpp_package
[9.802s] -- Up-to-date: /home/tayya/cpp_pkg/install/cpp_package/include/cpp_package/cpp_package/msg
[9.802s] -- Installing: /home/tayya/cpp_pkg/install/cpp_package/include/cpp_package/cpp_package/msg/rosidl_generator_cpp__visibility_control.hpp
[9.803s] -- Up-to-date: /home/tayya/cpp_pkg/install/cpp_package/include/cpp_package/cpp_package/srv
[9.803s] -- Installing: /home/tayya/cpp_pkg/install/cpp_package/include/cpp_package/cpp_package/srv/say_name.hpp
[9.803s] -- Up-to-date: /home/tayya/cpp_pkg/install/cpp_package/include/cpp_package/cpp_package/srv/detail
[9.804s] -- Installing: /home/tayya/cpp_pkg/install/cpp_package/include/cpp_package/cpp_package/srv/detail/say_name__type_support.hpp
[9.804s] -- Installing: /home/tayya/cpp_pkg/install/cpp_package/include/cpp_package/cpp_package/srv/detail/say_name__builder.hpp
[9.804s] -- Installing: /home/tayya/cpp_pkg/install/cpp_package/include/cpp_package/cpp_package/srv/detail/say_name__traits.hpp
[9.805s] -- Installing: /home/tayya/cpp_pkg/install/cpp_package/include/cpp_package/cpp_package/srv/detail/say_name__struct.hpp
[9.805s] -- Installing: /home/tayya/cpp_pkg/install/cpp_package/include/cpp_package/cpp_package/srv/detail/capital_full_name__builder.hpp
[9.805s] -- Installing: /home/tayya/cpp_pkg/install/cpp_package/include/cpp_package/cpp_package/srv/detail/capital_full_name__struct.hpp
[9.805s] -- Installing: /home/tayya/cpp_pkg/install/cpp_package/include/cpp_package/cpp_package/srv/detail/capital_full_name__traits.hpp
[9.806s] -- Installing: /home/tayya/cpp_pkg/install/cpp_package/include/cpp_package/cpp_package/srv/detail/capital_full_name__type_support.hpp
[9.806s] -- Installing: /home/tayya/cpp_pkg/install/cpp_package/include/cpp_package/cpp_package/srv/capital_full_name.hpp
[9.806s] -- Up-to-date: /home/tayya/cpp_pkg/install/cpp_package/include/cpp_package/cpp_package
[9.807s] -- Up-to-date: /home/tayya/cpp_pkg/install/cpp_package/include/cpp_package/cpp_package/msg
[9.807s] -- Installing: /home/tayya/cpp_pkg/install/cpp_package/include/cpp_package/cpp_package/msg/rosidl_typesupport_fastrtps_cpp__visibility_control.h
[9.807s] -- Up-to-date: /home/tayya/cpp_pkg/install/cpp_package/include/cpp_package/cpp_package/srv
[9.808s] -- Up-to-date: /home/tayya/cpp_pkg/install/cpp_package/include/cpp_package/cpp_package/srv/detail
[9.808s] -- Installing: /home/tayya/cpp_pkg/install/cpp_package/include/cpp_package/cpp_package/srv/detail/say_name__rosidl_typesupport_fastrtps_cpp.hpp
[9.808s] -- Installing: /home/tayya/cpp_pkg/install/cpp_package/include/cpp_package/cpp_package/srv/detail/capital_full_name__rosidl_typesupport_fastrtps_cpp.hpp
[9.809s] -- Installing: /home/tayya/cpp_pkg/install/cpp_package/include/cpp_package/cpp_package/srv/detail/dds_fastrtps
[9.809s] -- Installing: /home/tayya/cpp_pkg/install/cpp_package/lib/libcpp_package__rosidl_typesupport_fastrtps_cpp.so
[9.809s] -- Set runtime path of "/home/tayya/cpp_pkg/install/cpp_package/lib/libcpp_package__rosidl_typesupport_fastrtps_cpp.so" to ""
[9.810s] -- Up-to-date: /home/tayya/cpp_pkg/install/cpp_package/include/cpp_package/cpp_package
[9.810s] -- Up-to-date: /home/tayya/cpp_pkg/install/cpp_package/include/cpp_package/cpp_package/msg
[9.810s] -- Installing: /home/tayya/cpp_pkg/install/cpp_package/include/cpp_package/cpp_package/msg/rosidl_typesupport_introspection_c__visibility_control.h
[9.810s] -- Up-to-date: /home/tayya/cpp_pkg/install/cpp_package/include/cpp_package/cpp_package/srv
[9.811s] -- Up-to-date: /home/tayya/cpp_pkg/install/cpp_package/include/cpp_package/cpp_package/srv/detail
[9.811s] -- Installing: /home/tayya/cpp_pkg/install/cpp_package/include/cpp_package/cpp_package/srv/detail/capital_full_name__rosidl_typesupport_introspection_c.h
[9.811s] -- Installing: /home/tayya/cpp_pkg/install/cpp_package/include/cpp_package/cpp_package/srv/detail/say_name__type_support.c
[9.812s] -- Installing: /home/tayya/cpp_pkg/install/cpp_package/include/cpp_package/cpp_package/srv/detail/say_name__rosidl_typesupport_introspection_c.h
[9.812s] -- Installing: /home/tayya/cpp_pkg/install/cpp_package/include/cpp_package/cpp_package/srv/detail/capital_full_name__type_support.c
[9.812s] -- Installing: /home/tayya/cpp_pkg/install/cpp_package/lib/libcpp_package__rosidl_typesupport_introspection_c.so
[9.812s] -- Set runtime path of "/home/tayya/cpp_pkg/install/cpp_package/lib/libcpp_package__rosidl_typesupport_introspection_c.so" to ""
[9.813s] -- Installing: /home/tayya/cpp_pkg/install/cpp_package/lib/libcpp_package__rosidl_typesupport_c.so
[9.813s] -- Set runtime path of "/home/tayya/cpp_pkg/install/cpp_package/lib/libcpp_package__rosidl_typesupport_c.so" to ""
[9.814s] -- Up-to-date: /home/tayya/cpp_pkg/install/cpp_package/include/cpp_package/cpp_package
[9.814s] -- Up-to-date: /home/tayya/cpp_pkg/install/cpp_package/include/cpp_package/cpp_package/srv
[9.814s] -- Up-to-date: /home/tayya/cpp_pkg/install/cpp_package/include/cpp_package/cpp_package/srv/detail
[9.815s] -- Installing: /home/tayya/cpp_pkg/install/cpp_package/include/cpp_package/cpp_package/srv/detail/say_name__rosidl_typesupport_introspection_cpp.hpp
[9.815s] -- Installing: /home/tayya/cpp_pkg/install/cpp_package/include/cpp_package/cpp_package/srv/detail/say_name__type_support.cpp
[9.815s] -- Installing: /home/tayya/cpp_pkg/install/cpp_package/include/cpp_package/cpp_package/srv/detail/capital_full_name__rosidl_typesupport_introspection_cpp.hpp
[9.816s] -- Installing: /home/tayya/cpp_pkg/install/cpp_package/include/cpp_package/cpp_package/srv/detail/capital_full_name__type_support.cpp
[9.816s] -- Installing: /home/tayya/cpp_pkg/install/cpp_package/lib/libcpp_package__rosidl_typesupport_introspection_cpp.so
[9.816s] -- Set runtime path of "/home/tayya/cpp_pkg/install/cpp_package/lib/libcpp_package__rosidl_typesupport_introspection_cpp.so" to ""
[9.817s] -- Installing: /home/tayya/cpp_pkg/install/cpp_package/lib/libcpp_package__rosidl_typesupport_cpp.so
[9.818s] -- Set runtime path of "/home/tayya/cpp_pkg/install/cpp_package/lib/libcpp_package__rosidl_typesupport_cpp.so" to ""
[9.818s] -- Installing: /home/tayya/cpp_pkg/install/cpp_package/share/cpp_package/environment/pythonpath.sh
[9.819s] -- Installing: /home/tayya/cpp_pkg/install/cpp_package/share/cpp_package/environment/pythonpath.dsv
[9.819s] -- Installing: /home/tayya/cpp_pkg/install/cpp_package/local/lib/python3.10/dist-packages/cpp_package-0.0.0-py3.10.egg-info
[9.819s] -- Installing: /home/tayya/cpp_pkg/install/cpp_package/local/lib/python3.10/dist-packages/cpp_package-0.0.0-py3.10.egg-info/top_level.txt
[9.820s] -- Installing: /home/tayya/cpp_pkg/install/cpp_package/local/lib/python3.10/dist-packages/cpp_package-0.0.0-py3.10.egg-info/SOURCES.txt
[9.820s] -- Installing: /home/tayya/cpp_pkg/install/cpp_package/local/lib/python3.10/dist-packages/cpp_package-0.0.0-py3.10.egg-info/PKG-INFO
[9.820s] -- Installing: /home/tayya/cpp_pkg/install/cpp_package/local/lib/python3.10/dist-packages/cpp_package-0.0.0-py3.10.egg-info/dependency_links.txt
[9.821s] -- Installing: /home/tayya/cpp_pkg/install/cpp_package/local/lib/python3.10/dist-packages/cpp_package
[9.821s] -- Installing: /home/tayya/cpp_pkg/install/cpp_package/local/lib/python3.10/dist-packages/cpp_package/__init__.py
[9.822s] -- Installing: /home/tayya/cpp_pkg/install/cpp_package/local/lib/python3.10/dist-packages/cpp_package/_cpp_package_s.ep.rosidl_typesupport_fastrtps_c.c
[9.822s] -- Installing: /home/tayya/cpp_pkg/install/cpp_package/local/lib/python3.10/dist-packages/cpp_package/_cpp_package_s.ep.rosidl_typesupport_introspection_c.c
[9.822s] -- Installing: /home/tayya/cpp_pkg/install/cpp_package/local/lib/python3.10/dist-packages/cpp_package/cpp_package_s__rosidl_typesupport_c.cpython-310-x86_64-linux-gnu.so
[9.823s] -- Installing: /home/tayya/cpp_pkg/install/cpp_package/local/lib/python3.10/dist-packages/cpp_package/cpp_package_s__rosidl_typesupport_introspection_c.cpython-310-x86_64-linux-gnu.so
[9.823s] -- Installing: /home/tayya/cpp_pkg/install/cpp_package/local/lib/python3.10/dist-packages/cpp_package/_cpp_package_s.ep.rosidl_typesupport_c.c
[9.823s] -- Installing: /home/tayya/cpp_pkg/install/cpp_package/local/lib/python3.10/dist-packages/cpp_package/libcpp_package__rosidl_generator_py.so
[9.824s] -- Installing: /home/tayya/cpp_pkg/install/cpp_package/local/lib/python3.10/dist-packages/cpp_package/cpp_package_s__rosidl_typesupport_fastrtps_c.cpython-310-x86_64-linux-gnu.so
[9.824s] -- Installing: /home/tayya/cpp_pkg/install/cpp_package/local/lib/python3.10/dist-packages/cpp_package/srv
[9.824s] -- Installing: /home/tayya/cpp_pkg/install/cpp_package/local/lib/python3.10/dist-packages/cpp_package/srv/_say_name.py
[9.824s] -- Installing: /home/tayya/cpp_pkg/install/cpp_package/local/lib/python3.10/dist-packages/cpp_package/srv/_capital_full_name_s.c
[9.825s] -- Installing: /home/tayya/cpp_pkg/install/cpp_package/local/lib/python3.10/dist-packages/cpp_package/srv/__init__.py
[9.825s] -- Installing: /home/tayya/cpp_pkg/install/cpp_package/local/lib/python3.10/dist-packages/cpp_package/srv/_capital_full_name.py
[9.825s] -- Installing: /home/tayya/cpp_pkg/install/cpp_package/local/lib/python3.10/dist-packages/cpp_package/srv/_say_name_s.c
[9.929s] Listing '/home/tayya/cpp_pkg/install/cpp_package/local/lib/python3.10/dist-packages/cpp_package'...
[9.929s] Compiling '/home/tayya/cpp_pkg/install/cpp_package/local/lib/python3.10/dist-packages/cpp_package/__init__.py'...
[9.930s] Listing '/home/tayya/cpp_pkg/install/cpp_package/local/lib/python3.10/dist-packages/cpp_package/srv'...
[9.930s] Compiling '/home/tayya/cpp_pkg/install/cpp_package/local/lib/python3.10/dist-packages/cpp_package/srv/__init__.py'...
[9.930s] Compiling '/home/tayya/cpp_pkg/install/cpp_package/local/lib/python3.10/dist-packages/cpp_package/srv/_capital_full_name.py'...
[9.930s] Compiling '/home/tayya/cpp_pkg/install/cpp_package/local/lib/python3.10/dist-packages/cpp_package/srv/_say_name.py'...
[9.942s] -- Installing: /home/tayya/cpp_pkg/install/cpp_package/local/lib/python3.10/dist-packages/cpp_package/cpp_package_s__rosidl_typesupport_fastrtps_c.cpython-310-x86_64-linux-gnu.so
[9.942s] -- Set runtime path of "/home/tayya/cpp_pkg/install/cpp_package/local/lib/python3.10/dist-packages/cpp_package/cpp_package_s__rosidl_typesupport_fastrtps_c.cpython-310-x86_64-linux-gnu.so" to ""
[9.943s] -- Installing: /home/tayya/cpp_pkg/install/cpp_package/local/lib/python3.10/dist-packages/cpp_package/cpp_package_s__rosidl_typesupport_introspection_c.cpython-310-x86_64-linux-gnu.so
[9.944s] -- Set runtime path of "/home/tayya/cpp_pkg/install/cpp_package/local/lib/python3.10/dist-packages/cpp_package/cpp_package_s__rosidl_typesupport_introspection_c.cpython-310-x86_64-linux-gnu.so" to ""
[9.944s] -- Installing: /home/tayya/cpp_pkg/install/cpp_package/local/lib/python3.10/dist-packages/cpp_package/cpp_package_s__rosidl_typesupport_c.cpython-310-x86_64-linux-gnu.so
[9.945s] -- Set runtime path of "/home/tayya/cpp_pkg/install/cpp_package/local/lib/python3.10/dist-packages/cpp_package/cpp_package_s__rosidl_typesupport_c.cpython-310-x86_64-linux-gnu.so" to ""
[9.945s] -- Installing: /home/tayya/cpp_pkg/install/cpp_package/lib/libcpp_package__rosidl_generator_py.so
[9.946s] -- Set runtime path of "/home/tayya/cpp_pkg/install/cpp_package/lib/libcpp_package__rosidl_generator_py.so" to ""
[9.947s] -- Installing: /home/tayya/cpp_pkg/install/cpp_package/share/cpp_package/srv/CapitalFullName.idl
[9.947s] -- Installing: /home/tayya/cpp_pkg/install/cpp_package/share/cpp_package/srv/CapitalFullName.srv
[9.947s] -- Installing: /home/tayya/cpp_pkg/install/cpp_package/share/cpp_package/srv/CapitalFullName_Request.msg
[9.948s] -- Installing: /home/tayya/cpp_pkg/install/cpp_package/share/cpp_package/srv/CapitalFullName_Response.msg
[9.949s] -- Installing: /home/tayya/cpp_pkg/install/cpp_package/lib/cpp_package/cpp_try
[9.953s] -- Set runtime path of "/home/tayya/cpp_pkg/install/cpp_package/lib/cpp_package/cpp_try" to ""
[9.954s] -- Installing: /home/tayya/cpp_pkg/install/cpp_package/lib/cpp_package/cpp_try2
[9.962s] -- Set runtime path of "/home/tayya/cpp_pkg/install/cpp_package/lib/cpp_package/cpp_try2" to ""
[9.964s] -- Installing: /home/tayya/cpp_pkg/install/cpp_package/lib/cpp_package/subscriber
[9.976s] -- Set runtime path of "/home/tayya/cpp_pkg/install/cpp_package/lib/cpp_package/subscriber" to ""
[9.977s] -- Installing: /home/tayya/cpp_pkg/install/cpp_package/lib/cpp_package/publisher
[9.981s] -- Set runtime path of "/home/tayya/cpp_pkg/install/cpp_package/lib/cpp_package/publisher" to ""
[9.982s] -- Installing: /home/tayya/cpp_pkg/install/cpp_package/lib/cpp_package/service
[9.984s] -- Set runtime path of "/home/tayya/cpp_pkg/install/cpp_package/lib/cpp_package/service" to ""
[9.986s] -- Installing: /home/tayya/cpp_pkg/install/cpp_package/lib/cpp_package/client
[9.988s] -- Set runtime path of "/home/tayya/cpp_pkg/install/cpp_package/lib/cpp_package/client" to ""
[9.988s] -- Installing: /home/tayya/cpp_pkg/install/cpp_package/lib/cpp_package/service_class
[9.990s] -- Set runtime path of "/home/tayya/cpp_pkg/install/cpp_package/lib/cpp_package/service_class" to ""
[9.990s] -- Installing: /home/tayya/cpp_pkg/install/cpp_package/lib/cpp_package/client_class
[9.992s] -- Set runtime path of "/home/tayya/cpp_pkg/install/cpp_package/lib/cpp_package/client_class" to ""
[9.992s] -- Installing: /home/tayya/cpp_pkg/install/cpp_package/share/ament_index/resource_index/package_run_dependencies/cpp_package
[9.992s] -- Installing: /home/tayya/cpp_pkg/install/cpp_package/share/ament_index/resource_index/parent_prefix_path/cpp_package
[9.993s] -- Up-to-date: /home/tayya/cpp_pkg/install/cpp_package/share/cpp_package/environment/ament_prefix_path.sh
[9.993s] -- Installing: /home/tayya/cpp_pkg/install/cpp_package/share/cpp_package/environment/ament_prefix_path.dsv
[9.993s] -- Up-to-date: /home/tayya/cpp_pkg/install/cpp_package/share/cpp_package/environment/path.sh
[9.994s] -- Installing: /home/tayya/cpp_pkg/install/cpp_package/share/cpp_package/environment/path.dsv
[9.994s] -- Up-to-date: /home/tayya/cpp_pkg/install/cpp_package/share/cpp_package/local_setup.bash
[9.994s] -- Installing: /home/tayya/cpp_pkg/install/cpp_package/share/cpp_package/local_setup.sh
[9.994s] -- Up-to-date: /home/tayya/cpp_pkg/install/cpp_package/share/cpp_package/local_setup.zsh
[9.994s] -- Installing: /home/tayya/cpp_pkg/install/cpp_package/share/cpp_package/local_setup.dsv
[9.994s] -- Installing: /home/tayya/cpp_pkg/install/cpp_package/share/cpp_package/package.dsv
[9.995s] -- Up-to-date: /home/tayya/cpp_pkg/install/cpp_package/share/ament_index/resource_index/packages/cpp_package
[9.995s] -- Installing: /home/tayya/cpp_pkg/install/cpp_package/share/cpp_package/cmake/export_cpp_package__rosidl_generator_cExport.cmake
[9.995s] -- Installing: /home/tayya/cpp_pkg/install/cpp_package/share/cpp_package/cmake/export_cpp_package__rosidl_generator_cExport-noconfig.cmake
[9.995s] -- Installing: /home/tayya/cpp_pkg/install/cpp_package/share/cpp_package/cmake/export_cpp_package__rosidl_typesupport_fastrtps_cExport.cmake
[9.996s] -- Installing: /home/tayya/cpp_pkg/install/cpp_package/share/cpp_package/cmake/export_cpp_package__rosidl_typesupport_fastrtps_cExport-noconfig.cmake
[9.996s] -- Installing: /home/tayya/cpp_pkg/install/cpp_package/share/cpp_package/cmake/export_cpp_package__rosidl_generator_cppExport.cmake
[9.996s] -- Installing: /home/tayya/cpp_pkg/install/cpp_package/share/cpp_package/cmake/export_cpp_package__rosidl_typesupport_fastrtps_cppExport.cmake
[9.997s] -- Installing: /home/tayya/cpp_pkg/install/cpp_package/share/cpp_package/cmake/export_cpp_package__rosidl_typesupport_fastrtps_cppExport-noconfig.cmake
[9.997s] -- Installing: /home/tayya/cpp_pkg/install/cpp_package/share/cpp_package/cmake/cpp_package__rosidl_typesupport_introspection_cExport.cmake
[9.997s] -- Installing: /home/tayya/cpp_pkg/install/cpp_package/share/cpp_package/cmake/cpp_package__rosidl_typesupport_introspection_cExport-noconfig.cmake
[9.997s] -- Installing: /home/tayya/cpp_pkg/install/cpp_package/share/cpp_package/cmake/cpp_package__rosidl_typesupport_cExport.cmake
[9.997s] -- Installing: /home/tayya/cpp_pkg/install/cpp_package/share/cpp_package/cmake/cpp_package__rosidl_typesupport_cExport-noconfig.cmake
[9.998s] -- Installing: /home/tayya/cpp_pkg/install/cpp_package/share/cpp_package/cmake/cpp_package__rosidl_typesupport_introspection_cppExport.cmake
[9.998s] -- Installing: /home/tayya/cpp_pkg/install/cpp_package/share/cpp_package/cmake/cpp_package__rosidl_typesupport_introspection_cppExport-noconfig.cmake
[9.998s] -- Installing: /home/tayya/cpp_pkg/install/cpp_package/share/cpp_package/cmake/cpp_package__rosidl_typesupport_cppExport.cmake
[9.999s] -- Installing: /home/tayya/cpp_pkg/install/cpp_package/share/cpp_package/cmake/cpp_package__rosidl_typesupport_cppExport-noconfig.cmake
[9.999s] -- Installing: /home/tayya/cpp_pkg/install/cpp_package/share/cpp_package/cmake/export_cpp_package__rosidl_generator_pyExport.cmake
[9.999s] -- Installing: /home/tayya/cpp_pkg/install/cpp_package/share/cpp_package/cmake/export_cpp_package__rosidl_generator_pyExport-noconfig.cmake
[9.999s] -- Installing: /home/tayya/cpp_pkg/install/cpp_package/share/cpp_package/cmake/rosidl_cmake-extras.cmake
[10.000s] -- Installing: /home/tayya/cpp_pkg/install/cpp_package/share/cpp_package/cmake/ament_cmake_export_dependencies-extras.cmake
[10.000s] -- Installing: /home/tayya/cpp_pkg/install/cpp_package/share/cpp_package/cmake/ament_cmake_export_include_directories-extras.cmake
[10.000s] -- Installing: /home/tayya/cpp_pkg/install/cpp_package/share/cpp_package/cmake/ament_cmake_export_libraries-extras.cmake
[10.001s] -- Installing: /home/tayya/cpp_pkg/install/cpp_package/share/cpp_package/cmake/ament_cmake_export_targets-extras.cmake
[10.001s] -- Installing: /home/tayya/cpp_pkg/install/cpp_package/share/cpp_package/cmake/rosidl_cmake_export_typesupport_targets-extras.cmake
[10.002s] -- Installing: /home/tayya/cpp_pkg/install/cpp_package/share/cpp_package/cmake/rosidl_cmake_export_typesupport_libraries-extras.cmake
[10.002s] -- Installing: /home/tayya/cpp_pkg/install/cpp_package/share/cpp_package/cmake/cpp_packageConfig.cmake
[10.003s] -- Up-to-date: /home/tayya/cpp_pkg/install/cpp_package/share/cpp_package/cmake/cpp_packageConfig-version.cmake
[10.003s] -- Installing: /home/tayya/cpp_pkg/install/cpp_package/share/cpp_package/package.xml
[10.010s] Invoked command in '/home/tayya/cpp_pkg/build/cpp_package' returned '0': CMAKE_PREFIX_PATH=${CMAKE_PREFIX_PATH}:/opt/ros/humble /usr/bin/cmake --install /home/tayya/cpp_pkg/build/cpp_package
