[0.053s] Invoking command in '/home/tayya/cpp_pkg/build/cpp_package': CMAKE_PREFIX_PATH=${CMAKE_PREFIX_PATH}:/opt/ros/humble /usr/bin/cmake --build /home/tayya/cpp_pkg/build/cpp_package -- -j8 -l8
[0.132s] -- Found ament_cmake: 1.3.11 (/opt/ros/humble/share/ament_cmake/cmake)
[0.482s] -- Found rclcpp: 16.0.11 (/opt/ros/humble/share/rclcpp/cmake)
[0.545s] -- Found rosidl_generator_c: 3.1.6 (/opt/ros/humble/share/rosidl_generator_c/cmake)
[0.550s] -- Found rosidl_adapter: 3.1.6 (/opt/ros/humble/share/rosidl_adapter/cmake)
[0.562s] -- Found rosidl_generator_cpp: 3.1.6 (/opt/ros/humble/share/rosidl_generator_cpp/cmake)
[0.583s] -- Using all available rosidl_typesupport_c: rosidl_typesupport_fastrtps_c;rosidl_typesupport_introspection_c
[0.609s] -- Using all available rosidl_typesupport_cpp: rosidl_typesupport_fastrtps_cpp;rosidl_typesupport_introspection_cpp
[0.677s] -- Found rmw_implementation_cmake: 6.1.2 (/opt/ros/humble/share/rmw_implementation_cmake/cmake)
[0.679s] -- Found rmw_fastrtps_cpp: 6.2.7 (/opt/ros/humble/share/rmw_fastrtps_cpp/cmake)
[0.912s] -- Using RMW implementation 'rmw_fastrtps_cpp' as default
[1.042s] -- Found example_interfaces: 0.9.3 (/opt/ros/humble/share/example_interfaces/cmake)
[1.145s] -- Found rosidl_default_generators: 1.2.0 (/opt/ros/humble/share/rosidl_default_generators/cmake)
[1.168s] [31mCMake Error at CMakeLists.txt:15 (rrosidl_generate_interfaces):
[1.168s]   Unknown CMake command "rrosidl_generate_interfaces".
[1.168s] 
[1.169s] [0m
[1.169s] -- Configuring incomplete, errors occurred!
[1.169s] See also "/home/tayya/cpp_pkg/build/cpp_package/CMakeFiles/CMakeOutput.log".
[1.183s] gmake: *** [Makefile:1075: cmake_check_build_system] Error 1
[1.189s] Invoked command in '/home/tayya/cpp_pkg/build/cpp_package' returned '2': CMAKE_PREFIX_PATH=${CMAKE_PREFIX_PATH}:/opt/ros/humble /usr/bin/cmake --build /home/tayya/cpp_pkg/build/cpp_package -- -j8 -l8
