[0.027s] Invoking command in '/home/tayya/cpp_pkg/build/cpp_package': CMAKE_PREFIX_PATH=${CMAKE_PREFIX_PATH}:/opt/ros/humble /usr/bin/cmake --build /home/tayya/cpp_pkg/build/cpp_package -- -j8 -l8
[0.137s] [35m[1mConsolidate compiler generated dependencies of target service[0m
[0.170s] [ 20%] Built target subscriber
[0.176s] [ 50%] Built target publisher
[0.176s] [ 60%] Built target cpp_try2
[0.184s] [ 80%] Built target cpp_try
[0.194s] [ 90%] [32mBuilding CXX object CMakeFiles/service.dir/src/service.cpp.o[0m
[5.987s] [01m[K/home/tayya/cpp_pkg/src/cpp_package/src/service.cpp:6:27:[m[K [01;31m[Kerror: [m[Kusing-declaration may not name namespace ‘[01m[Kexample_interfaces::srv[m[K’
[5.987s]     6 | using example_interfaces::[01;31m[Ksrv[m[K
[5.987s]       |                           [01;31m[K^~~[m[K
[5.987s] [01m[K/home/tayya/cpp_pkg/src/cpp_package/src/service.cpp:6:30:[m[K [01;31m[Kerror: [m[Kexpected ‘[01m[K;[m[K’ before ‘[01m[Kvoid[m[K’
[5.988s]     6 | using example_interfaces::srv
[5.988s]       |                              [01;31m[K^[m[K
[5.988s]       |                              [32m[K;[m[K
[5.989s]     7 | 
[5.989s]     8 | [32m[Kvoid[m[K add(const std::shared_ptr<AddTwoInts::Request> request,std::shared_ptr<AddTwoInts::Response> response){
[5.989s]       | [32m[K~~~~[m[K                          
[5.989s] [01m[K/home/tayya/cpp_pkg/src/cpp_package/src/service.cpp:8:32:[m[K [01;31m[Kerror: [m[K‘[01m[KAddTwoInts[m[K’ was not declared in this scope; did you mean ‘[01m[Kexample_interfaces::srv::AddTwoInts[m[K’?
[5.990s]     8 | void add(const std::shared_ptr<[01;31m[KAddTwoInts[m[K::Request> request,std::shared_ptr<AddTwoInts::Response> response){
[5.990s]       |                                [01;31m[K^~~~~~~~~~[m[K
[5.990s]       |                                [32m[Kexample_interfaces::srv::AddTwoInts[m[K
[5.991s] In file included from [01m[K/opt/ros/humble/include/example_interfaces/example_interfaces/srv/add_two_ints.hpp:7[m[K,
[5.991s]                  from [01m[K/home/tayya/cpp_pkg/src/cpp_package/src/service.cpp:2[m[K:
[5.991s] [01m[K/opt/ros/humble/include/example_interfaces/example_interfaces/srv/detail/add_two_ints__struct.hpp:265:8:[m[K [01;36m[Knote: [m[K‘[01m[Kexample_interfaces::srv::AddTwoInts[m[K’ declared here
[5.991s]   265 | struct [01;36m[KAddTwoInts[m[K
[5.991s]       |        [01;36m[K^~~~~~~~~~[m[K
[5.991s] [01m[K/home/tayya/cpp_pkg/src/cpp_package/src/service.cpp:8:51:[m[K [01;31m[Kerror: [m[Ktemplate argument 1 is invalid
[5.992s]     8 | void add(const std::shared_ptr<AddTwoInts::Request[01;31m[K>[m[K request,std::shared_ptr<AddTwoInts::Response> response){
[5.992s]       |                                                   [01;31m[K^[m[K
[5.992s] [01m[K/home/tayya/cpp_pkg/src/cpp_package/src/service.cpp:8:32:[m[K [01;31m[Kerror: [m[K‘[01m[KAddTwoInts[m[K’ was not declared in this scope; did you mean ‘[01m[Kexample_interfaces::srv::AddTwoInts[m[K’?
[5.992s]     8 | void add(const std::shared_ptr<[01;31m[KAddTwoInts[m[K::Request> request,std::shared_ptr<AddTwoInts::Response> response){
[5.992s]       |                                [01;31m[K^~~~~~~~~~[m[K
[5.993s]       |                                [32m[Kexample_interfaces::srv::AddTwoInts[m[K
[5.993s] In file included from [01m[K/opt/ros/humble/include/example_interfaces/example_interfaces/srv/add_two_ints.hpp:7[m[K,
[5.993s]                  from [01m[K/home/tayya/cpp_pkg/src/cpp_package/src/service.cpp:2[m[K:
[5.994s] [01m[K/opt/ros/humble/include/example_interfaces/example_interfaces/srv/detail/add_two_ints__struct.hpp:265:8:[m[K [01;36m[Knote: [m[K‘[01m[Kexample_interfaces::srv::AddTwoInts[m[K’ declared here
[5.994s]   265 | struct [01;36m[KAddTwoInts[m[K
[5.994s]       |        [01;36m[K^~~~~~~~~~[m[K
[5.994s] [01m[K/home/tayya/cpp_pkg/src/cpp_package/src/service.cpp:8:51:[m[K [01;31m[Kerror: [m[Ktemplate argument 1 is invalid
[5.994s]     8 | void add(const std::shared_ptr<AddTwoInts::Request[01;31m[K>[m[K request,std::shared_ptr<AddTwoInts::Response> response){
[5.994s]       |                                                   [01;31m[K^[m[K
[5.994s] [01m[K/home/tayya/cpp_pkg/src/cpp_package/src/service.cpp:8:32:[m[K [01;31m[Kerror: [m[K‘[01m[KAddTwoInts[m[K’ was not declared in this scope; did you mean ‘[01m[Kexample_interfaces::srv::AddTwoInts[m[K’?
[5.995s]     8 | void add(const std::shared_ptr<[01;31m[KAddTwoInts[m[K::Request> request,std::shared_ptr<AddTwoInts::Response> response){
[5.995s]       |                                [01;31m[K^~~~~~~~~~[m[K
[5.995s]       |                                [32m[Kexample_interfaces::srv::AddTwoInts[m[K
[5.995s] In file included from [01m[K/opt/ros/humble/include/example_interfaces/example_interfaces/srv/add_two_ints.hpp:7[m[K,
[5.995s]                  from [01m[K/home/tayya/cpp_pkg/src/cpp_package/src/service.cpp:2[m[K:
[5.996s] [01m[K/opt/ros/humble/include/example_interfaces/example_interfaces/srv/detail/add_two_ints__struct.hpp:265:8:[m[K [01;36m[Knote: [m[K‘[01m[Kexample_interfaces::srv::AddTwoInts[m[K’ declared here
[5.996s]   265 | struct [01;36m[KAddTwoInts[m[K
[5.996s]       |        [01;36m[K^~~~~~~~~~[m[K
[5.996s] [01m[K/home/tayya/cpp_pkg/src/cpp_package/src/service.cpp:8:51:[m[K [01;31m[Kerror: [m[Ktemplate argument 1 is invalid
[5.997s]     8 | void add(const std::shared_ptr<AddTwoInts::Request[01;31m[K>[m[K request,std::shared_ptr<AddTwoInts::Response> response){
[5.997s]       |                                                   [01;31m[K^[m[K
[5.997s] [01m[K/home/tayya/cpp_pkg/src/cpp_package/src/service.cpp:8:16:[m[K [01;31m[Kerror: [m[Kinvalid template-id
[5.997s]     8 | void add(const [01;31m[Kstd[m[K::shared_ptr<AddTwoInts::Request> request,std::shared_ptr<AddTwoInts::Response> response){
[5.997s]       |                [01;31m[K^~~[m[K
[5.998s] [01m[K/home/tayya/cpp_pkg/src/cpp_package/src/service.cpp:8:32:[m[K [01;31m[Kerror: [m[K‘[01m[KAddTwoInts[m[K’ was not declared in this scope; did you mean ‘[01m[Kexample_interfaces::srv::AddTwoInts[m[K’?
[5.998s]     8 | void add(const std::shared_ptr<[01;31m[KAddTwoInts[m[K::Request> request,std::shared_ptr<AddTwoInts::Response> response){
[5.998s]       |                                [01;31m[K^~~~~~~~~~[m[K
[5.998s]       |                                [32m[Kexample_interfaces::srv::AddTwoInts[m[K
[5.998s] In file included from [01m[K/opt/ros/humble/include/example_interfaces/example_interfaces/srv/add_two_ints.hpp:7[m[K,
[5.998s]                  from [01m[K/home/tayya/cpp_pkg/src/cpp_package/src/service.cpp:2[m[K:
[5.998s] [01m[K/opt/ros/humble/include/example_interfaces/example_interfaces/srv/detail/add_two_ints__struct.hpp:265:8:[m[K [01;36m[Knote: [m[K‘[01m[Kexample_interfaces::srv::AddTwoInts[m[K’ declared here
[5.999s]   265 | struct [01;36m[KAddTwoInts[m[K
[5.999s]       |        [01;36m[K^~~~~~~~~~[m[K
[5.999s] [01m[K/home/tayya/cpp_pkg/src/cpp_package/src/service.cpp:8:6:[m[K [01;31m[Kerror: [m[Kvariable or field ‘[01m[Kadd[m[K’ declared void
[5.999s]     8 | void [01;31m[Kadd[m[K(const std::shared_ptr<AddTwoInts::Request> request,std::shared_ptr<AddTwoInts::Response> response){
[5.999s]       |      [01;31m[K^~~[m[K
[5.999s] [01m[K/home/tayya/cpp_pkg/src/cpp_package/src/service.cpp:8:10:[m[K [01;31m[Kerror: [m[Kexpected primary-expression before ‘[01m[Kconst[m[K’
[5.999s]     8 | void add([01;31m[Kconst[m[K std::shared_ptr<AddTwoInts::Request> request,std::shared_ptr<AddTwoInts::Response> response){
[6.000s]       |          [01;31m[K^~~~~[m[K
[6.000s] [01m[K/home/tayya/cpp_pkg/src/cpp_package/src/service.cpp:8:77:[m[K [01;31m[Kerror: [m[K‘[01m[KAddTwoInts[m[K’ was not declared in this scope; did you mean ‘[01m[Kexample_interfaces::srv::AddTwoInts[m[K’?
[6.000s]     8 | void add(const std::shared_ptr<AddTwoInts::Request> request,std::shared_ptr<[01;31m[KAddTwoInts[m[K::Response> response){
[6.000s]       |                                                                             [01;31m[K^~~~~~~~~~[m[K
[6.000s]       |                                                                             [32m[Kexample_interfaces::srv::AddTwoInts[m[K
[6.000s] In file included from [01m[K/opt/ros/humble/include/example_interfaces/example_interfaces/srv/add_two_ints.hpp:7[m[K,
[6.001s]                  from [01m[K/home/tayya/cpp_pkg/src/cpp_package/src/service.cpp:2[m[K:
[6.001s] [01m[K/opt/ros/humble/include/example_interfaces/example_interfaces/srv/detail/add_two_ints__struct.hpp:265:8:[m[K [01;36m[Knote: [m[K‘[01m[Kexample_interfaces::srv::AddTwoInts[m[K’ declared here
[6.001s]   265 | struct [01;36m[KAddTwoInts[m[K
[6.001s]       |        [01;36m[K^~~~~~~~~~[m[K
[6.001s] [01m[K/home/tayya/cpp_pkg/src/cpp_package/src/service.cpp:8:97:[m[K [01;31m[Kerror: [m[Ktemplate argument 1 is invalid
[6.001s]     8 | void add(const std::shared_ptr<AddTwoInts::Request> request,std::shared_ptr<AddTwoInts::Response[01;31m[K>[m[K response){
[6.002s]       |                                                                                                 [01;31m[K^[m[K
[6.002s] [01m[K/home/tayya/cpp_pkg/src/cpp_package/src/service.cpp:[m[K In function ‘[01m[Kint main(int, char**)[m[K’:
[6.002s] [01m[K/home/tayya/cpp_pkg/src/cpp_package/src/service.cpp:17:19:[m[K [01;31m[Kerror: [m[K‘[01m[KAddTwoInts[m[K’ was not declared in this scope; did you mean ‘[01m[Kexample_interfaces::srv::AddTwoInts[m[K’?
[6.002s]    17 |   rclcpp::Service<[01;31m[KAddTwoInts[m[K>::SharedPtr service =node->create_service<AddTwoInts>("add_two_ints", &add);
[6.002s]       |                   [01;31m[K^~~~~~~~~~[m[K
[6.002s]       |                   [32m[Kexample_interfaces::srv::AddTwoInts[m[K
[6.003s] In file included from [01m[K/opt/ros/humble/include/example_interfaces/example_interfaces/srv/add_two_ints.hpp:7[m[K,
[6.003s]                  from [01m[K/home/tayya/cpp_pkg/src/cpp_package/src/service.cpp:2[m[K:
[6.003s] [01m[K/opt/ros/humble/include/example_interfaces/example_interfaces/srv/detail/add_two_ints__struct.hpp:265:8:[m[K [01;36m[Knote: [m[K‘[01m[Kexample_interfaces::srv::AddTwoInts[m[K’ declared here
[6.003s]   265 | struct [01;36m[KAddTwoInts[m[K
[6.003s]       |        [01;36m[K^~~~~~~~~~[m[K
[6.003s] [01m[K/home/tayya/cpp_pkg/src/cpp_package/src/service.cpp:17:29:[m[K [01;31m[Kerror: [m[Ktemplate argument 1 is invalid
[6.004s]    17 |   rclcpp::Service<AddTwoInts[01;31m[K>[m[K::SharedPtr service =node->create_service<AddTwoInts>("add_two_ints", &add);
[6.004s]       |                             [01;31m[K^[m[K
[6.004s] [01m[K/home/tayya/cpp_pkg/src/cpp_package/src/service.cpp:17:42:[m[K [01;31m[Kerror: [m[Kexpected initializer before ‘[01m[Kservice[m[K’
[6.004s]    17 |   rclcpp::Service<AddTwoInts>::SharedPtr [01;31m[Kservice[m[K =node->create_service<AddTwoInts>("add_two_ints", &add);
[6.004s]       |                                          [01;31m[K^~~~~~~[m[K
[7.121s] gmake[2]: *** [CMakeFiles/service.dir/build.make:76: CMakeFiles/service.dir/src/service.cpp.o] Error 1
[7.122s] gmake[1]: *** [CMakeFiles/Makefile2:249: CMakeFiles/service.dir/all] Error 2
[7.122s] gmake: *** [Makefile:146: all] Error 2
[7.128s] Invoked command in '/home/tayya/cpp_pkg/build/cpp_package' returned '2': CMAKE_PREFIX_PATH=${CMAKE_PREFIX_PATH}:/opt/ros/humble /usr/bin/cmake --build /home/tayya/cpp_pkg/build/cpp_package -- -j8 -l8
