[35m[1mConsolidate compiler generated dependencies of target client[0m
[ 16%] Built target publisher
[ 33%] Built target cpp_try
[ 50%] Built target cpp_try2
[ 66%] Built target subscriber
[ 83%] Built target service
[ 91%] [32mBuilding CXX object CMakeFiles/client.dir/src/client.cpp.o[0m
[100%] [32m[1mLinking CXX executable client[0m
[100%] Built target client
-- Install configuration: ""
-- Up-to-date: /home/tayya/cpp_pkg/install/cpp_package/lib/cpp_package/cpp_try
-- Up-to-date: /home/tayya/cpp_pkg/install/cpp_package/lib/cpp_package/cpp_try2
-- Up-to-date: /home/tayya/cpp_pkg/install/cpp_package/lib/cpp_package/subscriber
-- Up-to-date: /home/tayya/cpp_pkg/install/cpp_package/lib/cpp_package/publisher
-- Up-to-date: /home/tayya/cpp_pkg/install/cpp_package/lib/cpp_package/service
-- Installing: /home/tayya/cpp_pkg/install/cpp_package/lib/cpp_package/client
-- Set runtime path of "/home/tayya/cpp_pkg/install/cpp_package/lib/cpp_package/client" to ""
-- Up-to-date: /home/tayya/cpp_pkg/install/cpp_package/share/ament_index/resource_index/package_run_dependencies/cpp_package
-- Up-to-date: /home/tayya/cpp_pkg/install/cpp_package/share/ament_index/resource_index/parent_prefix_path/cpp_package
-- Up-to-date: /home/tayya/cpp_pkg/install/cpp_package/share/cpp_package/environment/ament_prefix_path.sh
-- Up-to-date: /home/tayya/cpp_pkg/install/cpp_package/share/cpp_package/environment/ament_prefix_path.dsv
-- Up-to-date: /home/tayya/cpp_pkg/install/cpp_package/share/cpp_package/environment/path.sh
-- Up-to-date: /home/tayya/cpp_pkg/install/cpp_package/share/cpp_package/environment/path.dsv
-- Up-to-date: /home/tayya/cpp_pkg/install/cpp_package/share/cpp_package/local_setup.bash
-- Up-to-date: /home/tayya/cpp_pkg/install/cpp_package/share/cpp_package/local_setup.sh
-- Up-to-date: /home/tayya/cpp_pkg/install/cpp_package/share/cpp_package/local_setup.zsh
-- Up-to-date: /home/tayya/cpp_pkg/install/cpp_package/share/cpp_package/local_setup.dsv
-- Installing: /home/tayya/cpp_pkg/install/cpp_package/share/cpp_package/package.dsv
-- Up-to-date: /home/tayya/cpp_pkg/install/cpp_package/share/ament_index/resource_index/packages/cpp_package
-- Up-to-date: /home/tayya/cpp_pkg/install/cpp_package/share/cpp_package/cmake/cpp_packageConfig.cmake
-- Up-to-date: /home/tayya/cpp_pkg/install/cpp_package/share/cpp_package/cmake/cpp_packageConfig-version.cmake
-- Up-to-date: /home/tayya/cpp_pkg/install/cpp_package/share/cpp_package/package.xml
