[0.030s] Invoking command in '/home/tayya/cpp_pkg/build/cpp_package': CMAKE_PREFIX_PATH=${CMAKE_PREFIX_PATH}:/opt/ros/humble /usr/bin/cmake --build /home/tayya/cpp_pkg/build/cpp_package -- -j8 -l8
[0.142s] [35m[1mConsolidate compiler generated dependencies of target client[0m
[0.181s] [ 16%] Built target publisher
[0.185s] [ 33%] Built target cpp_try
[0.188s] [ 50%] Built target cpp_try2
[0.188s] [ 66%] Built target subscriber
[0.191s] [ 83%] Built target service
[0.199s] [ 91%] [32mBuilding CXX object CMakeFiles/client.dir/src/client.cpp.o[0m
[8.054s] [100%] [32m[1mLinking CXX executable client[0m
[8.436s] [100%] Built target client
[8.459s] Invoked command in '/home/tayya/cpp_pkg/build/cpp_package' returned '0': CMAKE_PREFIX_PATH=${CMAKE_PREFIX_PATH}:/opt/ros/humble /usr/bin/cmake --build /home/tayya/cpp_pkg/build/cpp_package -- -j8 -l8
[8.478s] Invoking command in '/home/tayya/cpp_pkg/build/cpp_package': CMAKE_PREFIX_PATH=${CMAKE_PREFIX_PATH}:/opt/ros/humble /usr/bin/cmake --install /home/tayya/cpp_pkg/build/cpp_package
[8.493s] -- Install configuration: ""
[8.494s] -- Up-to-date: /home/tayya/cpp_pkg/install/cpp_package/lib/cpp_package/cpp_try
[8.494s] -- Up-to-date: /home/tayya/cpp_pkg/install/cpp_package/lib/cpp_package/cpp_try2
[8.495s] -- Up-to-date: /home/tayya/cpp_pkg/install/cpp_package/lib/cpp_package/subscriber
[8.495s] -- Up-to-date: /home/tayya/cpp_pkg/install/cpp_package/lib/cpp_package/publisher
[8.496s] -- Up-to-date: /home/tayya/cpp_pkg/install/cpp_package/lib/cpp_package/service
[8.496s] -- Installing: /home/tayya/cpp_pkg/install/cpp_package/lib/cpp_package/client
[8.499s] -- Set runtime path of "/home/tayya/cpp_pkg/install/cpp_package/lib/cpp_package/client" to ""
[8.499s] -- Up-to-date: /home/tayya/cpp_pkg/install/cpp_package/share/ament_index/resource_index/package_run_dependencies/cpp_package
[8.500s] -- Up-to-date: /home/tayya/cpp_pkg/install/cpp_package/share/ament_index/resource_index/parent_prefix_path/cpp_package
[8.500s] -- Up-to-date: /home/tayya/cpp_pkg/install/cpp_package/share/cpp_package/environment/ament_prefix_path.sh
[8.500s] -- Up-to-date: /home/tayya/cpp_pkg/install/cpp_package/share/cpp_package/environment/ament_prefix_path.dsv
[8.500s] -- Up-to-date: /home/tayya/cpp_pkg/install/cpp_package/share/cpp_package/environment/path.sh
[8.501s] -- Up-to-date: /home/tayya/cpp_pkg/install/cpp_package/share/cpp_package/environment/path.dsv
[8.501s] -- Up-to-date: /home/tayya/cpp_pkg/install/cpp_package/share/cpp_package/local_setup.bash
[8.501s] -- Up-to-date: /home/tayya/cpp_pkg/install/cpp_package/share/cpp_package/local_setup.sh
[8.501s] -- Up-to-date: /home/tayya/cpp_pkg/install/cpp_package/share/cpp_package/local_setup.zsh
[8.501s] -- Up-to-date: /home/tayya/cpp_pkg/install/cpp_package/share/cpp_package/local_setup.dsv
[8.501s] -- Installing: /home/tayya/cpp_pkg/install/cpp_package/share/cpp_package/package.dsv
[8.502s] -- Up-to-date: /home/tayya/cpp_pkg/install/cpp_package/share/ament_index/resource_index/packages/cpp_package
[8.502s] -- Up-to-date: /home/tayya/cpp_pkg/install/cpp_package/share/cpp_package/cmake/cpp_packageConfig.cmake
[8.502s] -- Up-to-date: /home/tayya/cpp_pkg/install/cpp_package/share/cpp_package/cmake/cpp_packageConfig-version.cmake
[8.502s] -- Up-to-date: /home/tayya/cpp_pkg/install/cpp_package/share/cpp_package/package.xml
[8.505s] Invoked command in '/home/tayya/cpp_pkg/build/cpp_package' returned '0': CMAKE_PREFIX_PATH=${CMAKE_PREFIX_PATH}:/opt/ros/humble /usr/bin/cmake --install /home/tayya/cpp_pkg/build/cpp_package
