[0.028s] Invoking command in '/home/tayya/cpp_pkg/build/cpp_package': CMAKE_PREFIX_PATH=${CMAKE_PREFIX_PATH}:/opt/ros/humble /usr/bin/cmake --build /home/tayya/cpp_pkg/build/cpp_package -- -j8 -l8
[0.088s] -- Found ament_cmake: 1.3.11 (/opt/ros/humble/share/ament_cmake/cmake)
[0.379s] -- Found rclcpp: 16.0.11 (/opt/ros/humble/share/rclcpp/cmake)
[0.442s] -- Found rosidl_generator_c: 3.1.6 (/opt/ros/humble/share/rosidl_generator_c/cmake)
[0.448s] -- Found rosidl_adapter: 3.1.6 (/opt/ros/humble/share/rosidl_adapter/cmake)
[0.462s] -- Found rosidl_generator_cpp: 3.1.6 (/opt/ros/humble/share/rosidl_generator_cpp/cmake)
[0.483s] -- Using all available rosidl_typesupport_c: rosidl_typesupport_fastrtps_c;rosidl_typesupport_introspection_c
[0.513s] -- Using all available rosidl_typesupport_cpp: rosidl_typesupport_fastrtps_cpp;rosidl_typesupport_introspection_cpp
[0.589s] -- Found rmw_implementation_cmake: 6.1.2 (/opt/ros/humble/share/rmw_implementation_cmake/cmake)
[0.592s] -- Found rmw_fastrtps_cpp: 6.2.7 (/opt/ros/humble/share/rmw_fastrtps_cpp/cmake)
[0.851s] -- Using RMW implementation 'rmw_fastrtps_cpp' as default
[0.970s] -- Found example_interfaces: 0.9.3 (/opt/ros/humble/share/example_interfaces/cmake)
[1.223s] -- Configuring done
[1.266s] -- Generating done
[1.286s] -- Build files have been written to: /home/tayya/cpp_pkg/build/cpp_package
[1.340s] [35m[1mConsolidate compiler generated dependencies of target cpp_try2[0m
[1.342s] [35m[1mConsolidate compiler generated dependencies of target service[0m
[1.343s] [35m[1mConsolidate compiler generated dependencies of target subscriber[0m
[1.346s] [35m[1mConsolidate compiler generated dependencies of target publisher[0m
[1.347s] [35m[1mConsolidate compiler generated dependencies of target cpp_try[0m
[1.381s] [ 10%] [32mBuilding CXX object CMakeFiles/service.dir/src/service.cpp.o[0m
[1.383s] [ 30%] Built target subscriber
[1.394s] [ 50%] Built target cpp_try2
[1.395s] [ 70%] Built target publisher
[1.400s] [ 90%] Built target cpp_try
[1.815s] [01m[K/home/tayya/cpp_pkg/src/cpp_package/src/service.cpp:2:10:[m[K [01;31m[Kfatal error: [m[Kexample_interfaces/srv/add_two_ints.hpp: No such file or directory
[1.815s]     2 | #include [01;31m[K"example_interfaces/srv/add_two_ints.hpp"[m[K
[1.815s]       |          [01;31m[K^~~~~~~~~~~~~~~~~~~~~~~~~~~~~~~~~~~~~~~~~[m[K
[1.816s] compilation terminated.
[1.830s] gmake[2]: *** [CMakeFiles/service.dir/build.make:76: CMakeFiles/service.dir/src/service.cpp.o] Error 1
[1.830s] gmake[1]: *** [CMakeFiles/Makefile2:249: CMakeFiles/service.dir/all] Error 2
[1.830s] gmake: *** [Makefile:146: all] Error 2
[1.835s] Invoked command in '/home/tayya/cpp_pkg/build/cpp_package' returned '2': CMAKE_PREFIX_PATH=${CMAKE_PREFIX_PATH}:/opt/ros/humble /usr/bin/cmake --build /home/tayya/cpp_pkg/build/cpp_package -- -j8 -l8
