[0.026s] Invoking command in '/home/tayya/cpp_pkg/build/cpp_package': CMAKE_PREFIX_PATH=${CMAKE_PREFIX_PATH}:/opt/ros/humble /usr/bin/cmake --build /home/tayya/cpp_pkg/build/cpp_package -- -j8 -l8
[0.111s] [35m[1mConsolidate compiler generated dependencies of target cpp_try[0m
[0.136s] [ 50%] [32mBuilding CXX object CMakeFiles/cpp_try.dir/src/cpp_try.cpp.o[0m
[9.521s] [100%] [32m[1mLinking CXX executable cpp_try[0m
[9.952s] [100%] Built target cpp_try
[9.976s] Invoked command in '/home/tayya/cpp_pkg/build/cpp_package' returned '0': CMAKE_PREFIX_PATH=${CMAKE_PREFIX_PATH}:/opt/ros/humble /usr/bin/cmake --build /home/tayya/cpp_pkg/build/cpp_package -- -j8 -l8
[9.997s] Invoking command in '/home/tayya/cpp_pkg/build/cpp_package': CMAKE_PREFIX_PATH=${CMAKE_PREFIX_PATH}:/opt/ros/humble /usr/bin/cmake --install /home/tayya/cpp_pkg/build/cpp_package
[10.014s] -- Install configuration: ""
[10.014s] -- Installing: /home/tayya/cpp_pkg/install/cpp_package/lib/cpp_package/cpp_try
[10.019s] -- Set runtime path of "/home/tayya/cpp_pkg/install/cpp_package/lib/cpp_package/cpp_try" to ""
[10.020s] -- Up-to-date: /home/tayya/cpp_pkg/install/cpp_package/share/ament_index/resource_index/package_run_dependencies/cpp_package
[10.020s] -- Up-to-date: /home/tayya/cpp_pkg/install/cpp_package/share/ament_index/resource_index/parent_prefix_path/cpp_package
[10.020s] -- Up-to-date: /home/tayya/cpp_pkg/install/cpp_package/share/cpp_package/environment/ament_prefix_path.sh
[10.020s] -- Up-to-date: /home/tayya/cpp_pkg/install/cpp_package/share/cpp_package/environment/ament_prefix_path.dsv
[10.020s] -- Up-to-date: /home/tayya/cpp_pkg/install/cpp_package/share/cpp_package/environment/path.sh
[10.021s] -- Up-to-date: /home/tayya/cpp_pkg/install/cpp_package/share/cpp_package/environment/path.dsv
[10.021s] -- Up-to-date: /home/tayya/cpp_pkg/install/cpp_package/share/cpp_package/local_setup.bash
[10.021s] -- Up-to-date: /home/tayya/cpp_pkg/install/cpp_package/share/cpp_package/local_setup.sh
[10.021s] -- Up-to-date: /home/tayya/cpp_pkg/install/cpp_package/share/cpp_package/local_setup.zsh
[10.021s] -- Up-to-date: /home/tayya/cpp_pkg/install/cpp_package/share/cpp_package/local_setup.dsv
[10.021s] -- Up-to-date: /home/tayya/cpp_pkg/install/cpp_package/share/cpp_package/package.dsv
[10.022s] -- Up-to-date: /home/tayya/cpp_pkg/install/cpp_package/share/ament_index/resource_index/packages/cpp_package
[10.022s] -- Up-to-date: /home/tayya/cpp_pkg/install/cpp_package/share/cpp_package/cmake/cpp_packageConfig.cmake
[10.022s] -- Up-to-date: /home/tayya/cpp_pkg/install/cpp_package/share/cpp_package/cmake/cpp_packageConfig-version.cmake
[10.022s] -- Up-to-date: /home/tayya/cpp_pkg/install/cpp_package/share/cpp_package/package.xml
[10.026s] Invoked command in '/home/tayya/cpp_pkg/build/cpp_package' returned '0': CMAKE_PREFIX_PATH=${CMAKE_PREFIX_PATH}:/opt/ros/humble /usr/bin/cmake --install /home/tayya/cpp_pkg/build/cpp_package
