[35m[1mConsolidate compiler generated dependencies of target cpp_try2[0m
[ 25%] [32mBuilding CXX object CMakeFiles/cpp_try2.dir/src/cpp_try2.cpp.o[0m
[ 50%] [32mBuilding CXX object CMakeFiles/cpp_try.dir/src/cpp_try.cpp.o[0m
[ 75%] [32m[1mLinking CXX executable cpp_try[0m
[ 75%] Built target cpp_try
[100%] [32m[1mLinking CXX executable cpp_try2[0m
[100%] Built target cpp_try2
-- Install configuration: ""
-- Installing: /home/tayya/cpp_pkg/install/cpp_package/lib/cpp_package/cpp_try
-- Set runtime path of "/home/tayya/cpp_pkg/install/cpp_package/lib/cpp_package/cpp_try" to ""
-- Installing: /home/tayya/cpp_pkg/install/cpp_package/lib/cpp_package/cpp_try2
-- Set runtime path of "/home/tayya/cpp_pkg/install/cpp_package/lib/cpp_package/cpp_try2" to ""
-- Up-to-date: /home/tayya/cpp_pkg/install/cpp_package/share/ament_index/resource_index/package_run_dependencies/cpp_package
-- Up-to-date: /home/tayya/cpp_pkg/install/cpp_package/share/ament_index/resource_index/parent_prefix_path/cpp_package
-- Up-to-date: /home/tayya/cpp_pkg/install/cpp_package/share/cpp_package/environment/ament_prefix_path.sh
-- Installing: /home/tayya/cpp_pkg/install/cpp_package/share/cpp_package/environment/ament_prefix_path.dsv
-- Up-to-date: /home/tayya/cpp_pkg/install/cpp_package/share/cpp_package/environment/path.sh
-- Installing: /home/tayya/cpp_pkg/install/cpp_package/share/cpp_package/environment/path.dsv
-- Up-to-date: /home/tayya/cpp_pkg/install/cpp_package/share/cpp_package/local_setup.bash
-- Up-to-date: /home/tayya/cpp_pkg/install/cpp_package/share/cpp_package/local_setup.sh
-- Up-to-date: /home/tayya/cpp_pkg/install/cpp_package/share/cpp_package/local_setup.zsh
-- Installing: /home/tayya/cpp_pkg/install/cpp_package/share/cpp_package/local_setup.dsv
-- Up-to-date: /home/tayya/cpp_pkg/install/cpp_package/share/cpp_package/package.dsv
-- Up-to-date: /home/tayya/cpp_pkg/install/cpp_package/share/ament_index/resource_index/packages/cpp_package
-- Up-to-date: /home/tayya/cpp_pkg/install/cpp_package/share/cpp_package/cmake/cpp_packageConfig.cmake
-- Up-to-date: /home/tayya/cpp_pkg/install/cpp_package/share/cpp_package/cmake/cpp_packageConfig-version.cmake
-- Up-to-date: /home/tayya/cpp_pkg/install/cpp_package/share/cpp_package/package.xml
