[0.032s] Invoking command in '/home/tayya/cpp_pkg/build/cpp_package': CMAKE_PREFIX_PATH=${CMAKE_PREFIX_PATH}:/opt/ros/humble /usr/bin/cmake --build /home/tayya/cpp_pkg/build/cpp_package -- -j8 -l8
[0.157s] [35m[1mConsolidate compiler generated dependencies of target cpp_try2[0m
[0.186s] [  2%] Built target cpp_package__cpp
[0.230s] [  6%] Built target subscriber
[0.230s] [  6%] Built target ament_cmake_python_copy_cpp_package
[0.240s] [ 12%] Built target cpp_package__rosidl_generator_c
[0.240s] [ 17%] Built target cpp_try
[0.251s] [ 21%] Built target publisher
[0.253s] [ 23%] [32mBuilding CXX object CMakeFiles/cpp_try2.dir/src/cpp_try2.cpp.o[0m
[0.275s] [ 27%] Built target service
[0.302s] [ 31%] Built target client
[0.335s] [ 38%] Built target cpp_package__rosidl_typesupport_fastrtps_cpp
[0.353s] [ 44%] Built target cpp_package__rosidl_typesupport_cpp
[0.365s] [ 53%] Built target cpp_package__rosidl_typesupport_introspection_c
[0.371s] [ 63%] Built target cpp_package__rosidl_typesupport_introspection_cpp
[0.372s] [ 63%] Built target cpp_package__rosidl_typesupport_fastrtps_c
[0.387s] [ 70%] Built target cpp_package__rosidl_typesupport_c
[0.452s] [ 74%] Built target service_class
[0.457s] [ 76%] Built target cpp_package
[0.458s] [ 78%] Built target client_class
[0.502s] [ 80%] Built target cpp_package__py
[0.552s] [ 85%] Built target cpp_package__rosidl_generator_py
[0.616s] [ 89%] Built target cpp_package__rosidl_typesupport_fastrtps_c__pyext
[0.620s] [ 93%] Built target cpp_package__rosidl_typesupport_introspection_c__pyext
[0.621s] [ 97%] Built target cpp_package__rosidl_typesupport_c__pyext
[1.045s] running egg_info
[1.047s] writing cpp_package.egg-info/PKG-INFO
[1.048s] writing dependency_links to cpp_package.egg-info/dependency_links.txt
[1.048s] writing top-level names to cpp_package.egg-info/top_level.txt
[1.054s] reading manifest file 'cpp_package.egg-info/SOURCES.txt'
[1.055s] writing manifest file 'cpp_package.egg-info/SOURCES.txt'
[1.122s] [ 97%] Built target ament_cmake_python_build_cpp_package_egg
[6.291s] [01m[K/home/tayya/cpp_pkg/src/cpp_package/src/cpp_try2.cpp:[m[K In constructor ‘[01m[KMinimalSubscriber::MinimalSubscriber()[m[K’:
[6.292s] [01m[K/home/tayya/cpp_pkg/src/cpp_package/src/cpp_try2.cpp:10:42:[m[K [01;31m[Kerror: [m[Kconversion from ‘[01m[Kconst char [6][m[K’ to non-scalar type ‘[01m[Kstd_msgs::msg::String[m[K’ {aka ‘[01m[Kstd_msgs::msg::String_<std::allocator<void> >[m[K’} requested
[6.292s]    10 |             std_msgs::msg::String comm = [01;31m[K"START"[m[K;
[6.292s]       |                                          [01;31m[K^~~~~~~[m[K
[6.294s] In file included from [01m[K/opt/ros/humble/include/rclcpp/rclcpp/logging.hpp:24[m[K,
[6.294s]                  from [01m[K/opt/ros/humble/include/rclcpp/rclcpp/client.hpp:40[m[K,
[6.294s]                  from [01m[K/opt/ros/humble/include/rclcpp/rclcpp/callback_group.hpp:24[m[K,
[6.294s]                  from [01m[K/opt/ros/humble/include/rclcpp/rclcpp/any_executable.hpp:20[m[K,
[6.295s]                  from [01m[K/opt/ros/humble/include/rclcpp/rclcpp/memory_strategy.hpp:25[m[K,
[6.295s]                  from [01m[K/opt/ros/humble/include/rclcpp/rclcpp/memory_strategies.hpp:18[m[K,
[6.295s]                  from [01m[K/opt/ros/humble/include/rclcpp/rclcpp/executor_options.hpp:20[m[K,
[6.295s]                  from [01m[K/opt/ros/humble/include/rclcpp/rclcpp/executor.hpp:37[m[K,
[6.296s]                  from [01m[K/opt/ros/humble/include/rclcpp/rclcpp/executors/multi_threaded_executor.hpp:25[m[K,
[6.296s]                  from [01m[K/opt/ros/humble/include/rclcpp/rclcpp/executors.hpp:21[m[K,
[6.296s]                  from [01m[K/opt/ros/humble/include/rclcpp/rclcpp/rclcpp.hpp:155[m[K,
[6.296s]                  from [01m[K/home/tayya/cpp_pkg/src/cpp_package/src/cpp_try2.cpp:2[m[K:
[6.296s] [01m[K/home/tayya/cpp_pkg/src/cpp_package/src/cpp_try2.cpp:11:51:[m[K [01;31m[Kerror: [m[K‘[01m[Kmsg[m[K’ was not declared in this scope
[6.297s]    11 |             RCLCPP_INFO(this->get_logger(), "%s" ,[01;31m[Kmsg[m[K->comm.c_str());
[6.297s]       |                                                   [01;31m[K^~~[m[K
[6.305s] [01m[K/home/tayya/cpp_pkg/src/cpp_package/src/cpp_try2.cpp:11:51:[m[K [01;36m[Knote: [m[Ksuggested alternatives:
[6.305s] In file included from [01m[K/opt/ros/humble/include/builtin_interfaces/builtin_interfaces/msg/duration.hpp:7[m[K,
[6.305s]                  from [01m[K/opt/ros/humble/include/rclcpp/rclcpp/duration.hpp:20[m[K,
[6.305s]                  from [01m[K/opt/ros/humble/include/rclcpp/rclcpp/qos.hpp:20[m[K,
[6.306s]                  from [01m[K/opt/ros/humble/include/rclcpp/rclcpp/node_interfaces/node_graph_interface.hpp:32[m[K,
[6.306s]                  from [01m[K/opt/ros/humble/include/rclcpp/rclcpp/client.hpp:42[m[K,
[6.306s]                  from [01m[K/opt/ros/humble/include/rclcpp/rclcpp/callback_group.hpp:24[m[K,
[6.307s]                  from [01m[K/opt/ros/humble/include/rclcpp/rclcpp/any_executable.hpp:20[m[K,
[6.307s]                  from [01m[K/opt/ros/humble/include/rclcpp/rclcpp/memory_strategy.hpp:25[m[K,
[6.307s]                  from [01m[K/opt/ros/humble/include/rclcpp/rclcpp/memory_strategies.hpp:18[m[K,
[6.307s]                  from [01m[K/opt/ros/humble/include/rclcpp/rclcpp/executor_options.hpp:20[m[K,
[6.308s]                  from [01m[K/opt/ros/humble/include/rclcpp/rclcpp/executor.hpp:37[m[K,
[6.308s]                  from [01m[K/opt/ros/humble/include/rclcpp/rclcpp/executors/multi_threaded_executor.hpp:25[m[K,
[6.308s]                  from [01m[K/opt/ros/humble/include/rclcpp/rclcpp/executors.hpp:21[m[K,
[6.309s]                  from [01m[K/opt/ros/humble/include/rclcpp/rclcpp/rclcpp.hpp:155[m[K,
[6.309s]                  from [01m[K/home/tayya/cpp_pkg/src/cpp_package/src/cpp_try2.cpp:2[m[K:
[6.309s] [01m[K/opt/ros/humble/include/builtin_interfaces/builtin_interfaces/msg/detail/duration__struct.hpp:27:11:[m[K [01;36m[Knote: [m[K  ‘[01m[Kbuiltin_interfaces::msg[m[K’
[6.309s]    27 | namespace [01;36m[Kmsg[m[K
[6.310s]       |           [01;36m[K^~~[m[K
[6.310s] In file included from [01m[K/opt/ros/humble/include/rcl_interfaces/rcl_interfaces/msg/set_parameters_result.hpp:7[m[K,
[6.310s]                  from [01m[K/opt/ros/humble/include/rclcpp/rclcpp/qos_overriding_options.hpp:28[m[K,
[6.310s]                  from [01m[K/opt/ros/humble/include/rclcpp/rclcpp/subscription_options.hpp:30[m[K,
[6.311s]                  from [01m[K/opt/ros/humble/include/rclcpp/rclcpp/subscription.hpp:45[m[K,
[6.311s]                  from [01m[K/opt/ros/humble/include/rclcpp/rclcpp/any_executable.hpp:25[m[K,
[6.311s]                  from [01m[K/opt/ros/humble/include/rclcpp/rclcpp/memory_strategy.hpp:25[m[K,
[6.312s]                  from [01m[K/opt/ros/humble/include/rclcpp/rclcpp/memory_strategies.hpp:18[m[K,
[6.312s]                  from [01m[K/opt/ros/humble/include/rclcpp/rclcpp/executor_options.hpp:20[m[K,
[6.312s]                  from [01m[K/opt/ros/humble/include/rclcpp/rclcpp/executor.hpp:37[m[K,
[6.312s]                  from [01m[K/opt/ros/humble/include/rclcpp/rclcpp/executors/multi_threaded_executor.hpp:25[m[K,
[6.313s]                  from [01m[K/opt/ros/humble/include/rclcpp/rclcpp/executors.hpp:21[m[K,
[6.313s]                  from [01m[K/opt/ros/humble/include/rclcpp/rclcpp/rclcpp.hpp:155[m[K,
[6.313s]                  from [01m[K/home/tayya/cpp_pkg/src/cpp_package/src/cpp_try2.cpp:2[m[K:
[6.313s] [01m[K/opt/ros/humble/include/rcl_interfaces/rcl_interfaces/msg/detail/set_parameters_result__struct.hpp:27:11:[m[K [01;36m[Knote: [m[K  ‘[01m[Krcl_interfaces::msg[m[K’
[6.314s]    27 | namespace [01;36m[Kmsg[m[K
[6.314s]       |           [01;36m[K^~~[m[K
[6.314s] In file included from [01m[K/opt/ros/humble/include/statistics_msgs/statistics_msgs/msg/detail/metrics_message__struct.hpp:23[m[K,
[6.314s]                  from [01m[K/opt/ros/humble/include/statistics_msgs/statistics_msgs/msg/metrics_message.hpp:7[m[K,
[6.315s]                  from [01m[K/opt/ros/humble/include/libstatistics_collector/libstatistics_collector/collector/generate_statistics_message.hpp:21[m[K,
[6.315s]                  from [01m[K/opt/ros/humble/include/rclcpp/rclcpp/topic_statistics/subscription_topic_statistics.hpp:23[m[K,
[6.315s]                  from [01m[K/opt/ros/humble/include/rclcpp/rclcpp/subscription.hpp:50[m[K,
[6.315s]                  from [01m[K/opt/ros/humble/include/rclcpp/rclcpp/any_executable.hpp:25[m[K,
[6.316s]                  from [01m[K/opt/ros/humble/include/rclcpp/rclcpp/memory_strategy.hpp:25[m[K,
[6.316s]                  from [01m[K/opt/ros/humble/include/rclcpp/rclcpp/memory_strategies.hpp:18[m[K,
[6.316s]                  from [01m[K/opt/ros/humble/include/rclcpp/rclcpp/executor_options.hpp:20[m[K,
[6.316s]                  from [01m[K/opt/ros/humble/include/rclcpp/rclcpp/executor.hpp:37[m[K,
[6.317s]                  from [01m[K/opt/ros/humble/include/rclcpp/rclcpp/executors/multi_threaded_executor.hpp:25[m[K,
[6.317s]                  from [01m[K/opt/ros/humble/include/rclcpp/rclcpp/executors.hpp:21[m[K,
[6.317s]                  from [01m[K/opt/ros/humble/include/rclcpp/rclcpp/rclcpp.hpp:155[m[K,
[6.317s]                  from [01m[K/home/tayya/cpp_pkg/src/cpp_package/src/cpp_try2.cpp:2[m[K:
[6.318s] [01m[K/opt/ros/humble/include/statistics_msgs/statistics_msgs/msg/detail/statistic_data_point__struct.hpp:27:11:[m[K [01;36m[Knote: [m[K  ‘[01m[Kstatistics_msgs::msg[m[K’
[6.318s]    27 | namespace [01;36m[Kmsg[m[K
[6.318s]       |           [01;36m[K^~~[m[K
[6.318s] In file included from [01m[K/opt/ros/humble/include/std_msgs/std_msgs/msg/string.hpp:7[m[K,
[6.318s]                  from [01m[K/home/tayya/cpp_pkg/src/cpp_package/src/cpp_try2.cpp:3[m[K:
[6.319s] [01m[K/opt/ros/humble/include/std_msgs/std_msgs/msg/detail/string__struct.hpp:27:11:[m[K [01;36m[Knote: [m[K  ‘[01m[Kstd_msgs::msg[m[K’
[6.319s]    27 | namespace [01;36m[Kmsg[m[K
[6.319s]       |           [01;36m[K^~~[m[K
[12.008s] gmake[2]: *** [CMakeFiles/cpp_try2.dir/build.make:76: CMakeFiles/cpp_try2.dir/src/cpp_try2.cpp.o] Error 1
[12.008s] gmake[1]: *** [CMakeFiles/Makefile2:632: CMakeFiles/cpp_try2.dir/all] Error 2
[12.009s] gmake: *** [Makefile:146: all] Error 2
[12.014s] Invoked command in '/home/tayya/cpp_pkg/build/cpp_package' returned '2': CMAKE_PREFIX_PATH=${CMAKE_PREFIX_PATH}:/opt/ros/humble /usr/bin/cmake --build /home/tayya/cpp_pkg/build/cpp_package -- -j8 -l8
