[0.036s] Invoking command in '/home/tayya/cpp_pkg/build/cpp_package': CMAKE_PREFIX_PATH=${CMAKE_PREFIX_PATH}:/opt/ros/humble /usr/bin/cmake --build /home/tayya/cpp_pkg/build/cpp_package -- -j8 -l8
[0.177s] [35m[1mConsolidate compiler generated dependencies of target cpp_try2[0m
[0.188s] [  2%] Built target cpp_package__cpp
[0.215s] [  8%] Built target cpp_package__rosidl_generator_c
[0.243s] [ 12%] Built target cpp_try
[0.246s] [ 17%] Built target publisher
[0.249s] [ 21%] Built target service
[0.259s] [ 21%] Built target ament_cmake_python_copy_cpp_package
[0.265s] [ 23%] [32mBuilding CXX object CMakeFiles/cpp_try2.dir/src/cpp_try2.cpp.o[0m
[0.274s] [ 27%] Built target subscriber
[0.332s] [ 31%] Built target client
[0.343s] [ 38%] Built target cpp_package__rosidl_typesupport_cpp
[0.354s] [ 44%] Built target cpp_package__rosidl_typesupport_introspection_c
[0.369s] [ 51%] Built target cpp_package__rosidl_typesupport_c
[0.374s] [ 59%] Built target cpp_package__rosidl_typesupport_fastrtps_c
[0.376s] [ 63%] Built target cpp_package__rosidl_typesupport_fastrtps_cpp
[0.392s] [ 70%] Built target cpp_package__rosidl_typesupport_introspection_cpp
[0.473s] [ 74%] Built target service_class
[0.485s] [ 74%] Built target cpp_package
[0.488s] [ 78%] Built target client_class
[0.537s] [ 80%] Built target cpp_package__py
[0.596s] [ 85%] Built target cpp_package__rosidl_generator_py
[0.677s] [ 89%] Built target cpp_package__rosidl_typesupport_introspection_c__pyext
[0.683s] [ 93%] Built target cpp_package__rosidl_typesupport_c__pyext
[0.692s] [ 97%] Built target cpp_package__rosidl_typesupport_fastrtps_c__pyext
[1.172s] running egg_info
[1.175s] writing cpp_package.egg-info/PKG-INFO
[1.175s] writing dependency_links to cpp_package.egg-info/dependency_links.txt
[1.176s] writing top-level names to cpp_package.egg-info/top_level.txt
[1.182s] reading manifest file 'cpp_package.egg-info/SOURCES.txt'
[1.184s] writing manifest file 'cpp_package.egg-info/SOURCES.txt'
[1.256s] [ 97%] Built target ament_cmake_python_build_cpp_package_egg
[19.771s] [100%] [32m[1mLinking CXX executable cpp_try2[0m
[20.826s] [100%] Built target cpp_try2
[20.852s] Invoked command in '/home/tayya/cpp_pkg/build/cpp_package' returned '0': CMAKE_PREFIX_PATH=${CMAKE_PREFIX_PATH}:/opt/ros/humble /usr/bin/cmake --build /home/tayya/cpp_pkg/build/cpp_package -- -j8 -l8
[20.876s] Invoking command in '/home/tayya/cpp_pkg/build/cpp_package': CMAKE_PREFIX_PATH=${CMAKE_PREFIX_PATH}:/opt/ros/humble /usr/bin/cmake --install /home/tayya/cpp_pkg/build/cpp_package
[20.893s] -- Install configuration: ""
[20.894s] -- Up-to-date: /home/tayya/cpp_pkg/install/cpp_package/share/ament_index/resource_index/rosidl_interfaces/cpp_package
[20.894s] -- Up-to-date: /home/tayya/cpp_pkg/install/cpp_package/include/cpp_package/cpp_package
[20.894s] -- Up-to-date: /home/tayya/cpp_pkg/install/cpp_package/include/cpp_package/cpp_package/msg
[20.894s] -- Up-to-date: /home/tayya/cpp_pkg/install/cpp_package/include/cpp_package/cpp_package/msg/rosidl_generator_c__visibility_control.h
[20.895s] -- Up-to-date: /home/tayya/cpp_pkg/install/cpp_package/include/cpp_package/cpp_package/srv
[20.895s] -- Up-to-date: /home/tayya/cpp_pkg/install/cpp_package/include/cpp_package/cpp_package/srv/detail
[20.895s] -- Up-to-date: /home/tayya/cpp_pkg/install/cpp_package/include/cpp_package/cpp_package/srv/detail/say_name__functions.c
[20.895s] -- Up-to-date: /home/tayya/cpp_pkg/install/cpp_package/include/cpp_package/cpp_package/srv/detail/say_name__functions.h
[20.896s] -- Up-to-date: /home/tayya/cpp_pkg/install/cpp_package/include/cpp_package/cpp_package/srv/detail/capital_full_name__functions.h
[20.896s] -- Up-to-date: /home/tayya/cpp_pkg/install/cpp_package/include/cpp_package/cpp_package/srv/detail/say_name__struct.h
[20.896s] -- Up-to-date: /home/tayya/cpp_pkg/install/cpp_package/include/cpp_package/cpp_package/srv/detail/capital_full_name__struct.h
[20.896s] -- Up-to-date: /home/tayya/cpp_pkg/install/cpp_package/include/cpp_package/cpp_package/srv/detail/capital_full_name__functions.c
[20.896s] -- Up-to-date: /home/tayya/cpp_pkg/install/cpp_package/include/cpp_package/cpp_package/srv/detail/capital_full_name__type_support.h
[20.896s] -- Up-to-date: /home/tayya/cpp_pkg/install/cpp_package/include/cpp_package/cpp_package/srv/detail/say_name__type_support.h
[20.897s] -- Up-to-date: /home/tayya/cpp_pkg/install/cpp_package/include/cpp_package/cpp_package/srv/capital_full_name.h
[20.897s] -- Up-to-date: /home/tayya/cpp_pkg/install/cpp_package/include/cpp_package/cpp_package/srv/say_name.h
[20.897s] -- Up-to-date: /home/tayya/cpp_pkg/install/cpp_package/share/cpp_package/environment/library_path.sh
[20.897s] -- Up-to-date: /home/tayya/cpp_pkg/install/cpp_package/share/cpp_package/environment/library_path.dsv
[20.897s] -- Up-to-date: /home/tayya/cpp_pkg/install/cpp_package/lib/libcpp_package__rosidl_generator_c.so
[20.898s] -- Up-to-date: /home/tayya/cpp_pkg/install/cpp_package/include/cpp_package/cpp_package
[20.898s] -- Up-to-date: /home/tayya/cpp_pkg/install/cpp_package/include/cpp_package/cpp_package/msg
[20.898s] -- Up-to-date: /home/tayya/cpp_pkg/install/cpp_package/include/cpp_package/cpp_package/msg/rosidl_typesupport_fastrtps_c__visibility_control.h
[20.898s] -- Up-to-date: /home/tayya/cpp_pkg/install/cpp_package/include/cpp_package/cpp_package/srv
[20.898s] -- Up-to-date: /home/tayya/cpp_pkg/install/cpp_package/include/cpp_package/cpp_package/srv/detail
[20.898s] -- Up-to-date: /home/tayya/cpp_pkg/install/cpp_package/include/cpp_package/cpp_package/srv/detail/capital_full_name__rosidl_typesupport_fastrtps_c.h
[20.899s] -- Up-to-date: /home/tayya/cpp_pkg/install/cpp_package/include/cpp_package/cpp_package/srv/detail/say_name__rosidl_typesupport_fastrtps_c.h
[20.899s] -- Up-to-date: /home/tayya/cpp_pkg/install/cpp_package/lib/libcpp_package__rosidl_typesupport_fastrtps_c.so
[20.899s] -- Up-to-date: /home/tayya/cpp_pkg/install/cpp_package/include/cpp_package/cpp_package
[20.899s] -- Up-to-date: /home/tayya/cpp_pkg/install/cpp_package/include/cpp_package/cpp_package/msg
[20.899s] -- Up-to-date: /home/tayya/cpp_pkg/install/cpp_package/include/cpp_package/cpp_package/msg/rosidl_generator_cpp__visibility_control.hpp
[20.900s] -- Up-to-date: /home/tayya/cpp_pkg/install/cpp_package/include/cpp_package/cpp_package/srv
[20.900s] -- Up-to-date: /home/tayya/cpp_pkg/install/cpp_package/include/cpp_package/cpp_package/srv/say_name.hpp
[20.900s] -- Up-to-date: /home/tayya/cpp_pkg/install/cpp_package/include/cpp_package/cpp_package/srv/detail
[20.900s] -- Up-to-date: /home/tayya/cpp_pkg/install/cpp_package/include/cpp_package/cpp_package/srv/detail/say_name__type_support.hpp
[20.900s] -- Up-to-date: /home/tayya/cpp_pkg/install/cpp_package/include/cpp_package/cpp_package/srv/detail/say_name__builder.hpp
[20.901s] -- Up-to-date: /home/tayya/cpp_pkg/install/cpp_package/include/cpp_package/cpp_package/srv/detail/say_name__traits.hpp
[20.901s] -- Up-to-date: /home/tayya/cpp_pkg/install/cpp_package/include/cpp_package/cpp_package/srv/detail/say_name__struct.hpp
[20.901s] -- Up-to-date: /home/tayya/cpp_pkg/install/cpp_package/include/cpp_package/cpp_package/srv/detail/capital_full_name__builder.hpp
[20.901s] -- Up-to-date: /home/tayya/cpp_pkg/install/cpp_package/include/cpp_package/cpp_package/srv/detail/capital_full_name__struct.hpp
[20.901s] -- Up-to-date: /home/tayya/cpp_pkg/install/cpp_package/include/cpp_package/cpp_package/srv/detail/capital_full_name__traits.hpp
[20.901s] -- Up-to-date: /home/tayya/cpp_pkg/install/cpp_package/include/cpp_package/cpp_package/srv/detail/capital_full_name__type_support.hpp
[20.901s] -- Up-to-date: /home/tayya/cpp_pkg/install/cpp_package/include/cpp_package/cpp_package/srv/capital_full_name.hpp
[20.902s] -- Up-to-date: /home/tayya/cpp_pkg/install/cpp_package/include/cpp_package/cpp_package
[20.902s] -- Up-to-date: /home/tayya/cpp_pkg/install/cpp_package/include/cpp_package/cpp_package/msg
[20.902s] -- Up-to-date: /home/tayya/cpp_pkg/install/cpp_package/include/cpp_package/cpp_package/msg/rosidl_typesupport_fastrtps_cpp__visibility_control.h
[20.902s] -- Up-to-date: /home/tayya/cpp_pkg/install/cpp_package/include/cpp_package/cpp_package/srv
[20.902s] -- Up-to-date: /home/tayya/cpp_pkg/install/cpp_package/include/cpp_package/cpp_package/srv/detail
[20.903s] -- Up-to-date: /home/tayya/cpp_pkg/install/cpp_package/include/cpp_package/cpp_package/srv/detail/say_name__rosidl_typesupport_fastrtps_cpp.hpp
[20.903s] -- Up-to-date: /home/tayya/cpp_pkg/install/cpp_package/include/cpp_package/cpp_package/srv/detail/capital_full_name__rosidl_typesupport_fastrtps_cpp.hpp
[20.903s] -- Up-to-date: /home/tayya/cpp_pkg/install/cpp_package/include/cpp_package/cpp_package/srv/detail/dds_fastrtps
[20.903s] -- Up-to-date: /home/tayya/cpp_pkg/install/cpp_package/lib/libcpp_package__rosidl_typesupport_fastrtps_cpp.so
[20.903s] -- Up-to-date: /home/tayya/cpp_pkg/install/cpp_package/include/cpp_package/cpp_package
[20.903s] -- Up-to-date: /home/tayya/cpp_pkg/install/cpp_package/include/cpp_package/cpp_package/msg
[20.903s] -- Up-to-date: /home/tayya/cpp_pkg/install/cpp_package/include/cpp_package/cpp_package/msg/rosidl_typesupport_introspection_c__visibility_control.h
[20.904s] -- Up-to-date: /home/tayya/cpp_pkg/install/cpp_package/include/cpp_package/cpp_package/srv
[20.904s] -- Up-to-date: /home/tayya/cpp_pkg/install/cpp_package/include/cpp_package/cpp_package/srv/detail
[20.904s] -- Up-to-date: /home/tayya/cpp_pkg/install/cpp_package/include/cpp_package/cpp_package/srv/detail/capital_full_name__rosidl_typesupport_introspection_c.h
[20.904s] -- Up-to-date: /home/tayya/cpp_pkg/install/cpp_package/include/cpp_package/cpp_package/srv/detail/say_name__type_support.c
[20.904s] -- Up-to-date: /home/tayya/cpp_pkg/install/cpp_package/include/cpp_package/cpp_package/srv/detail/say_name__rosidl_typesupport_introspection_c.h
[20.904s] -- Up-to-date: /home/tayya/cpp_pkg/install/cpp_package/include/cpp_package/cpp_package/srv/detail/capital_full_name__type_support.c
[20.904s] -- Up-to-date: /home/tayya/cpp_pkg/install/cpp_package/lib/libcpp_package__rosidl_typesupport_introspection_c.so
[20.905s] -- Up-to-date: /home/tayya/cpp_pkg/install/cpp_package/lib/libcpp_package__rosidl_typesupport_c.so
[20.905s] -- Up-to-date: /home/tayya/cpp_pkg/install/cpp_package/include/cpp_package/cpp_package
[20.905s] -- Up-to-date: /home/tayya/cpp_pkg/install/cpp_package/include/cpp_package/cpp_package/srv
[20.905s] -- Up-to-date: /home/tayya/cpp_pkg/install/cpp_package/include/cpp_package/cpp_package/srv/detail
[20.905s] -- Up-to-date: /home/tayya/cpp_pkg/install/cpp_package/include/cpp_package/cpp_package/srv/detail/say_name__rosidl_typesupport_introspection_cpp.hpp
[20.906s] -- Up-to-date: /home/tayya/cpp_pkg/install/cpp_package/include/cpp_package/cpp_package/srv/detail/say_name__type_support.cpp
[20.906s] -- Up-to-date: /home/tayya/cpp_pkg/install/cpp_package/include/cpp_package/cpp_package/srv/detail/capital_full_name__rosidl_typesupport_introspection_cpp.hpp
[20.906s] -- Up-to-date: /home/tayya/cpp_pkg/install/cpp_package/include/cpp_package/cpp_package/srv/detail/capital_full_name__type_support.cpp
[20.906s] -- Up-to-date: /home/tayya/cpp_pkg/install/cpp_package/lib/libcpp_package__rosidl_typesupport_introspection_cpp.so
[20.906s] -- Up-to-date: /home/tayya/cpp_pkg/install/cpp_package/lib/libcpp_package__rosidl_typesupport_cpp.so
[20.907s] -- Up-to-date: /home/tayya/cpp_pkg/install/cpp_package/share/cpp_package/environment/pythonpath.sh
[20.907s] -- Up-to-date: /home/tayya/cpp_pkg/install/cpp_package/share/cpp_package/environment/pythonpath.dsv
[20.907s] -- Up-to-date: /home/tayya/cpp_pkg/install/cpp_package/local/lib/python3.10/dist-packages/cpp_package-0.0.0-py3.10.egg-info
[20.907s] -- Installing: /home/tayya/cpp_pkg/install/cpp_package/local/lib/python3.10/dist-packages/cpp_package-0.0.0-py3.10.egg-info/top_level.txt
[20.907s] -- Installing: /home/tayya/cpp_pkg/install/cpp_package/local/lib/python3.10/dist-packages/cpp_package-0.0.0-py3.10.egg-info/SOURCES.txt
[20.908s] -- Installing: /home/tayya/cpp_pkg/install/cpp_package/local/lib/python3.10/dist-packages/cpp_package-0.0.0-py3.10.egg-info/PKG-INFO
[20.908s] -- Installing: /home/tayya/cpp_pkg/install/cpp_package/local/lib/python3.10/dist-packages/cpp_package-0.0.0-py3.10.egg-info/dependency_links.txt
[20.909s] -- Up-to-date: /home/tayya/cpp_pkg/install/cpp_package/local/lib/python3.10/dist-packages/cpp_package
[20.910s] -- Up-to-date: /home/tayya/cpp_pkg/install/cpp_package/local/lib/python3.10/dist-packages/cpp_package/__init__.py
[20.910s] -- Up-to-date: /home/tayya/cpp_pkg/install/cpp_package/local/lib/python3.10/dist-packages/cpp_package/_cpp_package_s.ep.rosidl_typesupport_fastrtps_c.c
[20.911s] -- Up-to-date: /home/tayya/cpp_pkg/install/cpp_package/local/lib/python3.10/dist-packages/cpp_package/_cpp_package_s.ep.rosidl_typesupport_introspection_c.c
[20.911s] -- Up-to-date: /home/tayya/cpp_pkg/install/cpp_package/local/lib/python3.10/dist-packages/cpp_package/cpp_package_s__rosidl_typesupport_c.cpython-310-x86_64-linux-gnu.so
[20.911s] -- Up-to-date: /home/tayya/cpp_pkg/install/cpp_package/local/lib/python3.10/dist-packages/cpp_package/cpp_package_s__rosidl_typesupport_introspection_c.cpython-310-x86_64-linux-gnu.so
[20.911s] -- Up-to-date: /home/tayya/cpp_pkg/install/cpp_package/local/lib/python3.10/dist-packages/cpp_package/_cpp_package_s.ep.rosidl_typesupport_c.c
[20.911s] -- Up-to-date: /home/tayya/cpp_pkg/install/cpp_package/local/lib/python3.10/dist-packages/cpp_package/libcpp_package__rosidl_generator_py.so
[20.911s] -- Up-to-date: /home/tayya/cpp_pkg/install/cpp_package/local/lib/python3.10/dist-packages/cpp_package/cpp_package_s__rosidl_typesupport_fastrtps_c.cpython-310-x86_64-linux-gnu.so
[20.911s] -- Up-to-date: /home/tayya/cpp_pkg/install/cpp_package/local/lib/python3.10/dist-packages/cpp_package/srv
[20.912s] -- Up-to-date: /home/tayya/cpp_pkg/install/cpp_package/local/lib/python3.10/dist-packages/cpp_package/srv/_say_name.py
[20.912s] -- Up-to-date: /home/tayya/cpp_pkg/install/cpp_package/local/lib/python3.10/dist-packages/cpp_package/srv/_capital_full_name_s.c
[20.912s] -- Up-to-date: /home/tayya/cpp_pkg/install/cpp_package/local/lib/python3.10/dist-packages/cpp_package/srv/__init__.py
[20.912s] -- Up-to-date: /home/tayya/cpp_pkg/install/cpp_package/local/lib/python3.10/dist-packages/cpp_package/srv/_capital_full_name.py
[20.912s] -- Up-to-date: /home/tayya/cpp_pkg/install/cpp_package/local/lib/python3.10/dist-packages/cpp_package/srv/_say_name_s.c
[20.990s] Listing '/home/tayya/cpp_pkg/install/cpp_package/local/lib/python3.10/dist-packages/cpp_package'...
[20.990s] Listing '/home/tayya/cpp_pkg/install/cpp_package/local/lib/python3.10/dist-packages/cpp_package/srv'...
[21.001s] -- Up-to-date: /home/tayya/cpp_pkg/install/cpp_package/local/lib/python3.10/dist-packages/cpp_package/cpp_package_s__rosidl_typesupport_fastrtps_c.cpython-310-x86_64-linux-gnu.so
[21.002s] -- Up-to-date: /home/tayya/cpp_pkg/install/cpp_package/local/lib/python3.10/dist-packages/cpp_package/cpp_package_s__rosidl_typesupport_introspection_c.cpython-310-x86_64-linux-gnu.so
[21.002s] -- Up-to-date: /home/tayya/cpp_pkg/install/cpp_package/local/lib/python3.10/dist-packages/cpp_package/cpp_package_s__rosidl_typesupport_c.cpython-310-x86_64-linux-gnu.so
[21.003s] -- Up-to-date: /home/tayya/cpp_pkg/install/cpp_package/lib/libcpp_package__rosidl_generator_py.so
[21.003s] -- Up-to-date: /home/tayya/cpp_pkg/install/cpp_package/share/cpp_package/srv/CapitalFullName.idl
[21.004s] -- Up-to-date: /home/tayya/cpp_pkg/install/cpp_package/share/cpp_package/srv/CapitalFullName.srv
[21.004s] -- Up-to-date: /home/tayya/cpp_pkg/install/cpp_package/share/cpp_package/srv/CapitalFullName_Request.msg
[21.004s] -- Up-to-date: /home/tayya/cpp_pkg/install/cpp_package/share/cpp_package/srv/CapitalFullName_Response.msg
[21.004s] -- Up-to-date: /home/tayya/cpp_pkg/install/cpp_package/lib/cpp_package/cpp_try
[21.005s] -- Installing: /home/tayya/cpp_pkg/install/cpp_package/lib/cpp_package/cpp_try2
[21.018s] -- Set runtime path of "/home/tayya/cpp_pkg/install/cpp_package/lib/cpp_package/cpp_try2" to ""
[21.018s] -- Up-to-date: /home/tayya/cpp_pkg/install/cpp_package/lib/cpp_package/subscriber
[21.018s] -- Up-to-date: /home/tayya/cpp_pkg/install/cpp_package/lib/cpp_package/publisher
[21.019s] -- Up-to-date: /home/tayya/cpp_pkg/install/cpp_package/lib/cpp_package/service
[21.020s] -- Up-to-date: /home/tayya/cpp_pkg/install/cpp_package/lib/cpp_package/client
[21.020s] -- Up-to-date: /home/tayya/cpp_pkg/install/cpp_package/lib/cpp_package/service_class
[21.021s] -- Up-to-date: /home/tayya/cpp_pkg/install/cpp_package/lib/cpp_package/client_class
[21.021s] -- Up-to-date: /home/tayya/cpp_pkg/install/cpp_package/share/ament_index/resource_index/package_run_dependencies/cpp_package
[21.022s] -- Up-to-date: /home/tayya/cpp_pkg/install/cpp_package/share/ament_index/resource_index/parent_prefix_path/cpp_package
[21.022s] -- Up-to-date: /home/tayya/cpp_pkg/install/cpp_package/share/cpp_package/environment/ament_prefix_path.sh
[21.025s] -- Up-to-date: /home/tayya/cpp_pkg/install/cpp_package/share/cpp_package/environment/ament_prefix_path.dsv
[21.025s] -- Up-to-date: /home/tayya/cpp_pkg/install/cpp_package/share/cpp_package/environment/path.sh
[21.025s] -- Up-to-date: /home/tayya/cpp_pkg/install/cpp_package/share/cpp_package/environment/path.dsv
[21.026s] -- Up-to-date: /home/tayya/cpp_pkg/install/cpp_package/share/cpp_package/local_setup.bash
[21.026s] -- Up-to-date: /home/tayya/cpp_pkg/install/cpp_package/share/cpp_package/local_setup.sh
[21.026s] -- Up-to-date: /home/tayya/cpp_pkg/install/cpp_package/share/cpp_package/local_setup.zsh
[21.026s] -- Up-to-date: /home/tayya/cpp_pkg/install/cpp_package/share/cpp_package/local_setup.dsv
[21.027s] -- Installing: /home/tayya/cpp_pkg/install/cpp_package/share/cpp_package/package.dsv
[21.027s] -- Up-to-date: /home/tayya/cpp_pkg/install/cpp_package/share/ament_index/resource_index/packages/cpp_package
[21.027s] -- Up-to-date: /home/tayya/cpp_pkg/install/cpp_package/share/cpp_package/cmake/export_cpp_package__rosidl_generator_cExport.cmake
[21.028s] -- Up-to-date: /home/tayya/cpp_pkg/install/cpp_package/share/cpp_package/cmake/export_cpp_package__rosidl_generator_cExport-noconfig.cmake
[21.028s] -- Up-to-date: /home/tayya/cpp_pkg/install/cpp_package/share/cpp_package/cmake/export_cpp_package__rosidl_typesupport_fastrtps_cExport.cmake
[21.028s] -- Up-to-date: /home/tayya/cpp_pkg/install/cpp_package/share/cpp_package/cmake/export_cpp_package__rosidl_typesupport_fastrtps_cExport-noconfig.cmake
[21.032s] -- Up-to-date: /home/tayya/cpp_pkg/install/cpp_package/share/cpp_package/cmake/export_cpp_package__rosidl_generator_cppExport.cmake
[21.033s] -- Up-to-date: /home/tayya/cpp_pkg/install/cpp_package/share/cpp_package/cmake/export_cpp_package__rosidl_typesupport_fastrtps_cppExport.cmake
[21.033s] -- Up-to-date: /home/tayya/cpp_pkg/install/cpp_package/share/cpp_package/cmake/export_cpp_package__rosidl_typesupport_fastrtps_cppExport-noconfig.cmake
[21.035s] -- Up-to-date: /home/tayya/cpp_pkg/install/cpp_package/share/cpp_package/cmake/cpp_package__rosidl_typesupport_introspection_cExport.cmake
[21.036s] -- Up-to-date: /home/tayya/cpp_pkg/install/cpp_package/share/cpp_package/cmake/cpp_package__rosidl_typesupport_introspection_cExport-noconfig.cmake
[21.036s] -- Up-to-date: /home/tayya/cpp_pkg/install/cpp_package/share/cpp_package/cmake/cpp_package__rosidl_typesupport_cExport.cmake
[21.036s] -- Up-to-date: /home/tayya/cpp_pkg/install/cpp_package/share/cpp_package/cmake/cpp_package__rosidl_typesupport_cExport-noconfig.cmake
[21.036s] -- Up-to-date: /home/tayya/cpp_pkg/install/cpp_package/share/cpp_package/cmake/cpp_package__rosidl_typesupport_introspection_cppExport.cmake
[21.037s] -- Up-to-date: /home/tayya/cpp_pkg/install/cpp_package/share/cpp_package/cmake/cpp_package__rosidl_typesupport_introspection_cppExport-noconfig.cmake
[21.037s] -- Up-to-date: /home/tayya/cpp_pkg/install/cpp_package/share/cpp_package/cmake/cpp_package__rosidl_typesupport_cppExport.cmake
[21.037s] -- Up-to-date: /home/tayya/cpp_pkg/install/cpp_package/share/cpp_package/cmake/cpp_package__rosidl_typesupport_cppExport-noconfig.cmake
[21.038s] -- Up-to-date: /home/tayya/cpp_pkg/install/cpp_package/share/cpp_package/cmake/export_cpp_package__rosidl_generator_pyExport.cmake
[21.038s] -- Up-to-date: /home/tayya/cpp_pkg/install/cpp_package/share/cpp_package/cmake/export_cpp_package__rosidl_generator_pyExport-noconfig.cmake
[21.039s] -- Up-to-date: /home/tayya/cpp_pkg/install/cpp_package/share/cpp_package/cmake/rosidl_cmake-extras.cmake
[21.040s] -- Up-to-date: /home/tayya/cpp_pkg/install/cpp_package/share/cpp_package/cmake/ament_cmake_export_dependencies-extras.cmake
[21.040s] -- Up-to-date: /home/tayya/cpp_pkg/install/cpp_package/share/cpp_package/cmake/ament_cmake_export_include_directories-extras.cmake
[21.040s] -- Up-to-date: /home/tayya/cpp_pkg/install/cpp_package/share/cpp_package/cmake/ament_cmake_export_libraries-extras.cmake
[21.041s] -- Up-to-date: /home/tayya/cpp_pkg/install/cpp_package/share/cpp_package/cmake/ament_cmake_export_targets-extras.cmake
[21.041s] -- Up-to-date: /home/tayya/cpp_pkg/install/cpp_package/share/cpp_package/cmake/rosidl_cmake_export_typesupport_targets-extras.cmake
[21.042s] -- Up-to-date: /home/tayya/cpp_pkg/install/cpp_package/share/cpp_package/cmake/rosidl_cmake_export_typesupport_libraries-extras.cmake
[21.042s] -- Up-to-date: /home/tayya/cpp_pkg/install/cpp_package/share/cpp_package/cmake/cpp_packageConfig.cmake
[21.042s] -- Up-to-date: /home/tayya/cpp_pkg/install/cpp_package/share/cpp_package/cmake/cpp_packageConfig-version.cmake
[21.042s] -- Up-to-date: /home/tayya/cpp_pkg/install/cpp_package/share/cpp_package/package.xml
[21.043s] Invoked command in '/home/tayya/cpp_pkg/build/cpp_package' returned '0': CMAKE_PREFIX_PATH=${CMAKE_PREFIX_PATH}:/opt/ros/humble /usr/bin/cmake --install /home/tayya/cpp_pkg/build/cpp_package
