[0.082s] Invoking command in '/home/tayya/cpp_pkg/build/cpp_package': CMAKE_PREFIX_PATH=${CMAKE_PREFIX_PATH}:/opt/ros/humble /usr/bin/cmake --build /home/tayya/cpp_pkg/build/cpp_package -- -j8 -l8
[0.149s] -- Found ament_cmake: 1.3.11 (/opt/ros/humble/share/ament_cmake/cmake)
[0.453s] -- Found rclcpp: 16.0.11 (/opt/ros/humble/share/rclcpp/cmake)
[0.520s] -- Found rosidl_generator_c: 3.1.6 (/opt/ros/humble/share/rosidl_generator_c/cmake)
[0.527s] -- Found rosidl_adapter: 3.1.6 (/opt/ros/humble/share/rosidl_adapter/cmake)
[0.542s] -- Found rosidl_generator_cpp: 3.1.6 (/opt/ros/humble/share/rosidl_generator_cpp/cmake)
[0.565s] -- Using all available rosidl_typesupport_c: rosidl_typesupport_fastrtps_c;rosidl_typesupport_introspection_c
[0.594s] -- Using all available rosidl_typesupport_cpp: rosidl_typesupport_fastrtps_cpp;rosidl_typesupport_introspection_cpp
[0.671s] -- Found rmw_implementation_cmake: 6.1.2 (/opt/ros/humble/share/rmw_implementation_cmake/cmake)
[0.675s] -- Found rmw_fastrtps_cpp: 6.2.7 (/opt/ros/humble/share/rmw_fastrtps_cpp/cmake)
[0.899s] -- Using RMW implementation 'rmw_fastrtps_cpp' as default
[1.006s] -- Found example_interfaces: 0.9.3 (/opt/ros/humble/share/example_interfaces/cmake)
[1.087s] -- Found rosidl_default_generators: 1.2.0 (/opt/ros/humble/share/rosidl_default_generators/cmake)
[1.675s] -- Found ament_cmake_ros: 0.10.0 (/opt/ros/humble/share/ament_cmake_ros/cmake)
[2.436s] -- Using all available rosidl_typesupport_c: rosidl_typesupport_fastrtps_c;rosidl_typesupport_introspection_c
[2.735s] -- Using all available rosidl_typesupport_cpp: rosidl_typesupport_fastrtps_cpp;rosidl_typesupport_introspection_cpp
[2.783s] -- Found python_cmake_module: 0.10.0 (/opt/ros/humble/share/python_cmake_module/cmake)
[2.833s] -- Using PYTHON_EXECUTABLE: /usr/bin/python3
[2.833s] -- Using PYTHON_INCLUDE_DIRS: /usr/include/python3.10
[2.833s] -- Using PYTHON_LIBRARIES: /usr/lib/x86_64-linux-gnu/libpython3.10.so
[2.905s] -- Found ament_lint_auto: 0.12.11 (/opt/ros/humble/share/ament_lint_auto/cmake)
[2.922s] -- Added test 'copyright' to check source files copyright and LICENSE
[2.924s] -- Added test 'cppcheck' to perform static code analysis on C / C++ code
[2.926s] -- Configured cppcheck include dirs: $<BUILD_INTERFACE:/home/tayya/cpp_pkg/src/cpp_package/include>
[2.926s] -- Configured cppcheck exclude dirs and/or files: 
[2.928s] -- Added test 'cpplint' to check C / C++ code against the Google style
[2.928s] -- Configured cpplint exclude dirs and/or files: 
[2.929s] -- Added test 'lint_cmake' to check CMake code style
[2.931s] -- Added test 'uncrustify' to check C / C++ code style
[2.931s] -- Configured uncrustify additional arguments: 
[2.931s] -- Added test 'xmllint' to check XML markup files
[2.935s] -- Configuring done
[3.058s] -- Generating done
[3.116s] -- Build files have been written to: /home/tayya/cpp_pkg/build/cpp_package
[3.183s] [35m[1mConsolidate compiler generated dependencies of target cpp_package__rosidl_generator_c[0m
[3.184s] [35m[1mConsolidate compiler generated dependencies of target cpp_try2[0m
[3.184s] [35m[1mConsolidate compiler generated dependencies of target publisher[0m
[3.184s] [35m[1mConsolidate compiler generated dependencies of target subscriber[0m
[3.184s] [35m[1mConsolidate compiler generated dependencies of target service[0m
[3.185s] [35m[1mConsolidate compiler generated dependencies of target cpp_try[0m
[3.216s] [  2%] [32mBuilding C object CMakeFiles/cpp_package__rosidl_generator_c.dir/rosidl_generator_c/cpp_package/srv/detail/capital_full_name__functions.c.o[0m
[3.216s] [  4%] Built target cpp_package__cpp
[3.242s] [  8%] Built target cpp_try2
[3.250s] [ 12%] Built target publisher
[3.250s] [ 12%] Built target ament_cmake_python_copy_cpp_package
[3.250s] [ 17%] Built target subscriber
[3.251s] [ 21%] Built target cpp_try
[3.251s] [ 25%] Built target service
[3.264s] [35m[1mConsolidate compiler generated dependencies of target client[0m
[3.266s] [35m[1mConsolidate compiler generated dependencies of target service_class[0m
[3.283s] [35m[1mConsolidate compiler generated dependencies of target client_class[0m
[3.285s] [35m[1mConsolidate compiler generated dependencies of target cpp_package__rosidl_typesupport_introspection_cpp[0m
[3.293s] [35m[1mConsolidate compiler generated dependencies of target cpp_package__rosidl_typesupport_fastrtps_cpp[0m
[3.298s] [ 27%] [32mBuilding CXX object CMakeFiles/service_class.dir/src/service_class.cpp.o[0m
[3.302s] [35m[1mConsolidate compiler generated dependencies of target cpp_package__rosidl_typesupport_cpp[0m
[3.317s] [ 29%] [32m[1mLinking CXX executable client_class[0m
[3.330s] [ 31%] [32mBuilding CXX object CMakeFiles/cpp_package__rosidl_typesupport_introspection_cpp.dir/rosidl_typesupport_introspection_cpp/cpp_package/srv/detail/capital_full_name__type_support.cpp.o[0m
[3.336s] [ 36%] Built target client
[3.353s] [ 38%] [32mBuilding CXX object CMakeFiles/cpp_package__rosidl_typesupport_cpp.dir/rosidl_typesupport_cpp/cpp_package/srv/capital_full_name__type_support.cpp.o[0m
[3.353s] [ 40%] [32mBuilding CXX object CMakeFiles/cpp_package__rosidl_typesupport_fastrtps_cpp.dir/rosidl_typesupport_fastrtps_cpp/cpp_package/srv/detail/dds_fastrtps/capital_full_name__type_support.cpp.o[0m
[3.448s] [ 42%] [32m[1mLinking C shared library libcpp_package__rosidl_generator_c.so[0m
[3.595s] /usr/bin/ld: /usr/lib/gcc/x86_64-linux-gnu/11/../../../x86_64-linux-gnu/Scrt1.o: in function `_start':
[3.596s] (.text+0x1b): undefined reference to `main'
[3.602s] collect2: error: ld returned 1 exit status
[3.606s] gmake[2]: *** [CMakeFiles/client_class.dir/build.make:183: client_class] Error 1
[3.607s] gmake[1]: *** [CMakeFiles/Makefile2:788: CMakeFiles/client_class.dir/all] Error 2
[3.607s] gmake[1]: *** Waiting for unfinished jobs....
[3.669s] [ 44%] Built target cpp_package__rosidl_generator_c
[4.151s] [01m[K/home/tayya/cpp_pkg/src/cpp_package/src/service_class.cpp:2:10:[m[K [01;31m[Kfatal error: [m[Kcustom_msg_and_srv/srv/capital_full_name.hpp: No such file or directory
[4.151s]     2 | #include [01;31m[K"custom_msg_and_srv/srv/capital_full_name.hpp"[m[K
[4.151s]       |          [01;31m[K^~~~~~~~~~~~~~~~~~~~~~~~~~~~~~~~~~~~~~~~~~~~~~[m[K
[4.152s] compilation terminated.
[4.167s] gmake[2]: *** [CMakeFiles/service_class.dir/build.make:76: CMakeFiles/service_class.dir/src/service_class.cpp.o] Error 1
[4.168s] gmake[1]: *** [CMakeFiles/Makefile2:762: CMakeFiles/service_class.dir/all] Error 2
[4.241s] running egg_info
[4.244s] writing cpp_package.egg-info/PKG-INFO
[4.244s] writing dependency_links to cpp_package.egg-info/dependency_links.txt
[4.245s] writing top-level names to cpp_package.egg-info/top_level.txt
[4.252s] reading manifest file 'cpp_package.egg-info/SOURCES.txt'
[4.254s] writing manifest file 'cpp_package.egg-info/SOURCES.txt'
[4.317s] [ 44%] Built target ament_cmake_python_build_cpp_package_egg
[4.398s] [ 46%] [32m[1mLinking CXX shared library libcpp_package__rosidl_typesupport_introspection_cpp.so[0m
[4.417s] [ 48%] [32m[1mLinking CXX shared library libcpp_package__rosidl_typesupport_cpp.so[0m
[4.499s] [ 51%] [32m[1mLinking CXX shared library libcpp_package__rosidl_typesupport_fastrtps_cpp.so[0m
[4.505s] [ 53%] Built target cpp_package__rosidl_typesupport_cpp
[4.534s] [ 55%] Built target cpp_package__rosidl_typesupport_introspection_cpp
[4.647s] [ 57%] Built target cpp_package__rosidl_typesupport_fastrtps_cpp
[4.650s] gmake: *** [Makefile:146: all] Error 2
[4.654s] Invoked command in '/home/tayya/cpp_pkg/build/cpp_package' returned '2': CMAKE_PREFIX_PATH=${CMAKE_PREFIX_PATH}:/opt/ros/humble /usr/bin/cmake --build /home/tayya/cpp_pkg/build/cpp_package -- -j8 -l8
