[0.245s] DEBUG:colcon:Command line arguments: ['/usr/bin/colcon', 'build']
[0.245s] DEBUG:colcon:Parsed command line arguments: Namespace(log_base=None, log_level=None, verb_name='build', build_base='build', install_base='install', merge_install=False, symlink_install=False, test_result_base=None, continue_on_error=False, executor='parallel', parallel_workers=8, event_handlers=None, ignore_user_meta=False, metas=['./colcon.meta'], base_paths=['.'], packages_ignore=None, packages_ignore_regex=None, paths=None, packages_up_to=None, packages_up_to_regex=None, packages_above=None, packages_above_and_dependencies=None, packages_above_depth=None, packages_select_by_dep=None, packages_skip_by_dep=None, packages_skip_up_to=None, packages_select_build_failed=False, packages_skip_build_finished=False, packages_select_test_failures=False, packages_skip_test_passed=False, packages_select=None, packages_skip=None, packages_select_regex=None, packages_skip_regex=None, packages_start=None, packages_end=None, allow_overriding=[], cmake_args=None, cmake_target=None, cmake_target_skip_unavailable=False, cmake_clean_cache=False, cmake_clean_first=False, cmake_force_configure=False, ament_cmake_args=None, catkin_cmake_args=None, catkin_skip_building_tests=False, mixin_files=None, mixin=None, verb_parser=<colcon_mixin.mixin.mixin_argument.MixinArgumentDecorator object at 0x7e06c232e2f0>, verb_extension=<colcon_core.verb.build.BuildVerb object at 0x7e06c232ddb0>, main=<bound method BuildVerb.main of <colcon_core.verb.build.BuildVerb object at 0x7e06c232ddb0>>, mixin_verb=('build',))
[0.779s] Level 1:colcon.colcon_core.package_discovery:discover_packages(colcon_meta) check parameters
[0.779s] Level 1:colcon.colcon_core.package_discovery:discover_packages(recursive) check parameters
[0.779s] Level 1:colcon.colcon_core.package_discovery:discover_packages(ignore) check parameters
[0.779s] Level 1:colcon.colcon_core.package_discovery:discover_packages(path) check parameters
[0.780s] Level 1:colcon.colcon_core.package_discovery:discover_packages(colcon_meta) discover
[0.780s] Level 1:colcon.colcon_core.package_discovery:discover_packages(recursive) discover
[0.780s] INFO:colcon.colcon_core.package_discovery:Crawling recursively for packages in '/home/tayya/cpp_pkg'
[0.780s] Level 1:colcon.colcon_core.package_identification:_identify(.) by extensions ['ignore', 'ignore_ament_install']
[0.780s] Level 1:colcon.colcon_core.package_identification:_identify(.) by extension 'ignore'
[0.780s] Level 1:colcon.colcon_core.package_identification:_identify(.) by extension 'ignore_ament_install'
[0.781s] Level 1:colcon.colcon_core.package_identification:_identify(.) by extensions ['colcon_pkg']
[0.781s] Level 1:colcon.colcon_core.package_identification:_identify(.) by extension 'colcon_pkg'
[0.781s] Level 1:colcon.colcon_core.package_identification:_identify(.) by extensions ['colcon_meta']
[0.781s] Level 1:colcon.colcon_core.package_identification:_identify(.) by extension 'colcon_meta'
[0.781s] Level 1:colcon.colcon_core.package_identification:_identify(.) by extensions ['ros']
[0.781s] Level 1:colcon.colcon_core.package_identification:_identify(.) by extension 'ros'
[0.808s] Level 1:colcon.colcon_core.package_identification:_identify(.) by extensions ['cmake', 'python']
[0.808s] Level 1:colcon.colcon_core.package_identification:_identify(.) by extension 'cmake'
[0.808s] Level 1:colcon.colcon_core.package_identification:_identify(.) by extension 'python'
[0.808s] Level 1:colcon.colcon_core.package_identification:_identify(.) by extensions ['python_setup_py']
[0.808s] Level 1:colcon.colcon_core.package_identification:_identify(.) by extension 'python_setup_py'
[0.809s] Level 1:colcon.colcon_core.package_identification:_identify(build) by extensions ['ignore', 'ignore_ament_install']
[0.809s] Level 1:colcon.colcon_core.package_identification:_identify(build) by extension 'ignore'
[0.809s] Level 1:colcon.colcon_core.package_identification:_identify(build) ignored
[0.810s] Level 1:colcon.colcon_core.package_identification:_identify(install) by extensions ['ignore', 'ignore_ament_install']
[0.810s] Level 1:colcon.colcon_core.package_identification:_identify(install) by extension 'ignore'
[0.810s] Level 1:colcon.colcon_core.package_identification:_identify(install) ignored
[0.811s] Level 1:colcon.colcon_core.package_identification:_identify(log) by extensions ['ignore', 'ignore_ament_install']
[0.811s] Level 1:colcon.colcon_core.package_identification:_identify(log) by extension 'ignore'
[0.811s] Level 1:colcon.colcon_core.package_identification:_identify(log) ignored
[0.811s] Level 1:colcon.colcon_core.package_identification:_identify(src) by extensions ['ignore', 'ignore_ament_install']
[0.811s] Level 1:colcon.colcon_core.package_identification:_identify(src) by extension 'ignore'
[0.812s] Level 1:colcon.colcon_core.package_identification:_identify(src) by extension 'ignore_ament_install'
[0.812s] Level 1:colcon.colcon_core.package_identification:_identify(src) by extensions ['colcon_pkg']
[0.812s] Level 1:colcon.colcon_core.package_identification:_identify(src) by extension 'colcon_pkg'
[0.812s] Level 1:colcon.colcon_core.package_identification:_identify(src) by extensions ['colcon_meta']
[0.812s] Level 1:colcon.colcon_core.package_identification:_identify(src) by extension 'colcon_meta'
[0.812s] Level 1:colcon.colcon_core.package_identification:_identify(src) by extensions ['ros']
[0.812s] Level 1:colcon.colcon_core.package_identification:_identify(src) by extension 'ros'
[0.813s] Level 1:colcon.colcon_core.package_identification:_identify(src) by extensions ['cmake', 'python']
[0.813s] Level 1:colcon.colcon_core.package_identification:_identify(src) by extension 'cmake'
[0.813s] Level 1:colcon.colcon_core.package_identification:_identify(src) by extension 'python'
[0.813s] Level 1:colcon.colcon_core.package_identification:_identify(src) by extensions ['python_setup_py']
[0.813s] Level 1:colcon.colcon_core.package_identification:_identify(src) by extension 'python_setup_py'
[0.813s] Level 1:colcon.colcon_core.package_identification:_identify(src/cpp_package) by extensions ['ignore', 'ignore_ament_install']
[0.814s] Level 1:colcon.colcon_core.package_identification:_identify(src/cpp_package) by extension 'ignore'
[0.814s] Level 1:colcon.colcon_core.package_identification:_identify(src/cpp_package) by extension 'ignore_ament_install'
[0.814s] Level 1:colcon.colcon_core.package_identification:_identify(src/cpp_package) by extensions ['colcon_pkg']
[0.814s] Level 1:colcon.colcon_core.package_identification:_identify(src/cpp_package) by extension 'colcon_pkg'
[0.814s] Level 1:colcon.colcon_core.package_identification:_identify(src/cpp_package) by extensions ['colcon_meta']
[0.814s] Level 1:colcon.colcon_core.package_identification:_identify(src/cpp_package) by extension 'colcon_meta'
[0.814s] Level 1:colcon.colcon_core.package_identification:_identify(src/cpp_package) by extensions ['ros']
[0.815s] Level 1:colcon.colcon_core.package_identification:_identify(src/cpp_package) by extension 'ros'
[0.821s] DEBUG:colcon.colcon_core.package_identification:Package 'src/cpp_package' with type 'ros.ament_cmake' and name 'cpp_package'
[0.821s] Level 1:colcon.colcon_core.package_discovery:discover_packages(recursive) using defaults
[0.821s] Level 1:colcon.colcon_core.package_discovery:discover_packages(ignore) discover
[0.821s] Level 1:colcon.colcon_core.package_discovery:discover_packages(ignore) using defaults
[0.821s] Level 1:colcon.colcon_core.package_discovery:discover_packages(path) discover
[0.822s] Level 1:colcon.colcon_core.package_discovery:discover_packages(path) using defaults
[0.908s] Level 1:colcon.colcon_core.package_discovery:discover_packages(prefix_path) check parameters
[0.908s] Level 1:colcon.colcon_core.package_discovery:discover_packages(prefix_path) discover
[0.913s] DEBUG:colcon.colcon_installed_package_information.package_discovery:Found 1 installed packages in /home/tayya/cpp_pkg/install
[0.914s] DEBUG:colcon.colcon_installed_package_information.package_discovery:Found 1 installed packages in /home/tayya/robot_ws/install
[0.917s] DEBUG:colcon.colcon_installed_package_information.package_discovery:Found 282 installed packages in /opt/ros/humble
[0.921s] Level 1:colcon.colcon_core.package_discovery:discover_packages(prefix_path) using defaults
[1.012s] Level 5:colcon.colcon_core.verb:set package 'cpp_package' build argument 'cmake_args' from command line to 'None'
[1.012s] Level 5:colcon.colcon_core.verb:set package 'cpp_package' build argument 'cmake_target' from command line to 'None'
[1.012s] Level 5:colcon.colcon_core.verb:set package 'cpp_package' build argument 'cmake_target_skip_unavailable' from command line to 'False'
[1.012s] Level 5:colcon.colcon_core.verb:set package 'cpp_package' build argument 'cmake_clean_cache' from command line to 'False'
[1.012s] Level 5:colcon.colcon_core.verb:set package 'cpp_package' build argument 'cmake_clean_first' from command line to 'False'
[1.012s] Level 5:colcon.colcon_core.verb:set package 'cpp_package' build argument 'cmake_force_configure' from command line to 'False'
[1.012s] Level 5:colcon.colcon_core.verb:set package 'cpp_package' build argument 'ament_cmake_args' from command line to 'None'
[1.012s] Level 5:colcon.colcon_core.verb:set package 'cpp_package' build argument 'catkin_cmake_args' from command line to 'None'
[1.012s] Level 5:colcon.colcon_core.verb:set package 'cpp_package' build argument 'catkin_skip_building_tests' from command line to 'False'
[1.012s] DEBUG:colcon.colcon_core.verb:Building package 'cpp_package' with the following arguments: {'ament_cmake_args': None, 'build_base': '/home/tayya/cpp_pkg/build/cpp_package', 'catkin_cmake_args': None, 'catkin_skip_building_tests': False, 'cmake_args': None, 'cmake_clean_cache': False, 'cmake_clean_first': False, 'cmake_force_configure': False, 'cmake_target': None, 'cmake_target_skip_unavailable': False, 'install_base': '/home/tayya/cpp_pkg/install/cpp_package', 'merge_install': False, 'path': '/home/tayya/cpp_pkg/src/cpp_package', 'symlink_install': False, 'test_result_base': None}
[1.013s] INFO:colcon.colcon_core.executor:Executing jobs using 'parallel' executor
[1.015s] DEBUG:colcon.colcon_parallel_executor.executor.parallel:run_until_complete
[1.016s] INFO:colcon.colcon_ros.task.ament_cmake.build:Building ROS package in '/home/tayya/cpp_pkg/src/cpp_package' with build type 'ament_cmake'
[1.016s] INFO:colcon.colcon_cmake.task.cmake.build:Building CMake package in '/home/tayya/cpp_pkg/src/cpp_package'
[1.020s] INFO:colcon.colcon_core.plugin_system:Skipping extension 'colcon_core.shell.bat': Not used on non-Windows systems
[1.020s] INFO:colcon.colcon_core.shell:Skip shell extension 'powershell' for command environment: Not usable outside of PowerShell
[1.020s] DEBUG:colcon.colcon_core.shell:Skip shell extension 'dsv' for command environment
[1.045s] DEBUG:colcon.colcon_core.event_handler.log_command:Invoking command in '/home/tayya/cpp_pkg/build/cpp_package': CMAKE_PREFIX_PATH=${CMAKE_PREFIX_PATH}:/opt/ros/humble /usr/bin/cmake --build /home/tayya/cpp_pkg/build/cpp_package -- -j8 -l8
[13.821s] DEBUG:colcon.colcon_core.event_handler.log_command:Invoked command in '/home/tayya/cpp_pkg/build/cpp_package' returned '2': CMAKE_PREFIX_PATH=${CMAKE_PREFIX_PATH}:/opt/ros/humble /usr/bin/cmake --build /home/tayya/cpp_pkg/build/cpp_package -- -j8 -l8
[13.823s] Level 1:colcon.colcon_core.environment:create_environment_scripts_only(cpp_package)
[13.830s] Level 1:colcon.colcon_core.environment:checking '/home/tayya/cpp_pkg/install/cpp_package' for CMake module files
[13.832s] Level 1:colcon.colcon_core.environment:checking '/home/tayya/cpp_pkg/install/cpp_package' for CMake config files
[13.834s] Level 1:colcon.colcon_core.shell:create_environment_hook('cpp_package', 'cmake_prefix_path')
[13.835s] INFO:colcon.colcon_core.shell:Creating environment hook '/home/tayya/cpp_pkg/install/cpp_package/share/cpp_package/hook/cmake_prefix_path.ps1'
[13.837s] INFO:colcon.colcon_core.shell:Creating environment descriptor '/home/tayya/cpp_pkg/install/cpp_package/share/cpp_package/hook/cmake_prefix_path.dsv'
[13.839s] INFO:colcon.colcon_core.shell:Creating environment hook '/home/tayya/cpp_pkg/install/cpp_package/share/cpp_package/hook/cmake_prefix_path.sh'
[13.842s] Level 1:colcon.colcon_core.environment:checking '/home/tayya/cpp_pkg/install/cpp_package/lib'
[13.842s] Level 1:colcon.colcon_core.shell:create_environment_hook('cpp_package', 'ld_library_path_lib')
[13.843s] INFO:colcon.colcon_core.shell:Creating environment hook '/home/tayya/cpp_pkg/install/cpp_package/share/cpp_package/hook/ld_library_path_lib.ps1'
[13.844s] INFO:colcon.colcon_core.shell:Creating environment descriptor '/home/tayya/cpp_pkg/install/cpp_package/share/cpp_package/hook/ld_library_path_lib.dsv'
[13.845s] INFO:colcon.colcon_core.shell:Creating environment hook '/home/tayya/cpp_pkg/install/cpp_package/share/cpp_package/hook/ld_library_path_lib.sh'
[13.847s] Level 1:colcon.colcon_core.environment:checking '/home/tayya/cpp_pkg/install/cpp_package/bin'
[13.847s] Level 1:colcon.colcon_core.environment:checking '/home/tayya/cpp_pkg/install/cpp_package/lib/pkgconfig/cpp_package.pc'
[13.848s] Level 1:colcon.colcon_core.environment:checking '/home/tayya/cpp_pkg/install/cpp_package/lib/python3.10/site-packages'
[13.849s] Level 1:colcon.colcon_core.environment:checking '/home/tayya/cpp_pkg/install/cpp_package/bin'
[13.850s] INFO:colcon.colcon_core.shell:Creating package script '/home/tayya/cpp_pkg/install/cpp_package/share/cpp_package/package.ps1'
[13.853s] INFO:colcon.colcon_core.shell:Creating package descriptor '/home/tayya/cpp_pkg/install/cpp_package/share/cpp_package/package.dsv'
[13.856s] INFO:colcon.colcon_core.shell:Creating package script '/home/tayya/cpp_pkg/install/cpp_package/share/cpp_package/package.sh'
[13.858s] INFO:colcon.colcon_core.shell:Creating package script '/home/tayya/cpp_pkg/install/cpp_package/share/cpp_package/package.bash'
[13.861s] INFO:colcon.colcon_core.shell:Creating package script '/home/tayya/cpp_pkg/install/cpp_package/share/cpp_package/package.zsh'
[13.863s] Level 1:colcon.colcon_core.environment:create_file_with_runtime_dependencies(/home/tayya/cpp_pkg/install/cpp_package/share/colcon-core/packages/cpp_package)
[13.874s] DEBUG:colcon.colcon_parallel_executor.executor.parallel:closing loop
[13.875s] DEBUG:colcon.colcon_parallel_executor.executor.parallel:loop closed
[13.875s] DEBUG:colcon.colcon_parallel_executor.executor.parallel:run_until_complete finished with '2'
[13.875s] DEBUG:colcon.colcon_core.event_reactor:joining thread
[13.888s] INFO:colcon.colcon_core.plugin_system:Skipping extension 'colcon_notification.desktop_notification.terminal_notifier': Not used on non-Darwin systems
[13.888s] INFO:colcon.colcon_core.plugin_system:Skipping extension 'colcon_notification.desktop_notification.win32': Not used on non-Windows systems
[13.889s] INFO:colcon.colcon_notification.desktop_notification:Sending desktop notification using 'notify2'
[13.911s] DEBUG:colcon.colcon_core.event_reactor:joined thread
[13.912s] INFO:colcon.colcon_core.shell:Creating prefix script '/home/tayya/cpp_pkg/install/local_setup.ps1'
[13.915s] INFO:colcon.colcon_core.shell:Creating prefix util module '/home/tayya/cpp_pkg/install/_local_setup_util_ps1.py'
[13.919s] INFO:colcon.colcon_core.shell:Creating prefix chain script '/home/tayya/cpp_pkg/install/setup.ps1'
[13.921s] INFO:colcon.colcon_core.shell:Creating prefix script '/home/tayya/cpp_pkg/install/local_setup.sh'
[13.923s] INFO:colcon.colcon_core.shell:Creating prefix util module '/home/tayya/cpp_pkg/install/_local_setup_util_sh.py'
[13.924s] INFO:colcon.colcon_core.shell:Creating prefix chain script '/home/tayya/cpp_pkg/install/setup.sh'
[13.927s] INFO:colcon.colcon_core.shell:Creating prefix script '/home/tayya/cpp_pkg/install/local_setup.bash'
[13.928s] INFO:colcon.colcon_core.shell:Creating prefix chain script '/home/tayya/cpp_pkg/install/setup.bash'
[13.931s] INFO:colcon.colcon_core.shell:Creating prefix script '/home/tayya/cpp_pkg/install/local_setup.zsh'
[13.932s] INFO:colcon.colcon_core.shell:Creating prefix chain script '/home/tayya/cpp_pkg/install/setup.zsh'
