[0.025s] Invoking command in '/home/tayya/cpp_pkg/build/cpp_package': CMAKE_PREFIX_PATH=${CMAKE_PREFIX_PATH}:/opt/ros/humble /usr/bin/cmake --build /home/tayya/cpp_pkg/build/cpp_package -- -j8 -l8
[0.072s] -- Found ament_cmake: 1.3.11 (/opt/ros/humble/share/ament_cmake/cmake)
[0.362s] -- Found rclcpp: 16.0.11 (/opt/ros/humble/share/rclcpp/cmake)
[0.424s] -- Found rosidl_generator_c: 3.1.6 (/opt/ros/humble/share/rosidl_generator_c/cmake)
[0.429s] -- Found rosidl_adapter: 3.1.6 (/opt/ros/humble/share/rosidl_adapter/cmake)
[0.443s] -- Found rosidl_generator_cpp: 3.1.6 (/opt/ros/humble/share/rosidl_generator_cpp/cmake)
[0.463s] -- Using all available rosidl_typesupport_c: rosidl_typesupport_fastrtps_c;rosidl_typesupport_introspection_c
[0.489s] -- Using all available rosidl_typesupport_cpp: rosidl_typesupport_fastrtps_cpp;rosidl_typesupport_introspection_cpp
[0.558s] -- Found rmw_implementation_cmake: 6.1.2 (/opt/ros/humble/share/rmw_implementation_cmake/cmake)
[0.561s] -- Found rmw_fastrtps_cpp: 6.2.7 (/opt/ros/humble/share/rmw_fastrtps_cpp/cmake)
[0.777s] -- Using RMW implementation 'rmw_fastrtps_cpp' as default
[0.895s] -- Found example_interfaces: 0.9.3 (/opt/ros/humble/share/example_interfaces/cmake)
[0.978s] -- Found rosidl_default_generators: 1.2.0 (/opt/ros/humble/share/rosidl_default_generators/cmake)
[1.608s] -- Found ament_cmake_ros: 0.10.0 (/opt/ros/humble/share/ament_cmake_ros/cmake)
[2.446s] -- Using all available rosidl_typesupport_c: rosidl_typesupport_fastrtps_c;rosidl_typesupport_introspection_c
[2.743s] -- Using all available rosidl_typesupport_cpp: rosidl_typesupport_fastrtps_cpp;rosidl_typesupport_introspection_cpp
[2.791s] -- Found python_cmake_module: 0.10.0 (/opt/ros/humble/share/python_cmake_module/cmake)
[2.838s] -- Using PYTHON_EXECUTABLE: /usr/bin/python3
[2.838s] -- Using PYTHON_INCLUDE_DIRS: /usr/include/python3.10
[2.838s] -- Using PYTHON_LIBRARIES: /usr/lib/x86_64-linux-gnu/libpython3.10.so
[2.930s] -- Found ament_lint_auto: 0.12.11 (/opt/ros/humble/share/ament_lint_auto/cmake)
[2.941s] -- Configuring done
[3.075s] -- Generating done
[3.132s] -- Build files have been written to: /home/tayya/cpp_pkg/build/cpp_package
[3.199s] [35m[1mConsolidate compiler generated dependencies of target cpp_package__rosidl_generator_c[0m
[3.199s] [35m[1mConsolidate compiler generated dependencies of target cpp_try[0m
[3.216s] [35m[1mConsolidate compiler generated dependencies of target service[0m
[3.216s] [35m[1mConsolidate compiler generated dependencies of target publisher[0m
[3.216s] [35m[1mConsolidate compiler generated dependencies of target subscriber[0m
[3.217s] [35m[1mConsolidate compiler generated dependencies of target cpp_try2[0m
[3.237s] [  2%] Built target cpp_package__cpp
[3.257s] [  6%] Built target cpp_try
[3.257s] [  6%] Built target ament_cmake_python_copy_cpp_package
[3.265s] [ 12%] Built target cpp_package__rosidl_generator_c
[3.272s] [35m[1mConsolidate compiler generated dependencies of target client[0m
[3.274s] [ 17%] Built target cpp_try2
[3.281s] [ 21%] Built target publisher
[3.287s] [ 25%] Built target subscriber
[3.294s] [ 29%] Built target service
[3.298s] [35m[1mConsolidate compiler generated dependencies of target service_class[0m
[3.338s] [35m[1mConsolidate compiler generated dependencies of target client_class[0m
[3.339s] [35m[1mConsolidate compiler generated dependencies of target cpp_package__rosidl_typesupport_cpp[0m
[3.339s] [35m[1mConsolidate compiler generated dependencies of target cpp_package__rosidl_typesupport_fastrtps_c[0m
[3.340s] [35m[1mConsolidate compiler generated dependencies of target cpp_package__rosidl_typesupport_introspection_c[0m
[3.340s] [35m[1mConsolidate compiler generated dependencies of target cpp_package__rosidl_typesupport_fastrtps_cpp[0m
[3.340s] [35m[1mConsolidate compiler generated dependencies of target cpp_package__rosidl_typesupport_c[0m
[3.340s] [ 34%] Built target client
[3.341s] [ 36%] [32mBuilding CXX object CMakeFiles/service_class.dir/src/service_class.cpp.o[0m
[3.362s] [ 38%] [32m[1mLinking CXX executable client_class[0m
[3.368s] [ 46%] [32mBuilding C object CMakeFiles/cpp_package__rosidl_typesupport_introspection_c.dir/rosidl_typesupport_introspection_c/cpp_package/srv/detail/capital_full_name__type_support.c.o[0m
[3.373s] [ 46%] Built target cpp_package__rosidl_typesupport_cpp
[3.382s] [ 48%] [32mBuilding CXX object CMakeFiles/cpp_package__rosidl_typesupport_c.dir/rosidl_typesupport_c/cpp_package/srv/capital_full_name__type_support.cpp.o[0m
[3.389s] [ 55%] Built target cpp_package__rosidl_typesupport_fastrtps_cpp
[3.402s] [ 57%] [32mBuilding CXX object CMakeFiles/cpp_package__rosidl_typesupport_fastrtps_c.dir/rosidl_typesupport_fastrtps_c/cpp_package/srv/detail/capital_full_name__type_support_c.cpp.o[0m
[3.411s] [35m[1mConsolidate compiler generated dependencies of target cpp_package__rosidl_typesupport_introspection_cpp[0m
[3.499s] [ 63%] Built target cpp_package__rosidl_typesupport_introspection_cpp
[3.546s] [ 68%] [32m[1mLinking CXX shared library libcpp_package__rosidl_typesupport_c.so[0m
[3.560s] [ 68%] [32m[1mLinking C shared library libcpp_package__rosidl_typesupport_introspection_c.so[0m
[3.656s] [ 70%] Built target cpp_package__rosidl_typesupport_introspection_c
[3.700s] /usr/bin/ld: /usr/lib/gcc/x86_64-linux-gnu/11/../../../x86_64-linux-gnu/Scrt1.o: in function `_start':
[3.700s] (.text+0x1b): undefined reference to `main'
[3.706s] collect2: error: ld returned 1 exit status
[3.712s] gmake[2]: *** [CMakeFiles/client_class.dir/build.make:190: client_class] Error 1
[3.712s] gmake[1]: *** [CMakeFiles/Makefile2:788: CMakeFiles/client_class.dir/all] Error 2
[3.712s] gmake[1]: *** Waiting for unfinished jobs....
[3.741s] [ 72%] Built target cpp_package__rosidl_typesupport_c
[4.055s] [01m[K/home/tayya/cpp_pkg/src/cpp_package/src/service_class.cpp:2:10:[m[K [01;31m[Kfatal error: [m[Kcustom_msg_and_srv/srv/capital_full_name.hpp: No such file or directory
[4.056s]     2 | #include [01;31m[K"custom_msg_and_srv/srv/capital_full_name.hpp"[m[K
[4.056s]       |          [01;31m[K^~~~~~~~~~~~~~~~~~~~~~~~~~~~~~~~~~~~~~~~~~~~~~[m[K
[4.056s] compilation terminated.
[4.070s] gmake[2]: *** [CMakeFiles/service_class.dir/build.make:76: CMakeFiles/service_class.dir/src/service_class.cpp.o] Error 1
[4.070s] gmake[1]: *** [CMakeFiles/Makefile2:762: CMakeFiles/service_class.dir/all] Error 2
[4.113s] running egg_info
[4.115s] writing cpp_package.egg-info/PKG-INFO
[4.116s] writing dependency_links to cpp_package.egg-info/dependency_links.txt
[4.116s] writing top-level names to cpp_package.egg-info/top_level.txt
[4.122s] reading manifest file 'cpp_package.egg-info/SOURCES.txt'
[4.123s] writing manifest file 'cpp_package.egg-info/SOURCES.txt'
[4.190s] [ 72%] Built target ament_cmake_python_build_cpp_package_egg
[4.401s] [ 74%] [32m[1mLinking CXX shared library libcpp_package__rosidl_typesupport_fastrtps_c.so[0m
[4.559s] [ 76%] Built target cpp_package__rosidl_typesupport_fastrtps_c
[4.561s] gmake: *** [Makefile:146: all] Error 2
[4.565s] Invoked command in '/home/tayya/cpp_pkg/build/cpp_package' returned '2': CMAKE_PREFIX_PATH=${CMAKE_PREFIX_PATH}:/opt/ros/humble /usr/bin/cmake --build /home/tayya/cpp_pkg/build/cpp_package -- -j8 -l8
