[  2%] Built target cpp_package__cpp
[  8%] Built target cpp_package__rosidl_generator_c
[  8%] Built target ament_cmake_python_copy_cpp_package
[ 12%] Built target cpp_try
[ 17%] Built target subscriber
[ 21%] Built target service
[ 25%] Built target publisher
[ 29%] Built target cpp_try2
[ 36%] Built target cpp_package__rosidl_typesupport_cpp
[ 42%] Built target cpp_package__rosidl_typesupport_fastrtps_c
[ 46%] Built target client
[ 53%] Built target cpp_package__rosidl_typesupport_fastrtps_cpp
[ 59%] Built target cpp_package__rosidl_typesupport_introspection_c
[ 65%] Built target cpp_package__rosidl_typesupport_c
[ 72%] Built target cpp_package__rosidl_typesupport_introspection_cpp
[ 72%] Built target cpp_package
[35m[1mConsolidate compiler generated dependencies of target client_class[0m
[ 74%] Built target cpp_package__py
[ 78%] Built target service_class
[ 80%] [32mBuilding CXX object CMakeFiles/client_class.dir/src/client_class.cpp.o[0m
[ 85%] Built target cpp_package__rosidl_generator_py
[ 89%] Built target cpp_package__rosidl_typesupport_introspection_c__pyext
[ 93%] Built target cpp_package__rosidl_typesupport_fastrtps_c__pyext
[ 97%] Built target cpp_package__rosidl_typesupport_c__pyext
running egg_info
writing cpp_package.egg-info/PKG-INFO
writing dependency_links to cpp_package.egg-info/dependency_links.txt
writing top-level names to cpp_package.egg-info/top_level.txt
reading manifest file 'cpp_package.egg-info/SOURCES.txt'
writing manifest file 'cpp_package.egg-info/SOURCES.txt'
[ 97%] Built target ament_cmake_python_build_cpp_package_egg
