[  2%] Built target cpp_package__cpp
[  8%] Built target cpp_package__rosidl_generator_c
[ 12%] Built target cpp_try
[ 17%] Built target subscriber
[ 21%] Built target cpp_try2
[ 25%] Built target publisher
[ 29%] Built target service
[ 29%] Built target ament_cmake_python_copy_cpp_package
[ 36%] Built target cpp_package__rosidl_typesupport_cpp
[ 40%] Built target client
[ 46%] Built target cpp_package__rosidl_typesupport_introspection_c
[ 53%] Built target cpp_package__rosidl_typesupport_fastrtps_c
[ 59%] Built target cpp_package__rosidl_typesupport_fastrtps_cpp
[ 65%] Built target cpp_package__rosidl_typesupport_c
[ 72%] Built target cpp_package__rosidl_typesupport_introspection_cpp
[ 72%] Built target cpp_package
[35m[1mConsolidate compiler generated dependencies of target client_class[0m
[ 74%] Built target cpp_package__py
[ 78%] Built target service_class
[ 80%] [32mBuilding CXX object CMakeFiles/client_class.dir/src/client_class.cpp.o[0m
[ 85%] Built target cpp_package__rosidl_generator_py
[ 89%] Built target cpp_package__rosidl_typesupport_fastrtps_c__pyext
[ 97%] Built target cpp_package__rosidl_typesupport_c__pyext
[ 97%] Built target cpp_package__rosidl_typesupport_introspection_c__pyext
running egg_info
writing cpp_package.egg-info/PKG-INFO
writing dependency_links to cpp_package.egg-info/dependency_links.txt
writing top-level names to cpp_package.egg-info/top_level.txt
reading manifest file 'cpp_package.egg-info/SOURCES.txt'
writing manifest file 'cpp_package.egg-info/SOURCES.txt'
[ 97%] Built target ament_cmake_python_build_cpp_package_egg
[100%] [32m[1mLinking CXX executable client_class[0m
[100%] Built target client_class
-- Install configuration: ""
-- Up-to-date: /home/tayya/cpp_pkg/install/cpp_package/share/ament_index/resource_index/rosidl_interfaces/cpp_package
-- Up-to-date: /home/tayya/cpp_pkg/install/cpp_package/include/cpp_package/cpp_package
-- Up-to-date: /home/tayya/cpp_pkg/install/cpp_package/include/cpp_package/cpp_package/msg
-- Up-to-date: /home/tayya/cpp_pkg/install/cpp_package/include/cpp_package/cpp_package/msg/rosidl_generator_c__visibility_control.h
-- Up-to-date: /home/tayya/cpp_pkg/install/cpp_package/include/cpp_package/cpp_package/srv
-- Up-to-date: /home/tayya/cpp_pkg/install/cpp_package/include/cpp_package/cpp_package/srv/detail
-- Up-to-date: /home/tayya/cpp_pkg/install/cpp_package/include/cpp_package/cpp_package/srv/detail/say_name__functions.c
-- Up-to-date: /home/tayya/cpp_pkg/install/cpp_package/include/cpp_package/cpp_package/srv/detail/say_name__functions.h
-- Up-to-date: /home/tayya/cpp_pkg/install/cpp_package/include/cpp_package/cpp_package/srv/detail/capital_full_name__functions.h
-- Up-to-date: /home/tayya/cpp_pkg/install/cpp_package/include/cpp_package/cpp_package/srv/detail/say_name__struct.h
-- Up-to-date: /home/tayya/cpp_pkg/install/cpp_package/include/cpp_package/cpp_package/srv/detail/capital_full_name__struct.h
-- Up-to-date: /home/tayya/cpp_pkg/install/cpp_package/include/cpp_package/cpp_package/srv/detail/capital_full_name__functions.c
-- Up-to-date: /home/tayya/cpp_pkg/install/cpp_package/include/cpp_package/cpp_package/srv/detail/capital_full_name__type_support.h
-- Up-to-date: /home/tayya/cpp_pkg/install/cpp_package/include/cpp_package/cpp_package/srv/detail/say_name__type_support.h
-- Up-to-date: /home/tayya/cpp_pkg/install/cpp_package/include/cpp_package/cpp_package/srv/capital_full_name.h
-- Up-to-date: /home/tayya/cpp_pkg/install/cpp_package/include/cpp_package/cpp_package/srv/say_name.h
-- Up-to-date: /home/tayya/cpp_pkg/install/cpp_package/share/cpp_package/environment/library_path.sh
-- Up-to-date: /home/tayya/cpp_pkg/install/cpp_package/share/cpp_package/environment/library_path.dsv
-- Up-to-date: /home/tayya/cpp_pkg/install/cpp_package/lib/libcpp_package__rosidl_generator_c.so
-- Up-to-date: /home/tayya/cpp_pkg/install/cpp_package/include/cpp_package/cpp_package
-- Up-to-date: /home/tayya/cpp_pkg/install/cpp_package/include/cpp_package/cpp_package/msg
-- Up-to-date: /home/tayya/cpp_pkg/install/cpp_package/include/cpp_package/cpp_package/msg/rosidl_typesupport_fastrtps_c__visibility_control.h
-- Up-to-date: /home/tayya/cpp_pkg/install/cpp_package/include/cpp_package/cpp_package/srv
-- Up-to-date: /home/tayya/cpp_pkg/install/cpp_package/include/cpp_package/cpp_package/srv/detail
-- Up-to-date: /home/tayya/cpp_pkg/install/cpp_package/include/cpp_package/cpp_package/srv/detail/capital_full_name__rosidl_typesupport_fastrtps_c.h
-- Up-to-date: /home/tayya/cpp_pkg/install/cpp_package/include/cpp_package/cpp_package/srv/detail/say_name__rosidl_typesupport_fastrtps_c.h
-- Up-to-date: /home/tayya/cpp_pkg/install/cpp_package/lib/libcpp_package__rosidl_typesupport_fastrtps_c.so
-- Up-to-date: /home/tayya/cpp_pkg/install/cpp_package/include/cpp_package/cpp_package
-- Up-to-date: /home/tayya/cpp_pkg/install/cpp_package/include/cpp_package/cpp_package/msg
-- Up-to-date: /home/tayya/cpp_pkg/install/cpp_package/include/cpp_package/cpp_package/msg/rosidl_generator_cpp__visibility_control.hpp
-- Up-to-date: /home/tayya/cpp_pkg/install/cpp_package/include/cpp_package/cpp_package/srv
-- Up-to-date: /home/tayya/cpp_pkg/install/cpp_package/include/cpp_package/cpp_package/srv/say_name.hpp
-- Up-to-date: /home/tayya/cpp_pkg/install/cpp_package/include/cpp_package/cpp_package/srv/detail
-- Up-to-date: /home/tayya/cpp_pkg/install/cpp_package/include/cpp_package/cpp_package/srv/detail/say_name__type_support.hpp
-- Up-to-date: /home/tayya/cpp_pkg/install/cpp_package/include/cpp_package/cpp_package/srv/detail/say_name__builder.hpp
-- Up-to-date: /home/tayya/cpp_pkg/install/cpp_package/include/cpp_package/cpp_package/srv/detail/say_name__traits.hpp
-- Up-to-date: /home/tayya/cpp_pkg/install/cpp_package/include/cpp_package/cpp_package/srv/detail/say_name__struct.hpp
-- Up-to-date: /home/tayya/cpp_pkg/install/cpp_package/include/cpp_package/cpp_package/srv/detail/capital_full_name__builder.hpp
-- Up-to-date: /home/tayya/cpp_pkg/install/cpp_package/include/cpp_package/cpp_package/srv/detail/capital_full_name__struct.hpp
-- Up-to-date: /home/tayya/cpp_pkg/install/cpp_package/include/cpp_package/cpp_package/srv/detail/capital_full_name__traits.hpp
-- Up-to-date: /home/tayya/cpp_pkg/install/cpp_package/include/cpp_package/cpp_package/srv/detail/capital_full_name__type_support.hpp
-- Up-to-date: /home/tayya/cpp_pkg/install/cpp_package/include/cpp_package/cpp_package/srv/capital_full_name.hpp
-- Up-to-date: /home/tayya/cpp_pkg/install/cpp_package/include/cpp_package/cpp_package
-- Up-to-date: /home/tayya/cpp_pkg/install/cpp_package/include/cpp_package/cpp_package/msg
-- Up-to-date: /home/tayya/cpp_pkg/install/cpp_package/include/cpp_package/cpp_package/msg/rosidl_typesupport_fastrtps_cpp__visibility_control.h
-- Up-to-date: /home/tayya/cpp_pkg/install/cpp_package/include/cpp_package/cpp_package/srv
-- Up-to-date: /home/tayya/cpp_pkg/install/cpp_package/include/cpp_package/cpp_package/srv/detail
-- Up-to-date: /home/tayya/cpp_pkg/install/cpp_package/include/cpp_package/cpp_package/srv/detail/say_name__rosidl_typesupport_fastrtps_cpp.hpp
-- Up-to-date: /home/tayya/cpp_pkg/install/cpp_package/include/cpp_package/cpp_package/srv/detail/capital_full_name__rosidl_typesupport_fastrtps_cpp.hpp
-- Up-to-date: /home/tayya/cpp_pkg/install/cpp_package/include/cpp_package/cpp_package/srv/detail/dds_fastrtps
-- Up-to-date: /home/tayya/cpp_pkg/install/cpp_package/lib/libcpp_package__rosidl_typesupport_fastrtps_cpp.so
-- Up-to-date: /home/tayya/cpp_pkg/install/cpp_package/include/cpp_package/cpp_package
-- Up-to-date: /home/tayya/cpp_pkg/install/cpp_package/include/cpp_package/cpp_package/msg
-- Up-to-date: /home/tayya/cpp_pkg/install/cpp_package/include/cpp_package/cpp_package/msg/rosidl_typesupport_introspection_c__visibility_control.h
-- Up-to-date: /home/tayya/cpp_pkg/install/cpp_package/include/cpp_package/cpp_package/srv
-- Up-to-date: /home/tayya/cpp_pkg/install/cpp_package/include/cpp_package/cpp_package/srv/detail
-- Up-to-date: /home/tayya/cpp_pkg/install/cpp_package/include/cpp_package/cpp_package/srv/detail/capital_full_name__rosidl_typesupport_introspection_c.h
-- Up-to-date: /home/tayya/cpp_pkg/install/cpp_package/include/cpp_package/cpp_package/srv/detail/say_name__type_support.c
-- Up-to-date: /home/tayya/cpp_pkg/install/cpp_package/include/cpp_package/cpp_package/srv/detail/say_name__rosidl_typesupport_introspection_c.h
-- Up-to-date: /home/tayya/cpp_pkg/install/cpp_package/include/cpp_package/cpp_package/srv/detail/capital_full_name__type_support.c
-- Up-to-date: /home/tayya/cpp_pkg/install/cpp_package/lib/libcpp_package__rosidl_typesupport_introspection_c.so
-- Up-to-date: /home/tayya/cpp_pkg/install/cpp_package/lib/libcpp_package__rosidl_typesupport_c.so
-- Up-to-date: /home/tayya/cpp_pkg/install/cpp_package/include/cpp_package/cpp_package
-- Up-to-date: /home/tayya/cpp_pkg/install/cpp_package/include/cpp_package/cpp_package/srv
-- Up-to-date: /home/tayya/cpp_pkg/install/cpp_package/include/cpp_package/cpp_package/srv/detail
-- Up-to-date: /home/tayya/cpp_pkg/install/cpp_package/include/cpp_package/cpp_package/srv/detail/say_name__rosidl_typesupport_introspection_cpp.hpp
-- Up-to-date: /home/tayya/cpp_pkg/install/cpp_package/include/cpp_package/cpp_package/srv/detail/say_name__type_support.cpp
-- Up-to-date: /home/tayya/cpp_pkg/install/cpp_package/include/cpp_package/cpp_package/srv/detail/capital_full_name__rosidl_typesupport_introspection_cpp.hpp
-- Up-to-date: /home/tayya/cpp_pkg/install/cpp_package/include/cpp_package/cpp_package/srv/detail/capital_full_name__type_support.cpp
-- Up-to-date: /home/tayya/cpp_pkg/install/cpp_package/lib/libcpp_package__rosidl_typesupport_introspection_cpp.so
-- Up-to-date: /home/tayya/cpp_pkg/install/cpp_package/lib/libcpp_package__rosidl_typesupport_cpp.so
-- Up-to-date: /home/tayya/cpp_pkg/install/cpp_package/share/cpp_package/environment/pythonpath.sh
-- Up-to-date: /home/tayya/cpp_pkg/install/cpp_package/share/cpp_package/environment/pythonpath.dsv
-- Up-to-date: /home/tayya/cpp_pkg/install/cpp_package/local/lib/python3.10/dist-packages/cpp_package-0.0.0-py3.10.egg-info
-- Installing: /home/tayya/cpp_pkg/install/cpp_package/local/lib/python3.10/dist-packages/cpp_package-0.0.0-py3.10.egg-info/top_level.txt
-- Installing: /home/tayya/cpp_pkg/install/cpp_package/local/lib/python3.10/dist-packages/cpp_package-0.0.0-py3.10.egg-info/SOURCES.txt
-- Installing: /home/tayya/cpp_pkg/install/cpp_package/local/lib/python3.10/dist-packages/cpp_package-0.0.0-py3.10.egg-info/PKG-INFO
-- Installing: /home/tayya/cpp_pkg/install/cpp_package/local/lib/python3.10/dist-packages/cpp_package-0.0.0-py3.10.egg-info/dependency_links.txt
-- Up-to-date: /home/tayya/cpp_pkg/install/cpp_package/local/lib/python3.10/dist-packages/cpp_package
-- Up-to-date: /home/tayya/cpp_pkg/install/cpp_package/local/lib/python3.10/dist-packages/cpp_package/__init__.py
-- Up-to-date: /home/tayya/cpp_pkg/install/cpp_package/local/lib/python3.10/dist-packages/cpp_package/_cpp_package_s.ep.rosidl_typesupport_fastrtps_c.c
-- Up-to-date: /home/tayya/cpp_pkg/install/cpp_package/local/lib/python3.10/dist-packages/cpp_package/_cpp_package_s.ep.rosidl_typesupport_introspection_c.c
-- Up-to-date: /home/tayya/cpp_pkg/install/cpp_package/local/lib/python3.10/dist-packages/cpp_package/cpp_package_s__rosidl_typesupport_c.cpython-310-x86_64-linux-gnu.so
-- Up-to-date: /home/tayya/cpp_pkg/install/cpp_package/local/lib/python3.10/dist-packages/cpp_package/cpp_package_s__rosidl_typesupport_introspection_c.cpython-310-x86_64-linux-gnu.so
-- Up-to-date: /home/tayya/cpp_pkg/install/cpp_package/local/lib/python3.10/dist-packages/cpp_package/_cpp_package_s.ep.rosidl_typesupport_c.c
-- Up-to-date: /home/tayya/cpp_pkg/install/cpp_package/local/lib/python3.10/dist-packages/cpp_package/libcpp_package__rosidl_generator_py.so
-- Up-to-date: /home/tayya/cpp_pkg/install/cpp_package/local/lib/python3.10/dist-packages/cpp_package/cpp_package_s__rosidl_typesupport_fastrtps_c.cpython-310-x86_64-linux-gnu.so
-- Up-to-date: /home/tayya/cpp_pkg/install/cpp_package/local/lib/python3.10/dist-packages/cpp_package/srv
-- Up-to-date: /home/tayya/cpp_pkg/install/cpp_package/local/lib/python3.10/dist-packages/cpp_package/srv/_say_name.py
-- Up-to-date: /home/tayya/cpp_pkg/install/cpp_package/local/lib/python3.10/dist-packages/cpp_package/srv/_capital_full_name_s.c
-- Up-to-date: /home/tayya/cpp_pkg/install/cpp_package/local/lib/python3.10/dist-packages/cpp_package/srv/__init__.py
-- Up-to-date: /home/tayya/cpp_pkg/install/cpp_package/local/lib/python3.10/dist-packages/cpp_package/srv/_capital_full_name.py
-- Up-to-date: /home/tayya/cpp_pkg/install/cpp_package/local/lib/python3.10/dist-packages/cpp_package/srv/_say_name_s.c
Listing '/home/tayya/cpp_pkg/install/cpp_package/local/lib/python3.10/dist-packages/cpp_package'...
Listing '/home/tayya/cpp_pkg/install/cpp_package/local/lib/python3.10/dist-packages/cpp_package/srv'...
-- Up-to-date: /home/tayya/cpp_pkg/install/cpp_package/local/lib/python3.10/dist-packages/cpp_package/cpp_package_s__rosidl_typesupport_fastrtps_c.cpython-310-x86_64-linux-gnu.so
-- Up-to-date: /home/tayya/cpp_pkg/install/cpp_package/local/lib/python3.10/dist-packages/cpp_package/cpp_package_s__rosidl_typesupport_introspection_c.cpython-310-x86_64-linux-gnu.so
-- Up-to-date: /home/tayya/cpp_pkg/install/cpp_package/local/lib/python3.10/dist-packages/cpp_package/cpp_package_s__rosidl_typesupport_c.cpython-310-x86_64-linux-gnu.so
-- Up-to-date: /home/tayya/cpp_pkg/install/cpp_package/lib/libcpp_package__rosidl_generator_py.so
-- Up-to-date: /home/tayya/cpp_pkg/install/cpp_package/share/cpp_package/srv/CapitalFullName.idl
-- Up-to-date: /home/tayya/cpp_pkg/install/cpp_package/share/cpp_package/srv/CapitalFullName.srv
-- Up-to-date: /home/tayya/cpp_pkg/install/cpp_package/share/cpp_package/srv/CapitalFullName_Request.msg
-- Up-to-date: /home/tayya/cpp_pkg/install/cpp_package/share/cpp_package/srv/CapitalFullName_Response.msg
-- Up-to-date: /home/tayya/cpp_pkg/install/cpp_package/lib/cpp_package/cpp_try
-- Up-to-date: /home/tayya/cpp_pkg/install/cpp_package/lib/cpp_package/cpp_try2
-- Up-to-date: /home/tayya/cpp_pkg/install/cpp_package/lib/cpp_package/subscriber
-- Up-to-date: /home/tayya/cpp_pkg/install/cpp_package/lib/cpp_package/publisher
-- Up-to-date: /home/tayya/cpp_pkg/install/cpp_package/lib/cpp_package/service
-- Up-to-date: /home/tayya/cpp_pkg/install/cpp_package/lib/cpp_package/client
-- Up-to-date: /home/tayya/cpp_pkg/install/cpp_package/lib/cpp_package/service_class
-- Installing: /home/tayya/cpp_pkg/install/cpp_package/lib/cpp_package/client_class
-- Set runtime path of "/home/tayya/cpp_pkg/install/cpp_package/lib/cpp_package/client_class" to ""
-- Up-to-date: /home/tayya/cpp_pkg/install/cpp_package/share/ament_index/resource_index/package_run_dependencies/cpp_package
-- Up-to-date: /home/tayya/cpp_pkg/install/cpp_package/share/ament_index/resource_index/parent_prefix_path/cpp_package
-- Up-to-date: /home/tayya/cpp_pkg/install/cpp_package/share/cpp_package/environment/ament_prefix_path.sh
-- Up-to-date: /home/tayya/cpp_pkg/install/cpp_package/share/cpp_package/environment/ament_prefix_path.dsv
-- Up-to-date: /home/tayya/cpp_pkg/install/cpp_package/share/cpp_package/environment/path.sh
-- Up-to-date: /home/tayya/cpp_pkg/install/cpp_package/share/cpp_package/environment/path.dsv
-- Up-to-date: /home/tayya/cpp_pkg/install/cpp_package/share/cpp_package/local_setup.bash
-- Up-to-date: /home/tayya/cpp_pkg/install/cpp_package/share/cpp_package/local_setup.sh
-- Up-to-date: /home/tayya/cpp_pkg/install/cpp_package/share/cpp_package/local_setup.zsh
-- Up-to-date: /home/tayya/cpp_pkg/install/cpp_package/share/cpp_package/local_setup.dsv
-- Installing: /home/tayya/cpp_pkg/install/cpp_package/share/cpp_package/package.dsv
-- Up-to-date: /home/tayya/cpp_pkg/install/cpp_package/share/ament_index/resource_index/packages/cpp_package
-- Up-to-date: /home/tayya/cpp_pkg/install/cpp_package/share/cpp_package/cmake/export_cpp_package__rosidl_generator_cExport.cmake
-- Up-to-date: /home/tayya/cpp_pkg/install/cpp_package/share/cpp_package/cmake/export_cpp_package__rosidl_generator_cExport-noconfig.cmake
-- Up-to-date: /home/tayya/cpp_pkg/install/cpp_package/share/cpp_package/cmake/export_cpp_package__rosidl_typesupport_fastrtps_cExport.cmake
-- Up-to-date: /home/tayya/cpp_pkg/install/cpp_package/share/cpp_package/cmake/export_cpp_package__rosidl_typesupport_fastrtps_cExport-noconfig.cmake
-- Up-to-date: /home/tayya/cpp_pkg/install/cpp_package/share/cpp_package/cmake/export_cpp_package__rosidl_generator_cppExport.cmake
-- Up-to-date: /home/tayya/cpp_pkg/install/cpp_package/share/cpp_package/cmake/export_cpp_package__rosidl_typesupport_fastrtps_cppExport.cmake
-- Up-to-date: /home/tayya/cpp_pkg/install/cpp_package/share/cpp_package/cmake/export_cpp_package__rosidl_typesupport_fastrtps_cppExport-noconfig.cmake
-- Up-to-date: /home/tayya/cpp_pkg/install/cpp_package/share/cpp_package/cmake/cpp_package__rosidl_typesupport_introspection_cExport.cmake
-- Up-to-date: /home/tayya/cpp_pkg/install/cpp_package/share/cpp_package/cmake/cpp_package__rosidl_typesupport_introspection_cExport-noconfig.cmake
-- Up-to-date: /home/tayya/cpp_pkg/install/cpp_package/share/cpp_package/cmake/cpp_package__rosidl_typesupport_cExport.cmake
-- Up-to-date: /home/tayya/cpp_pkg/install/cpp_package/share/cpp_package/cmake/cpp_package__rosidl_typesupport_cExport-noconfig.cmake
-- Up-to-date: /home/tayya/cpp_pkg/install/cpp_package/share/cpp_package/cmake/cpp_package__rosidl_typesupport_introspection_cppExport.cmake
-- Up-to-date: /home/tayya/cpp_pkg/install/cpp_package/share/cpp_package/cmake/cpp_package__rosidl_typesupport_introspection_cppExport-noconfig.cmake
-- Up-to-date: /home/tayya/cpp_pkg/install/cpp_package/share/cpp_package/cmake/cpp_package__rosidl_typesupport_cppExport.cmake
-- Up-to-date: /home/tayya/cpp_pkg/install/cpp_package/share/cpp_package/cmake/cpp_package__rosidl_typesupport_cppExport-noconfig.cmake
-- Up-to-date: /home/tayya/cpp_pkg/install/cpp_package/share/cpp_package/cmake/export_cpp_package__rosidl_generator_pyExport.cmake
-- Up-to-date: /home/tayya/cpp_pkg/install/cpp_package/share/cpp_package/cmake/export_cpp_package__rosidl_generator_pyExport-noconfig.cmake
-- Up-to-date: /home/tayya/cpp_pkg/install/cpp_package/share/cpp_package/cmake/rosidl_cmake-extras.cmake
-- Up-to-date: /home/tayya/cpp_pkg/install/cpp_package/share/cpp_package/cmake/ament_cmake_export_dependencies-extras.cmake
-- Up-to-date: /home/tayya/cpp_pkg/install/cpp_package/share/cpp_package/cmake/ament_cmake_export_include_directories-extras.cmake
-- Up-to-date: /home/tayya/cpp_pkg/install/cpp_package/share/cpp_package/cmake/ament_cmake_export_libraries-extras.cmake
-- Up-to-date: /home/tayya/cpp_pkg/install/cpp_package/share/cpp_package/cmake/ament_cmake_export_targets-extras.cmake
-- Up-to-date: /home/tayya/cpp_pkg/install/cpp_package/share/cpp_package/cmake/rosidl_cmake_export_typesupport_targets-extras.cmake
-- Up-to-date: /home/tayya/cpp_pkg/install/cpp_package/share/cpp_package/cmake/rosidl_cmake_export_typesupport_libraries-extras.cmake
-- Up-to-date: /home/tayya/cpp_pkg/install/cpp_package/share/cpp_package/cmake/cpp_packageConfig.cmake
-- Up-to-date: /home/tayya/cpp_pkg/install/cpp_package/share/cpp_package/cmake/cpp_packageConfig-version.cmake
-- Up-to-date: /home/tayya/cpp_pkg/install/cpp_package/share/cpp_package/package.xml
