[0.030s] Invoking command in '/home/tayya/cpp_pkg/build/cpp_package': CMAKE_PREFIX_PATH=${CMAKE_PREFIX_PATH}:/opt/ros/humble /usr/bin/cmake --build /home/tayya/cpp_pkg/build/cpp_package -- -j8 -l8
[0.161s] [  2%] Built target cpp_package__cpp
[0.162s] [  8%] Built target cpp_package__rosidl_generator_c
[0.190s] [ 12%] Built target cpp_try
[0.194s] [ 17%] Built target subscriber
[0.197s] [ 21%] Built target cpp_try2
[0.215s] [ 25%] Built target publisher
[0.239s] [ 29%] Built target service
[0.243s] [ 29%] Built target ament_cmake_python_copy_cpp_package
[0.251s] [ 36%] Built target cpp_package__rosidl_typesupport_cpp
[0.274s] [ 40%] Built target client
[0.278s] [ 46%] Built target cpp_package__rosidl_typesupport_introspection_c
[0.280s] [ 53%] Built target cpp_package__rosidl_typesupport_fastrtps_c
[0.289s] [ 59%] Built target cpp_package__rosidl_typesupport_fastrtps_cpp
[0.290s] [ 65%] Built target cpp_package__rosidl_typesupport_c
[0.308s] [ 72%] Built target cpp_package__rosidl_typesupport_introspection_cpp
[0.351s] [ 72%] Built target cpp_package
[0.389s] [35m[1mConsolidate compiler generated dependencies of target client_class[0m
[0.406s] [ 74%] Built target cpp_package__py
[0.430s] [ 78%] Built target service_class
[0.435s] [ 80%] [32mBuilding CXX object CMakeFiles/client_class.dir/src/client_class.cpp.o[0m
[0.464s] [ 85%] Built target cpp_package__rosidl_generator_py
[0.516s] [ 89%] Built target cpp_package__rosidl_typesupport_fastrtps_c__pyext
[0.526s] [ 97%] Built target cpp_package__rosidl_typesupport_c__pyext
[0.527s] [ 97%] Built target cpp_package__rosidl_typesupport_introspection_c__pyext
[0.919s] running egg_info
[0.920s] writing cpp_package.egg-info/PKG-INFO
[0.921s] writing dependency_links to cpp_package.egg-info/dependency_links.txt
[0.922s] writing top-level names to cpp_package.egg-info/top_level.txt
[0.931s] reading manifest file 'cpp_package.egg-info/SOURCES.txt'
[0.934s] writing manifest file 'cpp_package.egg-info/SOURCES.txt'
[1.001s] [ 97%] Built target ament_cmake_python_build_cpp_package_egg
[9.760s] [100%] [32m[1mLinking CXX executable client_class[0m
[10.136s] [100%] Built target client_class
[10.162s] Invoked command in '/home/tayya/cpp_pkg/build/cpp_package' returned '0': CMAKE_PREFIX_PATH=${CMAKE_PREFIX_PATH}:/opt/ros/humble /usr/bin/cmake --build /home/tayya/cpp_pkg/build/cpp_package -- -j8 -l8
[10.184s] Invoking command in '/home/tayya/cpp_pkg/build/cpp_package': CMAKE_PREFIX_PATH=${CMAKE_PREFIX_PATH}:/opt/ros/humble /usr/bin/cmake --install /home/tayya/cpp_pkg/build/cpp_package
[10.202s] -- Install configuration: ""
[10.202s] -- Up-to-date: /home/tayya/cpp_pkg/install/cpp_package/share/ament_index/resource_index/rosidl_interfaces/cpp_package
[10.203s] -- Up-to-date: /home/tayya/cpp_pkg/install/cpp_package/include/cpp_package/cpp_package
[10.203s] -- Up-to-date: /home/tayya/cpp_pkg/install/cpp_package/include/cpp_package/cpp_package/msg
[10.203s] -- Up-to-date: /home/tayya/cpp_pkg/install/cpp_package/include/cpp_package/cpp_package/msg/rosidl_generator_c__visibility_control.h
[10.204s] -- Up-to-date: /home/tayya/cpp_pkg/install/cpp_package/include/cpp_package/cpp_package/srv
[10.204s] -- Up-to-date: /home/tayya/cpp_pkg/install/cpp_package/include/cpp_package/cpp_package/srv/detail
[10.205s] -- Up-to-date: /home/tayya/cpp_pkg/install/cpp_package/include/cpp_package/cpp_package/srv/detail/say_name__functions.c
[10.205s] -- Up-to-date: /home/tayya/cpp_pkg/install/cpp_package/include/cpp_package/cpp_package/srv/detail/say_name__functions.h
[10.205s] -- Up-to-date: /home/tayya/cpp_pkg/install/cpp_package/include/cpp_package/cpp_package/srv/detail/capital_full_name__functions.h
[10.206s] -- Up-to-date: /home/tayya/cpp_pkg/install/cpp_package/include/cpp_package/cpp_package/srv/detail/say_name__struct.h
[10.206s] -- Up-to-date: /home/tayya/cpp_pkg/install/cpp_package/include/cpp_package/cpp_package/srv/detail/capital_full_name__struct.h
[10.207s] -- Up-to-date: /home/tayya/cpp_pkg/install/cpp_package/include/cpp_package/cpp_package/srv/detail/capital_full_name__functions.c
[10.207s] -- Up-to-date: /home/tayya/cpp_pkg/install/cpp_package/include/cpp_package/cpp_package/srv/detail/capital_full_name__type_support.h
[10.208s] -- Up-to-date: /home/tayya/cpp_pkg/install/cpp_package/include/cpp_package/cpp_package/srv/detail/say_name__type_support.h
[10.208s] -- Up-to-date: /home/tayya/cpp_pkg/install/cpp_package/include/cpp_package/cpp_package/srv/capital_full_name.h
[10.208s] -- Up-to-date: /home/tayya/cpp_pkg/install/cpp_package/include/cpp_package/cpp_package/srv/say_name.h
[10.208s] -- Up-to-date: /home/tayya/cpp_pkg/install/cpp_package/share/cpp_package/environment/library_path.sh
[10.209s] -- Up-to-date: /home/tayya/cpp_pkg/install/cpp_package/share/cpp_package/environment/library_path.dsv
[10.209s] -- Up-to-date: /home/tayya/cpp_pkg/install/cpp_package/lib/libcpp_package__rosidl_generator_c.so
[10.209s] -- Up-to-date: /home/tayya/cpp_pkg/install/cpp_package/include/cpp_package/cpp_package
[10.210s] -- Up-to-date: /home/tayya/cpp_pkg/install/cpp_package/include/cpp_package/cpp_package/msg
[10.210s] -- Up-to-date: /home/tayya/cpp_pkg/install/cpp_package/include/cpp_package/cpp_package/msg/rosidl_typesupport_fastrtps_c__visibility_control.h
[10.210s] -- Up-to-date: /home/tayya/cpp_pkg/install/cpp_package/include/cpp_package/cpp_package/srv
[10.210s] -- Up-to-date: /home/tayya/cpp_pkg/install/cpp_package/include/cpp_package/cpp_package/srv/detail
[10.211s] -- Up-to-date: /home/tayya/cpp_pkg/install/cpp_package/include/cpp_package/cpp_package/srv/detail/capital_full_name__rosidl_typesupport_fastrtps_c.h
[10.211s] -- Up-to-date: /home/tayya/cpp_pkg/install/cpp_package/include/cpp_package/cpp_package/srv/detail/say_name__rosidl_typesupport_fastrtps_c.h
[10.211s] -- Up-to-date: /home/tayya/cpp_pkg/install/cpp_package/lib/libcpp_package__rosidl_typesupport_fastrtps_c.so
[10.212s] -- Up-to-date: /home/tayya/cpp_pkg/install/cpp_package/include/cpp_package/cpp_package
[10.212s] -- Up-to-date: /home/tayya/cpp_pkg/install/cpp_package/include/cpp_package/cpp_package/msg
[10.212s] -- Up-to-date: /home/tayya/cpp_pkg/install/cpp_package/include/cpp_package/cpp_package/msg/rosidl_generator_cpp__visibility_control.hpp
[10.212s] -- Up-to-date: /home/tayya/cpp_pkg/install/cpp_package/include/cpp_package/cpp_package/srv
[10.213s] -- Up-to-date: /home/tayya/cpp_pkg/install/cpp_package/include/cpp_package/cpp_package/srv/say_name.hpp
[10.213s] -- Up-to-date: /home/tayya/cpp_pkg/install/cpp_package/include/cpp_package/cpp_package/srv/detail
[10.213s] -- Up-to-date: /home/tayya/cpp_pkg/install/cpp_package/include/cpp_package/cpp_package/srv/detail/say_name__type_support.hpp
[10.214s] -- Up-to-date: /home/tayya/cpp_pkg/install/cpp_package/include/cpp_package/cpp_package/srv/detail/say_name__builder.hpp
[10.214s] -- Up-to-date: /home/tayya/cpp_pkg/install/cpp_package/include/cpp_package/cpp_package/srv/detail/say_name__traits.hpp
[10.214s] -- Up-to-date: /home/tayya/cpp_pkg/install/cpp_package/include/cpp_package/cpp_package/srv/detail/say_name__struct.hpp
[10.214s] -- Up-to-date: /home/tayya/cpp_pkg/install/cpp_package/include/cpp_package/cpp_package/srv/detail/capital_full_name__builder.hpp
[10.215s] -- Up-to-date: /home/tayya/cpp_pkg/install/cpp_package/include/cpp_package/cpp_package/srv/detail/capital_full_name__struct.hpp
[10.215s] -- Up-to-date: /home/tayya/cpp_pkg/install/cpp_package/include/cpp_package/cpp_package/srv/detail/capital_full_name__traits.hpp
[10.215s] -- Up-to-date: /home/tayya/cpp_pkg/install/cpp_package/include/cpp_package/cpp_package/srv/detail/capital_full_name__type_support.hpp
[10.216s] -- Up-to-date: /home/tayya/cpp_pkg/install/cpp_package/include/cpp_package/cpp_package/srv/capital_full_name.hpp
[10.216s] -- Up-to-date: /home/tayya/cpp_pkg/install/cpp_package/include/cpp_package/cpp_package
[10.216s] -- Up-to-date: /home/tayya/cpp_pkg/install/cpp_package/include/cpp_package/cpp_package/msg
[10.216s] -- Up-to-date: /home/tayya/cpp_pkg/install/cpp_package/include/cpp_package/cpp_package/msg/rosidl_typesupport_fastrtps_cpp__visibility_control.h
[10.217s] -- Up-to-date: /home/tayya/cpp_pkg/install/cpp_package/include/cpp_package/cpp_package/srv
[10.217s] -- Up-to-date: /home/tayya/cpp_pkg/install/cpp_package/include/cpp_package/cpp_package/srv/detail
[10.217s] -- Up-to-date: /home/tayya/cpp_pkg/install/cpp_package/include/cpp_package/cpp_package/srv/detail/say_name__rosidl_typesupport_fastrtps_cpp.hpp
[10.217s] -- Up-to-date: /home/tayya/cpp_pkg/install/cpp_package/include/cpp_package/cpp_package/srv/detail/capital_full_name__rosidl_typesupport_fastrtps_cpp.hpp
[10.217s] -- Up-to-date: /home/tayya/cpp_pkg/install/cpp_package/include/cpp_package/cpp_package/srv/detail/dds_fastrtps
[10.218s] -- Up-to-date: /home/tayya/cpp_pkg/install/cpp_package/lib/libcpp_package__rosidl_typesupport_fastrtps_cpp.so
[10.218s] -- Up-to-date: /home/tayya/cpp_pkg/install/cpp_package/include/cpp_package/cpp_package
[10.218s] -- Up-to-date: /home/tayya/cpp_pkg/install/cpp_package/include/cpp_package/cpp_package/msg
[10.218s] -- Up-to-date: /home/tayya/cpp_pkg/install/cpp_package/include/cpp_package/cpp_package/msg/rosidl_typesupport_introspection_c__visibility_control.h
[10.218s] -- Up-to-date: /home/tayya/cpp_pkg/install/cpp_package/include/cpp_package/cpp_package/srv
[10.219s] -- Up-to-date: /home/tayya/cpp_pkg/install/cpp_package/include/cpp_package/cpp_package/srv/detail
[10.219s] -- Up-to-date: /home/tayya/cpp_pkg/install/cpp_package/include/cpp_package/cpp_package/srv/detail/capital_full_name__rosidl_typesupport_introspection_c.h
[10.219s] -- Up-to-date: /home/tayya/cpp_pkg/install/cpp_package/include/cpp_package/cpp_package/srv/detail/say_name__type_support.c
[10.219s] -- Up-to-date: /home/tayya/cpp_pkg/install/cpp_package/include/cpp_package/cpp_package/srv/detail/say_name__rosidl_typesupport_introspection_c.h
[10.219s] -- Up-to-date: /home/tayya/cpp_pkg/install/cpp_package/include/cpp_package/cpp_package/srv/detail/capital_full_name__type_support.c
[10.220s] -- Up-to-date: /home/tayya/cpp_pkg/install/cpp_package/lib/libcpp_package__rosidl_typesupport_introspection_c.so
[10.220s] -- Up-to-date: /home/tayya/cpp_pkg/install/cpp_package/lib/libcpp_package__rosidl_typesupport_c.so
[10.220s] -- Up-to-date: /home/tayya/cpp_pkg/install/cpp_package/include/cpp_package/cpp_package
[10.220s] -- Up-to-date: /home/tayya/cpp_pkg/install/cpp_package/include/cpp_package/cpp_package/srv
[10.220s] -- Up-to-date: /home/tayya/cpp_pkg/install/cpp_package/include/cpp_package/cpp_package/srv/detail
[10.221s] -- Up-to-date: /home/tayya/cpp_pkg/install/cpp_package/include/cpp_package/cpp_package/srv/detail/say_name__rosidl_typesupport_introspection_cpp.hpp
[10.221s] -- Up-to-date: /home/tayya/cpp_pkg/install/cpp_package/include/cpp_package/cpp_package/srv/detail/say_name__type_support.cpp
[10.221s] -- Up-to-date: /home/tayya/cpp_pkg/install/cpp_package/include/cpp_package/cpp_package/srv/detail/capital_full_name__rosidl_typesupport_introspection_cpp.hpp
[10.221s] -- Up-to-date: /home/tayya/cpp_pkg/install/cpp_package/include/cpp_package/cpp_package/srv/detail/capital_full_name__type_support.cpp
[10.221s] -- Up-to-date: /home/tayya/cpp_pkg/install/cpp_package/lib/libcpp_package__rosidl_typesupport_introspection_cpp.so
[10.222s] -- Up-to-date: /home/tayya/cpp_pkg/install/cpp_package/lib/libcpp_package__rosidl_typesupport_cpp.so
[10.222s] -- Up-to-date: /home/tayya/cpp_pkg/install/cpp_package/share/cpp_package/environment/pythonpath.sh
[10.222s] -- Up-to-date: /home/tayya/cpp_pkg/install/cpp_package/share/cpp_package/environment/pythonpath.dsv
[10.222s] -- Up-to-date: /home/tayya/cpp_pkg/install/cpp_package/local/lib/python3.10/dist-packages/cpp_package-0.0.0-py3.10.egg-info
[10.223s] -- Installing: /home/tayya/cpp_pkg/install/cpp_package/local/lib/python3.10/dist-packages/cpp_package-0.0.0-py3.10.egg-info/top_level.txt
[10.223s] -- Installing: /home/tayya/cpp_pkg/install/cpp_package/local/lib/python3.10/dist-packages/cpp_package-0.0.0-py3.10.egg-info/SOURCES.txt
[10.223s] -- Installing: /home/tayya/cpp_pkg/install/cpp_package/local/lib/python3.10/dist-packages/cpp_package-0.0.0-py3.10.egg-info/PKG-INFO
[10.224s] -- Installing: /home/tayya/cpp_pkg/install/cpp_package/local/lib/python3.10/dist-packages/cpp_package-0.0.0-py3.10.egg-info/dependency_links.txt
[10.224s] -- Up-to-date: /home/tayya/cpp_pkg/install/cpp_package/local/lib/python3.10/dist-packages/cpp_package
[10.224s] -- Up-to-date: /home/tayya/cpp_pkg/install/cpp_package/local/lib/python3.10/dist-packages/cpp_package/__init__.py
[10.224s] -- Up-to-date: /home/tayya/cpp_pkg/install/cpp_package/local/lib/python3.10/dist-packages/cpp_package/_cpp_package_s.ep.rosidl_typesupport_fastrtps_c.c
[10.224s] -- Up-to-date: /home/tayya/cpp_pkg/install/cpp_package/local/lib/python3.10/dist-packages/cpp_package/_cpp_package_s.ep.rosidl_typesupport_introspection_c.c
[10.225s] -- Up-to-date: /home/tayya/cpp_pkg/install/cpp_package/local/lib/python3.10/dist-packages/cpp_package/cpp_package_s__rosidl_typesupport_c.cpython-310-x86_64-linux-gnu.so
[10.225s] -- Up-to-date: /home/tayya/cpp_pkg/install/cpp_package/local/lib/python3.10/dist-packages/cpp_package/cpp_package_s__rosidl_typesupport_introspection_c.cpython-310-x86_64-linux-gnu.so
[10.225s] -- Up-to-date: /home/tayya/cpp_pkg/install/cpp_package/local/lib/python3.10/dist-packages/cpp_package/_cpp_package_s.ep.rosidl_typesupport_c.c
[10.225s] -- Up-to-date: /home/tayya/cpp_pkg/install/cpp_package/local/lib/python3.10/dist-packages/cpp_package/libcpp_package__rosidl_generator_py.so
[10.226s] -- Up-to-date: /home/tayya/cpp_pkg/install/cpp_package/local/lib/python3.10/dist-packages/cpp_package/cpp_package_s__rosidl_typesupport_fastrtps_c.cpython-310-x86_64-linux-gnu.so
[10.226s] -- Up-to-date: /home/tayya/cpp_pkg/install/cpp_package/local/lib/python3.10/dist-packages/cpp_package/srv
[10.226s] -- Up-to-date: /home/tayya/cpp_pkg/install/cpp_package/local/lib/python3.10/dist-packages/cpp_package/srv/_say_name.py
[10.226s] -- Up-to-date: /home/tayya/cpp_pkg/install/cpp_package/local/lib/python3.10/dist-packages/cpp_package/srv/_capital_full_name_s.c
[10.226s] -- Up-to-date: /home/tayya/cpp_pkg/install/cpp_package/local/lib/python3.10/dist-packages/cpp_package/srv/__init__.py
[10.227s] -- Up-to-date: /home/tayya/cpp_pkg/install/cpp_package/local/lib/python3.10/dist-packages/cpp_package/srv/_capital_full_name.py
[10.227s] -- Up-to-date: /home/tayya/cpp_pkg/install/cpp_package/local/lib/python3.10/dist-packages/cpp_package/srv/_say_name_s.c
[10.284s] Listing '/home/tayya/cpp_pkg/install/cpp_package/local/lib/python3.10/dist-packages/cpp_package'...
[10.285s] Listing '/home/tayya/cpp_pkg/install/cpp_package/local/lib/python3.10/dist-packages/cpp_package/srv'...
[10.294s] -- Up-to-date: /home/tayya/cpp_pkg/install/cpp_package/local/lib/python3.10/dist-packages/cpp_package/cpp_package_s__rosidl_typesupport_fastrtps_c.cpython-310-x86_64-linux-gnu.so
[10.295s] -- Up-to-date: /home/tayya/cpp_pkg/install/cpp_package/local/lib/python3.10/dist-packages/cpp_package/cpp_package_s__rosidl_typesupport_introspection_c.cpython-310-x86_64-linux-gnu.so
[10.295s] -- Up-to-date: /home/tayya/cpp_pkg/install/cpp_package/local/lib/python3.10/dist-packages/cpp_package/cpp_package_s__rosidl_typesupport_c.cpython-310-x86_64-linux-gnu.so
[10.296s] -- Up-to-date: /home/tayya/cpp_pkg/install/cpp_package/lib/libcpp_package__rosidl_generator_py.so
[10.297s] -- Up-to-date: /home/tayya/cpp_pkg/install/cpp_package/share/cpp_package/srv/CapitalFullName.idl
[10.297s] -- Up-to-date: /home/tayya/cpp_pkg/install/cpp_package/share/cpp_package/srv/CapitalFullName.srv
[10.297s] -- Up-to-date: /home/tayya/cpp_pkg/install/cpp_package/share/cpp_package/srv/CapitalFullName_Request.msg
[10.298s] -- Up-to-date: /home/tayya/cpp_pkg/install/cpp_package/share/cpp_package/srv/CapitalFullName_Response.msg
[10.298s] -- Up-to-date: /home/tayya/cpp_pkg/install/cpp_package/lib/cpp_package/cpp_try
[10.298s] -- Up-to-date: /home/tayya/cpp_pkg/install/cpp_package/lib/cpp_package/cpp_try2
[10.299s] -- Up-to-date: /home/tayya/cpp_pkg/install/cpp_package/lib/cpp_package/subscriber
[10.300s] -- Up-to-date: /home/tayya/cpp_pkg/install/cpp_package/lib/cpp_package/publisher
[10.301s] -- Up-to-date: /home/tayya/cpp_pkg/install/cpp_package/lib/cpp_package/service
[10.301s] -- Up-to-date: /home/tayya/cpp_pkg/install/cpp_package/lib/cpp_package/client
[10.302s] -- Up-to-date: /home/tayya/cpp_pkg/install/cpp_package/lib/cpp_package/service_class
[10.302s] -- Installing: /home/tayya/cpp_pkg/install/cpp_package/lib/cpp_package/client_class
[10.304s] -- Set runtime path of "/home/tayya/cpp_pkg/install/cpp_package/lib/cpp_package/client_class" to ""
[10.305s] -- Up-to-date: /home/tayya/cpp_pkg/install/cpp_package/share/ament_index/resource_index/package_run_dependencies/cpp_package
[10.305s] -- Up-to-date: /home/tayya/cpp_pkg/install/cpp_package/share/ament_index/resource_index/parent_prefix_path/cpp_package
[10.305s] -- Up-to-date: /home/tayya/cpp_pkg/install/cpp_package/share/cpp_package/environment/ament_prefix_path.sh
[10.306s] -- Up-to-date: /home/tayya/cpp_pkg/install/cpp_package/share/cpp_package/environment/ament_prefix_path.dsv
[10.306s] -- Up-to-date: /home/tayya/cpp_pkg/install/cpp_package/share/cpp_package/environment/path.sh
[10.306s] -- Up-to-date: /home/tayya/cpp_pkg/install/cpp_package/share/cpp_package/environment/path.dsv
[10.306s] -- Up-to-date: /home/tayya/cpp_pkg/install/cpp_package/share/cpp_package/local_setup.bash
[10.307s] -- Up-to-date: /home/tayya/cpp_pkg/install/cpp_package/share/cpp_package/local_setup.sh
[10.307s] -- Up-to-date: /home/tayya/cpp_pkg/install/cpp_package/share/cpp_package/local_setup.zsh
[10.307s] -- Up-to-date: /home/tayya/cpp_pkg/install/cpp_package/share/cpp_package/local_setup.dsv
[10.308s] -- Installing: /home/tayya/cpp_pkg/install/cpp_package/share/cpp_package/package.dsv
[10.308s] -- Up-to-date: /home/tayya/cpp_pkg/install/cpp_package/share/ament_index/resource_index/packages/cpp_package
[10.308s] -- Up-to-date: /home/tayya/cpp_pkg/install/cpp_package/share/cpp_package/cmake/export_cpp_package__rosidl_generator_cExport.cmake
[10.309s] -- Up-to-date: /home/tayya/cpp_pkg/install/cpp_package/share/cpp_package/cmake/export_cpp_package__rosidl_generator_cExport-noconfig.cmake
[10.309s] -- Up-to-date: /home/tayya/cpp_pkg/install/cpp_package/share/cpp_package/cmake/export_cpp_package__rosidl_typesupport_fastrtps_cExport.cmake
[10.309s] -- Up-to-date: /home/tayya/cpp_pkg/install/cpp_package/share/cpp_package/cmake/export_cpp_package__rosidl_typesupport_fastrtps_cExport-noconfig.cmake
[10.309s] -- Up-to-date: /home/tayya/cpp_pkg/install/cpp_package/share/cpp_package/cmake/export_cpp_package__rosidl_generator_cppExport.cmake
[10.310s] -- Up-to-date: /home/tayya/cpp_pkg/install/cpp_package/share/cpp_package/cmake/export_cpp_package__rosidl_typesupport_fastrtps_cppExport.cmake
[10.310s] -- Up-to-date: /home/tayya/cpp_pkg/install/cpp_package/share/cpp_package/cmake/export_cpp_package__rosidl_typesupport_fastrtps_cppExport-noconfig.cmake
[10.310s] -- Up-to-date: /home/tayya/cpp_pkg/install/cpp_package/share/cpp_package/cmake/cpp_package__rosidl_typesupport_introspection_cExport.cmake
[10.310s] -- Up-to-date: /home/tayya/cpp_pkg/install/cpp_package/share/cpp_package/cmake/cpp_package__rosidl_typesupport_introspection_cExport-noconfig.cmake
[10.311s] -- Up-to-date: /home/tayya/cpp_pkg/install/cpp_package/share/cpp_package/cmake/cpp_package__rosidl_typesupport_cExport.cmake
[10.311s] -- Up-to-date: /home/tayya/cpp_pkg/install/cpp_package/share/cpp_package/cmake/cpp_package__rosidl_typesupport_cExport-noconfig.cmake
[10.311s] -- Up-to-date: /home/tayya/cpp_pkg/install/cpp_package/share/cpp_package/cmake/cpp_package__rosidl_typesupport_introspection_cppExport.cmake
[10.311s] -- Up-to-date: /home/tayya/cpp_pkg/install/cpp_package/share/cpp_package/cmake/cpp_package__rosidl_typesupport_introspection_cppExport-noconfig.cmake
[10.312s] -- Up-to-date: /home/tayya/cpp_pkg/install/cpp_package/share/cpp_package/cmake/cpp_package__rosidl_typesupport_cppExport.cmake
[10.312s] -- Up-to-date: /home/tayya/cpp_pkg/install/cpp_package/share/cpp_package/cmake/cpp_package__rosidl_typesupport_cppExport-noconfig.cmake
[10.313s] -- Up-to-date: /home/tayya/cpp_pkg/install/cpp_package/share/cpp_package/cmake/export_cpp_package__rosidl_generator_pyExport.cmake
[10.313s] -- Up-to-date: /home/tayya/cpp_pkg/install/cpp_package/share/cpp_package/cmake/export_cpp_package__rosidl_generator_pyExport-noconfig.cmake
[10.313s] -- Up-to-date: /home/tayya/cpp_pkg/install/cpp_package/share/cpp_package/cmake/rosidl_cmake-extras.cmake
[10.314s] -- Up-to-date: /home/tayya/cpp_pkg/install/cpp_package/share/cpp_package/cmake/ament_cmake_export_dependencies-extras.cmake
[10.316s] -- Up-to-date: /home/tayya/cpp_pkg/install/cpp_package/share/cpp_package/cmake/ament_cmake_export_include_directories-extras.cmake
[10.316s] -- Up-to-date: /home/tayya/cpp_pkg/install/cpp_package/share/cpp_package/cmake/ament_cmake_export_libraries-extras.cmake
[10.316s] -- Up-to-date: /home/tayya/cpp_pkg/install/cpp_package/share/cpp_package/cmake/ament_cmake_export_targets-extras.cmake
[10.317s] -- Up-to-date: /home/tayya/cpp_pkg/install/cpp_package/share/cpp_package/cmake/rosidl_cmake_export_typesupport_targets-extras.cmake
[10.317s] -- Up-to-date: /home/tayya/cpp_pkg/install/cpp_package/share/cpp_package/cmake/rosidl_cmake_export_typesupport_libraries-extras.cmake
[10.317s] -- Up-to-date: /home/tayya/cpp_pkg/install/cpp_package/share/cpp_package/cmake/cpp_packageConfig.cmake
[10.317s] -- Up-to-date: /home/tayya/cpp_pkg/install/cpp_package/share/cpp_package/cmake/cpp_packageConfig-version.cmake
[10.318s] -- Up-to-date: /home/tayya/cpp_pkg/install/cpp_package/share/cpp_package/package.xml
[10.318s] Invoked command in '/home/tayya/cpp_pkg/build/cpp_package' returned '0': CMAKE_PREFIX_PATH=${CMAKE_PREFIX_PATH}:/opt/ros/humble /usr/bin/cmake --install /home/tayya/cpp_pkg/build/cpp_package
