[  6%] Built target cpp_package__rosidl_generator_c
[  8%] Built target cpp_package__cpp
[ 12%] Built target service
[ 17%] Built target cpp_try
[ 21%] Built target cpp_try2
[ 21%] Built target ament_cmake_python_copy_cpp_package
[ 25%] Built target subscriber
[ 29%] Built target publisher
[ 36%] Built target cpp_package__rosidl_typesupport_cpp
[ 40%] Built target client
[ 46%] Built target cpp_package__rosidl_typesupport_c
[ 53%] Built target cpp_package__rosidl_typesupport_fastrtps_cpp
[ 59%] Built target cpp_package__rosidl_typesupport_fastrtps_c
[ 65%] Built target cpp_package__rosidl_typesupport_introspection_c
[ 72%] Built target cpp_package__rosidl_typesupport_introspection_cpp
[ 72%] Built target cpp_package
[35m[1mConsolidate compiler generated dependencies of target service_class[0m
[ 74%] Built target cpp_package__py
[ 76%] [32mBuilding CXX object CMakeFiles/client_class.dir/src/client_class.cpp.o[0m
[ 78%] [32mBuilding CXX object CMakeFiles/service_class.dir/src/service_class.cpp.o[0m
[ 82%] Built target cpp_package__rosidl_generator_py
[ 87%] Built target cpp_package__rosidl_typesupport_fastrtps_c__pyext
[ 91%] Built target cpp_package__rosidl_typesupport_introspection_c__pyext
[ 95%] Built target cpp_package__rosidl_typesupport_c__pyext
running egg_info
writing cpp_package.egg-info/PKG-INFO
writing dependency_links to cpp_package.egg-info/dependency_links.txt
writing top-level names to cpp_package.egg-info/top_level.txt
reading manifest file 'cpp_package.egg-info/SOURCES.txt'
writing manifest file 'cpp_package.egg-info/SOURCES.txt'
[ 95%] Built target ament_cmake_python_build_cpp_package_egg
[01m[K/home/tayya/cpp_pkg/src/cpp_package/src/client_class.cpp:15:27:[m[K [01;31m[Kerror: [m[Kexpected ‘[01m[K)[m[K’ before string constant
   15 |         MyClientNode(Node[34m[K([m[K[01;31m[K"[m[K[32m[Kclient_node"[m[K),name_(passedName) , surname_(passedSurname)){
      |                          [34m[K~[m[K[01;31m[K^[m[K[32m[K~~~~~~~~~~~~[m[K
      |                           [32m[K)[m[K
[01m[K/home/tayya/cpp_pkg/src/cpp_package/src/client_class.cpp:15:27:[m[K [01;31m[Kerror: [m[Kexpected ‘[01m[K)[m[K’ before string constant
   15 |         MyClientNode[34m[K([m[KNode([01;31m[K"[m[K[32m[Kclient_node"[m[K),name_(passedName) , surname_(passedSurname)){
      |                     [34m[K~[m[K     [01;31m[K^[m[K[32m[K~~~~~~~~~~~~[m[K
      |                           [32m[K)[m[K
[01m[K/home/tayya/cpp_pkg/src/cpp_package/src/client_class.cpp:15:26:[m[K [01;31m[Kerror: [m[Kexpected ‘[01m[K;[m[K’ at end of member declaration
   15 |         MyClientNode(Node[01;31m[K([m[K"client_node"),name_(passedName) , surname_(passedSurname)){
      |                          [01;31m[K^[m[K
      |                           [32m[K;[m[K
[01m[K/home/tayya/cpp_pkg/src/cpp_package/src/client_class.cpp:15:27:[m[K [01;31m[Kerror: [m[Kexpected unqualified-id before string constant
   15 |         MyClientNode(Node([01;31m[K"client_node"[m[K),name_(passedName) , surname_(passedSurname)){
      |                           [01;31m[K^~~~~~~~~~~~~[m[K
gmake[2]: *** [CMakeFiles/client_class.dir/build.make:76: CMakeFiles/client_class.dir/src/client_class.cpp.o] Error 1
gmake[1]: *** [CMakeFiles/Makefile2:792: CMakeFiles/client_class.dir/all] Error 2
gmake[1]: *** Waiting for unfinished jobs....
[ 97%] [32m[1mLinking CXX executable service_class[0m
[ 97%] Built target service_class
gmake: *** [Makefile:146: all] Error 2
