[0.025s] Invoking command in '/home/tayya/cpp_pkg/build/cpp_package': CMAKE_PREFIX_PATH=${CMAKE_PREFIX_PATH}:/opt/ros/humble /usr/bin/cmake --build /home/tayya/cpp_pkg/build/cpp_package -- -j8 -l8
[0.106s] -- Found ament_cmake: 1.3.11 (/opt/ros/humble/share/ament_cmake/cmake)
[0.415s] -- Found rclcpp: 16.0.11 (/opt/ros/humble/share/rclcpp/cmake)
[0.493s] -- Found rosidl_generator_c: 3.1.6 (/opt/ros/humble/share/rosidl_generator_c/cmake)
[0.499s] -- Found rosidl_adapter: 3.1.6 (/opt/ros/humble/share/rosidl_adapter/cmake)
[0.514s] -- Found rosidl_generator_cpp: 3.1.6 (/opt/ros/humble/share/rosidl_generator_cpp/cmake)
[0.538s] -- Using all available rosidl_typesupport_c: rosidl_typesupport_fastrtps_c;rosidl_typesupport_introspection_c
[0.569s] -- Using all available rosidl_typesupport_cpp: rosidl_typesupport_fastrtps_cpp;rosidl_typesupport_introspection_cpp
[0.650s] -- Found rmw_implementation_cmake: 6.1.2 (/opt/ros/humble/share/rmw_implementation_cmake/cmake)
[0.654s] -- Found rmw_fastrtps_cpp: 6.2.7 (/opt/ros/humble/share/rmw_fastrtps_cpp/cmake)
[0.873s] -- Using RMW implementation 'rmw_fastrtps_cpp' as default
[1.157s] -- Configuring done
[1.200s] -- Generating done
[1.218s] -- Build files have been written to: /home/tayya/cpp_pkg/build/cpp_package
[1.270s] [35m[1mConsolidate compiler generated dependencies of target cpp_try[0m
[1.270s] [35m[1mConsolidate compiler generated dependencies of target subscriber[0m
[1.275s] [35m[1mConsolidate compiler generated dependencies of target cpp_try2[0m
[1.275s] [35m[1mConsolidate compiler generated dependencies of target publisher[0m
[1.302s] [ 10%] [32mBuilding CXX object CMakeFiles/service.dir/src/service.cpp.o[0m
[1.307s] [ 20%] [32mBuilding CXX object CMakeFiles/subscriber.dir/src/subscriber.cpp.o[0m
[1.317s] [ 30%] [32mBuilding CXX object CMakeFiles/publisher.dir/src/publisher.cpp.o[0m
[1.320s] [ 40%] [32mBuilding CXX object CMakeFiles/cpp_try.dir/src/cpp_try.cpp.o[0m
[1.321s] [ 60%] Built target cpp_try2
[1.944s] [01m[K/home/tayya/cpp_pkg/src/cpp_package/src/service.cpp:2:10:[m[K [01;31m[Kfatal error: [m[Kexample_interfaces/srv/add_two_ints.hpp: No such file or directory
[1.944s]     2 | #include [01;31m[K"example_interfaces/srv/add_two_ints.hpp"[m[K
[1.945s]       |          [01;31m[K^~~~~~~~~~~~~~~~~~~~~~~~~~~~~~~~~~~~~~~~~[m[K
[1.945s] compilation terminated.
[1.952s] gmake[2]: *** [CMakeFiles/service.dir/build.make:76: CMakeFiles/service.dir/src/service.cpp.o] Error 1
[1.952s] gmake[1]: *** [CMakeFiles/Makefile2:249: CMakeFiles/service.dir/all] Error 2
[1.952s] gmake[1]: *** Waiting for unfinished jobs....
[12.299s] [ 70%] [32m[1mLinking CXX executable publisher[0m
[12.345s] [ 80%] [32m[1mLinking CXX executable cpp_try[0m
[12.834s] [ 80%] Built target cpp_try
[12.834s] [ 80%] Built target publisher
[20.509s] [ 90%] [32m[1mLinking CXX executable subscriber[0m
[21.363s] [ 90%] Built target subscriber
[21.366s] gmake: *** [Makefile:146: all] Error 2
[21.370s] Invoked command in '/home/tayya/cpp_pkg/build/cpp_package' returned '2': CMAKE_PREFIX_PATH=${CMAKE_PREFIX_PATH}:/opt/ros/humble /usr/bin/cmake --build /home/tayya/cpp_pkg/build/cpp_package -- -j8 -l8
