-- Found ament_cmake: 1.3.11 (/opt/ros/humble/share/ament_cmake/cmake)
-- Found rclcpp: 16.0.11 (/opt/ros/humble/share/rclcpp/cmake)
-- Found rosidl_generator_c: 3.1.6 (/opt/ros/humble/share/rosidl_generator_c/cmake)
-- Found rosidl_adapter: 3.1.6 (/opt/ros/humble/share/rosidl_adapter/cmake)
-- Found rosidl_generator_cpp: 3.1.6 (/opt/ros/humble/share/rosidl_generator_cpp/cmake)
-- Using all available rosidl_typesupport_c: rosidl_typesupport_fastrtps_c;rosidl_typesupport_introspection_c
-- Using all available rosidl_typesupport_cpp: rosidl_typesupport_fastrtps_cpp;rosidl_typesupport_introspection_cpp
-- Found rmw_implementation_cmake: 6.1.2 (/opt/ros/humble/share/rmw_implementation_cmake/cmake)
-- Found rmw_fastrtps_cpp: 6.2.7 (/opt/ros/humble/share/rmw_fastrtps_cpp/cmake)
-- Using RMW implementation 'rmw_fastrtps_cpp' as default
-- Found example_interfaces: 0.9.3 (/opt/ros/humble/share/example_interfaces/cmake)
-- Found rosidl_default_generators: 1.2.0 (/opt/ros/humble/share/rosidl_default_generators/cmake)
-- Found ament_cmake_ros: 0.10.0 (/opt/ros/humble/share/ament_cmake_ros/cmake)
-- Using all available rosidl_typesupport_c: rosidl_typesupport_fastrtps_c;rosidl_typesupport_introspection_c
-- Using all available rosidl_typesupport_cpp: rosidl_typesupport_fastrtps_cpp;rosidl_typesupport_introspection_cpp
-- Found python_cmake_module: 0.10.0 (/opt/ros/humble/share/python_cmake_module/cmake)
-- Using PYTHON_EXECUTABLE: /usr/bin/python3
-- Using PYTHON_INCLUDE_DIRS: /usr/include/python3.10
-- Using PYTHON_LIBRARIES: /usr/lib/x86_64-linux-gnu/libpython3.10.so
-- Found ament_lint_auto: 0.12.11 (/opt/ros/humble/share/ament_lint_auto/cmake)
-- Added test 'copyright' to check source files copyright and LICENSE
-- Added test 'cppcheck' to perform static code analysis on C / C++ code
-- Configured cppcheck include dirs: $<BUILD_INTERFACE:/home/tayya/cpp_pkg/src/cpp_package/include>
-- Configured cppcheck exclude dirs and/or files: 
-- Added test 'cpplint' to check C / C++ code against the Google style
-- Configured cpplint exclude dirs and/or files: 
-- Added test 'lint_cmake' to check CMake code style
-- Added test 'uncrustify' to check C / C++ code style
-- Configured uncrustify additional arguments: 
-- Added test 'xmllint' to check XML markup files
-- Configuring done
-- Generating done
-- Build files have been written to: /home/tayya/cpp_pkg/build/cpp_package
[35m[1mConsolidate compiler generated dependencies of target cpp_package__rosidl_generator_c[0m
[35m[1mConsolidate compiler generated dependencies of target cpp_try[0m
[35m[1mConsolidate compiler generated dependencies of target cpp_try2[0m
[35m[1mConsolidate compiler generated dependencies of target publisher[0m
[35m[1mConsolidate compiler generated dependencies of target subscriber[0m
[35m[1mConsolidate compiler generated dependencies of target service[0m
[  2%] Built target cpp_package__cpp
[  8%] Built target cpp_package__rosidl_generator_c
[  8%] Built target ament_cmake_python_copy_cpp_package
[ 12%] Built target publisher
[ 17%] Built target cpp_try2
[35m[1mConsolidate compiler generated dependencies of target service_class[0m
[ 21%] Built target cpp_try
[ 25%] Built target subscriber
[ 29%] Built target service
[35m[1mConsolidate compiler generated dependencies of target client[0m
[ 31%] [34m[1mGenerating C++ type support dispatch for ROS interfaces[0m
[ 34%] [34m[1mGenerating C type support dispatch for ROS interfaces[0m
[ 36%] [32mBuilding CXX object CMakeFiles/service_class.dir/src/service_class.cpp.o[0m
[ 38%] [34m[1mGenerating C++ type support for eProsima Fast-RTPS[0m
[35m[1mConsolidate compiler generated dependencies of target client_class[0m
[ 40%] [34m[1mGenerating C introspection for ROS interfaces[0m
[ 42%] [34m[1mGenerating C type support for eProsima Fast-RTPS[0m
[ 46%] Built target client
[ 48%] [32m[1mLinking CXX executable client_class[0m
[ 51%] [34m[1mGenerating C++ introspection for ROS interfaces[0m
[ 53%] [32mBuilding CXX object CMakeFiles/cpp_package__rosidl_typesupport_cpp.dir/rosidl_typesupport_cpp/cpp_package/srv/capital_full_name__type_support.cpp.o[0m
[ 55%] [32mBuilding CXX object CMakeFiles/cpp_package__rosidl_typesupport_c.dir/rosidl_typesupport_c/cpp_package/srv/capital_full_name__type_support.cpp.o[0m
[ 57%] [32mBuilding CXX object CMakeFiles/cpp_package__rosidl_typesupport_fastrtps_c.dir/rosidl_typesupport_fastrtps_c/cpp_package/srv/detail/capital_full_name__type_support_c.cpp.o[0m
[ 59%] [32mBuilding CXX object CMakeFiles/cpp_package__rosidl_typesupport_introspection_cpp.dir/rosidl_typesupport_introspection_cpp/cpp_package/srv/detail/capital_full_name__type_support.cpp.o[0m
[ 61%] [32mBuilding CXX object CMakeFiles/cpp_package__rosidl_typesupport_fastrtps_cpp.dir/rosidl_typesupport_fastrtps_cpp/cpp_package/srv/detail/dds_fastrtps/capital_full_name__type_support.cpp.o[0m
[ 63%] [32m[1mLinking CXX shared library libcpp_package__rosidl_typesupport_c.so[0m
[ 65%] [32mBuilding C object CMakeFiles/cpp_package__rosidl_typesupport_introspection_c.dir/rosidl_typesupport_introspection_c/cpp_package/srv/detail/capital_full_name__type_support.c.o[0m
[ 65%] Built target cpp_package__rosidl_typesupport_c
[ 68%] [32m[1mLinking C shared library libcpp_package__rosidl_typesupport_introspection_c.so[0m
[ 68%] Built target cpp_package__rosidl_typesupport_introspection_c
[ 70%] [32m[1mLinking CXX shared library libcpp_package__rosidl_typesupport_cpp.so[0m
[ 70%] Built target cpp_package__rosidl_typesupport_cpp
[ 72%] [32m[1mLinking CXX shared library libcpp_package__rosidl_typesupport_introspection_cpp.so[0m
[ 74%] [32m[1mLinking CXX shared library libcpp_package__rosidl_typesupport_fastrtps_c.so[0m
[ 74%] Built target cpp_package__rosidl_typesupport_introspection_cpp
[ 74%] Built target cpp_package__rosidl_typesupport_fastrtps_c
[ 76%] [32m[1mLinking CXX shared library libcpp_package__rosidl_typesupport_fastrtps_cpp.so[0m
[ 76%] Built target cpp_package__rosidl_typesupport_fastrtps_cpp
