[0.033s] Invoking command in '/home/tayya/cpp_pkg/build/cpp_package': CMAKE_PREFIX_PATH=${CMAKE_PREFIX_PATH}:/opt/ros/humble /usr/bin/cmake --build /home/tayya/cpp_pkg/build/cpp_package -- -j8 -l8
[0.130s] -- Found ament_cmake: 1.3.11 (/opt/ros/humble/share/ament_cmake/cmake)
[0.443s] -- Found rclcpp: 16.0.11 (/opt/ros/humble/share/rclcpp/cmake)
[0.506s] -- Found rosidl_generator_c: 3.1.6 (/opt/ros/humble/share/rosidl_generator_c/cmake)
[0.512s] -- Found rosidl_adapter: 3.1.6 (/opt/ros/humble/share/rosidl_adapter/cmake)
[0.526s] -- Found rosidl_generator_cpp: 3.1.6 (/opt/ros/humble/share/rosidl_generator_cpp/cmake)
[0.549s] -- Using all available rosidl_typesupport_c: rosidl_typesupport_fastrtps_c;rosidl_typesupport_introspection_c
[0.578s] -- Using all available rosidl_typesupport_cpp: rosidl_typesupport_fastrtps_cpp;rosidl_typesupport_introspection_cpp
[0.659s] -- Found rmw_implementation_cmake: 6.1.2 (/opt/ros/humble/share/rmw_implementation_cmake/cmake)
[0.663s] -- Found rmw_fastrtps_cpp: 6.2.7 (/opt/ros/humble/share/rmw_fastrtps_cpp/cmake)
[0.883s] -- Using RMW implementation 'rmw_fastrtps_cpp' as default
[1.010s] -- Found example_interfaces: 0.9.3 (/opt/ros/humble/share/example_interfaces/cmake)
[1.101s] -- Found rosidl_default_generators: 1.2.0 (/opt/ros/humble/share/rosidl_default_generators/cmake)
[1.704s] -- Found ament_cmake_ros: 0.10.0 (/opt/ros/humble/share/ament_cmake_ros/cmake)
[2.344s] -- Using all available rosidl_typesupport_c: rosidl_typesupport_fastrtps_c;rosidl_typesupport_introspection_c
[2.597s] -- Using all available rosidl_typesupport_cpp: rosidl_typesupport_fastrtps_cpp;rosidl_typesupport_introspection_cpp
[2.646s] -- Found python_cmake_module: 0.10.0 (/opt/ros/humble/share/python_cmake_module/cmake)
[2.696s] -- Using PYTHON_EXECUTABLE: /usr/bin/python3
[2.696s] -- Using PYTHON_INCLUDE_DIRS: /usr/include/python3.10
[2.696s] -- Using PYTHON_LIBRARIES: /usr/lib/x86_64-linux-gnu/libpython3.10.so
[2.738s] -- Found ament_lint_auto: 0.12.11 (/opt/ros/humble/share/ament_lint_auto/cmake)
[2.756s] -- Added test 'copyright' to check source files copyright and LICENSE
[2.758s] -- Added test 'cppcheck' to perform static code analysis on C / C++ code
[2.760s] -- Configured cppcheck include dirs: $<BUILD_INTERFACE:/home/tayya/cpp_pkg/src/cpp_package/include>
[2.760s] -- Configured cppcheck exclude dirs and/or files: 
[2.762s] -- Added test 'cpplint' to check C / C++ code against the Google style
[2.762s] -- Configured cpplint exclude dirs and/or files: 
[2.763s] -- Added test 'lint_cmake' to check CMake code style
[2.765s] -- Added test 'uncrustify' to check C / C++ code style
[2.765s] -- Configured uncrustify additional arguments: 
[2.765s] -- Added test 'xmllint' to check XML markup files
[2.769s] -- Configuring done
[2.884s] -- Generating done
[2.949s] -- Build files have been written to: /home/tayya/cpp_pkg/build/cpp_package
[3.042s] [35m[1mConsolidate compiler generated dependencies of target cpp_package__rosidl_generator_c[0m
[3.061s] [35m[1mConsolidate compiler generated dependencies of target cpp_try[0m
[3.074s] [35m[1mConsolidate compiler generated dependencies of target cpp_try2[0m
[3.074s] [35m[1mConsolidate compiler generated dependencies of target publisher[0m
[3.075s] [35m[1mConsolidate compiler generated dependencies of target subscriber[0m
[3.108s] [35m[1mConsolidate compiler generated dependencies of target service[0m
[3.111s] [  2%] Built target cpp_package__cpp
[3.118s] [  8%] Built target cpp_package__rosidl_generator_c
[3.147s] [  8%] Built target ament_cmake_python_copy_cpp_package
[3.169s] [ 12%] Built target publisher
[3.173s] [ 17%] Built target cpp_try2
[3.183s] [35m[1mConsolidate compiler generated dependencies of target service_class[0m
[3.187s] [ 21%] Built target cpp_try
[3.190s] [ 25%] Built target subscriber
[3.211s] [ 29%] Built target service
[3.228s] [35m[1mConsolidate compiler generated dependencies of target client[0m
[3.238s] [ 31%] [34m[1mGenerating C++ type support dispatch for ROS interfaces[0m
[3.284s] [ 34%] [34m[1mGenerating C type support dispatch for ROS interfaces[0m
[3.284s] [ 36%] [32mBuilding CXX object CMakeFiles/service_class.dir/src/service_class.cpp.o[0m
[3.285s] [ 38%] [34m[1mGenerating C++ type support for eProsima Fast-RTPS[0m
[3.289s] [35m[1mConsolidate compiler generated dependencies of target client_class[0m
[3.294s] [ 40%] [34m[1mGenerating C introspection for ROS interfaces[0m
[3.299s] [ 42%] [34m[1mGenerating C type support for eProsima Fast-RTPS[0m
[3.339s] [ 46%] Built target client
[3.355s] [ 48%] [32m[1mLinking CXX executable client_class[0m
[3.384s] [ 51%] [34m[1mGenerating C++ introspection for ROS interfaces[0m
[3.688s] /usr/bin/ld: /usr/lib/gcc/x86_64-linux-gnu/11/../../../x86_64-linux-gnu/Scrt1.o: in function `_start':
[3.688s] (.text+0x1b): undefined reference to `main'
[3.691s] collect2: error: ld returned 1 exit status
[3.712s] gmake[2]: *** [CMakeFiles/client_class.dir/build.make:183: client_class] Error 1
[3.715s] gmake[1]: *** [CMakeFiles/Makefile2:788: CMakeFiles/client_class.dir/all] Error 2
[3.715s] gmake[1]: *** Waiting for unfinished jobs....
[4.250s] [01m[K/home/tayya/cpp_pkg/src/cpp_package/src/service_class.cpp:2:10:[m[K [01;31m[Kfatal error: [m[Kcustom_msg_and_srv/srv/capital_full_name.hpp: No such file or directory
[4.250s]     2 | #include [01;31m[K"custom_msg_and_srv/srv/capital_full_name.hpp"[m[K
[4.250s]       |          [01;31m[K^~~~~~~~~~~~~~~~~~~~~~~~~~~~~~~~~~~~~~~~~~~~~~[m[K
[4.256s] compilation terminated.
[4.267s] gmake[2]: *** [CMakeFiles/service_class.dir/build.make:76: CMakeFiles/service_class.dir/src/service_class.cpp.o] Error 1
[4.268s] gmake[1]: *** [CMakeFiles/Makefile2:762: CMakeFiles/service_class.dir/all] Error 2
[4.572s] [ 53%] [32mBuilding CXX object CMakeFiles/cpp_package__rosidl_typesupport_cpp.dir/rosidl_typesupport_cpp/cpp_package/srv/capital_full_name__type_support.cpp.o[0m
[4.834s] [ 55%] [32mBuilding CXX object CMakeFiles/cpp_package__rosidl_typesupport_c.dir/rosidl_typesupport_c/cpp_package/srv/capital_full_name__type_support.cpp.o[0m
[4.865s] [ 57%] [32mBuilding CXX object CMakeFiles/cpp_package__rosidl_typesupport_fastrtps_c.dir/rosidl_typesupport_fastrtps_c/cpp_package/srv/detail/capital_full_name__type_support_c.cpp.o[0m
[4.948s] [ 59%] [32mBuilding CXX object CMakeFiles/cpp_package__rosidl_typesupport_introspection_cpp.dir/rosidl_typesupport_introspection_cpp/cpp_package/srv/detail/capital_full_name__type_support.cpp.o[0m
[4.950s] [ 61%] [32mBuilding CXX object CMakeFiles/cpp_package__rosidl_typesupport_fastrtps_cpp.dir/rosidl_typesupport_fastrtps_cpp/cpp_package/srv/detail/dds_fastrtps/capital_full_name__type_support.cpp.o[0m
[4.954s] [ 63%] [32m[1mLinking CXX shared library libcpp_package__rosidl_typesupport_c.so[0m
[5.042s] [ 65%] [32mBuilding C object CMakeFiles/cpp_package__rosidl_typesupport_introspection_c.dir/rosidl_typesupport_introspection_c/cpp_package/srv/detail/capital_full_name__type_support.c.o[0m
[5.127s] [ 65%] Built target cpp_package__rosidl_typesupport_c
[5.185s] [ 68%] [32m[1mLinking C shared library libcpp_package__rosidl_typesupport_introspection_c.so[0m
[5.292s] [ 68%] Built target cpp_package__rosidl_typesupport_introspection_c
[5.564s] [ 70%] [32m[1mLinking CXX shared library libcpp_package__rosidl_typesupport_cpp.so[0m
[5.707s] [ 70%] Built target cpp_package__rosidl_typesupport_cpp
[6.195s] [ 72%] [32m[1mLinking CXX shared library libcpp_package__rosidl_typesupport_introspection_cpp.so[0m
[6.265s] [ 74%] [32m[1mLinking CXX shared library libcpp_package__rosidl_typesupport_fastrtps_c.so[0m
[6.415s] [ 74%] Built target cpp_package__rosidl_typesupport_introspection_cpp
[6.468s] [ 74%] Built target cpp_package__rosidl_typesupport_fastrtps_c
[6.496s] [ 76%] [32m[1mLinking CXX shared library libcpp_package__rosidl_typesupport_fastrtps_cpp.so[0m
[6.665s] [ 76%] Built target cpp_package__rosidl_typesupport_fastrtps_cpp
[6.667s] gmake: *** [Makefile:146: all] Error 2
[6.672s] Invoked command in '/home/tayya/cpp_pkg/build/cpp_package' returned '2': CMAKE_PREFIX_PATH=${CMAKE_PREFIX_PATH}:/opt/ros/humble /usr/bin/cmake --build /home/tayya/cpp_pkg/build/cpp_package -- -j8 -l8
